          0 :                    *** -*- mode: asm; mode: flyspell-prog; -*-
          0 :                            include "tms99110.inc"
(1)       0 :                    *** -*- mode: asm; mode: flyspell-prog; -*-
(1)       0 :                            *** TMS99110
(1)       0 :                            include "tms99105.inc"
(2)       0 :                    *** -*- mode: asm; mode: flyspell-prog; -*-
(2)       0 :                            *** TMS99105
(2)       0 :                            include "tms9900.inc"
(3)       0 :                    *** -*- mode: asm; mode: flyspell-prog; -*-
(3)       0 :                            *** TMS9900
(3)       0 :                            cpu     tms9900
(3)       0 :                            *** Status Register
(3)       0 : =8000              ST_LGT:         equ     ?1000000000000000 ; Logical Greater Than
(3)       0 : =4000              ST_AGT:         equ     ?0100000000000000 ; Arithmetic Greater Than
(3)       0 : =2000              ST_EQ:          equ     ?0010000000000000 ; Equal
(3)       0 : =1000              ST_C:           equ     ?0001000000000000 ; Carry
(3)       0 : =800               ST_OV:          equ     ?0000100000000000 ; Overflow
(3)       0 : =400               ST_OP:          equ     ?0000010000000000 ; Parity
(3)       0 : =200               ST_X:           equ     ?0000001000000000 ; XOP
(3)       0 : =F                 ST_INT_gm:      equ     ?0000000000001111 ; Interrupt mask
(3)       0 :                            *** Vector
(3)       0 : =0                 VEC_RESET:      equ     >0000   ; Reset
(3)       0 : =4                 VEC_INT1:       equ     >0004   ; INT1
(3)       0 : =10                VEC_INT4:       equ     >0010   ; INT4
(3)       0 : =40                VEC_XOP0:       equ     >0040   ; XOP 0
(3)       0 : =44                VEC_XOP1:       equ     >0044   ; XOP 1
(3)       0 : =48                VEC_XOP2:       equ     >0048   ; XOP 2
(3)       0 : =4C                VEC_XOP3:       equ     >004C   ; XOP 3
(3)       0 : =50                VEC_XOP4:       equ     >0050   ; XOP 4
(3)       0 : =54                VEC_XOP5:       equ     >0054   ; XOP 5
(3)       0 : =58                VEC_XOP6:       equ     >0058   ; XOP 6
(3)       0 : =5C                VEC_XOP7:       equ     >005C   ; XOP 7
(3)       0 : =60                VEC_XOP8:       equ     >0060   ; XOP 8
(3)       0 : =64                VEC_XOP9:       equ     >0064   ; XOP 9
(3)       0 : =68                VEC_XOP10       equ     >0068   ; XOP 10
(3)       0 : =6C                VEC_XOP11:      equ     >006C   ; XOP 11
(3)       0 : =70                VEC_XOP12:      equ     >0070   ; XOP 12
(3)       0 : =74                VEC_XOP13:      equ     >0074   ; XOP 13
(3)       0 : =78                VEC_XOP14:      equ     >0078   ; XOP 14
(3)       0 : =7C                VEC_XOP15:      equ     >007C   ; XOP 15
(2)       0 :                            cpu     tms99105
(2)       0 :                            *** Status Register
(2)       0 : =800               ST_AF:          equ     ST_OV             ; Arithmetic fault
(2)       0 : =100               ST_PRV:         equ     ?0000000100000000 ; Privileged mode
(2)       0 : =80                ST_MAP:         equ     ?0000000010000000 ; Map select
(2)       0 : =20                ST_AFIE:        equ     ?0000000000100000 ; Arithmetic fault interrupt enable
(2)       0 : =10                ST_EM:          equ     ?0000000000010000 ; XOP emulate enable
(2)       0 :                            *** Vector
(2)       0 : =8                 VEC_INT2:       equ     >0008   ; INT2
(2)       0 : =C                 VEC_INT3:       equ     >000C   ; INT3
(2)       0 : =14                VEC_INT5:       equ     >0014   ; INT5
(2)       0 : =18                VEC_INT6:       equ     >0018   ; INT6
(2)       0 : =1C                VEC_INT7:       equ     >001C   ; INT7
(2)       0 : =20                VEC_INT8:       equ     >0020   ; INT8
(2)       0 : =24                VEC_INT9:       equ     >0024   ; INT9
(2)       0 : =28                VEC_INT10:      equ     >0028   ; INT10
(2)       0 : =2C                VEC_INT11:      equ     >002C   ; INT11
(2)       0 : =30                VEC_INT12:      equ     >0030   ; INT12
(2)       0 : =34                VEC_INT13:      equ     >0034   ; INT13
(2)       0 : =38                VEC_INT14:      equ     >0038   ; INT14
(2)       0 : =3C                VEC_INT15:      equ     >003C   ; INT15
(1)       0 :                            cpu     tms99110
          0 :
          0 :                    *** MC6850 Asynchronous Communication Interface Adapter
          0 : =80                ACIA:   equ     >0080
          0 :                            include "mc6850.inc"
(1)       0 :                    *** -*- mode: asm; mode: flyspell-prog; -*-
(1)       0 :                            *** MC6850
(1)       0 :                            *** Asynchronous Communication Interface Adapter
(1)       0 : =80                ACIA_control:   equ     ACIA+0
(1)       0 : =80                ACIA_status:    equ     ACIA+0
(1)       0 : =82                ACIA_data:      equ     ACIA+2
(1)       0 : =84                ACIA_intr:      equ     ACIA+4
(1)       0 :                            **  Counter Divider Select Bits
(1)       0 : =3                 CDS_gm:         equ     ?11             Group mask
(1)       0 : =0                 CDS_DIV1_gc:    equ     ?00000000       /1
(1)       0 : =0                 CDS_DIV16_gc:   equ     ?00000001       /16
(1)       0 : =0                 CDS_DIV64_gc:   equ     ?00000010       /64
(1)       0 : =3                 CDS_RESET_gc:   equ     ?00000011       Master Reset
(1)       0 :                            **  Word Select Bits
(1)       0 : =1C                WSB_gm:         equ     ?00011100       Group mask
(1)       0 : =0                 WSB_7E2_gc:     equ     ?00000000       7 Bits + Even Parity + 2 Stop Bits
(1)       0 : =4                 WSB_7O2_gc:     equ     ?00000100       7 bits + Odd Parity  + 2 Stop Bits
(1)       0 : =8                 WSB_7E1_gc:     equ     ?00001000       7 bits + Even Parity + 1 Stop Bits
(1)       0 : =C                 WSB_7O1_gc:     equ     ?00001100       7 bits + Odd Parity  + 1 Stop Bits
(1)       0 : =10                WSB_8N2_gc:     equ     ?00010000       8 bits + No Parity   + 2 Stop Bits
(1)       0 : =14                WSB_8N1_gc:     equ     ?00010100       8 bits + No Parity   + 1 Stop Bits
(1)       0 : =18                WSB_8E1_gc:     equ     ?00011000       8 bits + Even Parity + 1 Stop Bits
(1)       0 : =1C                WSB_8O1_gc:     equ     ?00011100       8 bits + Odd Parity  + 1 Stop Bits
(1)       0 :                            **  Transmit Control Bits
(1)       0 : =60                TCB_gm:         equ     ?01100000       Group mask
(1)       0 : =0                 TCB_DI_gc:      equ     ?00000000       RTS=Low,  Tx Interrupt Disabled
(1)       0 : =20                TCB_EI_gc:      equ     ?00100000       RTS=Low,  Tx Interrupt Enabled
(1)       0 : =40                TCB_RTS_gc:     equ     ?01000000       RTS=High, Tx Interrupt Disabled
(1)       0 : =60                TCB_BREAK_gc:   equ     ?01100000       RTS=Low,  Tx Interrupt Disabled
(1)       0 :                            *                               Transmit Break Level
(1)       0 : =80                RIEB_bm:        equ     ?10000000       Receive Interrupt Enable Bit mask
(1)       0 :                            *** Status register
(1)       0 : =1                 RDRF_bm:        equ     ?00000001       Receive Data Register Full
(1)       0 : =2                 TDRE_bm:        equ     ?00000010       Transmit Data Register Empty
(1)       0 : =4                 DCDF_bm:        equ     ?00000100       Data Carrier Detect Flag
(1)       0 : =8                 CTSF_bm:        equ     ?00001000       Clear To Send Flag
(1)       0 : =10                FERR_bm:        equ     ?00010000       Frame Error Flag
(1)       0 : =20                OVRN_bm:        equ     ?00100000       Receiver Overrun Flag
(1)       0 : =40                PERR_bm:        equ     ?01000000       Parity Error Flag
(1)       0 : =80                IRQF_bm:        equ     ?10000000       Interrupt Request Flag
          0 :
          0 :                            org     VEC_RESET
          0 : 0100                       data    workspace
          2 : 0200                       data    initialize
          4 :
          8 :                            org     VEC_INT2
          8 : 0120                       data    workspace_illop
          A : 0160                       data    illop
          C :
         3C :                            org     VEC_INT15
         3C : 0140                       data    workspace_int15
         3E : 049C                       data    int15_isr
         40 :
         7C :                            org     VEC_XOP15
         7C : 007C                       data    VEC_XOP15       for halt to system
         7E : 007C                       data    VEC_XOP15
         80 :
         80 :                    hibyte: function v,(v)*256      Hi byte constant
         80 :
        100 :                            org     >0100
        100 :                    workspace:
        100 :                            bss     2*16            R0-R15
        120 :                    workspace_illop:
        120 :                            bss     2*16
        140 :                    workspace_int15:
        140 :                            bss     2*16            R0-R15
        160 :
        160 :                    illop:
        160 : 2FCF                       xop     R15,15          halt to system
        162 :
        162 :
       2000 :                            org     >2000
       2000 : =2000              stack:          equ     $
       2000 : =80                rx_queue_size:  equ     128
       2000 :                    rx_queue:       bss     rx_queue_size
       2080 : =80                tx_queue_size:  equ     128
       2080 :                    tx_queue:       bss     tx_queue_size
       2100 :
        200 :                            org     >0200
        200 :                    initialize:
        200 : 020A 2000                  li      R10, stack
        204 : 0209 2000                  li      R9, rx_queue
        208 : 0200 0080                  li      R0, rx_queue_size
        20C : 06A0 042E                  bl      @queue_init
        210 : 0209 2080                  li      R9, tx_queue
        214 : 0200 0080                  li      R0, tx_queue_size
        218 : 06A0 042E                  bl      @queue_init
        21C :                            * Initialize ACIA
        21C : 0200 0300                  li      R0, hibyte(CDS_RESET_gc)
        220 : D800 0080                  movb    R0, @ACIA_control       Master reset
        224 : 0200 9400                  li      R0, hibyte(WSB_8N1_gc++RIEB_bm)
        228 : D800 0080                  movb    R0, @ACIA_control       8 bits + No Parity + 1 Stop Bits
        22C : 0200 3C00                  li      R0, hibyte(VEC_INT15)
        230 : D800 0084                  movb    R0, @ACIA_intr          set INT15 name for MC6850 emulator
        234 :
        234 :                    loop:
        234 : 00BA 02D0                  blsk    R10, fmandel
        238 : 00BA 0256                  blsk    R10, newline
        23C : 10FB                       jmp     loop
        23E :
        23E :                    *** Get character
        23E :                    *** @return R0
        23E :                    *** @return ST.C 0 if no character
        23E :                    getchar:
        23E : 064A                       dect    R10
        240 : C681                       mov     R1, *R10        Push R1
        242 : 0300 0000                  limi    0               Disable interrupt
        246 : 0209 2000                  li      R9, rx_queue
        24A : 06A0 0472                  bl      @queue_remove
        24E : 0300 000F                  limi    15              Enable interrupt
        252 : C07A                       mov     *R10+, R1       Pop R1
        254 : 017A                       bind    *R10+           Pop return address
        256 :
        256 :                    newline:
        256 : 0200 0D00                  li      R0, hibyte(>0D)
        25A : 00BA 026C                  blsk    R10, putchar
        25E : 0200 0A00                  li      R0, hibyte(>0A)
        262 : 00BA 026C                  blsk    R10, putchar
        266 : 017A                       bind    *R10+           Pop return address
        268 :
        268 :                    putspace:
        268 : 0200 2000                  li      R0, hibyte(' ')
        26C :                    putchar:
        26C : 064A                       dect    R10
        26E : C681                       mov     R1, *R10        Push R1
        270 : 0300 0000                  limi    0               Disable interrupt
        274 : 0209 2080                  li      R9, tx_queue
        278 : 06A0 0444                  bl      @queue_add
        27C : 0300 000F                  limi    15              Enable interrupt
        280 : 0201 2000                  li      R1, hibyte(TCB_EI_gc)
        284 : F801 0080                  socb    R1, @ACIA_control       Enable Tx interrupt
        288 : C07A                       mov     *R10+, R1       Pop R1
        28A : 017A                       bind    *R10+           Pop return address
        28C :
        28C :                            include "fmandel.inc"
(1)     28C :                    *** -*- mode: asm; mode: flyspell-prog* -*-
(1)     28C :
(1)     28C :                    *** Print variable: "name=variable "
(1)     28C :                    *** @param R2 float variable address
(1)     28C :                    *** @param R0 variable name
(1)     28C :                    *** @clobber R0 R1
(1)     28C :                    fprint:
(1)     28C : 064A                       dect    R10
(1)     28E : C680                       mov     R0, *R10        Push variable name
(1)     290 : 0D92                       lr      *R2             load float variable
(1)     292 : 0C00                       cri                     R0=integer value
(1)     294 : C040                       mov     R0, R1
(1)     296 : C03A                       mov     *R10+, R0       Pop variable name
(1)     298 :                    *** Print variable: "name=variable "
(1)     298 :                    *** @param R1 variable
(1)     298 :                    *** @param R0 variable name
(1)     298 :                    *** @clobber R0 R1
(1)     298 :                    print:
(1)     298 : 00BA 026C                  blsk    R10, putchar        Print name
(1)     29C : 0200 3D00                  li      R0, hibyte('=')
(1)     2A0 : 00BA 026C                  blsk    R10, putchar
(1)     2A4 : C001                       mov     R1, R0
(1)     2A6 : 00BA 03C4                  blsk    R10, print_int16
(1)     2AA : 00BA 0268                  blsk    R10, putspace
(1)     2AE : 017A                       bind    *R10+           Pop return address
(1)     2B0 :
(1)     2B0 : 3FBB 98C8          kCA:    single  0.0458
(1)     2B4 : 4015 551D          kCB:    single  0.08333
(1)     2B8 :
(1)     2B8 :                    *** 32-bit float variables
(1)     2B8 :                    vCA:    bss     4
(1)     2BC :                    vCB:    bss     4
(1)     2C0 :                    vA:     bss     4
(1)     2C4 :                    vB:     bss     4
(1)     2C8 :                    *** 16-bit integer variables
(1)     2C8 :                    vT:     bss     2
(1)     2CA :                    vY:     bss     2
(1)     2CC :                    vX:     bss     2
(1)     2CE :                    vI:     bss     2
(1)     2D0 :
(1)     2D0 :                    fmandel:
(1)     2D0 : 0200 FFF4                  li      R0, -12
(1)     2D4 : C800 02CA                  mov     R0, @vY         Y=-12
(1)     2D8 :                    loop_y:
(1)     2D8 : 0200 FFCF                  li      R0, -49
(1)     2DC : C800 02CC                  mov     R0, @vX         X=-49
(1)     2E0 :                    loop_x:
(1)     2E0 : 0CA0 02CC                  cir     @vX
(1)     2E4 : C060 02CC                  mov     @vX, R1
(1)     2E8 : 0D20 02B0                  mr      @kCA            X*0.0458
(1)     2EC : 0DE0 02B8                  str     @vCA            CA=X*0.0457
(1)     2F0 : 0DE0 02C0                  str     @vA             A=CA
(1)     2F4 : 0CA0 02CA                  cir     @vY
(1)     2F8 : 0D20 02B4                  mr      @kCB            Y*0.08333
(1)     2FC : 0DE0 02BC                  str     @vCB            CB=y*0.08333
(1)     300 : 0DE0 02C4                  str     @vB             B=CB
(1)     304 : 04E0 02CE                  clr     @vI             I=0
(1)     308 :
(1)     308 :                            * mov     @vY, R1
(1)     308 :                            * li      R0, hibyte('Y')
(1)     308 :                            * blsk    R10, print
(1)     308 :                            * mov     @vX, R1
(1)     308 :                            * li      R0, hibyte('X')
(1)     308 :                            * blsk    R10, print
(1)     308 :                            * li      R2, vC
(1)     308 :                            * li      R0, hibyte('C')
(1)     308 :                            * blsk    R10, fprint
(1)     308 :                            * li      R2, vD
(1)     308 :                            * li      R0, hibyte('D')
(1)     308 :                            * blsk    R10, fprint
(1)     308 :                            * blsk    R10, newline
(1)     308 :
(1)     308 :                    loop_i:
(1)     308 : 0DA0 02C4                  lr      @vB
(1)     30C : 0D20 02C4                  mr      @vB             B*B
(1)     310 : 0DC2                       str     R2              R2:R3=B*B
(1)     312 : 0DA0 02C0                  lr      @vA
(1)     316 : 0D20 02C0                  mr      @vA             A*A
(1)     31A : 0CC2                       sr      R2              A*A-B*B
(1)     31C : 0C60 02B8                  ar      @vCA            A*A-B*B+CA
(1)     320 : 0DC2                       str     R2              R2:R3=tmp=A*A-B*B+CA
(1)     322 : 0DA0 02C0                  lr      @vA
(1)     326 : 0C60 02C0                  ar      @vA             2*A
(1)     32A : 0D20 02C4                  mr      @vB             2*A*B
(1)     32E : 0C60 02BC                  ar      @vCB            2*A*B+CB
(1)     332 : 0DE0 02C4                  str     @vB             B=2*A*B+CB
(1)     336 : 0D82                       lr      R2
(1)     338 : 0DE0 02C0                  str     @vA             A=tmp
(1)     33C : 0D02                       mr      R2              A*A
(1)     33E : 0DC2                       str     R2              R2:R3=A*A
(1)     340 : 0DA0 02C4                  lr      @vB
(1)     344 : 0D20 02C4                  mr      @vB             B*B
(1)     348 : 0C42                       ar      R2              A*A+B*B
(1)     34A : 0C00                       cri                     R0=int(A*A+B*B)
(1)     34C : C800 02C8                  mov     R0, @vT
(1)     350 :
(1)     350 :                            * blsk    R10, putspace
(1)     350 :                            * mov     @vI, R1
(1)     350 :                            * li      R0, hibyte('I')
(1)     350 :                            * blsk    R10, print
(1)     350 :                            * li      R2, vA
(1)     350 :                            * li      R0, hibyte('A')
(1)     350 :                            * blsk    R10, fprint
(1)     350 :                            * li      R2, vB
(1)     350 :                            * li      R0, hibyte('B')
(1)     350 :                            * blsk    R10, fprint
(1)     350 :                            * li      R2, vP
(1)     350 :                            * li      R0, hibyte('P')
(1)     350 :                            * blsk    R10, fprint
(1)     350 :                            * li      R2, vQ
(1)     350 :                            * li      R0, hibyte('Q')
(1)     350 :                            * blsk    R10, fprint
(1)     350 :                            * mov     @vT, R1
(1)     350 :                            * li      R0, hibyte('T')
(1)     350 :                            * blsk    R10, print
(1)     350 :                            * blsk    R10, newline
(1)     350 :
(1)     350 : C020 02C8                  mov     @vT, R0
(1)     354 : 0280 0004                  ci      R0, 4
(1)     358 : 1514                       jgt     print_i         if 4<P*P+Q*Q
(1)     35A : 05A0 02CE                  inc     @vI             I+=1
(1)     35E : C020 02CE                  mov     @vI, R0
(1)     362 : 0280 0010                  ci      R0, 16
(1)     366 : 1402                       jhe     print_space
(1)     368 : 0460 0308                  b       @loop_i         if I<16
(1)     36C :                    print_space:
(1)     36C : 0200 2000                  li      R0, >2000
(1)     370 : 100C                       jmp     print_char
(1)     372 :                    print_table:
(1)     372 : 3031                       data    '01'
(1)     374 : 3233                       data    '23'
(1)     376 : 3435                       data    '45'
(1)     378 : 3637                       data    '67'
(1)     37A : 3839                       data    '89'
(1)     37C : 4142                       data    'AB'
(1)     37E : 4344                       data    'CD'
(1)     380 : 4546                       data    'EF'
(1)     382 :                    print_i:
(1)     382 : C060 02CE                  mov     @vI, R1
(1)     386 : D021 0372                  movb    @print_table(R1), R0
(1)     38A :                    print_char:
(1)     38A : 00BA 026C                  blsk    R10, putchar
(1)     38E :
(1)     38E :                            * mov     R0, R2
(1)     38E :                            * li      R0, hibyte('@')
(1)     38E :                            * blsk    R10, putchar
(1)     38E :                            * li      R0, hibyte('=')
(1)     38E :                            * blsk    R10, putchar
(1)     38E :                            * mov     R2, R0
(1)     38E :                            * blsk    R10, putchar
(1)     38E :                            * blsk    R10, newline
(1)     38E :
(1)     38E : 00BA 023E                  blsk    R10, getchar
(1)     392 : 1703                       jnc     next_x
(1)     394 : E000                       soc     R0, R0
(1)     396 : 1601                       jne     next_x
(1)     398 : 2FCF                       xop     R15,15          halt to system
(1)     39A :                    next_x:
(1)     39A : 05A0 02CC                  inc     @vX             X+=1
(1)     39E : C020 02CC                  mov     @vX, R0
(1)     3A2 : 0280 001E                  ci      R0, 30
(1)     3A6 : 1302                       jeq     next_y
(1)     3A8 : 0460 02E0                  b       @loop_x         if X<30
(1)     3AC :                    next_y:
(1)     3AC : 00BA 0256                  blsk    R10, newline
(1)     3B0 : 05A0 02CA                  inc     @vY             Y+=1
(1)     3B4 : C020 02CA                  mov     @vY, R0
(1)     3B8 : 0280 000D                  ci      R0, 13
(1)     3BC : 1302                       jeq     mandelbrot_end
(1)     3BE : 0460 02D8                  b       @loop_y         if Y<13
(1)     3C2 :                    mandelbrot_end:
(1)     3C2 : 017A                       bind    *R10+
        3C4 :                            include "arith.inc"
(1)     3C4 :                    *** -*- mode: asm; mode: flyspell-prog* -*-
(1)     3C4 :                            *** Print signed 16-bit integer as decimal
(1)     3C4 :                            *** @param R0 value
(1)     3C4 :                    print_int16:
(1)     3C4 : 064A                       dect    R10
(1)     3C6 : C680                       mov     R0, *R10        Push R0
(1)     3C8 : 1313                       jeq     print_int16_zero
(1)     3CA : 1506                       jgt     print_uint16
(1)     3CC : 0200 2D00                  li      R0, hibyte('-')
(1)     3D0 : 00BA 026C                  blsk    R10, putchar
(1)     3D4 : C01A                       mov     *R10, R0        Restore R0
(1)     3D6 : 0500                       neg     R0
(1)     3D8 :                    print_uint16:
(1)     3D8 : 064A                       dect    R10
(1)     3DA : C681                       mov     R1, *R10        Push R1
(1)     3DC : 064A                       dect    R10
(1)     3DE : C682                       mov     R2, *R10        Push R2
(1)     3E0 : 0202 000A                  li      R2, 10
(1)     3E4 : 00BA 03FA                  blsk    R10, print_uint16_loop
(1)     3E8 : C0BA                       mov     *R10+, R2       Pop R2
(1)     3EA : C07A                       mov     *R10+, R1       Pop R1
(1)     3EC :                    print_int16_return:
(1)     3EC : C03A                       mov     *R10+, R0       Pop R0
(1)     3EE : 017A                       bind    *R10+
(1)     3F0 :                    print_int16_zero:
(1)     3F0 : 0200 3000                  li      R0, hibyte('0')
(1)     3F4 : 00BA 026C                  blsk    R10, putchar
(1)     3F8 : 10F9                       jmp     print_int16_return
(1)     3FA :
(1)     3FA :                    print_uint16_loop:
(1)     3FA : C040                       mov     R0, R1
(1)     3FC : 130C                       jeq     print_uint16_return
(1)     3FE : 04C0                       clr     R0
(1)     400 : 3C02                       div     R2, R0          R0:R1/R2 ; R0=quotient R1=reminder
(1)     402 : 064A                       dect    R10
(1)     404 : C681                       mov     R1, *R10        Push reminder
(1)     406 : 00BA 03FA                  blsk    R10, print_uint16_loop
(1)     40A : C03A                       mov     *R10+, R0       Pop reminder
(1)     40C : 06C0                       swpb    R0
(1)     40E : 0220 3000                  ai      R0, hibyte('0')
(1)     412 : 00BA 026C                  blsk    R10, putchar
(1)     416 :                    print_uint16_return:
(1)     416 : 017A                       bind    *R10+           Pop return address
(1)     418 :
(1)     418 :                            *** Unsigned Divide
(1)     418 :                            *** R1 / |R2| = R1
(1)     418 :                            *** @clobber R2
(1)     418 :                    udiv16:
(1)     418 : 0281 0000                  ci      R1, 0
(1)     41C : 1104                       jlt     udiv16_negative R1 < 0
(1)     41E : 04C0                       clr     R0              Sign extend
(1)     420 : 3C02                       div     R2, R0          R0:R1/R2=R0..R1
(1)     422 : C040                       mov     R0, R1
(1)     424 : 045B                       rt
(1)     426 :                    udiv16_negative:
(1)     426 : 0700                       seto    R0              Sign extend
(1)     428 : 0182                       divs    R2              R0:R1/R2=R0...R1
(1)     42A : C040                       mov     R0, R1
(1)     42C : 045B                       rt
        42E :                            include "queue.inc"
(1)     42E :                    *** -*- mode: asm; mode: flying-spell; -*-
(1)     42E :                    *** [queue] queue structure
(1)     42E : =0                 queue_len:      equ     0       ; queue length
(1)     42E : =2                 queue_size:     equ     2       ; buffer size
(1)     42E : =4                 queue_put:      equ     4       ; queue put index
(1)     42E : =6                 queue_get:      equ     6       ; queue get index
(1)     42E : =8                 queue_buf:      equ     8       ; buffer start offset
(1)     42E :
(1)     42E :                    *** [queue] Initialize queue
(1)     42E :                    *** @param R9 queue work space pointer
(1)     42E :                    *** @param R0 queue work space size
(1)     42E :                    *** @clobber R0 R1 R9
(1)     42E :                    queue_init:
(1)     42E : 04F9                       clr     *R9+            clear queue_len
(1)     430 : 0220 FFF8                  ai      R0, -queue_buf
(1)     434 : CE40                       mov     R0, *R9+        set queue_size
(1)     436 : 04F9                       clr     *R9+            clear queue_put
(1)     438 : 04F9                       clr     *R9+            clear queue_get
(1)     43A : 04C1                       clr     R1
(1)     43C :                    queue_init_loop:
(1)     43C : DE41                       movb    R1, *R9+
(1)     43E : 0600                       dec     R0
(1)     440 : 16FD                       jne     queue_init_loop
(1)     442 : 045B                       rt
(1)     444 :
(1)     444 :                    *** [queue] Add an element to queue
(1)     444 :                    *** @param R9 queue work space pointer
(1)     444 :                    *** @param R0 an element
(1)     444 :                    *** @return CC.C 0 if queue is full
(1)     444 :                    *** @clobber R1
(1)     444 :                    queue_add:
(1)     444 : 8A59 0002                  c       *R9, @queue_size(R9)    check queue_len
(1)     448 : 1A02                       jl      queue_add_element
(1)     44A : 04C1                       clr     R1                      to clear ST.C
(1)     44C : 1010                       jmp     queue_add_exit
(1)     44E :                    queue_add_element:
(1)     44E : C049                       mov     R9, R1
(1)     450 : A069 0004                  a       @queue_put(R9), R1
(1)     454 : D840 0008                  movb    R0, @queue_buf(R1)
(1)     458 : 0599                       inc     *R9                     update queue_len
(1)     45A : C069 0004                  mov     @queue_put(R9), R1
(1)     45E : 0581                       inc     R1
(1)     460 : 8A41 0002                  c       R1, @queue_size(R9)
(1)     464 : 1101                       jlt     queue_add_return
(1)     466 : 04C1                       clr     R1
(1)     468 :                    queue_add_return:
(1)     468 : CA41 0004                  mov     R1, @queue_put(R9)
(1)     46C : 0701                       seto    R1                      to set ST.C
(1)     46E :                    queue_add_exit:
(1)     46E : 0911                       srl     R1, 1                   set/clear ST.C
(1)     470 : 045B                       rt
(1)     472 :
(1)     472 :                    *** [queue] Remove an element from queue
(1)     472 :                    *** @param R9 queue work space pointer
(1)     472 :                    *** @return R0 an element
(1)     472 :                    *** @return CC.C 0 if queue is empty
(1)     472 :                    *** @clobber R1
(1)     472 :                    queue_remove:
(1)     472 : C059                       mov     *R9, R1                 check queue_len
(1)     474 : 1311                       jeq     queue_remove_exit       to clear ST.C
(1)     476 : C049                       mov     R9, R1
(1)     478 : A069 0006                  a       @queue_get(R9), R1
(1)     47C : 04C0                       clr     R0                      clear low byte
(1)     47E : D021 0008                  movb    @queue_buf(R1), R0
(1)     482 : 0619                       dec     *R9                     update queue_len
(1)     484 : C069 0006                  mov     @queue_get(R9), R1
(1)     488 : 0581                       inc     R1
(1)     48A : 8A41 0002                  c       R1, @queue_size(R9)
(1)     48E : 1101                       jlt     queue_remove_return
(1)     490 : 04C1                       clr     R1
(1)     492 :                    queue_remove_return:
(1)     492 : CA41 0006                  mov     R1, @queue_get(R9)
(1)     496 : 0701                       seto    R1                      to set ST.C
(1)     498 :                    queue_remove_exit:
(1)     498 : 0911                       srl     R1, 1                   set/clear ST.C
(1)     49A : 045B                       rt
        49C :
        49C :                    int15_isr:
        49C : D020 0080                  movb    @ACIA_status, R0
        4A0 : 0240 0100                  andi    R0, hibyte(RDRF_bm)
        4A4 : 1306                       jeq     int15_isr_send  lo(R0) is cleared
        4A6 : D020 0082                  movb    @ACIA_data, R0
        4AA : 0209 2000                  li      R9, rx_queue
        4AE : 06A0 0444                  bl      @queue_add
        4B2 :                    int15_isr_send:
        4B2 : D020 0080                  movb    @ACIA_status, R0
        4B6 : 0240 0200                  andi    R0, hibyte(TDRE_bm)
        4BA : 1307                       jeq     int15_isr_exit
        4BC : 0209 2080                  li      R9, tx_queue
        4C0 : 06A0 0472                  bl      @queue_remove
        4C4 : 1703                       jnc     int15_isr_send_empty
        4C6 : D800 0082                  movb    R0, @ACIA_data
        4CA :                    int15_isr_exit:
        4CA : 0380                       rtwp
        4CC :                    int15_isr_send_empty:
        4CC :                            * Disable Tx interrupt
        4CC : 0201 2000                  li      R1, hibyte(TCB_EI_gc)
        4D0 : 5801 0080                  szcb    R1, @ACIA_control       Disable Tx interrupt
        4D4 : 0380                       rtwp
