          0 :                    ;;; -*- mode: asm; mode: flyspell-prog; -*-
          0 :                            include "i8096.inc"
(1)       0 :                     ;; -*- mode: asm; mode: flyspell-prog; -*-
(1)       0 :                    ;;; i8096
(1)       0 :                            cpu     8096
(1)       0 :                    ;;; SFR
(1)       0 : =0                 ZERO:   equ     00H             ; zero register
(1)       0 : =18                SP:     equ     18H             ; stack pointer
(1)       0 : =8                 INT_MASK:       equ     08H     ; interrupt mask
(1)       0 : =9                 INT_PENDING:    equ     09H     ; interrupt pending
(1)       0 : =40                INT_EXTINT:        equ     1000000B ; enable EXTINT
(1)       0 :
(1)       0 :                    ;;; Reset origin
(1)       0 : =2080              ORG_RESET:      equ     2080H
(1)       0 :                    ;;; Vector
(1)       0 : =200E              VEC_EXTINT:     equ     200EH
(1)       0 : =2010              VEC_TRAP:       equ     2010H
          0 :                            include "usart.inc"
(1)       0 :                    ;;; -*- mode: asm; mode: flyspell-prog; -*-
(1)       0 :                    ;;; i8251 Universal Synchronous/Asynchronous Receiver/Transmitter
(1)       0 : =200               USART:  equ     0200H
(1)       0 : =200               USARTD: equ     USART+0         ; Data register
(1)       0 : =201               USARTS: equ     USART+1         ; Status register
(1)       0 : =201               USARTC: equ     USART+1         ; Control register
(1)       0 : =202               USARTRV:        equ     USART+2 ; Receive interrupt vector (ORG_*)
(1)       0 : =203               USARTTV:        equ     USART+3 ; Transmit interrupt vector (ORG_*)
(1)       0 :                            include "i8251.inc"
(2)       0 :                    ;;; -*- mode: asm; mode: flyspell-prog; -*-
(2)       0 :
(2)       0 :                    ;;; i8251 USART device emulator.
(2)       0 : =6                 MODE_STOP_gp:   equ     6
(2)       0 : =C0                MODE_STOP_gm:   equ     11000000B
(2)       0 : =40                MODE_STOP1_gc:  equ     (1 << MODE_STOP_gp)
(2)       0 : =80                MODE_STOP15_gc: equ     (2 << MODE_STOP_gp)
(2)       0 : =C0                MODE_STOP2_gc:  equ     (3 << MODE_STOP_gp)
(2)       0 : =20                MODE_EVEN_bm:   equ     00100000B
(2)       0 : =10                MODE_PARITY_bm: equ     00010000B
(2)       0 : =2                 MODE_LEN_gp:    equ     2
(2)       0 : =C                 MODE_LEN_gm:    equ     00001100B
(2)       0 : =0                 MODE_LEN5_gc:   equ     (0 << MODE_LEN_gp)
(2)       0 : =4                 MODE_LEN6_gc:   equ     (1 << MODE_LEN_gp)
(2)       0 : =8                 MODE_LEN7_gc:   equ     (2 << MODE_LEN_gp)
(2)       0 : =C                 MODE_LEN8_gc:   equ     (3 << MODE_LEN_gp)
(2)       0 : =0                 MODE_BAUD_gp:   equ     0
(2)       0 : =3                 MODE_BAUD_gm:   equ     00000011B
(2)       0 : =1                 MODE_BAUD_X1:   equ     (1 << MODE_BAUD_gp)
(2)       0 : =2                 MODE_BAUD_X16:  equ (2 << MODE_BAUD_gp)
(2)       0 : =3                 MODE_BAUD_X64:  equ (3 << MODE_BAUD_gp)
(2)       0 :                    ;;; Bit Definition of command register
(2)       0 : =80                CMD_EH_bm:      equ     10000000B   ; Enter hunt mode
(2)       0 : =40                CMD_IR_bm:      equ     01000000B   ; Internal Reset
(2)       0 : =20                CMD_RTS_bm:     equ     00100000B   ; Request To Send
(2)       0 : =10                CMD_ER_bm:      equ     00010000B   ; Error Reset
(2)       0 : =8                 CMD_SBRK_bm:    equ     00001000B   ; Send Break
(2)       0 : =4                 CMD_RxEN_bm:    equ     00000100B   ; Receive Enable
(2)       0 : =2                 CMD_DTR_bm:     equ     00000010B   ; Data Terminal Ready
(2)       0 : =1                 CMD_TxEN_bm:    equ     00000001B   ; Transmit enable
(2)       0 :
(2)       0 :                    ;;; Bit definition of status register
(2)       0 : =80                ST_DSR_bm:      equ     10000000B   ; Data Set Ready
(2)       0 : =40                ST_BRK_bm:      equ     01000000B   ; BREAK detected
(2)       0 : =20                ST_FE_bm:       equ     00100000B   ; Framing Error
(2)       0 : =10                ST_OE_bm:       equ     00010000B   ; Iverrun Error
(2)       0 : =8                 ST_PE_bm:       equ     00001000B   ; Parity Error
(2)       0 : =2                 ST_TxEMPTY_bp:  equ     2           ; Transmitter empty
(2)       0 : =1                 ST_RxRDY_bp:    equ     1           ; Receiver ready
(2)       0 : =0                 ST_TxRDY_bp:    equ     0           ; transmitter ready
(1)       0 :                    ;;; Async 1stop 8data x16
(1)       0 : =4E                ASYNC_MODE:     equ     MODE_STOP1_gc|MODE_LEN8_gc|MODE_BAUD_X16
(1)       0 :                    ;;; RTS/DTR, error reset, Rx enable, Tx enable
(1)       0 : =37                RX_EN_TX_EN:    equ     CMD_RTS_bm|CMD_DTR_bm|CMD_ER_bm|CMD_RxEN_bm|CMD_TxEN_bm
(1)       0 : =36                RX_EN_TX_DIS:   equ     CMD_RTS_bm|CMD_DTR_bm|CMD_ER_bm|CMD_RxEN_bm
          0 :
       1000 :                            org     1000H
       1000 : =1000              stack:  equ     $
       1000 :
       1000 :
         1A :                            org     1AH
         1A :                    A:      dsb     1
         1B :                    B:      dsb     1
         1C :                    HL:     dsw     1
         1E :                    QHL:    dsw     1               ; 32-bit for mul/div
         20 :                    DE:     dsw     1
         22 :
       2080 :                            org     ORG_RESET
       2080 :                    init:
       2080 : A1 00 10 18                ld      SP, #stack
       2084 : B0 40 08                   ldb     INT_MASK, INT_EXTINT ; enable EXTINT
       2087 : FB                         ei                           ; for halt switch
       2088 :
       2088 :                    init_usart:
       2088 : C7 01 01 02 00             stb     ZERO, USARTC
       208D : C7 01 01 02 00             stb     ZERO, USARTC
       2092 : C7 01 01 02 00             stb     ZERO, USARTC    ; safest way to sync mode
       2097 : B1 40 1A                   ldb     A, #CMD_IR_bm
       209A : C7 01 01 02 1A             stb     A, USARTC       ; reset
       209F : FD                         nop
       20A0 : FD                         nop
       20A1 : B1 4E 1A                   ldb     A, #ASYNC_MODE
       20A4 : C7 01 01 02 1A             stb     A, USARTC
       20A9 : FD                         nop
       20AA : FD                         nop
       20AB : B1 37 1A                   ldb     A, #RX_EN_TX_EN
       20AE : C7 01 01 02 1A             stb     A, USARTC
       20B3 :
       20B3 : 28 7A                      scall   arith
       20B5 :
       20B5 :                    halt_to_system:
       20B5 : A1 10 20 1A                ld      A, #VEC_TRAP
       20B9 : C3 01 10 20 1A             st      A, VEC_TRAP     ; halt to system
       20BE : F7                         trap
       20BF :
       20BF :                    putchar:
       20BF : C8 1A                      push    A
       20C1 :                    putchar_loop:
       20C1 : B3 01 01 02 1A             ldb     A, USARTS
       20C6 : 30 1A F8                   jbc     A, ST_TxRDY_bp, putchar_loop
       20C9 : CC 1A                      pop     A
       20CB : C7 01 00 02 1A             stb     A, USARTD
       20D0 : F0                         ret
       20D1 :
       20D1 :                    newline:
       20D1 : C8 1A                      push    A
       20D3 : B1 0D 1A                   ldb     A, #0DH
       20D6 : 2F E7                      scall   putchar
       20D8 : B1 0A 1A                   ldb     A, #0AH
       20DB : 2F E2                      scall   putchar
       20DD : CC 1A                      pop     A
       20DF : F0                         ret
       20E0 :
       20E0 :                    putspace:
       20E0 : C8 1A                      push    A
       20E2 : B1 20 1A                   ldb     A, #' '
       20E5 : 2F D8                      scall   putchar
       20E7 : CC 1A                      pop     A
       20E9 : F0                         ret
       20EA :
       20EA :                    ;;; Print "v1 op v2 = "
       20EA :                    ;;; @param v1 HL
       20EA :                    ;;; @param v2 DE
       20EA :                    ;;; @param op A
       20EA :                    ;;; @clobber A
       20EA :                    expr:
       20EA : C8 1C                      push    HL
       20EC : C8 1A                      push    A
       20EE : 29 D2                      scall   print_int16
       20F0 : 2F EE                      scall   putspace
       20F2 : A2 18 1A                   ld      A, [SP]         ; restore A
       20F5 : 2F C8                      scall   putchar
       20F7 : 2F E7                      scall   putspace
       20F9 : A0 20 1C                   ld      HL, DE
       20FC : 29 C4                      scall   print_int16
       20FE : CC 1A                      pop     A
       2100 : CC 1C                      pop     HL
       2102 : F0                         ret
       2103 :
       2103 :                    ;;; Print " v1\n"
       2103 :                    ;;; @param v1 HL
       2103 :                    ;;; @clobber A HL
       2103 :                    answer:
       2103 : 2F DB                      scall   putspace
       2105 : B1 3D 1A                   ldb     A, #'='
       2108 : 2F B5                      scall   putchar
       210A : 2F D4                      scall   putspace
       210C : 29 B4                      scall   print_int16
       210E : 27 C1                      sjmp    newline
       2110 :
       2110 :                    ;;; Compare and print "v1 rel v2\n"
       2110 :                    ;;; @param v1 HL
       2110 :                    ;;; @param v2 DE
       2110 :                    ;;; @clobber A
       2110 :                    comp:
       2110 : 88 20 1C                   cmp     HL, DE
       2113 : DF 0E                      je      comp_eq
       2115 : D2 07                      jgt     comp_gt
       2117 : DE 0F                      jlt     comp_lt
       2119 : B1 3F 1A                   ldb     A, #'?'
       211C : 20 0D                      sjmp    comp_out
       211E :                    comp_gt:
       211E : B1 3E 1A                   ldb     A, #'>'
       2121 : 20 08                      sjmp    comp_out
       2123 :                    comp_eq:
       2123 : B1 3D 1A                   ldb     A, #'='
       2126 : 20 03                      sjmp    comp_out
       2128 :                    comp_lt:
       2128 : B1 3C 1A                   ldb     A, #'<'
       212B :                    comp_out:
       212B : 2F BD                      scall   expr
       212D : 27 A2                      sjmp    newline
       212F :
       212F :                    arith:
       212F : A1 50 46 1C                ld      HL, #18000
       2133 : A1 60 6D 20                ld      DE, #28000
       2137 : B1 2B 1A                   ldb     A, #'+'
       213A : 2F AE                      scall   expr
       213C : 64 20 1C                   add     HL, DE
       213F : 2F C2                      scall   answer          ; -19536
       2141 :
       2141 : A1 50 46 1C                ld      HL, #18000
       2145 : A1 B0 B9 20                ld      DE, #-18000
       2149 : B1 2B 1A                   ldb     A, #'+'
       214C : 2F 9C                      scall   expr
       214E : 64 20 1C                   add     HL, DE
       2151 : 2F B0                      scall   answer          ; 0
       2153 :
       2153 : A1 B0 B9 1C                ld      HL, #-18000
       2157 : A1 B0 B9 20                ld      DE, #-18000
       215B : B1 2B 1A                   ldb     A, #'+'
       215E : 2F 8A                      scall   expr
       2160 : 64 20 1C                   add     HL, DE
       2163 : 2F 9E                      scall   answer          ; 29536
       2165 :
       2165 : A1 B0 B9 1C                ld      HL, #-18000
       2169 : A1 A0 92 20                ld      DE, #-28000
       216D : B1 2D 1A                   ldb     A, #'-'
       2170 : 2F 78                      scall    expr
       2172 : 68 20 1C                   sub     HL, DE
       2175 : 2F 8C                      scall   answer          ; -10000
       2177 :
       2177 : A1 64 00 1C                ld      HL, #100
       217B : A1 2C 01 20                ld      DE, #300
       217F : B1 2A 1A                   ldb     A, #'*'
       2182 : 2F 66                      scall   expr
       2184 : FE 6C 20 1C                mul     HL, DE
       2188 : 2F 79                      scall   answer          ; 30000
       218A :
       218A : A1 2C 01 1C                ld      HL, #300
       218E : A1 38 FF 20                ld      DE, #-200
       2192 : B1 2A 1A                   ldb     A, #'*'
       2195 : 2F 53                      scall   expr
       2197 : FE 6C 20 1C                mul     HL, DE
       219B : 2F 66                      scall   answer          ; 5536
       219D :
       219D : A1 64 00 1C                ld      HL, #100
       21A1 : A1 D4 FE 20                ld      DE, #-300
       21A5 : B1 2A 1A                   ldb     A, #'*'
       21A8 : 2F 40                      scall   expr
       21AA : FE 6C 20 1C                mul     HL, DE
       21AE : 2F 53                      scall   answer          ; -30000
       21B0 :
       21B0 : A1 38 FF 1C                ld      HL, #-200
       21B4 : A1 9C FF 20                ld      DE, #-100
       21B8 : B1 2A 1A                   ldb     A, #'*'
       21BB : 2F 2D                      scall   expr
       21BD : FE 6C 20 1C                mul     HL, DE
       21C1 : 2F 40                      scall   answer          ; 20000
       21C3 :
       21C3 : A1 30 75 1C                ld      HL, #30000
       21C7 : A1 64 00 20                ld      DE, #100
       21CB : B1 2F 1A                   ldb     A, #'/'
       21CE : 2F 1A                      scall   expr
       21D0 : 06 1C                      ext     HL
       21D2 : FE 8C 20 1C                div     HL, DE
       21D6 : 2F 2B                      scall   answer          ; 30
       21D8 :
       21D8 : A1 38 FF 1C                ld      HL, #-200
       21DC : A1 64 00 20                ld      DE, #100
       21E0 : B1 2F 1A                   ldb     A, #'/'
       21E3 : 2F 05                      scall   expr
       21E5 : 06 1C                      ext     HL
       21E7 : FE 8C 20 1C                div     HL, DE
       21EB : 2F 16                      scall   answer          ; -2
       21ED :
       21ED : A1 D0 8A 1C                ld      HL, #-30000
       21F1 : A1 38 FF 20                ld      DE, #-200
       21F5 : B1 2F 1A                   ldb     A, #'/'
       21F8 : 2E F0                      scall   expr
       21FA : 06 1C                      ext     HL
       21FC : FE 8C 20 1C                div     HL, DE
       2200 : 2F 01                      scall   answer          ; 150
       2202 :
       2202 : A1 D0 8A 1C                ld      HL, #-30000
       2206 : A1 4E 00 20                ld      DE, #78
       220A : B1 2F 1A                   ldb     A, #'/'
       220D : 2E DB                      scall   expr
       220F : 06 1C                      ext     HL
       2211 : FE 8C 20 1C                div     HL, DE
       2215 : 2E EC                      scall   answer          ; -384
       2217 :
       2217 : A1 D0 FF 1C                ld      HL, #-48
       221B : A1 1E 00 20                ld      DE, #30
       221F : 2E EF                      scall   comp
       2221 :
       2221 : A1 1E 00 1C                ld      HL, #30
       2225 : A1 D0 FF 20                ld      DE, #-48
       2229 : 2E E5                      scall   comp
       222B :
       222B : A1 88 13 1C                ld      HL, #5000
       222F : A1 A0 0F 20                ld      DE, #4000
       2233 : 2E DB                      scall   comp
       2235 :
       2235 : A1 88 13 1C                ld      HL, #5000
       2239 : A1 88 13 20                ld      DE, #5000
       223D : 2E D1                      scall   comp
       223F :
       223F : A1 A0 0F 1C                ld      HL, #4000
       2243 : A1 88 13 20                ld      DE, #5000
       2247 : 2E C7                      scall   comp
       2249 :
       2249 : A1 78 EC 1C                ld      HL, #-5000
       224D : A1 60 F0 20                ld      DE, #-4000
       2251 : 2E BD                      scall   comp
       2253 :
       2253 : A1 78 EC 1C                ld      HL, #-5000
       2257 : A1 78 EC 20                ld      DE, #-5000
       225B : 2E B3                      scall   comp
       225D :
       225D : A1 60 F0 1C                ld      HL, #-4000
       2261 : A1 78 EC 20                ld      DE, #-5000
       2265 : 2E A9                      scall   comp
       2267 :
       2267 : A1 BC 7F 1C                ld      HL, #32700
       226B : A1 58 7F 20                ld      DE, #32600
       226F : 2E 9F                      scall   comp
       2271 :
       2271 : A1 BC 7F 1C                ld      HL, #32700
       2275 : A1 BC 7F 20                ld      DE, #32700
       2279 : 2E 95                      scall   comp
       227B :
       227B : A1 58 7F 1C                ld      HL, #32600
       227F : A1 BC 7F 20                ld      DE, #32700
       2283 : 2E 8B                      scall   comp
       2285 :
       2285 : A1 44 80 1C                ld      HL, #-32700
       2289 : A1 A8 80 20                ld      DE, #-32600
       228D : 2E 81                      scall   comp
       228F :
       228F : A1 44 80 1C                ld      HL, #-32700
       2293 : A1 44 80 20                ld      DE, #-32700
       2297 : 2E 77                      scall   comp
       2299 :
       2299 : A1 A8 80 1C                ld      HL, #-32600
       229D : A1 44 80 20                ld      DE, #-32700
       22A1 : 2E 6D                      scall   comp
       22A3 :
       22A3 : A1 50 46 1C                ld      HL, #18000
       22A7 : A1 A0 92 20                ld      DE, #-28000
       22AB : 2E 63                      scall   comp
       22AD :
       22AD : A1 50 46 1C                ld      HL, #18000
       22B1 : A1 50 46 20                ld      DE, #18000
       22B5 : 2E 59                      scall   comp
       22B7 :
       22B7 : A1 A0 92 1C                ld      HL, #-28000
       22BB : A1 50 46 20                ld      DE, #18000
       22BF : 2E 4F                      scall   comp
       22C1 :
       22C1 : F0                         ret
       22C2 :
       22C2 :                            include "arith.inc"
(1)    22C2 :                    ;;; -*- mode: asm; mode: flyspell-prog; -*-
(1)    22C2 :
(1)    22C2 :                    ;;; Print signed 16-bit integer as decimal
(1)    22C2 :                    ;;; @param HL value
(1)    22C2 :                    ;;; @clobber A HL QHL
(1)    22C2 :                    print_int16:
(1)    22C2 : 89 00 00 1C                cmp     HL, #0
(1)    22C6 : DF 21                      je      print_uint16_zero
(1)    22C8 : D2 07                      jgt     print_uint16
(1)    22CA : B1 2D 1A                   ldb     A, #'-'
(1)    22CD : 2D F0                      scall   putchar
(1)    22CF : 03 1C                      neg     HL
(1)    22D1 :                    print_uint16:
(1)    22D1 : 89 00 00 1C                cmp     HL, #0
(1)    22D5 : D7 01                      jne     print_uint16_div10
(1)    22D7 : F0                         ret
(1)    22D8 :                    print_uint16_div10:
(1)    22D8 : 06 1C                      ext     HL              ; extend to 32-bit
(1)    22DA : 8D 0A 00 1C                divu    HL, #10
(1)    22DE : C8 1E                      push    QHL             ; push remainder
(1)    22E0 : 2F EF                      scall   print_uint16
(1)    22E2 : CC 1A                      pop     A               ; pop remainder
(1)    22E4 : 75 30 1A                   addb    A, #'0'
(1)    22E7 : 25 D6                      sjmp    putchar
(1)    22E9 :                    print_uint16_zero:
(1)    22E9 : B1 30 1A                   ldb     A, #'0'
(1)    22EC : 25 D1                      sjmp    putchar
       22EE :
       22EE :                            end
