          0 :                    ;;; -*- mode: asm; mode: flyspell-prog; -*-
          0 :                            include "i8096.inc"
(1)       0 :                     ;; -*- mode: asm; mode: flyspell-prog; -*-
(1)       0 :                    ;;; i8096
(1)       0 :                            cpu     8096
(1)       0 :                    ;;; SFR
(1)       0 : =0                 ZERO:   equ     00H             ; zero register
(1)       0 : =18                SP:     equ     18H             ; stack pointer
(1)       0 : =8                 INT_MASK:       equ     08H     ; interrupt mask
(1)       0 : =9                 INT_PENDING:    equ     09H     ; interrupt pending
(1)       0 : =40                INT_EXTINT:        equ     1000000B ; enable EXTINT
(1)       0 :
(1)       0 :                    ;;; Reset origin
(1)       0 : =2080              ORG_RESET:      equ     2080H
(1)       0 :                    ;;; Vector
(1)       0 : =200E              VEC_EXTINT:     equ     200EH
(1)       0 : =2010              VEC_TRAP:       equ     2010H
          0 :                            include "usart.inc"
(1)       0 :                    ;;; -*- mode: asm; mode: flyspell-prog; -*-
(1)       0 :                    ;;; i8251 Universal Synchronous/Asynchronous Receiver/Transmitter
(1)       0 : =200               USART:  equ     0200H
(1)       0 : =200               USARTD: equ     USART+0         ; Data register
(1)       0 : =201               USARTS: equ     USART+1         ; Status register
(1)       0 : =201               USARTC: equ     USART+1         ; Control register
(1)       0 : =202               USARTRV:        equ     USART+2 ; Receive interrupt vector (ORG_*)
(1)       0 : =203               USARTTV:        equ     USART+3 ; Transmit interrupt vector (ORG_*)
(1)       0 :                            include "i8251.inc"
(2)       0 :                    ;;; -*- mode: asm; mode: flyspell-prog; -*-
(2)       0 :
(2)       0 :                    ;;; i8251 USART device emulator.
(2)       0 : =6                 MODE_STOP_gp:   equ     6
(2)       0 : =C0                MODE_STOP_gm:   equ     11000000B
(2)       0 : =40                MODE_STOP1_gc:  equ     (1 << MODE_STOP_gp)
(2)       0 : =80                MODE_STOP15_gc: equ     (2 << MODE_STOP_gp)
(2)       0 : =C0                MODE_STOP2_gc:  equ     (3 << MODE_STOP_gp)
(2)       0 : =20                MODE_EVEN_bm:   equ     00100000B
(2)       0 : =10                MODE_PARITY_bm: equ     00010000B
(2)       0 : =2                 MODE_LEN_gp:    equ     2
(2)       0 : =C                 MODE_LEN_gm:    equ     00001100B
(2)       0 : =0                 MODE_LEN5_gc:   equ     (0 << MODE_LEN_gp)
(2)       0 : =4                 MODE_LEN6_gc:   equ     (1 << MODE_LEN_gp)
(2)       0 : =8                 MODE_LEN7_gc:   equ     (2 << MODE_LEN_gp)
(2)       0 : =C                 MODE_LEN8_gc:   equ     (3 << MODE_LEN_gp)
(2)       0 : =0                 MODE_BAUD_gp:   equ     0
(2)       0 : =3                 MODE_BAUD_gm:   equ     00000011B
(2)       0 : =1                 MODE_BAUD_X1:   equ     (1 << MODE_BAUD_gp)
(2)       0 : =2                 MODE_BAUD_X16:  equ (2 << MODE_BAUD_gp)
(2)       0 : =3                 MODE_BAUD_X64:  equ (3 << MODE_BAUD_gp)
(2)       0 :                    ;;; Bit Definition of command register
(2)       0 : =80                CMD_EH_bm:      equ     10000000B   ; Enter hunt mode
(2)       0 : =40                CMD_IR_bm:      equ     01000000B   ; Internal Reset
(2)       0 : =20                CMD_RTS_bm:     equ     00100000B   ; Request To Send
(2)       0 : =10                CMD_ER_bm:      equ     00010000B   ; Error Reset
(2)       0 : =8                 CMD_SBRK_bm:    equ     00001000B   ; Send Break
(2)       0 : =4                 CMD_RxEN_bm:    equ     00000100B   ; Receive Enable
(2)       0 : =2                 CMD_DTR_bm:     equ     00000010B   ; Data Terminal Ready
(2)       0 : =1                 CMD_TxEN_bm:    equ     00000001B   ; Transmit enable
(2)       0 :
(2)       0 :                    ;;; Bit definition of status register
(2)       0 : =80                ST_DSR_bm:      equ     10000000B   ; Data Set Ready
(2)       0 : =40                ST_BRK_bm:      equ     01000000B   ; BREAK detected
(2)       0 : =20                ST_FE_bm:       equ     00100000B   ; Framing Error
(2)       0 : =10                ST_OE_bm:       equ     00010000B   ; Iverrun Error
(2)       0 : =8                 ST_PE_bm:       equ     00001000B   ; Parity Error
(2)       0 : =2                 ST_TxEMPTY_bp:  equ     2           ; Transmitter empty
(2)       0 : =1                 ST_RxRDY_bp:    equ     1           ; Receiver ready
(2)       0 : =0                 ST_TxRDY_bp:    equ     0           ; transmitter ready
(1)       0 :                    ;;; Async 1stop 8data x16
(1)       0 : =4E                ASYNC_MODE:     equ     MODE_STOP1_gc|MODE_LEN8_gc|MODE_BAUD_X16
(1)       0 :                    ;;; RTS/DTR, error reset, Rx enable, Tx enable
(1)       0 : =37                RX_EN_TX_EN:    equ     CMD_RTS_bm|CMD_DTR_bm|CMD_ER_bm|CMD_RxEN_bm|CMD_TxEN_bm
(1)       0 : =36                RX_EN_TX_DIS:   equ     CMD_RTS_bm|CMD_DTR_bm|CMD_ER_bm|CMD_RxEN_bm
          0 :
       3000 :                            org     3000H
       3000 : =80                rx_queue_size:  equ     128
       3000 :                    rx_queue:       dsb     rx_queue_size
       3080 :
       1000 :                            org     1000H
       1000 : =1000              stack:  equ     $
       1000 :
       200E :                            org     VEC_EXTINT
       200E : 99 21                      dcw     isr_intr
       2010 :
         1A :                            org     1AH
         1A :                    A:      dsb     1
         1B :                    B:      dsb     1
         1C :                    HL:     dsw     1
         1E :                    DE:     dsw     1
         20 :
       2080 :                            org     ORG_RESET
       2080 :                    init:
       2080 : A1 00 10 18                ld      SP, #stack
       2084 : B0 40 08                   ldb     INT_MASK, INT_EXTINT ; enable EXTINT
       2087 :
       2087 :
       2087 : A1 00 30 1C                ld      HL, #rx_queue
       208B : B1 80 1B                   ldb     B, #rx_queue_size
       208E : 28 67                      scall   queue_init
       2090 :                    init_usart:
       2090 : C7 01 01 02 00             stb     ZERO, USARTC
       2095 : C7 01 01 02 00             stb     ZERO, USARTC
       209A : C7 01 01 02 00             stb     ZERO, USARTC    ; safest way to sync mode
       209F : B1 40 1A                   ldb     A, #CMD_IR_bm
       20A2 : C7 01 01 02 1A             stb     A, USARTC       ; reset
       20A7 : FD                         nop
       20A8 : FD                         nop
       20A9 : B1 4E 1A                   ldb     A, #ASYNC_MODE
       20AC : C7 01 01 02 1A             stb     A, USARTC
       20B1 : FD                         nop
       20B2 : FD                         nop
       20B3 : B1 37 1A                   ldb     A, #RX_EN_TX_EN
       20B6 : C7 01 01 02 1A             stb     A, USARTC
       20BB : B1 01 1A                   ldb     A, #1
       20BE : C7 01 02 02 1A             stb     A, USARTRV      ; enable receive interrupt
       20C3 : FB                         ei
       20C4 :
       20C4 : A1 00 30 1C                ld      HL, #rx_queue
       20C8 :                    receive_loop:
       20C8 : FA                         di                      ; Disable INTR
       20C9 : 28 97                      scall   queue_remove
       20CB : FB                         ei                      ; Enable INTR
       20CC : D3 FA                      jnc     receive_loop
       20CE : B0 1A 1B                   ldb     B, A            ; save character
       20D1 : 80 1A 1A                   or      A, A
       20D4 : DF 17                      je      halt_to_system
       20D6 :                    transmit_loop:
       20D6 : B3 01 01 02 1A             ldb     A, USARTS
       20DB : 30 1A F8                   jbc     A, ST_TxRDY_bp, transmit_loop
       20DE :                    transmit_data:
       20DE : C7 01 00 02 1B             stb     B, USARTD
       20E3 : 99 0D 1B                   cmpb    B, #0DH
       20E6 : D7 E0                      jne     receive_loop
       20E8 : B1 0A 1B                   ldb     B, #0AH
       20EB : 27 E9                      sjmp    transmit_loop
       20ED :
       20ED :                    halt_to_system:
       20ED : A1 10 20 1A                ld      A, #VEC_TRAP
       20F1 : C3 01 10 20 1A             st      A, VEC_TRAP     ; halt to system
       20F6 : F7                         trap
       20F7 :
       20F7 :                            include "queue.inc"
(1)    20F7 :                    ;;; -*- mode: asm; mode: flyspell-prog; -*-
(1)    20F7 :                    ;;; [queue] queue structure
(1)    20F7 : =0                 queue_len:      equ     0       ; queue length
(1)    20F7 : =1                 queue_size:     equ     1       ; buffer size
(1)    20F7 : =2                 queue_put:      equ     2       ; queue put index
(1)    20F7 : =3                 queue_get:      equ     3       ; queue get index
(1)    20F7 : =4                 queue_buf:      equ     4       ; buffer start offset
(1)    20F7 :
(1)    20F7 :                    ;;; [queue] Initialize queue
(1)    20F7 :                    ;;; @param HL queue work space pointer
(1)    20F7 :                    ;;; @param B queue work space size
(1)    20F7 :                    queue_init:
(1)    20F7 : C8 1A                      push    A               ; push A,B
(1)    20F9 : C8 1C                      push    HL
(1)    20FB : C6 1C 00                   stb     ZERO, queue_len[HL]
(1)    20FE : B0 1B 1A                   ldb     A, B
(1)    2101 : 79 04 1A                   subb    A, #queue_buf
(1)    2104 : C7 1C 01 1A                stb     A, queue_size[HL]
(1)    2108 : C7 1C 02 00                stb     ZERO, queue_put[HL]
(1)    210C : C7 1C 03 00                stb     ZERO, queue_get[HL]
(1)    2110 : 65 04 00 1C                add     HL, #queue_buf
(1)    2114 :                    queue_init_loop:
(1)    2114 : C6 1D 00                   stb     ZERO, [HL]+
(1)    2117 : E0 1A FA                   djnz    A, queue_init_loop
(1)    211A : CC 1C                      pop     HL
(1)    211C : CC 1A                      pop     A
(1)    211E : F0                         ret
(1)    211F :
(1)    211F :                    ;;; [queue] Add an element to queue
(1)    211F :                    ;;; @param HL queue work space pointer
(1)    211F :                    ;;; @param A an element
(1)    211F :                    ;;; @return F.C 0 if queue is full
(1)    211F :                    queue_add:
(1)    211F : C8 1E                      push    DE
(1)    2121 : B0 1A 1E                   ldb     DE, A           ; save an element
(1)    2124 : B2 1C 1A                   ldb     A, queue_len[HL]
(1)    2127 : 9B 1C 01 1A                cmpb    A, queue_size[HL]
(1)    212B : B0 1E 1A                   ldb     A, DE              ; restore an element
(1)    212E : DE 03                      jlt     queue_add_store    ; queue_len < queue_size
(1)    2130 : CC 1E                      pop     DE                 ; F.C=0
(1)    2132 : F0                         ret
(1)    2133 :                    queue_add_store:
(1)    2133 : B2 1C 1E                   ldb     DE, queue_len[HL]
(1)    2136 : 17 1E                      incb    DE
(1)    2138 : C6 1C 1E                   stb     DE, queue_len[HL]
(1)    213B : AF 1C 02 1E                ldbze   DE, queue_put[HL]
(1)    213F : 65 04 00 1E                add     DE, #queue_buf
(1)    2143 : 64 1C 1E                   add     DE, HL
(1)    2146 : C6 1E 1A                   stb     A, [DE]         ; store an element
(1)    2149 : B3 1C 02 1A                ldb     A, queue_put[HL]
(1)    214D : 17 1A                      incb    A
(1)    214F : 9B 1C 01 1A                cmpb    A, queue_size[HL]
(1)    2153 : DE 02                      jlt     queue_add_update ; queue_put < queue_size
(1)    2155 : 11 1A                      clrb    A                ; wrap around
(1)    2157 :                    queue_add_update:
(1)    2157 : C7 1C 02 1A                stb     A, queue_put[HL]
(1)    215B : B2 1E 1A                   ldb     A, [DE]         ; restore an element
(1)    215E : CC 1E                      pop     DE
(1)    2160 : F9                         setc                    ; set carry
(1)    2161 : F0                         ret
(1)    2162 :
(1)    2162 :                    ;;; [queue] Remove an element from queue
(1)    2162 :                    ;;; @param HL queue work space pointer
(1)    2162 :                    ;;; @return A an element
(1)    2162 :                    ;;; @return F.C 0 if queue is empty
(1)    2162 :                    queue_remove:
(1)    2162 : B2 1C 1A                   ldb     A, queue_len[HL]
(1)    2165 : 90 1A 1A                   orb     A, A              ; clear carry
(1)    2168 : D7 01                      jne     queue_remove_elem ; queue_len > 0
(1)    216A : F0                         ret                       ; F.C=0
(1)    216B :                    queue_remove_elem:
(1)    216B : C8 1E                      push    DE
(1)    216D : B2 1C 1E                   ldb     DE, queue_len[HL]
(1)    2170 : 15 1E                      decb    DE
(1)    2172 : C6 1C 1E                   stb     DE, queue_len[HL]
(1)    2175 : AF 1C 03 1E                ldbze   DE, queue_get[HL]
(1)    2179 : 65 04 00 1E                add     DE, #queue_buf
(1)    217D : 64 1C 1E                   add     DE, HL
(1)    2180 : B3 1C 03 1A                ldb     A, queue_get[HL]
(1)    2184 : 17 1A                      incb    A
(1)    2186 : 9B 1C 01 1A                cmpb    A, queue_size[HL]
(1)    218A : DE 02                      jlt     queue_remove_update ; queue_get < queue_size
(1)    218C : 11 1A                      clrb    A                   ; wrap around
(1)    218E :                    queue_remove_update:
(1)    218E : C7 1C 03 1A                stb     A, queue_get[HL]
(1)    2192 : B2 1E 1A                   ldb     A, [DE]         ; read an element
(1)    2195 : CC 1E                      pop     DE
(1)    2197 : F9                         setc                    ; set carry
(1)    2198 : F0                         ret
       2199 :
       2199 :                    isr_intr:
       2199 : F2                         pushf
       219A : C8 1A                      push    A               ; push A,B
       219C : C8 1C                      push    HL
       219E : B3 01 01 02 1A             ldb     A, USARTS
       21A3 : 31 1A 0B                   jbc     A, ST_RxRDY_bp, isr_intr_recv_end
       21A6 : B3 01 00 02 1A             ldb     A, USARTD
       21AB : A1 00 30 1C                ld      HL, #rx_queue
       21AF : 2F 6E                      scall   queue_add
       21B1 :                    isr_intr_recv_end:
       21B1 : CC 1C                      pop     HL
       21B3 : CC 1A                      pop     A
       21B5 : F3                         popf
       21B6 : F0                         ret
