          0 :                    ;;; -*- mode: asm; mode: flyspell-prog; -*-
          0 :                            include "i8096.inc"
(1)       0 :                     ;; -*- mode: asm; mode: flyspell-prog; -*-
(1)       0 :                    ;;; i8096
(1)       0 :                            cpu     8096
(1)       0 :                    ;;; SFR
(1)       0 : =0                 ZERO:   equ     00H             ; zero register
(1)       0 : =18                SP:     equ     18H             ; stack pointer
(1)       0 : =8                 INT_MASK:       equ     08H     ; interrupt mask
(1)       0 : =9                 INT_PENDING:    equ     09H     ; interrupt pending
(1)       0 : =40                INT_EXTINT:        equ     1000000B ; enable EXTINT
(1)       0 :
(1)       0 :                    ;;; Reset origin
(1)       0 : =2080              ORG_RESET:      equ     2080H
(1)       0 :                    ;;; Vector
(1)       0 : =200E              VEC_EXTINT:     equ     200EH
(1)       0 : =2010              VEC_TRAP:       equ     2010H
          0 :                            include "usart.inc"
(1)       0 :                    ;;; -*- mode: asm; mode: flyspell-prog; -*-
(1)       0 :                    ;;; i8251 Universal Synchronous/Asynchronous Receiver/Transmitter
(1)       0 : =200               USART:  equ     0200H
(1)       0 : =200               USARTD: equ     USART+0         ; Data register
(1)       0 : =201               USARTS: equ     USART+1         ; Status register
(1)       0 : =201               USARTC: equ     USART+1         ; Control register
(1)       0 : =202               USARTRV:        equ     USART+2 ; Receive interrupt vector (ORG_*)
(1)       0 : =203               USARTTV:        equ     USART+3 ; Transmit interrupt vector (ORG_*)
(1)       0 :                            include "i8251.inc"
(2)       0 :                    ;;; -*- mode: asm; mode: flyspell-prog; -*-
(2)       0 :
(2)       0 :                    ;;; i8251 USART device emulator.
(2)       0 : =6                 MODE_STOP_gp:   equ     6
(2)       0 : =C0                MODE_STOP_gm:   equ     11000000B
(2)       0 : =40                MODE_STOP1_gc:  equ     (1 << MODE_STOP_gp)
(2)       0 : =80                MODE_STOP15_gc: equ     (2 << MODE_STOP_gp)
(2)       0 : =C0                MODE_STOP2_gc:  equ     (3 << MODE_STOP_gp)
(2)       0 : =20                MODE_EVEN_bm:   equ     00100000B
(2)       0 : =10                MODE_PARITY_bm: equ     00010000B
(2)       0 : =2                 MODE_LEN_gp:    equ     2
(2)       0 : =C                 MODE_LEN_gm:    equ     00001100B
(2)       0 : =0                 MODE_LEN5_gc:   equ     (0 << MODE_LEN_gp)
(2)       0 : =4                 MODE_LEN6_gc:   equ     (1 << MODE_LEN_gp)
(2)       0 : =8                 MODE_LEN7_gc:   equ     (2 << MODE_LEN_gp)
(2)       0 : =C                 MODE_LEN8_gc:   equ     (3 << MODE_LEN_gp)
(2)       0 : =0                 MODE_BAUD_gp:   equ     0
(2)       0 : =3                 MODE_BAUD_gm:   equ     00000011B
(2)       0 : =1                 MODE_BAUD_X1:   equ     (1 << MODE_BAUD_gp)
(2)       0 : =2                 MODE_BAUD_X16:  equ (2 << MODE_BAUD_gp)
(2)       0 : =3                 MODE_BAUD_X64:  equ (3 << MODE_BAUD_gp)
(2)       0 :                    ;;; Bit Definition of command register
(2)       0 : =80                CMD_EH_bm:      equ     10000000B   ; Enter hunt mode
(2)       0 : =40                CMD_IR_bm:      equ     01000000B   ; Internal Reset
(2)       0 : =20                CMD_RTS_bm:     equ     00100000B   ; Request To Send
(2)       0 : =10                CMD_ER_bm:      equ     00010000B   ; Error Reset
(2)       0 : =8                 CMD_SBRK_bm:    equ     00001000B   ; Send Break
(2)       0 : =4                 CMD_RxEN_bm:    equ     00000100B   ; Receive Enable
(2)       0 : =2                 CMD_DTR_bm:     equ     00000010B   ; Data Terminal Ready
(2)       0 : =1                 CMD_TxEN_bm:    equ     00000001B   ; Transmit enable
(2)       0 :
(2)       0 :                    ;;; Bit definition of status register
(2)       0 : =80                ST_DSR_bm:      equ     10000000B   ; Data Set Ready
(2)       0 : =40                ST_BRK_bm:      equ     01000000B   ; BREAK detected
(2)       0 : =20                ST_FE_bm:       equ     00100000B   ; Framing Error
(2)       0 : =10                ST_OE_bm:       equ     00010000B   ; Iverrun Error
(2)       0 : =8                 ST_PE_bm:       equ     00001000B   ; Parity Error
(2)       0 : =2                 ST_TxEMPTY_bp:  equ     2           ; Transmitter empty
(2)       0 : =1                 ST_RxRDY_bp:    equ     1           ; Receiver ready
(2)       0 : =0                 ST_TxRDY_bp:    equ     0           ; transmitter ready
(1)       0 :                    ;;; Async 1stop 8data x16
(1)       0 : =4E                ASYNC_MODE:     equ     MODE_STOP1_gc|MODE_LEN8_gc|MODE_BAUD_X16
(1)       0 :                    ;;; RTS/DTR, error reset, Rx enable, Tx enable
(1)       0 : =37                RX_EN_TX_EN:    equ     CMD_RTS_bm|CMD_DTR_bm|CMD_ER_bm|CMD_RxEN_bm|CMD_TxEN_bm
(1)       0 : =36                RX_EN_TX_DIS:   equ     CMD_RTS_bm|CMD_DTR_bm|CMD_ER_bm|CMD_RxEN_bm
          0 :
       1000 :                            org     1000H
       1000 : =1000              stack:  equ     $
       1000 :
         1A :                            org     1AH
         1A :                    A:      dsb     1
         1B :                    B:      dsb     1
         1C :
       2080 :                            org     ORG_RESET
       2080 :                    init:
       2080 : A1 00 10 18                ld      SP, #stack
       2084 : B0 40 08                   ldb     INT_MASK, INT_EXTINT ; enable EXTINT
       2087 : FB                         ei                           ; for halt switch
       2088 :
       2088 :                    init_usart:
       2088 : C7 01 01 02 00             stb     ZERO, USARTC
       208D : C7 01 01 02 00             stb     ZERO, USARTC
       2092 : C7 01 01 02 00             stb     ZERO, USARTC    ; safest way to sync mode
       2097 : B1 40 1A                   ldb     A, #CMD_IR_bm
       209A : C7 01 01 02 1A             stb     A, USARTC       ; reset
       209F : FD                         nop
       20A0 : FD                         nop
       20A1 : B1 4E 1A                   ldb     A, #ASYNC_MODE
       20A4 : C7 01 01 02 1A             stb     A, USARTC
       20A9 : FD                         nop
       20AA : FD                         nop
       20AB : B1 37 1A                   ldb     A, #RX_EN_TX_EN
       20AE : C7 01 01 02 1A             stb     A, USARTC
       20B3 :
       20B3 :                    receive_loop:
       20B3 : B3 01 01 02 1A             ldb     A, USARTS
       20B8 : 31 1A F8                   jbc     A, ST_RxRDY_bp, receive_loop
       20BB :                    receive_data:
       20BB : B3 01 00 02 1B             ldb     B, USARTD
       20C0 : 90 1B 1B                   orb     B, B
       20C3 : DF 17                      je      halt_to_system
       20C5 :                    transmit_loop:
       20C5 : B3 01 01 02 1A             ldb     A, USARTS
       20CA : 30 1A F8                   jbc     A, ST_TxRDY_bp, transmit_loop
       20CD :                    transmit_data:
       20CD : C7 01 00 02 1B             stb     B, USARTD
       20D2 : 99 0D 1B                   cmpb    B, #0DH
       20D5 : D7 DC                      jne     receive_loop
       20D7 : B1 0A 1B                   ldb     B, #0AH
       20DA : 27 E9                      sjmp    transmit_loop
       20DC :
       20DC :                    halt_to_system:
       20DC : A1 10 20 1A                ld      A, #VEC_TRAP
       20E0 : C3 01 10 20 1A             st      A, VEC_TRAP     ; halt to system
       20E5 : F7                         trap
