          0 :                    ;;; -*- mode: asm; mode: flyspell-prog; -*-
          0 :                            cpu     8048
          0 :                            include "i8048.inc"
(1)       0 :                    ;;; -*- mode: asm; mode: flyspell-prog; -*-
(1)       0 :                    ;;; i8048
(1)       0 :                    ;;; PSW Register
(1)       0 : =80                PSW_CY:         equ     10000000B ; set to 1 if carry
(1)       0 : =40                PSW_AC:         equ     01000000B ; set to 1 if auxillary carry
(1)       0 : =10                PSW_F0:         equ     00010000B ; flag 0
(1)       0 : =4                 PSW_BS:         equ     00000100B ; register bank select
(1)       0 : =7                 PSW_SP:         equ     00000111B ; stack pointer (grow upward)
(1)       0 :                    ;;; Interrupt origin
(1)       0 : =0                 ORG_RESET:      equ     000H    ; RESET
(1)       0 : =3                 ORG_INT:        equ     003H    ; #INT
(1)       0 :                    ;;; Register bank and stack
(1)       0 : =0                 BASE_BANK0:     equ     00H     ; R0-R7
(1)       0 : =8                 BASE_STACK:     equ     08H     ; PSW:PC
(1)       0 : =18                BASE_BANK1:     equ     18H     ; R0-R7
(1)       0 : =20                BASE_MEMORY:    equ     20H     ; general purpose memory
          0 :
          0 :                    ;;; i8251 Universal Synchronous/Asynchronous Receiver/Transmitter
          0 : =FC                USART:          equ     0FCH
          0 : =FC                USARTD:         equ     USART+0 ; Receive/Transmit data
          0 : =FD                USARTS:         equ     USART+1 ; Srtatus register
          0 : =FD                USARTC:         equ     USART+1 ; Control register
          0 : =FE                USARTRV:        equ     USART+2 ; Receive interrupt vector (ORG_*)
          0 : =FF                USARTTV:        equ     USART+3 ; Transmit interrupt vector (ORG_*)
          0 :                            include "i8251.inc"
(1)       0 :                    ;;; -*- mode: asm; mode: flyspell-prog; -*-
(1)       0 :
(1)       0 :                    ;;; i8251 USART device emulator.
(1)       0 : =6                 MODE_STOP_gp:   equ     6
(1)       0 : =C0                MODE_STOP_gm:   equ     11000000B
(1)       0 : =40                MODE_STOP1_gc:  equ     (1 << MODE_STOP_gp)
(1)       0 : =80                MODE_STOP15_gc: equ     (2 << MODE_STOP_gp)
(1)       0 : =C0                MODE_STOP2_gc:  equ     (3 << MODE_STOP_gp)
(1)       0 : =20                MODE_EVEN_bm:   equ     00100000B
(1)       0 : =10                MODE_PARITY_bm: equ     00010000B
(1)       0 : =2                 MODE_LEN_gp:    equ     2
(1)       0 : =C                 MODE_LEN_gm:    equ     00001100B
(1)       0 : =0                 MODE_LEN5_gc:   equ     (0 << MODE_LEN_gp)
(1)       0 : =4                 MODE_LEN6_gc:   equ     (1 << MODE_LEN_gp)
(1)       0 : =8                 MODE_LEN7_gc:   equ     (2 << MODE_LEN_gp)
(1)       0 : =C                 MODE_LEN8_gc:   equ     (3 << MODE_LEN_gp)
(1)       0 : =0                 MODE_BAUD_gp:   equ     0
(1)       0 : =3                 MODE_BAUD_gm:   equ     00000011B
(1)       0 : =1                 MODE_BAUD_X1:   equ     (1 << MODE_BAUD_gp)
(1)       0 : =2                 MODE_BAUD_X16:  equ (2 << MODE_BAUD_gp)
(1)       0 : =3                 MODE_BAUD_X64:  equ (3 << MODE_BAUD_gp)
(1)       0 :                    ;;; Bit Definition of command register
(1)       0 : =80                CMD_EH_bm:      equ     10000000B   ; Enter hunt mode
(1)       0 : =40                CMD_IR_bm:      equ     01000000B   ; Internal Reset
(1)       0 : =20                CMD_RTS_bm:     equ     00100000B   ; Request To Send
(1)       0 : =10                CMD_ER_bm:      equ     00010000B   ; Error Reset
(1)       0 : =8                 CMD_SBRK_bm:    equ     00001000B   ; Send Break
(1)       0 : =4                 CMD_RxEN_bm:    equ     00000100B   ; Receive Enable
(1)       0 : =2                 CMD_DTR_bm:     equ     00000010B   ; Data Terminal Ready
(1)       0 : =1                 CMD_TxEN_bm:    equ     00000001B   ; Transmit enable
(1)       0 :
(1)       0 :                    ;;; Bit definition of status register
(1)       0 : =80                ST_DSR_bm:      equ     10000000B   ; Data Set Ready
(1)       0 : =40                ST_BRK_bm:      equ     01000000B   ; BREAK detected
(1)       0 : =20                ST_FE_bm:       equ     00100000B   ; Framing Error
(1)       0 : =10                ST_OE_bm:       equ     00010000B   ; Iverrun Error
(1)       0 : =8                 ST_PE_bm:       equ     00001000B   ; Parity Error
(1)       0 : =4                 ST_TxEMPTY_bm:  equ     00000100B   ; Transmitter empty
(1)       0 : =2                 ST_RxRDY_bm:    equ     00000010B   ; Receiver ready
(1)       0 : =1                 ST_TxRDY_bm:    equ     00000001B   ; Transmitter ready
(1)       0 : =1                 ST_RxRDY_bp:    equ     1           ; Receiver ready
(1)       0 : =0                 ST_TxRDY_bp:    equ     0           ; Transmitter ready
          0 :                    ;;; Async 1stop 8data x16
          0 : =4E                ASYNC_MODE:     equ     MODE_STOP1_gc|MODE_LEN8_gc|MODE_BAUD_X16
          0 :                    ;;; RTS/DTR, error reset, Rx enable, Tx enable
          0 : =37                RX_EN_TX_EN:    equ     CMD_RTS_bm|CMD_DTR_bm|CMD_ER_bm|CMD_RxEN_bm|CMD_TxEN_bm
          0 : =36                RX_EN_TX_DIS:   equ     CMD_RTS_bm|CMD_DTR_bm|CMD_ER_bm|CMD_RxEN_bm
          0 :
          0 :                    ;;; External data memory
          0 :                            org     00H
          0 : =8                 rx_queue_size:  equ     8
          0 :                    rx_queue_buf:   ds      rx_queue_size
          8 : =38                tx_queue_size:  equ     56
          8 :                    tx_queue_buf:   ds      tx_queue_size
         FC :                            org     USART
         FC :                    ;;;  Software stack; pre-decrement, post-increment pointed by R1 on
         FC :                    ;;;  external data memory
         FC : =FC                stack:          equ     $
         FC :
         FC :                    ;;; Internal data memory
         20 :                            org     BASE_MEMORY
         20 :                    rx_queue:       ds      queue_work_size
         25 :                    tx_queue:       ds      queue_work_size
         2A :
          0 :                            org     ORG_RESET
          0 : 04 05                      jmp     init
          3 :                            org     ORG_INT
          3 : 24 13                      jmp     isr_intr
          5 :                    init:
          5 : B9 FC                      mov     R1, #stack
          7 : B8 20                      mov     R0, #rx_queue
          9 : BA 00                      mov     R2, #rx_queue_buf
          B : 23 08                      mov     A, #rx_queue_size
          D : 14 A8                      call    queue_init
          F : B8 25                      mov     R0, #tx_queue
         11 : BA 08                      mov     R2, #tx_queue_buf
         13 : 23 38                      mov     A, #tx_queue_size
         15 : 14 A8                      call    queue_init
         17 :                    init_usart:
         17 : B8 FD                      mov     R0, #USARTC
         19 : 27                         clr     A
         1A : 90                         movx    @R0, A
         1B : 90                         movx    @R0, A
         1C : 90                         movx    @R0, A          ; safest way to sync mode
         1D : 23 40                      mov     a, #CMD_IR_bm
         1F : 90                         movx    @R0, A          ; reset
         20 : 00                         nop
         21 : 00                         nop
         22 : 23 4E                      mov     a, #ASYNC_MODE
         24 : 90                         movx    @R0, A
         25 : 00                         nop
         26 : 00                         nop
         27 : 23 37                      mov     a, #RX_EN_TX_EN
         29 : 90                         movx    @R0, A
         2A : 23 03                      mov     a, #ORG_INT
         2C : B8 FE                      mov     R0, #USARTRV
         2E : 90                         movx    @R0, A          ; enable RxRDY interrupt
         2F : 18                         inc     R0
         30 : 90                         movx    @R0, A          ; enable TxRDY interrupt
         31 : 05                         en      I
         32 :
         32 :                    receive_loop:
         32 : 14 7B                      call    getchar
         34 : E6 32                      jnc     receive_loop
         36 : C6 47                      jz      halt_to_system
         38 : AB                         mov     R3, A           ; save letter
         39 : 14 93                      call    putchar         ; echo
         3B : 14 89                      call    putspace
         3D : 14 48                      call    put_hex8        ; print in hex
         3F : 14 89                      call    putspace
         41 : 14 61                      call    put_bin8        ; print in binary
         43 : 14 8D                      call    newline
         45 : 04 32                      jmp     receive_loop
         47 :                    halt_to_system:
         47 : 01                         db      01H
         48 :
         48 :                    ;;; Print uint8_t in hex
         48 :                    ;;; @param R3 uint8_t value to be printed in hex.
         48 :                    ;;; @clobber A
         48 :                    put_hex8:
         48 : 23 30                      mov     A, #'0'
         4A : 14 93                      call    putchar
         4C : 23 78                      mov     A, #'x'
         4E : 14 93                      call    putchar
         50 : FB                         mov     A, R3
         51 : 47                         swap    A
         52 : 14 55                      call    put_hex4
         54 : FB                         mov     A, R3
         55 :                    put_hex4:
         55 : 53 0F                      anl     A, #0FH
         57 : 03 F6                      add     A, #-10
         59 : E6 5D                      jnc     put_hex8_dec    ; A<10
         5B : 03 07                      add     A, #'A'-('0'+10)
         5D :                    put_hex8_dec:
         5D : 03 3A                      add     A, #'0'+10
         5F : 04 93                      jmp     putchar
         61 :
         61 :                    ;;; Print uint8_t in binary
         61 :                    ;;; @param R3 uint8_t value to be printed in binary.
         61 :                    ;;; @clobber A R2
         61 :                    put_bin8:
         61 : 23 30                      mov     A, #'0'
         63 : 14 93                      call    putchar
         65 : 23 62                      mov     A, #'b'
         67 : 14 93                      call    putchar
         69 : FB                         mov     A, R3
         6A : AA                         mov     R2, A
         6B : 14 6D                      call    put_bin4
         6D :                    put_bin4:
         6D : 14 6F                      call    put_bin2
         6F :                    put_bin2:
         6F : 14 71                      call    put_bin1
         71 :                    put_bin1:
         71 : FA                         mov     A, R2
         72 : F7                         rlc     A               ; C=MSB
         73 : AA                         mov     R2, A
         74 : 23 30                      mov     A, #'0'
         76 : E6 93                      jnc     putchar         ; MSB=0
         78 : 17                         inc     A
         79 : 04 93                      jmp     putchar
         7B :                            
         7B :                    ;;; Get character
         7B :                    ;;; @return A
         7B :                    ;;; @return PSW.C 0 if no character
         7B :                    getchar:
         7B : F8                         mov     A, R0
         7C : C9                         dec     R1
         7D : 91                         movx    @R1, A          ; save R0
         7E : B8 20                      mov     R0, #rx_queue
         80 : 15                         dis     I
         81 : 14 EB                      call    queue_remove
         83 : 05                         en      I
         84 : 28                         xch     A, R0           ; save character
         85 : 81                         movx    A, @R1          ; restore R0
         86 : 19                         inc     R1
         87 : 28                         xch     A, R0           ; restore character
         88 : 83                         ret
         89 :
         89 :                    ;;; Put space
         89 :                    ;;; @clobber A
         89 :                    putspace:
         89 : 23 20                      mov     A, #' '
         8B : 04 93                      jmp     putchar
         8D :
         8D :                    ;;; Put newline
         8D :                    ;;; @clobber A
         8D :                    newline:
         8D : 23 0D                      mov     A, #0DH
         8F : 14 93                      call    putchar
         91 : 23 0A                      mov     A, #0AH
         93 :
         93 :                    ;;; Put character
         93 :                    ;;; @param A
         93 :                    ;;; @clobber A
         93 :                    putchar:
         93 : 28                         xch     A, R0           ; save character
         94 : C9                         dec     R1
         95 : 91                         movx    @R1, A          ; save R0
         96 : F8                         mov     A, R0           ; restore character
         97 :                    putchar_loop:
         97 : B8 25                      mov     R0, #tx_queue
         99 : 15                         dis     I
         9A : 14 BE                      call    queue_add
         9C : 05                         en      I
         9D : E6 97                      jnc     putchar_loop    ; branch if queue is full
         9F : B8 FD                      mov     R0, #USARTC
         A1 : 23 37                      mov     A, #RX_EN_TX_EN ; enable Tx
         A3 : 90                         movx    @R0, A
         A4 : 81                         movx    A, @R1
         A5 : 19                         inc     R1
         A6 : A8                         mov     R0, A           ; restore R0
         A7 : 83                         ret
         A8 :
         A8 :                            include "queue.inc"
(1)      A8 :                    ;;; -*- mode: asm; mode: flyspell-prog; -*-
(1)      A8 :                    ;;; [queue] queue structure on internal data memory
(1)      A8 : =0                 queue_len:      equ     0       ; queue length
(1)      A8 : =1                 queue_size:     equ     1       ; buffer size
(1)      A8 : =2                 queue_buf:      equ     2       ; buffer pointer to external data memory
(1)      A8 : =3                 queue_put:      equ     3       ; queue put index
(1)      A8 : =4                 queue_get:      equ     4       ; queue get index
(1)      A8 : =5                 queue_work_size:        equ     5
(1)      A8 :
(1)      A8 :                    ;;; [queue] Initialize queue
(1)      A8 :                    ;;; @param R0 queue work space pointer
(1)      A8 :                    ;;; @param R2 queue buffer pointer
(1)      A8 :                    ;;; @param A queue buffer size
(1)      A8 :                    ;;; @clobber A R0
(1)      A8 :                    queue_init:
(1)      A8 : AF                         mov     R7, A
(1)      A9 : B0 00                      mov     @R0, #0         ; queue_len
(1)      AB : 18                         inc     R0
(1)      AC : A0                         mov     @R0, A          ; queue_size
(1)      AD : 18                         inc     R0
(1)      AE : FA                         mov     A, R2
(1)      AF : A0                         mov     @R0, A          ; queue_buffer
(1)      B0 : 18                         inc     R0
(1)      B1 : B0 00                      mov     @R0, #0         ; queue_put
(1)      B3 : 18                         inc     R0
(1)      B4 : B0 00                      mov     @R0, #0         ; queue_get
(1)      B6 : FA                         mov     A, R2
(1)      B7 : A8                         mov     R0, A           ; R0=queue_buffer
(1)      B8 : 27                         clr     A
(1)      B9 :                    queue_init_loop:
(1)      B9 : 90                         movx    @R0, A
(1)      BA : 18                         inc     R0
(1)      BB : EF B9                      djnz    R7, queue_init_loop
(1)      BD : 83                         ret
(1)      BE :
(1)      BE :                    ;;; [queue] Add an element to queue
(1)      BE :                    ;;; @param R0 queue work space pointer
(1)      BE :                    ;;; @param A an element
(1)      BE :                    ;;; @return PSW.C 0 if queue is full
(1)      BE :                    ;;; @clobber R0
(1)      BE :                    queue_add:
(1)      BE : C9                         dec     R1
(1)      BF : 91                         movx    @R1, A          ; save A
(1)      C0 : F0                         mov     A, @R0          ; queue_len
(1)      C1 : 18                         inc     R0
(1)      C2 : D0                         xrl     A, @R0          ; queue_size
(1)      C3 : 96 C9                      jnz     queue_add_store
(1)      C5 : 81                         movx    A, @R1          ; restore A
(1)      C6 : 19                         inc     R1
(1)      C7 : 97                         clr     C               ; PSW.C=0
(1)      C8 : 83                         ret
(1)      C9 :                    queue_add_store:
(1)      C9 : 81                         movx    A, @R1          ; restore A
(1)      CA : 2F                         xch     A, R7           ; R7=an element
(1)      CB : C9                         dec     R1
(1)      CC : 91                         movx    @R1, A          ; save R7
(1)      CD : C8                         dec     R0
(1)      CE : 10                         inc     @R0             ; queue_len++
(1)      CF : 18                         inc     R0
(1)      D0 : 18                         inc     R0
(1)      D1 : F0                         mov     A, @R0          ; A=queue_buf
(1)      D2 : 18                         inc     R0
(1)      D3 : 60                         add     A, @R0          ; A=queue_buf+queue_put
(1)      D4 : 29                         xch     A, R1           ; A=R1, R0=&queue_buf[queue_put]
(1)      D5 : 2F                         xch     A, R7           ; A=an element, R7=R1
(1)      D6 : 91                         movx    @R1, A          ; add an element
(1)      D7 : FF                         mov     A, R7           ; A=R1
(1)      D8 : A9                         mov     R1, A           ; restore R1
(1)      D9 : C8                         dec     R0
(1)      DA : C8                         dec     R0
(1)      DB : F0                         mov     A, @R0          ; A=queue_size
(1)      DC : 18                         inc     R0
(1)      DD : 18                         inc     R0
(1)      DE : 10                         inc     @R0             ; queue_put++
(1)      DF : D0                         xrl     A, @R0
(1)      E0 : 96 E3                      jnz     queue_add_end
(1)      E2 : A0                         mov     @R0, A          ; queue_put=0
(1)      E3 :                    queue_add_end:
(1)      E3 : 81                         movx    A, @R1
(1)      E4 : 19                         inc     R1
(1)      E5 : AF                         mov     R7, A           ; restore R7
(1)      E6 : 81                         movx    A, @R1          ; restore A
(1)      E7 : 19                         inc     R1
(1)      E8 : 97                         clr     C
(1)      E9 : A7                         cpl     C
(1)      EA : 83                         ret
(1)      EB :
(1)      EB :                    ;;; [queue] Remove an element from queue
(1)      EB :                    ;;; @param R0 queue work space pointer
(1)      EB :                    ;;; @return A an element
(1)      EB :                    ;;; @return PSW.C 0 if queue is empty
(1)      EB :                    ;;; @clobber R0
(1)      EB :                    queue_remove:
(1)      EB : F0                         mov     A, @R0            ; queue_len
(1)      EC : 96 F0                      jnz     queue_remove_elem ; queue_len > 0
(1)      EE : 97                         clr     C                 ; PSW.C=0
(1)      EF : 83                         ret
(1)      F0 :                    queue_remove_elem:
(1)      F0 : FF                         mov     A, R7
(1)      F1 : C9                         dec     R1
(1)      F2 : 91                         movx    @R1, A          ; save R7
(1)      F3 : F0                         mov     A, @R0          ; queue_len--
(1)      F4 : 07                         dec     A
(1)      F5 : A0                         mov     @R0, A
(1)      F6 : 18                         inc     R0
(1)      F7 : 18                         inc     R0
(1)      F8 : F0                         mov     A, @R0          ; A=queue_buf
(1)      F9 : 18                         inc     R0
(1)      FA : 18                         inc     R0
(1)      FB : 60                         add     A, @R0          ; A=queue_buf+queue_get
(1)      FC : 29                         xch     A, R1           ; A=R1
(1)      FD : 2F                         xch     A, R7           ; R7=R1
(1)      FE : 81                         movx    A, @R1
(1)      FF : 2F                         xch     A, R7           ; A=R1, R7=an element
(1)     100 : A9                         mov     R1, A           ; restore R1
(1)     101 : C8                         dec     R0
(1)     102 : C8                         dec     R0
(1)     103 : C8                         dec     R0
(1)     104 : F0                         mov     A, @R0          ; A=queue_size
(1)     105 : 18                         inc     R0
(1)     106 : 18                         inc     R0
(1)     107 : 18                         inc     R0
(1)     108 : 10                         inc     @R0             ; queue_get++
(1)     109 : D0                         xrl     A, @R0          ; queue_get
(1)     10A : 96 0D                      jnz     queue_remove_end
(1)     10C : A0                         mov     @R0, A          ; queue_get=0
(1)     10D :                    queue_remove_end:
(1)     10D : 81                         movx    A, @R1          ; restore R7
(1)     10E : 19                         inc     R1
(1)     10F : 2F                         xch     A, R7           ; A=an element
(1)     110 : 97                         clr     C
(1)     111 : A7                         cpl     C
(1)     112 : 83                         ret
        113 :
        113 :                    isr_intr:
        113 : D5                         sel     RB1             ; switch context
        114 : AA                         mov     R2, A           ; save A
        115 : B8 FD                      mov     R0, #USARTS
        117 : 80                         movx    A, @R0
        118 : 37                         cpl     A
        119 : 32 22                      jb      ST_RxRDY_bp, isr_intr_tx
        11B : B8 FC                      mov     R0, #USARTD
        11D : 80                         movx    A, @R0
        11E : B8 20                      mov     R0, #rx_queue
        120 : 14 BE                      call    queue_add
        122 :                    isr_intr_tx:    
        122 : B8 FD                      mov     R0, #USARTS
        124 : 80                         movx    A, @R0
        125 : 37                         cpl     A
        126 : 12 31                      jb      ST_TxRDY_bp, isr_intr_exit
        128 : B8 25                      mov     R0, #tx_queue
        12A : 14 EB                      call    queue_remove
        12C : E6 33                      jnc     isr_intr_empty
        12E : B8 FC                      mov     R0, #USARTD
        130 : 90                         movx    @R0, A          ; send character
        131 :                    isr_intr_exit:
        131 : FA                         mov     A, R2           ; restore A
        132 : 93                         retr
        133 :                    isr_intr_empty:
        133 : B8 FD                      mov     R0, #USARTC
        135 : 23 36                      mov     A, #RX_EN_TX_DIS
        137 : 90                         movx    @R0, A          ; disable Tx
        138 : FA                         mov     A, R2           ; restore A
        139 : 93                         retr
        13A :
        13A :                            end
