          0 :                    ;;; -*- mode: asm; mode: flyspell-prog; -*-
          0 :                            include "kl5c80a12.inc"
(1)       0 :                    ;;; -*- mode: asm; mode: flyspell-prog; -*-
(1)       0 :                            include "../z80/z80.inc"
(2)       0 :                    ;;; -*- mode: asm; mode: flyspell-prog; -*-
(2)       0 :                    ;;; z80
(2)       0 :                            cpu     z80
(2)       0 :                    ;;; FLAGS Register
(2)       0 : =80                F_SIGN:         equ     10000000B ; set to 1 if negative
(2)       0 : =40                F_ZERO:         equ     01000000B ; set to 1 if zero
(2)       0 : =10                F_HALF_CARRY:   equ     00010000B ; set to 1 if carry from bit-3
(2)       0 : =4                 F_PARITY:       equ     00000100B ; set to 1 if even parity
(2)       0 : =4                 F_OVERFLOW:     equ     00000100B ; set to 1 if overflow
(2)       0 : =2                 F_NBCD:         equ     00000010B ; set to 1 if subtraction
(2)       0 : =1                 F_CARRY:        equ     00000001B ; set to 1 if carry
(2)       0 :                    ;;; Interrupt origin
(2)       0 : =0                 ORG_RESET:      equ     0000H   ; RESET
(2)       0 : =0                 ORG_RST00:      equ     0000H   ; RST 00H
(2)       0 : =8                 ORG_RST08:      equ     0008H   ; RST 08H
(2)       0 : =10                ORG_RST10:      equ     0010H   ; RST 10H
(2)       0 : =18                ORG_RST18:      equ     0018H   ; RST 18H
(2)       0 : =20                ORG_RST20:      equ     0020H   ; RST 20H
(2)       0 : =28                ORG_RST28:      equ     0028H   ; RST 28H
(2)       0 : =30                ORG_RST30:      equ     0030H   ; RST 30H
(2)       0 : =38                ORG_RST38:      equ     0038H   ; RST 38H
(2)       0 : =38                ORG_INT:        equ     0038H   ; Mode 1 INT
(2)       0 : =66                ORG_NMI:        equ     0066H   ; NMI
(1)       0 :                    ;;; MMU
(1)       0 : =0                 BBR1:   equ     00H
(1)       0 : =1                 BR1:    equ     01H
(1)       0 : =2                 BBR2:   equ     02H
(1)       0 : =3                 BR2:    equ     03H
(1)       0 : =4                 BBR3:   equ     04H
(1)       0 : =5                 BR3:    equ     05H
(1)       0 : =6                 BBR4:   equ     06H
(1)       0 : =7                 BR4:    equ     07H
(1)       0 :                    ;;; Interrupt controller
(1)       0 : =34                LERL:   equ     34H        ; W/_: Level/Edge Register (LER0~LER7)
(1)       0 : =35                LERH:   equ     35H        ; W/_: Level/Edge Register (LER8~LER15)
(1)       0 : =34                PGRL:   equ     LERL       ; W/_: Priority Group Register (PGR0~PGR7)
(1)       0 : =35                PGRH:   equ     LERH       ; W/_: Priority Group Register (PGR8~PGR15)
(1)       0 : =34                ISRL:   equ     LERL       ; R/_: In Service Register (ISR0~ISR7)
(1)       0 : =35                ISRH:   equ     LERH       ; R/_: In Service Register (ISR8~ISR15)
(1)       0 : =36                IMRL:   equ     36H        ; R/W: Interrupt Mask Register (IMR0~IMR7)
(1)       0 : =37                IMRH:   equ     37H        ; R/W: Interrupt Mask Register (IMR8~IMR15)
(1)       0 : =37                IVR:    equ     IMRH       ; _/W: Interrupt Vector Register (IVR5~IVR7)
          0 :                            include "../z80/usart.inc"
(1)       0 :                    ;;; -*- mode: asm; mode: flyspell-prog; -*-
(1)       0 :                    ;;; i8251 Universal Synchronous/Asynchronous Receiver/Transmitter
(1)       0 : =40                USART:  equ     40H
(1)       0 : =40                USARTD: equ     USART+0         ; Data register
(1)       0 : =41                USARTS: equ     USART+1         ; Status register
(1)       0 : =41                USARTC: equ     USART+1         ; Control register
(1)       0 : =42                USARTRV:        equ     USART+2 ; Receive interrupt vector (ORG_*)
(1)       0 : =43                USARTTV:        equ     USART+3 ; Transmit interrupt vector (ORG_*)
(1)       0 :                            include "i8251.inc"
(2)       0 :                    ;;; -*- mode: asm; mode: flyspell-prog; -*-
(2)       0 :
(2)       0 :                    ;;; i8251 USART device emulator.
(2)       0 : =6                 MODE_STOP_gp:   equ     6
(2)       0 : =C0                MODE_STOP_gm:   equ     11000000B
(2)       0 : =40                MODE_STOP1_gc:  equ     (1 << MODE_STOP_gp)
(2)       0 : =80                MODE_STOP15_gc: equ     (2 << MODE_STOP_gp)
(2)       0 : =C0                MODE_STOP2_gc:  equ     (3 << MODE_STOP_gp)
(2)       0 : =20                MODE_EVEN_bm:   equ     00100000B
(2)       0 : =10                MODE_PARITY_bm: equ     00010000B
(2)       0 : =2                 MODE_LEN_gp:    equ     2
(2)       0 : =C                 MODE_LEN_gm:    equ     00001100B
(2)       0 : =0                 MODE_LEN5_gc:   equ     (0 << MODE_LEN_gp)
(2)       0 : =4                 MODE_LEN6_gc:   equ     (1 << MODE_LEN_gp)
(2)       0 : =8                 MODE_LEN7_gc:   equ     (2 << MODE_LEN_gp)
(2)       0 : =C                 MODE_LEN8_gc:   equ     (3 << MODE_LEN_gp)
(2)       0 : =0                 MODE_BAUD_gp:   equ     0
(2)       0 : =3                 MODE_BAUD_gm:   equ     00000011B
(2)       0 : =1                 MODE_BAUD_X1:   equ     (1 << MODE_BAUD_gp)
(2)       0 : =2                 MODE_BAUD_X16:  equ (2 << MODE_BAUD_gp)
(2)       0 : =3                 MODE_BAUD_X64:  equ (3 << MODE_BAUD_gp)
(2)       0 :                    ;;; Bit Definition of command register
(2)       0 : =80                CMD_EH_bm:      equ     10000000B   ; Enter hunt mode
(2)       0 : =40                CMD_IR_bm:      equ     01000000B   ; Internal Reset
(2)       0 : =20                CMD_RTS_bm:     equ     00100000B   ; Request To Send
(2)       0 : =10                CMD_ER_bm:      equ     00010000B   ; Error Reset
(2)       0 : =8                 CMD_SBRK_bm:    equ     00001000B   ; Send Break
(2)       0 : =4                 CMD_RxEN_bm:    equ     00000100B   ; Receive Enable
(2)       0 : =2                 CMD_DTR_bm:     equ     00000010B   ; Data Terminal Ready
(2)       0 : =1                 CMD_TxEN_bm:    equ     00000001B   ; Transmit enable
(2)       0 :
(2)       0 :                    ;;; Bit definition of status register
(2)       0 : =80                ST_DSR_bm:      equ     10000000B   ; Data Set Ready
(2)       0 : =40                ST_BRK_bm:      equ     01000000B   ; BREAK detected
(2)       0 : =20                ST_FE_bm:       equ     00100000B   ; Framing Error
(2)       0 : =10                ST_OE_bm:       equ     00010000B   ; Iverrun Error
(2)       0 : =8                 ST_PE_bm:       equ     00001000B   ; Parity Error
(2)       0 : =2                 ST_TxEMPTY_bp:  equ     2           ; Transmitter empty
(2)       0 : =1                 ST_RxRDY_bp:    equ     1           ; Receiver ready
(2)       0 : =0                 ST_TxRDY_bp:    equ     0           ; Transmitter ready
(1)       0 :                    ;;; Async 1stop 8data x16
(1)       0 : =4E                ASYNC_MODE:     equ     MODE_STOP1_gc|MODE_LEN8_gc|MODE_BAUD_X16
(1)       0 :                    ;;; RTS/DTR, error reset, Rx enable, Tx enable
(1)       0 : =37                RX_EN_TX_EN:    equ     CMD_RTS_bm|CMD_DTR_bm|CMD_ER_bm|CMD_RxEN_bm|CMD_TxEN_bm
(1)       0 : =36                RX_EN_TX_DIS:   equ     CMD_RTS_bm|CMD_DTR_bm|CMD_ER_bm|CMD_RxEN_bm
          0 :
       2000 :                            org     2000H
       2000 : =80                rx_queue_size:  equ     128
       2000 :                    rx_queue:       ds      rx_queue_size
       2080 : =80                tx_queue_size:  equ     128
       2080 :                    tx_queue:       ds      tx_queue_size
       2100 :
       1000 :                            org     1000H
       1000 : =1000              stack:  equ     $
       1000 :
          0 :                            org     ORG_RESET
          0 : C3 00 01                   jp      init
          3 :
         80 :                            org     0080H
         80 :                    vector:
         80 : 40 02                      dw      isr_intr        ; IR0
         82 :
        100 :                            org     0100H
        100 :                    init:
        100 : 31 00 10                   ld      SP, stack
        103 : 21 00 20                   ld      HL, rx_queue
        106 : 06 80                      ld      B, rx_queue_size
        108 : CD D5 01                   call    queue_init
        10B : 21 80 20                   ld      HL, tx_queue
        10E : 06 80                      ld      B, tx_queue_size
        110 : CD D5 01                   call    queue_init
        113 :                    init_usart:
        113 : AF                         xor     a               ; clear A
        114 : D3 41                      out     (USARTC), A
        116 : D3 41                      out     (USARTC), A
        118 : D3 41                      out     (USARTC), A     ; safest way to sync mode
        11A : 3E 40                      ld      A, CMD_IR_bm
        11C : D3 41                      out     (USARTC), A     ; reset
        11E : 00                         nop
        11F : 00                         nop
        120 : 3E 4E                      ld      A, ASYNC_MODE
        122 : D3 41                      out     (USARTC), A
        124 : 00                         nop
        125 : 00                         nop
        126 : 3E 36                      ld      A, RX_EN_TX_DIS
        128 : D3 41                      out     (USARTC), A
        12A :
        12A : 3E 01                      ld      a, 1            ; enable interrupt on USART
        12C : D3 42                      out     (USARTRV), a
        12E : D3 43                      out     (USARTTV), a
        130 : 3E 01                      ld      a, 1            ; select edge trigger
        132 : D3 34                      out     (LERL), a
        134 : 3E 00                      ld      a, high vector
        136 : ED 47                      ld      i, a
        138 : 3E 80                      ld      a, low vector
        13A : D3 37                      out     (IVR), a        ; vector register
        13C : 3E FE                      ld      a, ~1           ; disable mask for IR0
        13E : D3 36                      out     (IMRL), a       ;
        140 : ED 5E                      im      2               ; mode 2 only
        142 : FB                         ei
        143 :
        143 :                    receive_loop:
        143 : CD B0 01                   call    getchar
        146 : 30 FB                      jr      NC, receive_loop
        148 : B7                         or      A
        149 : 28 19                      jr      Z, halt_to_system
        14B :                    echo_back:
        14B : 47                         ld      B, A
        14C : CD C2 01                   call    putchar         ; echo
        14F : 3E 20                      ld      A, ' '          ; space
        151 : CD C2 01                   call    putchar
        154 : CD 6A 01                   call    put_hex8        ; print in hex
        157 : 3E 20                      ld      A, ' '          ; space
        159 : CD C2 01                   call    putchar
        15C : CD 8B 01                   call    put_bin8        ; print in binary
        15F : CD BB 01                   call    newline
        162 : 18 DF                      jr      receive_loop
        164 :                    halt_to_system:
        164 : 21 38 00                   ld      HL, ORG_RST38
        167 : 36 FF                      ld      (HL), 0FFH
        169 : FF                         rst     38H
        16A :
        16A :                    ;;; Print uint8_t in hex
        16A :                    ;;; @param B uint8_t value to be printed in hex.
        16A :                    ;;; @clobber A
        16A :                    put_hex8:
        16A : 3E 30                      ld      A, '0'
        16C : CD C2 01                   call    putchar
        16F : 3E 78                      ld      A, 'x'
        171 : CD C2 01                   call    putchar
        174 : 78                         ld      A, b
        175 : CB 3F                      srl     A
        177 : CB 3F                      srl     A
        179 : CB 3F                      srl     A
        17B : CB 3F                      srl     A
        17D : CD 81 01                   call    put_hex4
        180 : 78                         ld      A, B
        181 :                    put_hex4:
        181 : E6 0F                      and     0FH
        183 : C6 90                      add     A, 90H
        185 : 27                         daa
        186 : CE 40                      adc     A, 40H
        188 : 27                         daa
        189 : 18 37                      jr      putchar
        18B :
        18B :                    ;;; Print uint8_t in binary
        18B :                    ;;; @param B uint8_t value to be printed in binary.
        18B :                    ;;; @clobber A
        18B :                    put_bin8:
        18B : C5                         push    BC
        18C : 3E 30                      ld      A, '0'
        18E : CD C2 01                   call    putchar
        191 : 3E 62                      ld      A, 'b'
        193 : CD C2 01                   call    putchar
        196 : 78                         ld      A, B
        197 : CD 9F 01                   call    put_bin4
        19A : CD 9F 01                   call    put_bin4
        19D : C1                         pop     BC
        19E : C9                         ret
        19F :                    put_bin4:
        19F : CD A2 01                   call    put_bin2
        1A2 :                    put_bin2:
        1A2 : CD A5 01                   call    put_bin1
        1A5 :                    put_bin1:
        1A5 : 78                         ld      A, B
        1A6 : CB 27                      sla     A               ; F.C=MSB
        1A8 : 47                         ld      B, A
        1A9 : 3E 30                      ld      A, '0'
        1AB : 30 15                      jr      NC, putchar     ; F.0=1
        1AD : 3C                         inc     A               ; F.C=1
        1AE : 18 12                      jr      putchar
        1B0 :
        1B0 :                    ;;; Get character
        1B0 :                    ;;; @return A
        1B0 :                    ;;; @return CC.C 0 if no character
        1B0 :                    getchar:
        1B0 : E5                         push    HL
        1B1 : 21 00 20                   ld      HL, rx_queue
        1B4 : F3                         di
        1B5 : CD 1A 02                   call    queue_remove
        1B8 : FB                         ei
        1B9 : E1                         pop     HL
        1BA : C9                         ret
        1BB :
        1BB :                    ;;; Put newline
        1BB :                    ;;; @clobber A
        1BB :                    newline:
        1BB : 3E 0D                      ld      A, 0DH
        1BD : CD C2 01                   call    putchar
        1C0 : 3E 0A                      ld      A, 0AH
        1C2 :
        1C2 :                    ;;; Put character
        1C2 :                    ;;; @param A
        1C2 :                    putchar:
        1C2 : F5                         push    AF
        1C3 : E5                         push    HL
        1C4 : 21 80 20                   ld      HL, tx_queue
        1C7 :                    putchar_retry:
        1C7 : F3                         di
        1C8 : CD E9 01                   call    queue_add
        1CB : FB                         ei
        1CC : 30 F9                      jr      NC, putchar_retry ; branch if queue is full
        1CE : E1                         pop     HL
        1CF : 3E 37                      ld      A, RX_EN_TX_EN  ; enable Tx
        1D1 : D3 41                      out     (USARTC), A
        1D3 : F1                         pop     AF
        1D4 : C9                         ret
        1D5 :
        1D5 :                            include "../z80/queue.inc"
(1)     1D5 :                    ;;; -*- mode: asm; mode: flyspell-prog; -*-
(1)     1D5 :                    ;;; [queue] queue structure
(1)     1D5 : =0                 queue_len:      equ     0       ; queue length
(1)     1D5 : =1                 queue_size:     equ     1       ; buffer size
(1)     1D5 : =2                 queue_put:      equ     2       ; queue put index
(1)     1D5 : =3                 queue_get:      equ     3       ; queue get index
(1)     1D5 : =4                 queue_buf:      equ     4       ; buffer start offset
(1)     1D5 :
(1)     1D5 :                    ;;; [queue] Initialize queue
(1)     1D5 :                    ;;; @param HL queue work space pointer
(1)     1D5 :                    ;;; @param B queue work space size
(1)     1D5 :                    ;;; @clobber B
(1)     1D5 :                    queue_init:
(1)     1D5 : F5                         push    AF
(1)     1D6 : E5                         push    HL
(1)     1D7 : 36 00                      ld      (HL), 0         ; queue_len
(1)     1D9 : 78                         ld      A, B
(1)     1DA : D6 04                      sub     queue_buf
(1)     1DC : 23                         inc     HL
(1)     1DD : 77                         ld      (HL), A         ; queue_size
(1)     1DE : C6 02                      add     A, 2            ; for queue_put and queue_get
(1)     1E0 :                    queue_init_loop:
(1)     1E0 : 23                         inc     HL
(1)     1E1 : 36 00                      ld      (HL), 0
(1)     1E3 : 3D                         dec     A
(1)     1E4 : 20 FA                      jr      NZ, queue_init_loop
(1)     1E6 : E1                         pop     HL
(1)     1E7 : F1                         pop     AF
(1)     1E8 : C9                         ret
(1)     1E9 :
(1)     1E9 :                    ;;; [queue] Add an element to queue
(1)     1E9 :                    ;;; @param HL queue work space pointer
(1)     1E9 :                    ;;; @param A an element
(1)     1E9 :                    ;;; @return F.C 0 if queue is full
(1)     1E9 :                    queue_add:
(1)     1E9 : D5                         push    DE
(1)     1EA : E5                         push    HL
(1)     1EB : DD E3                      ex      (SP), IX        ; IX points queue structure
(1)     1ED : 57                         ld      D, A            ; save an element
(1)     1EE : DD 7E 00                   ld      A, (IX+queue_len)
(1)     1F1 : DD BE 01                   cp      (IX+queue_size)
(1)     1F4 : 7A                         ld      A, D               ; restore an element
(1)     1F5 : 38 05                      jr      C, queue_add_store ; queue_len < queue_size
(1)     1F7 : DD E3                      ex      (SP), IX           ; F.C=1
(1)     1F9 : E1                         pop     HL
(1)     1FA : D1                         pop     DE
(1)     1FB : C9                         ret
(1)     1FC :                    queue_add_store:
(1)     1FC : DD 34 00                   inc     (IX+queue_len)
(1)     1FF : 11 04 00                   ld      DE, queue_buf
(1)     202 : 19                         add     HL, DE
(1)     203 : DD 5E 02                   ld      E, (IX+queue_put)
(1)     206 : 19                         add     HL, DE          ; HL=&queue_buf[queue_put]
(1)     207 : 77                         ld      (HL), A         ; store an element
(1)     208 : 7B                         ld      A, E
(1)     209 : 3C                         inc     A               ; queue_put++
(1)     20A : DD BE 01                   cp      (IX+queue_size)
(1)     20D : 38 01                      jr      C, queue_add_update ; queue_put < queue_size
(1)     20F : AF                         xor     A                   ; wrap around
(1)     210 :                    queue_add_update:
(1)     210 : DD 77 02                   ld      (IX+queue_put), A
(1)     213 : 7E                         ld      A, (HL)         ; restore an element
(1)     214 : DD E3                      ex      (SP), IX
(1)     216 : E1                         pop     HL
(1)     217 : D1                         pop     DE
(1)     218 : 37                         scf                     ; set carry
(1)     219 : C9                         ret
(1)     21A :
(1)     21A :                    ;;; [queue] Remove an element from queue
(1)     21A :                    ;;; @param HL queue work space pointer
(1)     21A :                    ;;; @return A an element
(1)     21A :                    ;;; @return F.C 0 if queue is empty
(1)     21A :                    queue_remove:
(1)     21A : 7E                         ld      A, (HL)               ; queue_len
(1)     21B : B7                         or      A                     ; clear carry
(1)     21C : 20 01                      jr      NZ, queue_remove_elem ; queue_len > 0
(1)     21E : C9                         ret
(1)     21F :                    queue_remove_elem:
(1)     21F : D5                         push    DE
(1)     220 : E5                         push    HL
(1)     221 : DD E3                      ex      (SP), IX        ; IX points queue structure
(1)     223 : DD 35 00                   dec     (IX+queue_len)
(1)     226 : 11 04 00                   ld      DE, queue_buf
(1)     229 : 19                         add     HL, DE
(1)     22A : DD 5E 03                   ld      E, (IX+queue_get)
(1)     22D : 19                         add     HL, DE          ; HL=&queue_buf[queue_get]
(1)     22E : 7B                         ld      A, E
(1)     22F : 3C                         inc     A               ; queue_get++
(1)     230 : DD BE 01                   cp      (IX+queue_size)
(1)     233 : 38 01                      jr      C, queue_remove_update ; queue_get < queue_size
(1)     235 : AF                         xor     A                      ; wrap around
(1)     236 :                    queue_remove_update:
(1)     236 : DD 77 03                   ld      (IX+queue_get), A
(1)     239 : 7E                         ld      A, (HL)         ; read an element
(1)     23A : DD E3                      ex      (SP), IX
(1)     23C : E1                         pop     HL
(1)     23D : D1                         pop     DE
(1)     23E : 37                         scf                     ; set carry
(1)     23F : C9                         ret
        240 :
        240 :                    isr_intr:
        240 : F5                         push    AF
        241 : E5                         push    HL
        242 : DB 41                      in      A, (USARTS)
        244 : CB 4F                      bit     ST_RxRDY_bp, A
        246 : 28 08                      jr      Z, isr_intr_tx
        248 :                    isr_intr_rx:
        248 : DB 40                      in      A, (USARTD)     ; receive character
        24A : 21 00 20                   ld      HL, rx_queue
        24D : CD E9 01                   call    queue_add
        250 :                    isr_intr_tx:
        250 : DB 41                      in      A, (USARTS)
        252 : CB 47                      bit     ST_TxRDY_bp, A
        254 : 28 0A                      jr      Z, isr_intr_exit
        256 : 21 80 20                   ld      HL, tx_queue
        259 : CD 1A 02                   call    queue_remove
        25C : 30 07                      jr      NC, isr_intr_send_empty
        25E : D3 40                      out     (USARTD), A     ; send character
        260 :                    isr_intr_exit:
        260 : E1                         pop     HL
        261 : F1                         pop     AF
        262 : FB                         ei
        263 : ED 4D                      reti
        265 :                    isr_intr_send_empty:
        265 : 3E 36                      ld      A, RX_EN_TX_DIS
        267 : D3 41                      out     (USARTC), A     ; disable Tx
        269 : 18 F5                      jr      isr_intr_exit
        26B :
        26B :                            end
