          0 :                    ;;; -*- mode: asm; mode: flyspell-prog; -*-
          0 :                            include "kl5c80a12.inc"
(1)       0 :                    ;;; -*- mode: asm; mode: flyspell-prog; -*-
(1)       0 :                            include "../z80/z80.inc"
(2)       0 :                    ;;; -*- mode: asm; mode: flyspell-prog; -*-
(2)       0 :                    ;;; z80
(2)       0 :                            cpu     z80
(2)       0 :                    ;;; FLAGS Register
(2)       0 : =80                F_SIGN:         equ     10000000B ; set to 1 if negative
(2)       0 : =40                F_ZERO:         equ     01000000B ; set to 1 if zero
(2)       0 : =10                F_HALF_CARRY:   equ     00010000B ; set to 1 if carry from bit-3
(2)       0 : =4                 F_PARITY:       equ     00000100B ; set to 1 if even parity
(2)       0 : =4                 F_OVERFLOW:     equ     00000100B ; set to 1 if overflow
(2)       0 : =2                 F_NBCD:         equ     00000010B ; set to 1 if subtraction
(2)       0 : =1                 F_CARRY:        equ     00000001B ; set to 1 if carry
(2)       0 :                    ;;; Interrupt origin
(2)       0 : =0                 ORG_RESET:      equ     0000H   ; RESET
(2)       0 : =0                 ORG_RST00:      equ     0000H   ; RST 00H
(2)       0 : =8                 ORG_RST08:      equ     0008H   ; RST 08H
(2)       0 : =10                ORG_RST10:      equ     0010H   ; RST 10H
(2)       0 : =18                ORG_RST18:      equ     0018H   ; RST 18H
(2)       0 : =20                ORG_RST20:      equ     0020H   ; RST 20H
(2)       0 : =28                ORG_RST28:      equ     0028H   ; RST 28H
(2)       0 : =30                ORG_RST30:      equ     0030H   ; RST 30H
(2)       0 : =38                ORG_RST38:      equ     0038H   ; RST 38H
(2)       0 : =38                ORG_INT:        equ     0038H   ; Mode 1 INT
(2)       0 : =66                ORG_NMI:        equ     0066H   ; NMI
(1)       0 :                    ;;; MMU
(1)       0 : =0                 BBR1:   equ     00H
(1)       0 : =1                 BR1:    equ     01H
(1)       0 : =2                 BBR2:   equ     02H
(1)       0 : =3                 BR2:    equ     03H
(1)       0 : =4                 BBR3:   equ     04H
(1)       0 : =5                 BR3:    equ     05H
(1)       0 : =6                 BBR4:   equ     06H
(1)       0 : =7                 BR4:    equ     07H
(1)       0 :                    ;;; Interrupt controller
(1)       0 : =34                LERL:   equ     34H        ; W/_: Level/Edge Register (LER0~LER7)
(1)       0 : =35                LERH:   equ     35H        ; W/_: Level/Edge Register (LER8~LER15)
(1)       0 : =34                PGRL:   equ     LERL       ; W/_: Priority Group Register (PGR0~PGR7)
(1)       0 : =35                PGRH:   equ     LERH       ; W/_: Priority Group Register (PGR8~PGR15)
(1)       0 : =34                ISRL:   equ     LERL       ; R/_: In Service Register (ISR0~ISR7)
(1)       0 : =35                ISRH:   equ     LERH       ; R/_: In Service Register (ISR8~ISR15)
(1)       0 : =36                IMRL:   equ     36H        ; R/W: Interrupt Mask Register (IMR0~IMR7)
(1)       0 : =37                IMRH:   equ     37H        ; R/W: Interrupt Mask Register (IMR8~IMR15)
(1)       0 : =37                IVR:    equ     IMRH       ; _/W: Interrupt Vector Register (IVR5~IVR7)
          0 :                            include "../z80/usart.inc"
(1)       0 :                    ;;; -*- mode: asm; mode: flyspell-prog; -*-
(1)       0 :                    ;;; i8251 Universal Synchronous/Asynchronous Receiver/Transmitter
(1)       0 : =40                USART:  equ     40H
(1)       0 : =40                USARTD: equ     USART+0         ; Data register
(1)       0 : =41                USARTS: equ     USART+1         ; Status register
(1)       0 : =41                USARTC: equ     USART+1         ; Control register
(1)       0 : =42                USARTRV:        equ     USART+2 ; Receive interrupt vector (ORG_*)
(1)       0 : =43                USARTTV:        equ     USART+3 ; Transmit interrupt vector (ORG_*)
(1)       0 :                            include "i8251.inc"
(2)       0 :                    ;;; -*- mode: asm; mode: flyspell-prog; -*-
(2)       0 :
(2)       0 :                    ;;; i8251 USART device emulator.
(2)       0 : =6                 MODE_STOP_gp:   equ     6
(2)       0 : =C0                MODE_STOP_gm:   equ     11000000B
(2)       0 : =40                MODE_STOP1_gc:  equ     (1 << MODE_STOP_gp)
(2)       0 : =80                MODE_STOP15_gc: equ     (2 << MODE_STOP_gp)
(2)       0 : =C0                MODE_STOP2_gc:  equ     (3 << MODE_STOP_gp)
(2)       0 : =20                MODE_EVEN_bm:   equ     00100000B
(2)       0 : =10                MODE_PARITY_bm: equ     00010000B
(2)       0 : =2                 MODE_LEN_gp:    equ     2
(2)       0 : =C                 MODE_LEN_gm:    equ     00001100B
(2)       0 : =0                 MODE_LEN5_gc:   equ     (0 << MODE_LEN_gp)
(2)       0 : =4                 MODE_LEN6_gc:   equ     (1 << MODE_LEN_gp)
(2)       0 : =8                 MODE_LEN7_gc:   equ     (2 << MODE_LEN_gp)
(2)       0 : =C                 MODE_LEN8_gc:   equ     (3 << MODE_LEN_gp)
(2)       0 : =0                 MODE_BAUD_gp:   equ     0
(2)       0 : =3                 MODE_BAUD_gm:   equ     00000011B
(2)       0 : =1                 MODE_BAUD_X1:   equ     (1 << MODE_BAUD_gp)
(2)       0 : =2                 MODE_BAUD_X16:  equ (2 << MODE_BAUD_gp)
(2)       0 : =3                 MODE_BAUD_X64:  equ (3 << MODE_BAUD_gp)
(2)       0 :                    ;;; Bit Definition of command register
(2)       0 : =80                CMD_EH_bm:      equ     10000000B   ; Enter hunt mode
(2)       0 : =40                CMD_IR_bm:      equ     01000000B   ; Internal Reset
(2)       0 : =20                CMD_RTS_bm:     equ     00100000B   ; Request To Send
(2)       0 : =10                CMD_ER_bm:      equ     00010000B   ; Error Reset
(2)       0 : =8                 CMD_SBRK_bm:    equ     00001000B   ; Send Break
(2)       0 : =4                 CMD_RxEN_bm:    equ     00000100B   ; Receive Enable
(2)       0 : =2                 CMD_DTR_bm:     equ     00000010B   ; Data Terminal Ready
(2)       0 : =1                 CMD_TxEN_bm:    equ     00000001B   ; Transmit enable
(2)       0 :
(2)       0 :                    ;;; Bit definition of status register
(2)       0 : =80                ST_DSR_bm:      equ     10000000B   ; Data Set Ready
(2)       0 : =40                ST_BRK_bm:      equ     01000000B   ; BREAK detected
(2)       0 : =20                ST_FE_bm:       equ     00100000B   ; Framing Error
(2)       0 : =10                ST_OE_bm:       equ     00010000B   ; Iverrun Error
(2)       0 : =8                 ST_PE_bm:       equ     00001000B   ; Parity Error
(2)       0 : =2                 ST_TxEMPTY_bp:  equ     2           ; Transmitter empty
(2)       0 : =1                 ST_RxRDY_bp:    equ     1           ; Receiver ready
(2)       0 : =0                 ST_TxRDY_bp:    equ     0           ; Transmitter ready
(1)       0 :                    ;;; Async 1stop 8data x16
(1)       0 : =4E                ASYNC_MODE:     equ     MODE_STOP1_gc|MODE_LEN8_gc|MODE_BAUD_X16
(1)       0 :                    ;;; RTS/DTR, error reset, Rx enable, Tx enable
(1)       0 : =37                RX_EN_TX_EN:    equ     CMD_RTS_bm|CMD_DTR_bm|CMD_ER_bm|CMD_RxEN_bm|CMD_TxEN_bm
(1)       0 : =36                RX_EN_TX_DIS:   equ     CMD_RTS_bm|CMD_DTR_bm|CMD_ER_bm|CMD_RxEN_bm
          0 :
       2000 :                            org     2000H
       2000 : =80                rx_queue_size:  equ     128
       2000 :                    rx_queue:       ds      rx_queue_size
       2080 : =80                tx_queue_size:  equ     128
       2080 :                    tx_queue:       ds      tx_queue_size
       2100 :
       1000 :                            org     1000H
       1000 : =1000              stack:          equ     $
       1000 :
         80 :                            org     0080H
         80 :                    vector:
         80 : 3B 04                      dw      isr_intr        ; IR0
         82 :
          0 :                            org     ORG_RESET
          0 : C3 00 01                   jp      init
          3 :
        100 :                            org     0100H
        100 :                    init:
        100 : 31 00 10                   ld      SP, stack
        103 : 21 00 20                   ld      HL, rx_queue
        106 : 06 80                      ld      B, rx_queue_size
        108 : CD D0 03                   call    queue_init
        10B : 21 80 20                   ld      HL, tx_queue
        10E : 06 80                      ld      B, tx_queue_size
        110 : CD D0 03                   call    queue_init
        113 :                    init_usart:
        113 : AF                         xor     A               ; clear A
        114 : D3 41                      out     (USARTC), A
        116 : D3 41                      out     (USARTC), A
        118 : D3 41                      out     (USARTC), A     ; safest way to sync mode
        11A : 3E 40                      ld      A, CMD_IR_bm
        11C : D3 41                      out     (USARTC), A     ; reset
        11E : 00                         nop
        11F : 00                         nop
        120 : 3E 4E                      ld      A, ASYNC_MODE
        122 : D3 41                      out     (USARTC), A
        124 : 00                         nop
        125 : 00                         nop
        126 : 3E 36                      ld      A, RX_EN_TX_DIS
        128 : D3 41                      out     (USARTC), A
        12A :
        12A : 3E 01                      ld      a, 1            ; enable interrupt on USART
        12C : D3 42                      out     (USARTRV), a
        12E : D3 43                      out     (USARTTV), a
        130 : 3E 00                      ld      a, 0            ; select level trigger
        132 : D3 34                      out     (LERL), a
        134 : 3E 00                      ld      a, high vector
        136 : ED 47                      ld      i, a
        138 : 3E 80                      ld      a, low vector
        13A : D3 37                      out     (IVR), a        ; vector register
        13C : 3E FE                      ld      a, ~1           ; disable mask for IR0
        13E : D3 36                      out     (IMRL), a       ;
        140 : ED 5E                      im      2               ; mode 2 only
        142 : FB                         ei
        143 :
        143 :                    loop:
        143 : CD 7E 01                   call    mandelbrot
        146 : CD 56 01                   call    newline
        149 : 18 F8                      jr      loop
        14B :
        14B :                    ;;; Get character
        14B :                    ;;; @return A
        14B :                    ;;; @return CC.C 0 if no character
        14B :                    getchar:
        14B : E5                         push    HL
        14C : 21 00 20                   ld      HL, rx_queue
        14F : F3                         di
        150 : CD 15 04                   call    queue_remove
        153 : FB                         ei
        154 : E1                         pop     HL
        155 : C9                         ret
        156 :
        156 :                    ;;; Put newline
        156 :                    ;;; @clobber A
        156 :                    newline:
        156 : 3E 0D                      ld      A, 0DH
        158 : CD 5D 01                   call    putchar
        15B : 3E 0A                      ld      A, 0AH
        15D :
        15D :                    ;;; Put character
        15D :                    ;;; @param A
        15D :                    putchar:
        15D : F5                         push    AF
        15E : E5                         push    HL
        15F : 21 80 20                   ld      HL, tx_queue
        162 :                    putchar_retry:
        162 : F3                         di
        163 : CD E4 03                   call    queue_add
        166 : FB                         ei
        167 : 30 F9                      jr      NC, putchar_retry ; branch if queue is full
        169 : E1                         pop     HL
        16A : 3E 37                      ld      a, RX_EN_TX_EN  ; enable Tx
        16C : D3 41                      out     (USARTC), A
        16E : F1                         pop     AF
        16F : C9                         ret
        170 :
        170 :                    ;;; Put newline
        170 :                    ;;; @clobber A
        170 :                    putspace:
        170 : 3E 20                      ld      A, ' '
        172 : 18 E9                      jr      putchar
        174 :
        174 :                            include "../z80/mandelbrot.inc"
(1)     174 :                    ;;; -*- mode: asm; mode: flyspell-prog; -*-
(1)     174 :
(1)     174 :                    ;;; Sign extend A into BC
(1)     174 :                    ;;; @param A 8-bit value
(1)     174 :                    ;;; @return BC 16-bit value
(1)     174 :                    sex_BC:
(1)     174 : 4F                         ld      C, A
(1)     175 : 87                         add     A, A            ; AF.C=sign(A)
(1)     176 : 9F                         sbc     A, A            ; A=A-A-C
(1)     177 : 47                         ld      B, A
(1)     178 : C9                         ret
(1)     179 :
(1)     179 :                    ;;; Sign extend A into HL
(1)     179 :                    ;;; @param A 8-bit value
(1)     179 :                    ;;; @return HL 16-bit value
(1)     179 :                    sex_HL:
(1)     179 : 6F                         ld      L, A
(1)     17A : 87                         add     A, A            ; AF.C=sign(A)
(1)     17B : 9F                         sbc     A, A            ; A=A-A-C
(1)     17C : 67                         ld      H, A
(1)     17D : C9                         ret
(1)     17E :
(1)     17E : =32                Fv:     equ     50
(1)     17E :                    mandelbrot:
(1)     17E : 3E F4                      ld      A, -12
(1)     180 : 32 D7 02                   ld      (vY), A         ; Y=-12
(1)     183 :                    loop_y:
(1)     183 : 3E CF                      ld      A, -49
(1)     185 : 32 D8 02                   ld      (vX), A         ; X=-49
(1)     188 :                    loop_x:
(1)     188 : 3A D8 02                   ld      A, (vX)
(1)     18B : CD 74 01                   call    sex_BC          ; BC=X
(1)     18E : 11 E5 00                   ld      DE, 229
(1)     191 : CD 40 03                   call    mul16           ; X*229
(1)     194 : 44                         ld      B, H
(1)     195 : 4D                         ld      C, L
(1)     196 : 11 64 00                   ld      DE, 100
(1)     199 : CD A7 03                   call    div16           ; X*229/100
(1)     19C : 22 C7 02                   ld      (vC), HL        ; C=X*229/100
(1)     19F : 22 CB 02                   ld      (vA), HL        ; A=C
(1)     1A2 : 3A D7 02                   ld      A, (vY)
(1)     1A5 : CD 74 01                   call    sex_BC          ; BC=Y
(1)     1A8 : 11 A0 01                   ld      DE, 416
(1)     1AB : CD 40 03                   call    mul16           ; Y*416
(1)     1AE : 44                         ld      B, H
(1)     1AF : 4D                         ld      C, L
(1)     1B0 : 11 64 00                   ld      DE, 100
(1)     1B3 : CD A7 03                   call    div16           ; Y*416/100
(1)     1B6 : 22 C9 02                   ld      (vD), HL        ; D=Y*416/100
(1)     1B9 : 22 CD 02                   ld      (vB), HL        ; B=D
(1)     1BC : 3E 00                      ld      A, 0
(1)     1BE : 32 D9 02                   ld      (vI), A         ; I=0
(1)     1C1 :
(1)     1C1 :                            ;; ld      A, (vY)
(1)     1C1 :                            ;; call    sex_HL
(1)     1C1 :                            ;; ld      A, 'Y'
(1)     1C1 :                            ;; call    print
(1)     1C1 :                            ;; ld      A, (vX)
(1)     1C1 :                            ;; call    sex_HL
(1)     1C1 :                            ;; ld      A, 'X'
(1)     1C1 :                            ;; call    print
(1)     1C1 :                            ;; ld      HL, (vC)
(1)     1C1 :                            ;; ld      A, 'C'
(1)     1C1 :                            ;; call    print
(1)     1C1 :                            ;; ld      HL, (vD)
(1)     1C1 :                            ;; ld      A, 'D'
(1)     1C1 :                            ;; call    print
(1)     1C1 :                            ;; call    newline
(1)     1C1 :
(1)     1C1 :                    loop_i:
(1)     1C1 : ED 4B CD 02                ld      BC, (vB)
(1)     1C5 : 11 32 00                   ld      DE, Fv
(1)     1C8 : CD A7 03                   call    div16           ; B/F
(1)     1CB : 22 D1 02                   ld      (vQ), HL        ; Q=B/F
(1)     1CE : 44                         ld      B, H
(1)     1CF : 4D                         ld      C, L
(1)     1D0 : 11 CE FF                   ld      DE, -Fv
(1)     1D3 : CD 40 03                   call    mul16           ; -Q*F
(1)     1D6 : ED 5B CD 02                ld      DE, (vB)
(1)     1DA : 19                         add     HL, DE          ; B-Q*F
(1)     1DB : 22 D3 02                   ld      (vS), HL        ; S=B-Q*F
(1)     1DE : ED 4B CD 02                ld      BC, (vB)
(1)     1E2 : ED 5B CD 02                ld      DE, (vB)
(1)     1E6 : CD 40 03                   call    mul16           ; B*B
(1)     1E9 : E5                         push    HL              ; push B*B
(1)     1EA : ED 4B CB 02                ld      BC, (vA)
(1)     1EE : ED 5B CB 02                ld      DE, (vA)
(1)     1F2 : CD 40 03                   call    mul16           ; A*A
(1)     1F5 : D1                         pop     DE              ; pop B*B
(1)     1F6 : 37                         scf
(1)     1F7 : 3F                         ccf
(1)     1F8 : ED 52                      sbc     HL, DE          ; A*A-B*B
(1)     1FA : 44                         ld      B, H
(1)     1FB : 4D                         ld      C, L
(1)     1FC : 11 32 00                   ld      DE, Fv
(1)     1FF : CD A7 03                   call    div16           ; (A*A-B*B)/F
(1)     202 : ED 5B C7 02                ld      DE, (vC)
(1)     206 : 19                         add     HL, DE          ; (A*A-B*B)/F+C
(1)     207 : E5                         push    HL              ; push (A*A-B*B)/F+C
(1)     208 : ED 4B CB 02                ld      BC, (vA)
(1)     20C : ED 5B D3 02                ld      DE, (vS)
(1)     210 : CD 40 03                   call    mul16           ; A*S
(1)     213 : 44                         ld      B, H
(1)     214 : 4D                         ld      C, L
(1)     215 : 11 32 00                   ld      DE, Fv
(1)     218 : CD A7 03                   call    div16           ; A*S/F
(1)     21B : E5                         push    HL              ; push A*S/F
(1)     21C : ED 4B CB 02                ld      BC, (vA)
(1)     220 : ED 5B D1 02                ld      DE, (vQ)
(1)     224 : CD 40 03                   call    mul16           ; A*Q
(1)     227 : D1                         pop     DE              ; pop A*S/F
(1)     228 : 19                         add     HL, DE          ; A*Q+A*S/F
(1)     229 : 29                         add     HL, HL          ; 2*(A*Q+A*S/F)
(1)     22A : ED 5B C9 02                ld      DE, (vD)
(1)     22E : 19                         add     HL, DE          ; 2*(A*Q+A*S/F)+D
(1)     22F : 22 CD 02                   ld      (vB), HL        ; B=2*(A*Q+A*S/F)+D
(1)     232 : C1                         pop     BC              ; pop (A*A-B*B)/F+C
(1)     233 : ED 43 CB 02                ld      (vA), BC        ; A=(A*A-B*B)/F+C
(1)     237 : 11 32 00                   ld      DE, Fv
(1)     23A : CD A7 03                   call    div16           ; A/F
(1)     23D : 22 CF 02                   ld      (vP), HL        ; P=A/F
(1)     240 : 44                         ld      B, H
(1)     241 : 4D                         ld      C, L
(1)     242 : 54                         ld      D, H
(1)     243 : 5D                         ld      E, L
(1)     244 : CD 40 03                   call    mul16           ; P*P
(1)     247 : E5                         push    HL              ; push P*P
(1)     248 : ED 4B CD 02                ld      BC, (vB)
(1)     24C : 11 32 00                   ld      DE, Fv
(1)     24F : CD A7 03                   call    div16           ; B/F
(1)     252 : 22 D1 02                   ld      (vQ), HL        ; Q=B/F
(1)     255 : 44                         ld      B, H
(1)     256 : 4D                         ld      C, L
(1)     257 : 54                         ld      D, H
(1)     258 : 5D                         ld      E, L
(1)     259 : CD 40 03                   call    mul16           ; Q*Q
(1)     25C : D1                         pop     DE              ; pop P*P
(1)     25D : 19                         add     HL, DE          ; P*P+Q*Q
(1)     25E : 22 D5 02                   ld      (vT), HL        ; T=P*P+Q*Q
(1)     261 :
(1)     261 :                            ;; call    putspace
(1)     261 :                            ;; ld      A, (vI)
(1)     261 :                            ;; call    sex_HL
(1)     261 :                            ;; ld      A, 'I'
(1)     261 :                            ;; call    print
(1)     261 :                            ;; ld      HL, (vA)
(1)     261 :                            ;; ld      A, 'A'
(1)     261 :                            ;; call    print
(1)     261 :                            ;; ld      HL, (vB)
(1)     261 :                            ;; ld      A, 'B'
(1)     261 :                            ;; call    print
(1)     261 :                            ;; ld      HL, (vP)
(1)     261 :                            ;; ld      A, 'P'
(1)     261 :                            ;; call    print
(1)     261 :                            ;; ld      HL, (vQ)
(1)     261 :                            ;; ld      A, 'Q'
(1)     261 :                            ;; call    print
(1)     261 :                            ;; ld      HL, (vT)
(1)     261 :                            ;; ld      A, 'T'
(1)     261 :                            ;; call    print
(1)     261 :                            ;; call    newline
(1)     261 :
(1)     261 : 3A D6 02                   ld      A, (vT+1)
(1)     264 : 20 17                      jr      NZ, print_i     ; if T>=256
(1)     266 : 3A D5 02                   ld      A, (vT)
(1)     269 : FE 05                      cp      A, 4+1
(1)     26B : 30 10                      jr      NC, print_i     ; if 4<T
(1)     26D : 3A D9 02                   ld      A, (vI)
(1)     270 : 3C                         inc     A
(1)     271 : 32 D9 02                   ld      (vI), A
(1)     274 : FE 10                      cp      A, 16
(1)     276 : DA C1 01                   jp      C, loop_i       ; if I<16
(1)     279 : 3E 20                      ld      A, ' '
(1)     27B : 18 09                      jr      print_char
(1)     27D :                    print_i:
(1)     27D : 3A D9 02                   ld      A, (vI)
(1)     280 : C6 90                      add     A, 90H
(1)     282 : 27                         daa
(1)     283 : CE 40                      adc     A, 40H
(1)     285 : 27                         daa
(1)     286 :                    print_char:
(1)     286 : CD 5D 01                   call    putchar
(1)     289 :
(1)     289 :                            ;; push    AF
(1)     289 :                            ;; ld      A, '@'
(1)     289 :                            ;; call    putchar
(1)     289 :                            ;; ld      A, '='
(1)     289 :                            ;; call    putchar
(1)     289 :                            ;; pop     AF
(1)     289 :                            ;; call    putchar
(1)     289 :                            ;; call    newline
(1)     289 :
(1)     289 : CD 4B 01                   call    getchar
(1)     28C : 30 09                      jr      NC, next_x
(1)     28E : B7                         or      A
(1)     28F : 20 06                      jr      NZ, next_x
(1)     291 :                    halt_to_system:
(1)     291 : 21 38 00                   ld      HL, ORG_RST38
(1)     294 : 36 FF                      ld      (HL), 0FFH
(1)     296 : FF                         rst     38H
(1)     297 :
(1)     297 :                    next_x:
(1)     297 : 21 D8 02                   ld      HL, vX
(1)     29A : 34                         inc     (HL)            ; X+=1
(1)     29B : 7E                         ld      A, (HL)
(1)     29C : CB 7F                      bit     7, A
(1)     29E : C2 88 01                   jp      NZ, loop_x      ; if X<0
(1)     2A1 : FE 1E                      cp      A, 30
(1)     2A3 : DA 88 01                   jp      C, loop_x       ; if X<30
(1)     2A6 : CD 56 01                   call    newline
(1)     2A9 : 21 D7 02                   ld      HL, vY
(1)     2AC : 34                         inc     (HL)            ; Y+=1
(1)     2AD : 7E                         ld      A, (HL)
(1)     2AE : CB 7F                      bit     7, A
(1)     2B0 : C2 83 01                   jp      NZ, loop_y      ; if Y<0
(1)     2B3 : FE 0D                      cp      A, 13
(1)     2B5 : DA 83 01                   jp      C, loop_y       ; if Y<13
(1)     2B8 : C9                         ret
(1)     2B9 :
(1)     2B9 :                    ;;; Print variable
(1)     2B9 :                    ;;; @param A variable name
(1)     2B9 :                    ;;; @param HL variable value
(1)     2B9 :                    print:
(1)     2B9 : CD 5D 01                   call    putchar
(1)     2BC : 3E 3D                      ld      A, '='
(1)     2BE : CD 5D 01                   call    putchar
(1)     2C1 : CD DA 02                   call    print_int16
(1)     2C4 : C3 70 01                   jp      putspace
(1)     2C7 :
(1)     2C7 :                    ;;; workspace
(1)     2C7 :                    vC:     ds      2
(1)     2C9 :                    vD:     ds      2
(1)     2CB :                    vA:     ds      2
(1)     2CD :                    vB:     ds      2
(1)     2CF :                    vP:     ds      2
(1)     2D1 :                    vQ:     ds      2
(1)     2D3 :                    vS:     ds      2
(1)     2D5 :                    vT:     ds      2
(1)     2D7 :                    vY:     ds      1
(1)     2D8 :                    vX:     ds      1
(1)     2D9 :                    vI:     ds      1
        2DA :                            include "../z80/arith.inc"
(1)     2DA :                    ;;; -*- mode: asm; mode: flyspell-prog; -*-
(1)     2DA :                            cpu     z80
(1)     2DA :
(1)     2DA :                    ;;; Print signed 16-bit integer as decimal
(1)     2DA :                    ;;; @param HL value
(1)     2DA :                    ;;; @clobber A HL
(1)     2DA :                    print_int16:
(1)     2DA : 7C                         ld      A, H
(1)     2DB : B5                         or      A, L
(1)     2DC : 28 2E                      jr      Z, print_uint16_zero
(1)     2DE : CB 7C                      bit     7, H
(1)     2E0 : 28 0C                      jr      Z, print_uint16
(1)     2E2 : 3E 2D                      ld      A, '-'
(1)     2E4 : CD 5D 01                   call    putchar
(1)     2E7 : 7D                         ld      A, L
(1)     2E8 : 2F                         cpl
(1)     2E9 : 6F                         ld      L, A
(1)     2EA : 7C                         ld      A, H
(1)     2EB : 2F                         cpl
(1)     2EC : 67                         ld      H, A
(1)     2ED : 23                         inc     HL              ; HL=-value
(1)     2EE :                    print_uint16:
(1)     2EE : C5                         push    BC
(1)     2EF : D5                         push    DE
(1)     2F0 : CD F6 02                   call    print_uint16_loop
(1)     2F3 : D1                         pop     DE
(1)     2F4 : C1                         pop     BC
(1)     2F5 : C9                         ret
(1)     2F6 :                    print_uint16_loop:
(1)     2F6 : 7C                         ld      A, H
(1)     2F7 : B5                         or      A, L
(1)     2F8 : C8                         ret     Z
(1)     2F9 : 44                         ld      B, H
(1)     2FA : 4D                         ld      C, L
(1)     2FB : 11 0A 00                   ld      DE, 10
(1)     2FE : CD 69 03                   call    udiv16          ; BC/DE = HL...BC
(1)     301 : C5                         push    BC              ; push remainder
(1)     302 : CD F6 02                   call    print_uint16_loop
(1)     305 : E1                         pop     HL              ; pop remainder
(1)     306 : 7D                         ld      A, L
(1)     307 : C6 30                      add     A, '0'
(1)     309 : C3 5D 01                   jp      putchar
(1)     30C :                    print_uint16_zero:
(1)     30C : 3E 30                      ld      A, '0'
(1)     30E : C3 5D 01                   jp      putchar
(1)     311 :
(1)     311 :                    ;;; Signed comparison; minuend - subtrahend
(1)     311 :                    ;;; @param BC minuend
(1)     311 :                    ;;; @param DE subtrahend
(1)     311 :                    ;;; @return AF.Z, AF.S
(1)     311 :                    ;;; @clobber A
(1)     311 :                    cmp16:
(1)     311 : E5                         push    HL
(1)     312 : 60                         ld      H, B
(1)     313 : 69                         ld      L, C
(1)     314 : 37                         scf
(1)     315 : 3F                         ccf
(1)     316 : ED 52                      sbc     HL, DE
(1)     318 : 28 09                      jr      Z, cmp16_return ; AF.Z=1
(1)     31A : 7C                         ld      A, H            ; high(minuend-subtrahend)
(1)     31B : A8                         xor     B               ; high(minuend-subtrahend)^minuend
(1)     31C : 6F                         ld      L, A
(1)     31D : 78                         ld      A, B
(1)     31E : AA                         xor     D               ; high(minuend^subtrahend)
(1)     31F : A5                         and     L               ; overflow
(1)     320 : AC                         xor     H               ; AF.S=overflow^sign
(1)     321 : F6 01                      or      1               ; clear AF.Z
(1)     323 :                    cmp16_return:
(1)     323 : E1                         pop     HL
(1)     324 : C9                         ret
(1)     325 :
(1)     325 :                    ;;; Unsigned multiplication; result = multiplicand * multiplier
(1)     325 :                    ;;; @param BC multiplicand
(1)     325 :                    ;;; @param DE multiplier
(1)     325 :                    ;;; @return HL result
(1)     325 :                    ;;; @clobber BC DE HL A
(1)     325 :                    umul16:
(1)     325 : 21 00 00                   ld      HL, 0           ; result=0
(1)     328 : 18 11                      jr      umul16_check
(1)     32A :                    umul16_loop:
(1)     32A : B7                         or      A, A            ; clear AF.C
(1)     32B : 7A                         ld      A, D            ; multiplier >>= 1
(1)     32C : 1F                         rra
(1)     32D : 57                         ld      D, A
(1)     32E : 7B                         ld      A, E
(1)     32F : 1F                         rra
(1)     330 : 5F                         ld      E, A
(1)     331 : 30 01                      jr      NC, umul16_next ; if lsb(multiplier) == 0
(1)     333 : 09                         add     HL, BC          ; result += multiplicand
(1)     334 :                    umul16_next:
(1)     334 : B7                         or      A, A            ; clear AF.C
(1)     335 : 79                         ld      A, C            ; multiplicand <<= 1
(1)     336 : 17                         rla
(1)     337 : 4F                         ld      C, A
(1)     338 : 78                         ld      A, B
(1)     339 : 17                         rla
(1)     33A : 47                         ld      B, A
(1)     33B :                    umul16_check:
(1)     33B : 7A                         ld      A, D
(1)     33C : B3                         or      E
(1)     33D : 20 EB                      jr      NZ, umul16_loop ; while multiplier != 0
(1)     33F :                    umul16_end:
(1)     33F : C9                         ret
(1)     340 :
(1)     340 :                    ;;; Signed multiplication; result = multiplicand * multiplier
(1)     340 :                    ;;; @param BC multiplicand
(1)     340 :                    ;;; @param DE multiplier
(1)     340 :                    ;;; @return HL result
(1)     340 :                    ;;; @clobber A BC DE
(1)     340 :                    mul16:
(1)     340 : 78                         ld      A, B
(1)     341 : AA                         xor     A, D
(1)     342 : F5                         push    AF              ; save high(multiplicand^multiplier)
(1)     343 : CB 78                      bit     7, B
(1)     345 : 28 07                      jr      Z, mul16_abs_muliplicand
(1)     347 : AF                         xor     A               ; AF.C=0
(1)     348 : 67                         ld      H, A
(1)     349 : 6F                         ld      L, A
(1)     34A : ED 42                      sbc     HL, BC
(1)     34C : 44                         ld      B, H
(1)     34D : 4D                         ld      C, L            ; multiplicand = -multiplicand
(1)     34E :                    mul16_abs_muliplicand:
(1)     34E : CB 7A                      bit     7, D
(1)     350 : 28 07                      jr      Z,  mul16_multiply
(1)     352 : AF                         xor     A               ; AF.C=0
(1)     353 : 67                         ld      H, A
(1)     354 : 6F                         ld      L, A
(1)     355 : ED 52                      sbc     HL, DE
(1)     357 : 54                         ld      D, H
(1)     358 : 5D                         ld      E, L            ; multiplier = -multiplier
(1)     359 :                    mul16_multiply:
(1)     359 : CD 25 03                   call    umul16          ; HL = multiplicand * multiplier
(1)     35C : F1                         pop     AF              ; A=high(multiplicand^multiplier)
(1)     35D : CB 7F                      bit     7, A
(1)     35F : 28 07                      jr      Z, mul16_return
(1)     361 : 7C                         ld      A, H
(1)     362 : 2F                         cpl
(1)     363 : 67                         ld      H, A
(1)     364 : 7D                         ld      A, L
(1)     365 : 2F                         cpl
(1)     366 : 6F                         ld      L, A
(1)     367 : 23                         inc     HL              ; result = -result
(1)     368 :                    mul16_return:
(1)     368 : C9                         ret
(1)     369 :
(1)     369 :                    ;;; Unsigned division; dividend / divisor = quotient ... remainder
(1)     369 :                    ;;; @praram BC dividend
(1)     369 :                    ;;; @praram DE divisor
(1)     369 :                    ;;; @return BC remainder
(1)     369 :                    ;;; @return HL quotient
(1)     369 :                    ;;; @clobber A DE
(1)     369 :                    udiv16:
(1)     369 : 7A                         ld      A, D
(1)     36A : B3                         or      A, E
(1)     36B : C8                         ret     Z               ; divide by zero
(1)     36C : 2E 01                      ld      L, 1            ; L=bits
(1)     36E : 18 08                      jr      udiv16_prep
(1)     370 :                    udiv16_prep_loop:
(1)     370 : B7                         or      A, A            ; clear AF.C
(1)     371 : 7B                         ld      A, E            ; divisor <<= 1
(1)     372 : 17                         rla
(1)     373 : 5F                         ld      E, A
(1)     374 : 7A                         ld      A, D
(1)     375 : 17                         rla
(1)     376 : 57                         ld      D, A
(1)     377 : 2C                         inc     L               ; ++bits
(1)     378 :                    udiv16_prep:                    ; while msb(divisor) == 0
(1)     378 : CB 7A                      bit     7, D
(1)     37A : 28 F4                      jr      Z, udiv16_prep_loop
(1)     37C : 7D                         ld      A, L
(1)     37D : F5                         push    AF              ; push bits
(1)     37E : 60                         ld      H, B
(1)     37F : 69                         ld      L, C            ; HL=dividend
(1)     380 : AF                         xor     A, A
(1)     381 : 47                         ld      B, A
(1)     382 : 4F                         ld      C, A            ; BC=quotient
(1)     383 : 18 0F                      jr      udiv16_enter_loop
(1)     385 :                    udiv16_loop:
(1)     385 : F5                         push    AF              ; push bits
(1)     386 : B7                         or      A, A            ; clear AF.C
(1)     387 : 7A                         ld      A, D            ; divisor >>= 1
(1)     388 : 1F                         rra
(1)     389 : 57                         ld      D, A
(1)     38A : 7B                         ld      A, E
(1)     38B : 1F                         rra
(1)     38C : 5F                         ld      E, A
(1)     38D : B7                         or      A, A            ; clear AF.C
(1)     38E : 79                         ld      A, C            ; quotient <<= 1
(1)     38F : 17                         rla
(1)     390 : 4F                         ld      C, A
(1)     391 : 78                         ld      A, B
(1)     392 : 17                         rla
(1)     393 : 47                         ld      B, A
(1)     394 :                    udiv16_enter_loop:
(1)     394 : 37                         scf
(1)     395 : 3F                         ccf
(1)     396 : ED 52                      sbc     HL, DE          ; dividend -= divisor
(1)     398 : 38 03                      jr      C, udiv16_readd ; if dividend < 0
(1)     39A : 03                         inc     BC              ; quotient |= 1
(1)     39B : 18 01                      jr      udiv16_next
(1)     39D :                    udiv16_readd:
(1)     39D : 19                         add     HL, DE          ; dividend += divisor
(1)     39E :                    udiv16_next:
(1)     39E : F1                         pop     AF
(1)     39F : 3D                         dec     A               ; --bits
(1)     3A0 : 20 E3                      jr      NZ, udiv16_loop ; while bits != 0
(1)     3A2 : E5                         push    HL              ; remainder
(1)     3A3 : C5                         push    BC              ; quotient
(1)     3A4 : E1                         pop     HL
(1)     3A5 : C1                         pop     BC
(1)     3A6 : C9                         ret
(1)     3A7 :
(1)     3A7 :                    ;;; Signed division; dividend / divisor = quotient ... remainder
(1)     3A7 :                    ;;; @param BC dividend
(1)     3A7 :                    ;;; @param DE divisor
(1)     3A7 :                    ;;; @return BC remainder
(1)     3A7 :                    ;;; @return HL quotient
(1)     3A7 :                    ;;; @clobber A DE
(1)     3A7 :                    div16:
(1)     3A7 : 78                         ld      A, B
(1)     3A8 : AA                         xor     A, D
(1)     3A9 : F5                         push    AF              ; save high(dividend^divisor)
(1)     3AA : CB 78                      bit     7, B
(1)     3AC : 28 07                      jr      Z, div16_abs_dividend
(1)     3AE : AF                         xor     A               ; AF.C=0
(1)     3AF : 67                         ld      H, A
(1)     3B0 : 6F                         ld      L, A
(1)     3B1 : ED 42                      sbc     HL, BC
(1)     3B3 : 44                         ld      B, H
(1)     3B4 : 4D                         ld      C, L            ; dividend = -dividend
(1)     3B5 :                    div16_abs_dividend:
(1)     3B5 : CB 7A                      bit     7, D
(1)     3B7 : 28 07                      jr      Z, div16_divide
(1)     3B9 : AF                         xor     A               ; AF.C=0
(1)     3BA : 67                         ld      H, A
(1)     3BB : 6F                         ld      L, A
(1)     3BC : ED 52                      sbc     HL, DE
(1)     3BE : 54                         ld      D, H
(1)     3BF : 5D                         ld      E, L            ; divisor = -divisor
(1)     3C0 :                    div16_divide:
(1)     3C0 : CD 69 03                   call    udiv16          ; HL=quotient, BC=remainder
(1)     3C3 : F1                         pop     AF              ; A=high(dividend^divisor)
(1)     3C4 : CB 7F                      bit     7, A
(1)     3C6 : 28 07                      jr      Z, div16_return
(1)     3C8 : 7C                         ld      A, H
(1)     3C9 : 2F                         cpl
(1)     3CA : 67                         ld      H, A
(1)     3CB : 7D                         ld      A, L
(1)     3CC : 2F                         cpl
(1)     3CD : 6F                         ld      L, A
(1)     3CE : 23                         inc     HL              ; quotient=-quotient
(1)     3CF :                    div16_return:
(1)     3CF : C9                         ret
        3D0 :                            include "../z80/queue.inc"
(1)     3D0 :                    ;;; -*- mode: asm; mode: flyspell-prog; -*-
(1)     3D0 :                    ;;; [queue] queue structure
(1)     3D0 : =0                 queue_len:      equ     0       ; queue length
(1)     3D0 : =1                 queue_size:     equ     1       ; buffer size
(1)     3D0 : =2                 queue_put:      equ     2       ; queue put index
(1)     3D0 : =3                 queue_get:      equ     3       ; queue get index
(1)     3D0 : =4                 queue_buf:      equ     4       ; buffer start offset
(1)     3D0 :
(1)     3D0 :                    ;;; [queue] Initialize queue
(1)     3D0 :                    ;;; @param HL queue work space pointer
(1)     3D0 :                    ;;; @param B queue work space size
(1)     3D0 :                    ;;; @clobber B
(1)     3D0 :                    queue_init:
(1)     3D0 : F5                         push    AF
(1)     3D1 : E5                         push    HL
(1)     3D2 : 36 00                      ld      (HL), 0         ; queue_len
(1)     3D4 : 78                         ld      A, B
(1)     3D5 : D6 04                      sub     queue_buf
(1)     3D7 : 23                         inc     HL
(1)     3D8 : 77                         ld      (HL), A         ; queue_size
(1)     3D9 : C6 02                      add     A, 2            ; for queue_put and queue_get
(1)     3DB :                    queue_init_loop:
(1)     3DB : 23                         inc     HL
(1)     3DC : 36 00                      ld      (HL), 0
(1)     3DE : 3D                         dec     A
(1)     3DF : 20 FA                      jr      NZ, queue_init_loop
(1)     3E1 : E1                         pop     HL
(1)     3E2 : F1                         pop     AF
(1)     3E3 : C9                         ret
(1)     3E4 :
(1)     3E4 :                    ;;; [queue] Add an element to queue
(1)     3E4 :                    ;;; @param HL queue work space pointer
(1)     3E4 :                    ;;; @param A an element
(1)     3E4 :                    ;;; @return F.C 0 if queue is full
(1)     3E4 :                    queue_add:
(1)     3E4 : D5                         push    DE
(1)     3E5 : E5                         push    HL
(1)     3E6 : DD E3                      ex      (SP), IX        ; IX points queue structure
(1)     3E8 : 57                         ld      D, A            ; save an element
(1)     3E9 : DD 7E 00                   ld      A, (IX+queue_len)
(1)     3EC : DD BE 01                   cp      (IX+queue_size)
(1)     3EF : 7A                         ld      A, D               ; restore an element
(1)     3F0 : 38 05                      jr      C, queue_add_store ; queue_len < queue_size
(1)     3F2 : DD E3                      ex      (SP), IX           ; F.C=1
(1)     3F4 : E1                         pop     HL
(1)     3F5 : D1                         pop     DE
(1)     3F6 : C9                         ret
(1)     3F7 :                    queue_add_store:
(1)     3F7 : DD 34 00                   inc     (IX+queue_len)
(1)     3FA : 11 04 00                   ld      DE, queue_buf
(1)     3FD : 19                         add     HL, DE
(1)     3FE : DD 5E 02                   ld      E, (IX+queue_put)
(1)     401 : 19                         add     HL, DE          ; HL=&queue_buf[queue_put]
(1)     402 : 77                         ld      (HL), A         ; store an element
(1)     403 : 7B                         ld      A, E
(1)     404 : 3C                         inc     A               ; queue_put++
(1)     405 : DD BE 01                   cp      (IX+queue_size)
(1)     408 : 38 01                      jr      C, queue_add_update ; queue_put < queue_size
(1)     40A : AF                         xor     A                   ; wrap around
(1)     40B :                    queue_add_update:
(1)     40B : DD 77 02                   ld      (IX+queue_put), A
(1)     40E : 7E                         ld      A, (HL)         ; restore an element
(1)     40F : DD E3                      ex      (SP), IX
(1)     411 : E1                         pop     HL
(1)     412 : D1                         pop     DE
(1)     413 : 37                         scf                     ; set carry
(1)     414 : C9                         ret
(1)     415 :
(1)     415 :                    ;;; [queue] Remove an element from queue
(1)     415 :                    ;;; @param HL queue work space pointer
(1)     415 :                    ;;; @return A an element
(1)     415 :                    ;;; @return F.C 0 if queue is empty
(1)     415 :                    queue_remove:
(1)     415 : 7E                         ld      A, (HL)               ; queue_len
(1)     416 : B7                         or      A                     ; clear carry
(1)     417 : 20 01                      jr      NZ, queue_remove_elem ; queue_len > 0
(1)     419 : C9                         ret
(1)     41A :                    queue_remove_elem:
(1)     41A : D5                         push    DE
(1)     41B : E5                         push    HL
(1)     41C : DD E3                      ex      (SP), IX        ; IX points queue structure
(1)     41E : DD 35 00                   dec     (IX+queue_len)
(1)     421 : 11 04 00                   ld      DE, queue_buf
(1)     424 : 19                         add     HL, DE
(1)     425 : DD 5E 03                   ld      E, (IX+queue_get)
(1)     428 : 19                         add     HL, DE          ; HL=&queue_buf[queue_get]
(1)     429 : 7B                         ld      A, E
(1)     42A : 3C                         inc     A               ; queue_get++
(1)     42B : DD BE 01                   cp      (IX+queue_size)
(1)     42E : 38 01                      jr      C, queue_remove_update ; queue_get < queue_size
(1)     430 : AF                         xor     A                      ; wrap around
(1)     431 :                    queue_remove_update:
(1)     431 : DD 77 03                   ld      (IX+queue_get), A
(1)     434 : 7E                         ld      A, (HL)         ; read an element
(1)     435 : DD E3                      ex      (SP), IX
(1)     437 : E1                         pop     HL
(1)     438 : D1                         pop     DE
(1)     439 : 37                         scf                     ; set carry
(1)     43A : C9                         ret
        43B :
        43B :                    isr_intr:
        43B : F5                         push    AF
        43C : E5                         push    HL
        43D : DB 41                      in      A, (USARTS)
        43F : CB 4F                      bit     ST_RxRDY_bp, A
        441 : 28 08                      jr      Z, isr_intr_tx
        443 :                    isr_intr_rx                     ;
        443 : DB 40                      in      A, (USARTD)     ; receive character
        445 : 21 00 20                   ld      HL, rx_queue
        448 : CD E4 03                   call    queue_add
        44B :                    isr_intr_tx:
        44B : DB 41                      in      A, (USARTS)
        44D : CB 47                      bit     ST_TxRDY_bp, A
        44F : 28 0A                      jr      Z, isr_intr_exit
        451 : 21 80 20                   ld      HL, tx_queue
        454 : CD 15 04                   call    queue_remove
        457 : 30 07                      jr      NC,isr_intr_send_empty
        459 : D3 40                      out     (USARTD), A     ; send character
        45B :                    isr_intr_exit:
        45B : E1                         pop     HL
        45C : F1                         pop     AF
        45D : FB                         ei
        45E : ED 4D                      reti
        460 :                    isr_intr_send_empty:
        460 : 3E 36                      ld      a, RX_EN_TX_DIS
        462 : D3 41                      out     (USARTC), A     ; disable Tx
        464 : 18 F5                      jr      isr_intr_exit
        466 :
        466 :                            end
