          0 :                            include "mc68hc08az0.inc"
(1)       0 :                    ;;; -*- mode: asm; mode: flyspell-prog; -*-
(1)       0 :                            include "mc68hc08.inc"
(2)       0 :                    ;;; -*- mode: asm; mode: flyspell-prog; -*-
(2)       0 :                    ;;; MC68HC08
(2)       0 :                            cpu     68hc08
(2)       0 :                    ;;; Condition Code Register (CC)
(2)       0 : =1                 CC_CARRY:       equ     %00000001 ; set to 1 if carry occurred
(2)       0 : =2                 CC_ZERO:        equ     %00000010 ; set to 1 if result is zero
(2)       0 : =4                 CC_NEGATIVE:    equ     %00000100 ; set to 1 if result is negative
(2)       0 : =8                 CC_IRQ:         equ     %00001000 ; if 1, IRQ is masked
(2)       0 : =10                CC_HALF_CARRY:  equ     %00010000 ; if 1, decimal carry from least digit occurred
(2)       0 : =80                CC_OVERFLOW:    equ     %10000000 ; if 1, two's-complement overflow
(2)       0 :                    ;;; Vector
(2)       0 : =FFFA              VEC_IRQ:        equ     $FFFA   ; External Interrupt
(2)       0 : =FFFC              VEC_SWI:        equ     $FFFC   ; Software
(2)       0 : =FFFE              VEC_RESET:      equ     $FFFE   ; Reset
(1)       0 :                    ;;; MC68HC08AZ0
(1)       0 : =40                RAM_START:      equ     $0040   ; Internal RAM $0040-$023F
(1)       0 : =FF                STACK_TOP:      equ     $00FF   ; Stack $00FF->$0040
(1)       0 :
(1)       0 :                    ;;; COP
(1)       0 : =FFFF              COP_RESET:      equ     $FFFF
          0 :
          0 :                    ;;; MC6850 Asynchronous Communication Interface Adapter
          0 : =FFE0              ACIA:   equ     $FFE0
          0 :                            include "mc6850.inc"
(1)       0 :                    ;;; -*- mode: asm; mode: flyspell-prog; -*-
(1)       0 :
(1)       0 :                    ;;; MC6850
(1)       0 :                    ;;; Asynchronous Communication Interface Adapter
(1)       0 :
(1)       0 :                    ;;; Control register
(1)       0 : =FFE0              ACIA_control:   equ     ACIA+0
(1)       0 :                            ;; Counter Divider Select Bits
(1)       0 : =3                 CDS_gm:         equ     %11    ; Group mask
(1)       0 : =0                 CDS_DIV1_gc:    equ     %00000000 ; /1
(1)       0 : =1                 CDS_DIV16_gc:   equ     %00000001 ; /16
(1)       0 : =2                 CDS_DIV64_gc:   equ     %00000010 ; /64
(1)       0 : =3                 CDS_RESET_gc:   equ     %00000011 ; Master Reset
(1)       0 :                            ;; Word Select Bits
(1)       0 : =1C                WSB_gm:         equ     %00011100 ; Group mask
(1)       0 : =0                 WSB_7E2_gc:     equ     %00000000 ; 7 Bits + Even Parity + 2 Stop Bits
(1)       0 : =4                 WSB_7O2_gc:     equ     %00000100 ; 7 bits + Odd Parity  + 2 Stop Bits
(1)       0 : =8                 WSB_7E1_gc:     equ     %00001000 ; 7 bits + Even Parity + 1 Stop Bits
(1)       0 : =C                 WSB_7O1_gc:     equ     %00001100 ; 7 bits + Odd Parity  + 1 Stop Bits
(1)       0 : =10                WSB_8N2_gc:     equ     %00010000 ; 8 bits + No Parity   + 2 Stop Bits
(1)       0 : =14                WSB_8N1_gc:     equ     %00010100 ; 8 bits + No Parity   + 1 Stop Bits
(1)       0 : =18                WSB_8E1_gc:     equ     %00011000 ; 8 bits + Even Parity + 1 Stop Bits
(1)       0 : =1C                WSB_8O1_gc:     equ     %00011100 ; 8 bits + Odd Parity  + 1 Stop Bits
(1)       0 :                            ;; Transmit Control Bits
(1)       0 : =60                TCB_gm:         equ     %01100000 ; Group mask
(1)       0 : =0                 TCB_DI_gc:      equ     %00000000 ; RTS=Low,  Tx Interrupt Disabled
(1)       0 : =20                TCB_EI_gc:      equ     %00100000 ; RTS=Low,  Tx Interrupt Enabled
(1)       0 : =40                TCB_RTS_gc:     equ     %01000000 ; RTS=High, Tx Interrupt Disabled
(1)       0 : =60                TCB_BREAK_gc:   equ     %01100000 ; RTS=Low,  Tx Interrupt Disabled
(1)       0 :                                                      ; Transmit Break Level
(1)       0 : =80                RIEB_bm:        equ     %10000000 ; Receive Interrupt Enable Bit mask
(1)       0 :
(1)       0 :                    ;;; Status register
(1)       0 : =FFE0              ACIA_status:    equ     ACIA+0
(1)       0 : =1                 RDRF_bm:        equ     %00000001 ; Receive Data Register Full
(1)       0 : =2                 TDRE_bm:        equ     %00000010 ; Transmit Data Register Empty
(1)       0 : =4                 DCDF_bm:        equ     %00000100 ; Data Carrier Detect Flag
(1)       0 : =8                 CTSF_bm:        equ     %00001000 ; Clear To Send Flag
(1)       0 : =10                FERR_bm:        equ     %00010000 ; Frame Error Flag
(1)       0 : =20                OVRN_bm:        equ     %00100000 ; Receiver Overrun Flag
(1)       0 : =40                PERR_bm:        equ     %01000000 ; Parity Error Flag
(1)       0 : =80                IRQF_bm:        equ     %10000000 ; Interrupt Request Flag
(1)       0 :
(1)       0 :                    ;;; Data register
(1)       0 : =FFE1              ACIA_data:      equ     ACIA+1          ; Data register
          0 : =94                RX_INT_TX_NO:   equ     WSB_8N1_gc|RIEB_bm
          0 : =B4                RX_INT_TX_INT:  equ     WSB_8N1_gc|RIEB_bm|TCB_EI_gc
          0 :
       2000 :                            org     $2000
       2000 : =80                rx_queue_size:  equ     128
       2000 :                    rx_queue:
       2000 :                            rmb     rx_queue_size
       2080 : =80                tx_queue_size:  equ     128
       2080 :                    tx_queue:
       2080 :                            rmb     tx_queue_size
       2100 :
       FFFA :                            org     VEC_IRQ
       FFFA : 11 02                      fdb     isr_irq
       FFFC :
       FFFC :                            org     VEC_SWI
       FFFC : FF FC                      fdb     VEC_SWI         ; halt to system
       FFFE :
       FFFE :                            org     VEC_RESET
       FFFE : 10 00                      fdb     initialize
      10000 :
       1000 :                            org     $1000
       1000 : =1000              stack:  equ     *
       1000 :                    initialize:
       1000 : 45 10 00                   ldhx    #stack
       1003 : 94                         txs
       1004 : 45 20 00                   ldhx    #rx_queue
       1007 : A6 80                      lda     #rx_queue_size
       1009 : CD 10 99                   jsr     queue_init
       100C : 45 20 80                   ldhx    #tx_queue
       100F : A6 80                      lda     #tx_queue_size
       1011 : CD 10 99                   jsr     queue_init
       1014 :                            ;; initialize ACIA
       1014 : A6 03                      lda     #CDS_RESET_gc   ; master reset
       1016 : C7 FF E0                   sta     ACIA_control
       1019 : A6 94                      lda     #RX_INT_TX_NO
       101B : C7 FF E0                   sta     ACIA_control
       101E : 9A                         cli                     ; enable IRQ
       101F :                    loop:
       101F : AD 5F                      bsr     getchar
       1021 : 24 FC                      bcc     loop
       1023 : 4D                         tsta
       1024 : 27 17                      beq     halt_to_system
       1026 : AD 61                      bsr     putchar         ; echo
       1028 : 87                         psha
       1029 : A6 20                      lda     #' '            ; space
       102B : AD 5C                      bsr     putchar
       102D : 9E E6 01                   lda     1,sp
       1030 : AD 14                      bsr     put_hex8        ; print in hex
       1032 : A6 20                      lda     #' '            ; space
       1034 : AD 53                      bsr     putchar
       1036 : 86                         pula
       1037 : AD 2A                      bsr     put_bin8        ; print in binary
       1039 : AD 03                      bsr     newline
       103B : 20 E2                      bra     loop
       103D :                    halt_to_system:
       103D : 83                         swi
       103E :
       103E :                    ;;; Put newline
       103E :                    ;;; @clobber A
       103E :                    newline:
       103E : A6 0D                      lda     #$0D
       1040 : AD 47                      bsr     putchar
       1042 : A6 0A                      lda     #$0A
       1044 : 20 43                      bra     putchar
       1046 :
       1046 :                    ;;; Print uint8_t in hex
       1046 :                    ;;; @param A uint8_t value to be printed in hex.
       1046 :                    ;;; @clobber A
       1046 :                    put_hex8:
       1046 : 87                         psha
       1047 : A6 30                      lda     #'0'
       1049 : AD 3E                      bsr     putchar
       104B : A6 78                      lda     #'x'
       104D : AD 3A                      bsr     putchar
       104F : 9E E6 01                   lda     1,sp
       1052 : 44                         lsra
       1053 : 44                         lsra
       1054 : 44                         lsra
       1055 : 44                         lsra
       1056 : AD 01                      bsr     put_hex4
       1058 : 86                         pula
       1059 :                    put_hex4:
       1059 : A4 0F                      and     #$0F
       105B : AB 90                      add     #$90
       105D : 72                         daa
       105E : A9 30                      adc     #$30
       1060 : 72                         daa
       1061 : 20 26                      bra     putchar
       1063 :
       1063 :                    ;;; Print uint8_t in binary
       1063 :                    ;;; @param A uint8_t value to be printed in binary.
       1063 :                    ;;; @clobber A
       1063 :                    put_bin8:
       1063 : 87                         psha
       1064 : A6 30                      lda     #'0'
       1066 : AD 21                      bsr     putchar
       1068 : A6 62                      lda     #'b'
       106A : AD 1D                      bsr     putchar
       106C : 86                         pula
       106D : AD 00                      bsr     put_bin4
       106F :                    put_bin4:
       106F : AD 00                      bsr     put_bin2
       1071 :                    put_bin2:
       1071 : AD 00                      bsr     put_bin1
       1073 :                    put_bin1:
       1073 : 87                         psha
       1074 : A6 30                      lda     #'0'
       1076 : 9E 69 01                   rol     1,sp
       1079 : 24 01                      bcc     put_bin
       107B : 4C                         inca
       107C :                    put_bin:
       107C : AD 0B                      bsr     putchar
       107E : 86                         pula
       107F : 81                         rts
       1080 :
       1080 :                    ;;; Get character
       1080 :                    ;;; @clobber HX
       1080 :                    ;;; @return A
       1080 :                    ;;; @return CC.C 0 if no char received
       1080 :                    getchar:
       1080 : 45 20 00                   ldhx    #rx_queue
       1083 : 9B                         sei                     ; disable IRQ
       1084 : CD 10 D5                   jsr     queue_remove
       1087 : 9A                         cli                     ; enable IRQ
       1088 : 81                         rts
       1089 :
       1089 :                    ;;; Put character
       1089 :                    ;;; @param A
       1089 :                    ;;; @clobber A HX
       1089 :                    putchar:
       1089 : 45 20 80                   ldhx    #tx_queue
       108C :                    putchar_retry:
       108C : 9B                         sei                     ; disable IRQ
       108D : CD 10 A3                   jsr     queue_add
       1090 : 9A                         cli                     ; enable IRQ
       1091 : 24 F9                      bcc     putchar_retry   ; branch if queue is full
       1093 : A6 B4                      lda     #RX_INT_TX_INT  ; enable Tx interrupt
       1095 : C7 FF E0                   sta     ACIA_control
       1098 :                    putchar_exit:
       1098 : 81                         rts
       1099 :
       1099 :                            include "queue.inc"
(1)    1099 :                    ;;; [queue] queue structure
(1)    1099 : =0                 queue_len:      equ     0       ; queue length
(1)    1099 : =1                 queue_size:     equ     1       ; buffer size
(1)    1099 : =2                 queue_put:      equ     2       ; queue put index
(1)    1099 : =3                 queue_get:      equ     3       ; queue get index
(1)    1099 : =4                 queue_buf:      equ     4       ; buffer start offset
(1)    1099 :
(1)    1099 :                    ;;; [queue] Initialize queue
(1)    1099 :                    ;;; @param HX queue work space pointer
(1)    1099 :                    ;;; @param A queue work space size
(1)    1099 :                    ;;; @clobber A
(1)    1099 :                    queue_init:
(1)    1099 : 7F                         clr     queue_len,x
(1)    109A : 6F 02                      clr     queue_put,x
(1)    109C : 6F 03                      clr     queue_get,x
(1)    109E : A0 04                      sub     #queue_buf
(1)    10A0 : E7 01                      sta     queue_size,x
(1)    10A2 : 81                         rts
(1)    10A3 :
(1)    10A3 :                    ;;; [queue] Add an element to queue
(1)    10A3 :                    ;;; @param HX queue work space pointer
(1)    10A3 :                    ;;; @param A an element
(1)    10A3 :                    ;;; @return CC.C 0 if queue is full
(1)    10A3 :                    queue_add:
(1)    10A3 : 87                         psha
(1)    10A4 : F6                         lda     queue_len,x
(1)    10A5 : E1 01                      cmp     queue_size,x
(1)    10A7 : 24 2A                      bhs     queue_add_return ; carry is cleared
(1)    10A9 : 7C                         inc     queue_len,x      ; increment queue length
(1)    10AA : E6 02                      lda     queue_put,x      ; 8 bits offset
(1)    10AC : 4C                         inca
(1)    10AD : E7 02                      sta     queue_put,x     ; update put pointer
(1)    10AF : E1 01                      cmp     queue_size,x
(1)    10B1 : 25 02                      blo     queue_add_elem
(1)    10B3 : 6F 02                      clr     queue_put,x
(1)    10B5 :                    queue_add_elem:
(1)    10B5 : 89                         pshx
(1)    10B6 : 8B                         pshh                    ; push HX
(1)    10B7 : AF 04                      aix     #queue_buf
(1)    10B9 : 89                         pshx
(1)    10BA : 8B                         pshh
(1)    10BB : 4A                         deca                    ; restore put pointer
(1)    10BC : 9E EB 02                   add     2,sp
(1)    10BF : 9E E7 02                   sta     2,sp
(1)    10C2 : 9E E6 01                   lda     1,sp
(1)    10C5 : A9 00                      adc     #0
(1)    10C7 : 9E E7 01                   sta     1,sp
(1)    10CA : 8A                         pulh
(1)    10CB : 88                         pulx                    ; HX=&queue_buf[queue_put]
(1)    10CC : 9E E6 03                   lda     3,sp            ; restore element
(1)    10CF : F7                         sta     ,x              ; put element
(1)    10D0 : 8A                         pulh
(1)    10D1 : 88                         pulx                    ; restore HX
(1)    10D2 : 99                         sec                     ; set carry
(1)    10D3 :                    queue_add_return:
(1)    10D3 : 86                         pula                    ; restore A
(1)    10D4 : 81                         rts
(1)    10D5 :
(1)    10D5 :                    ;;; [queue] Remove an element from queue
(1)    10D5 :                    ;;; @param HX queue work space pointer
(1)    10D5 :                    ;;; @return A an element
(1)    10D5 :                    ;;; @return CC.C 0 if queue is empty
(1)    10D5 :                    queue_remove:
(1)    10D5 : 7D                         tst     queue_len,x
(1)    10D6 : 26 02                      bne     queue_remove_has_elem
(1)    10D8 : 98                         clc                     ; clear carry
(1)    10D9 : 81                         rts
(1)    10DA :                    queue_remove_has_elem:
(1)    10DA : 7A                         dec     queue_len,x     ; decrement queue length
(1)    10DB : E6 03                      lda     queue_get,x     ; 8 bits offset
(1)    10DD : 4C                         inca
(1)    10DE : E7 03                      sta     queue_get,x     ; update get pointer
(1)    10E0 : E1 01                      cmp     queue_size,x
(1)    10E2 : 25 02                      blo     queue_remove_elem
(1)    10E4 : 6F 03                      clr     queue_get,x
(1)    10E6 :                    queue_remove_elem:
(1)    10E6 : 89                         pshx
(1)    10E7 : 8B                         pshh                    ; push HX
(1)    10E8 : AF 04                      aix     #queue_buf
(1)    10EA : 89                         pshx
(1)    10EB : 8B                         pshh
(1)    10EC : 4A                         deca                    ; restore get pointer
(1)    10ED : 9E EB 02                   add     2,sp
(1)    10F0 : 9E E7 02                   sta     2,sp
(1)    10F3 : 9E E6 01                   lda     1,sp
(1)    10F6 : A9 00                      adc     #0
(1)    10F8 : 9E E7 01                   sta     1,sp
(1)    10FB : 8A                         pulh
(1)    10FC : 88                         pulx                    ; HX=&queue_buf[queue_get]
(1)    10FD : F6                         lda     ,x              ; get element
(1)    10FE : 8A                         pulh
(1)    10FF : 88                         pulx                    ; restore HX
(1)    1100 : 99                         sec                     ; set carry
(1)    1101 :                    queue_remove_return:
(1)    1101 : 81                         rts
(1)    1102 :
(1)    1102 :                    ;;; Local Variables:
(1)    1102 :                    ;;; mode: asm
(1)    1102 :                    ;;; End:
(1)    1102 :                    ;;; vim: set ft=asm et ts=4 sw=4:
       1102 :
       1102 :                    isr_irq:
       1102 : 8B                         pshh
       1103 : C6 FF E0                   lda     ACIA_status
       1106 : A5 80                      bit     #IRQF_bm
       1108 : 27 22                      beq     isr_irq_exit
       110A : C6 FF E0                   lda     ACIA_status
       110D : A5 01                      bit     #RDRF_bm
       110F : 27 09                      beq     isr_irq_send
       1111 : C6 FF E1                   lda     ACIA_data       ; receive character
       1114 : 45 20 00                   ldhx    #rx_queue
       1117 : CD 10 A3                   jsr     queue_add
       111A :                    isr_irq_send:
       111A : C6 FF E0                   lda     ACIA_status
       111D : A5 02                      bit     #TDRE_bm
       111F : 27 0B                      beq     isr_irq_exit
       1121 : 45 20 80                   ldhx    #tx_queue
       1124 : CD 10 D5                   jsr     queue_remove
       1127 : 24 05                      bcc     isr_irq_send_empty
       1129 : C7 FF E1                   sta     ACIA_data       ; send character
       112C :                    isr_irq_exit:
       112C : 8A                         pulh
       112D : 80                         rti
       112E :                    isr_irq_send_empty:
       112E : A6 94                      lda     #RX_INT_TX_NO
       1130 : C7 FF E0                   sta     ACIA_control    ; disable Tx interrupt
       1133 : 8A                         pulh
       1134 : 80                         rti
