          0 :                    ;;; -*- mode: asm; mode: flyspell-prog; -*-
          0 :                            include "tms370.inc"
(1)       0 :                    ;;; -*- mode: asm; mode: flyspell-prog; -*-
(1)       0 :                    ;;; TMS370
(1)       0 :                            cpu     tms370
(1)       0 :                    ;;; Status Register
(1)       0 : =80                ST_C:   equ  10000000B          ; set to 1 if carry occurred
(1)       0 : =40                ST_N:   equ  01000000B          ; set to 1 if result is negative
(1)       0 : =20                ST_Z:   equ  00100000B          ; set to 1 if result is zero
(1)       0 : =10                ST_V:   equ  00010000B          ; set to 1 if result is overflow
(1)       0 : =8                 ST_IE2: equ  00001000B          ; if 1, level 2 interrupt is enabled
(1)       0 : =4                 ST_IE1: equ  00000100B          ; if 1, level 1 interrupt is enabled
(1)       0 :                    ;;; Vector
(1)       0 : =7FF8              VEC_INT3:       equ     7FF8H   ; #INT2 interrupt
(1)       0 : =7FFA              VEC_INT2:       equ     7FFAH   ; #INT2 interrupt
(1)       0 : =7FFC              VEC_INT1:       equ     7FFCH   ; #INT1 interrupt
(1)       0 : =7FFE              VEC_RESET:      equ     7FFEH   ; #RESET vector
(1)       0 :                    ;;; Trap Vector
(1)       0 : =7FDE              VEC_TRAP0:      equ     7FDEH
(1)       0 : =7FDC              VEC_TRAP1:      equ     7FDCH
(1)       0 : =7FDA              VEC_TRAP2:      equ     7FDAH
(1)       0 : =7FD8              VEC_TRAP3:      equ     7FD8H
(1)       0 : =7FD6              VEC_TRAP4:      equ     7FD6H
(1)       0 : =7FD4              VEC_TRAP5:      equ     7FD4H
(1)       0 : =7FD2              VEC_TRAP6:      equ     7FD2H
(1)       0 : =7FD0              VEC_TRAP7:      equ     7FD0H
(1)       0 : =7FCE              VEC_TRAP8:      equ     7FCEH
(1)       0 : =7FCC              VEC_TRAP9:      equ     7FCCH
(1)       0 : =7FCA              VEC_TRAP10:     equ     7FCAH
(1)       0 : =7FC8              VEC_TRAP11:     equ     7FC8H
(1)       0 : =7FC6              VEC_TRAP12:     equ     7FC6H
(1)       0 : =7FC4              VEC_TRAP13:     equ     7FC4H
(1)       0 : =7FC2              VEC_TRAP14:     equ     7FC2H
(1)       0 : =7FC0              VEC_TRAP15:     equ     7FC0H
(1)       0 :                    ;;; System Control and Configuration Registers
(1)       0 : =1010              SCCR0:          equ     1010H
(1)       0 : =40                OSC_POWER:      equ     01000000B
(1)       0 : =1011              SCCR1:          equ     1011H
(1)       0 : =10                AUTO_WAIT_DISABLE:      equ     00010000B
(1)       0 : =1012              SCCR2:          equ     1012H
(1)       0 : =1017              INT1:           equ     1017H
(1)       0 : =1018              INT2:           equ     1018H
(1)       0 : =1019              INT3:           equ     1019H
(1)       0 : =80                INT_FLAG:       equ     10000000B ; INTx Flag 1:transition detected
(1)       0 : =10                INT_DIR:        equ     00010000B ; INTx Direction 1:output 0:input/interrupt
(1)       0 : =8                 INT_DATA:       equ     00001000B ; INTx Data out
(1)       0 : =4                 INT_POLALITY:   equ     00000100B ; INTx Polarity 1:rising 0:falling
(1)       0 : =2                 INT_PRIORITY:   equ     00000010B ; INTx Priority 1:level2 0:level1
(1)       0 : =1                 INT_ENABLE:     equ     00000001B ; INTx Enable 1:enable 0:disable
          0 :
          0 :                    ;;; MC6850 Asynchronous Communication Interface Adapter
          0 : =10F0              ACIA:   equ     10F0H
          0 :                            include "mc6850.inc"
(1)       0 :                    ;;; -*- mode: asm; mode: flyspell-prog; -*-
(1)       0 :                    ;;; MC6850
(1)       0 :                    ;;; Asynchronous Communication Interface Adapter
(1)       0 : =10F0              ACIA_control:   equ     ACIA+0
(1)       0 : =10F0              ACIA_status:    equ     ACIA+0
(1)       0 : =10F1              ACIA_data:      equ     ACIA+1
(1)       0 :                            ;;  Counter Divider Select Bits
(1)       0 : =3                 CDS_gm:         equ     11B             ; Group mask
(1)       0 : =0                 CDS_DIV1_gc:    equ     00000000B       ; /1
(1)       0 : =1                 CDS_DIV16_gc:   equ     00000001B       ; /16
(1)       0 : =2                 CDS_DIV64_gc:   equ     00000010B       ; /64
(1)       0 : =3                 CDS_RESET_gc:   equ     00000011B       ; Master Reset
(1)       0 :                            ;;  Word Select Bits
(1)       0 : =1C                WSB_gm:         equ     00011100B       ; Group mask
(1)       0 : =0                 WSB_7E2_gc:     equ     00000000B       ; 7 Bits + Even Parity + 2 Stop Bits
(1)       0 : =4                 WSB_7O2_gc:     equ     00000100B       ; 7 bits + Odd Parity  + 2 Stop Bits
(1)       0 : =8                 WSB_7E1_gc:     equ     00001000B       ; 7 bits + Even Parity + 1 Stop Bits
(1)       0 : =C                 WSB_7O1_gc:     equ     00001100B       ; 7 bits + Odd Parity  + 1 Stop Bits
(1)       0 : =10                WSB_8N2_gc:     equ     00010000B       ; 8 bits + No Parity   + 2 Stop Bits
(1)       0 : =14                WSB_8N1_gc:     equ     00010100B       ; 8 bits + No Parity   + 1 Stop Bits
(1)       0 : =18                WSB_8E1_gc:     equ     00011000B       ; 8 bits + Even Parity + 1 Stop Bits
(1)       0 : =1C                WSB_8O1_gc:     equ     00011100B       ; 8 bits + Odd Parity  + 1 Stop Bits
(1)       0 :                            ;;  Transmit Control Bits
(1)       0 : =60                TCB_gm:         equ     01100000B       ; Group mask
(1)       0 : =0                 TCB_DI_gc:      equ     00000000B       ; RTS=Low,  Tx Interrupt Disabled
(1)       0 : =20                TCB_EI_gc:      equ     00100000B       ; RTS=Low,  Tx Interrupt Enabled
(1)       0 : =40                TCB_RTS_gc:     equ     01000000B       ; RTS=High, Tx Interrupt Disabled
(1)       0 : =60                TCB_BREAK_gc:   equ     01100000B       ; RTS=Low,  Tx Interrupt Disabled
(1)       0 :                                                    ; Transmit Break Level
(1)       0 : =80                RIEB_bm:        equ     10000000B       ; Receive Interrupt Enable Bit mask
(1)       0 :                    ;;; Status register
(1)       0 : =1                 RDRF_bm:        equ     00000001B       ; Receive Data Register Full
(1)       0 : =2                 TDRE_bm:        equ     00000010B       ; Transmit Data Register Empty
(1)       0 : =4                 DCDF_bm:        equ     00000100B       ; Data Carrier Detect Flag
(1)       0 : =8                 CTSF_bm:        equ     00001000B       ; Clear To Send Flag
(1)       0 : =10                FERR_bm:        equ     00010000B       ; Frame Error Flag
(1)       0 : =20                OVRN_bm:        equ     00100000B       ; Receiver Overrun Flag
(1)       0 : =40                PERR_bm:        equ     01000000B       ; Parity Error Flag
(1)       0 : =80                IRQF_bm:        equ     10000000B       ; Interrupt Request Flag
          0 :
       7FFE :                            org     VEC_RESET
       7FFE : 20 00                      .word   initialize
       8000 :
       7FC0 :                            org     VEC_TRAP15
       7FC0 : 7F C0                      .word   VEC_TRAP15
       7FC2 :
       2000 :                            org     2000H
       2000 :                    initialize:
       2000 : F7 03 F0                   mov     #CDS_RESET_gc, ACIA_control ; Master reset
       2003 : F7 14 F0                   mov     #WSB_8N1_gc, ACIA_control ; 8 bits + No Parity + 1 Stop Bits
       2006 :                                                    ; Transmit, Receive interrupts disabled
       2006 : 8E 20 18           loop:   call    getchar
       2009 : B0                         tst     A
       200A : 02 0B                      jeq     halt_to_system
       200C : 8E 20 1F           echo:   call    putchar
       200F : 2D 0D                      cmp     #0DH, A
       2011 : 06 F3                      jne     loop
       2013 : 22 0A                      mov     #0AH, A
       2015 : 00 F5                      jmp     echo
       2017 :                    halt_to_system:
       2017 : E0                         trap    15
       2018 :
       2018 :                    getchar:
       2018 : A7 01 F0 FC                btjz    #RDRF_bm, ACIA_status, getchar
       201C : 80 F1                      mov     ACIA_data, A
       201E : F9                         rts
       201F :
       201F :                    putchar:
       201F : A7 02 F0 FC                btjz    #TDRE_bm, ACIA_status, putchar
       2023 : 21 F1                      mov     A, ACIA_data
       2025 : F9                         rts
       2026 :
       2026 :                    ;;; local Variables:
       2026 :                    ;;; mode: asm
       2026 :                    ;;; mode: flyspell-prog
       2026 :                    ;;; comment-start: ";"
       2026 :                    ;;; End:
