          0 :                    ;;; -*- mode: asm; mode: flyspell-prog; -*-
          0 :                            include "i8080.inc"
(1)       0 :                    ;;; -*- mode: asm; mode: flyspell-prog; -*-
(1)       0 :                    ;;; i8080
(1)       0 :                            cpu     8080
(1)       0 :                    ;;; FLAGS Register
(1)       0 : =80                F_SIGN:         equ     10000000B ; set to 1 if negative
(1)       0 : =40                F_ZERO:         equ     01000000B ; set to 1 if zero
(1)       0 : =10                F_HALF_CARRY:   equ     00010000B ; set to 1 if carry from bit-3
(1)       0 : =4                 F_PARITY:       equ     00000100B ; set to 1 if even parity
(1)       0 : =1                 F_CARRY:        equ     00000001B ; set to 1 if carry
(1)       0 :                    ;;; Interrupt origin
(1)       0 : =0                 ORG_RESET:      equ     0000H   ; RESET
(1)       0 : =0                 ORG_RST0:       equ     0000H   ; RST 0
(1)       0 : =8                 ORG_RST1:       equ     0008H   ; RST 1
(1)       0 : =10                ORG_RST2:       equ     0010H   ; RST 2
(1)       0 : =18                ORG_RST3:       equ     0018H   ; RST 3
(1)       0 : =20                ORG_RST4:       equ     0020H   ; RST 4
(1)       0 : =28                ORG_RST5:       equ     0028H   ; RST 5
(1)       0 : =30                ORG_RST6:       equ     0030H   ; RST 6
(1)       0 : =38                ORG_RST7:       equ     0038H   ; RST 3
          0 :
          0 :                    ;;; i8251 Universal Synchronous/Asynchronous Receiver/Transmitter
          0 : =0                 USART:          equ     00H
          0 : =0                 USARTD:         equ     USART+0 ; Receive/Transmit data
          0 : =1                 USARTS:         equ     USART+1 ; Srtatus register
          0 : =1                 USARTC:         equ     USART+1 ; Control register
          0 : =2                 USARTRV:        equ     USART+2 ; Receive interrupt vector (ORG_*)
          0 : =3                 USARTTV:        equ     USART+3 ; Transmit interrupt vector (ORG_*)
          0 :                            include "i8251.inc"
(1)       0 :                    ;;; -*- mode: asm; mode: flyspell-prog; -*-
(1)       0 :
(1)       0 :                    ;;; i8251 USART device emulator.
(1)       0 : =6                 MODE_STOP_gp:   equ     6
(1)       0 : =C0                MODE_STOP_gm:   equ     11000000B
(1)       0 : =40                MODE_STOP1_gc:  equ     (1 << MODE_STOP_gp)
(1)       0 : =80                MODE_STOP15_gc: equ     (2 << MODE_STOP_gp)
(1)       0 : =C0                MODE_STOP2_gc:  equ     (3 << MODE_STOP_gp)
(1)       0 : =20                MODE_EVEN_bm:   equ     00100000B
(1)       0 : =10                MODE_PARITY_bm: equ     00010000B
(1)       0 : =2                 MODE_LEN_gp:    equ     2
(1)       0 : =C                 MODE_LEN_gm:    equ     00001100B
(1)       0 : =0                 MODE_LEN5_gc:   equ     (0 << MODE_LEN_gp)
(1)       0 : =4                 MODE_LEN6_gc:   equ     (1 << MODE_LEN_gp)
(1)       0 : =8                 MODE_LEN7_gc:   equ     (2 << MODE_LEN_gp)
(1)       0 : =C                 MODE_LEN8_gc:   equ     (3 << MODE_LEN_gp)
(1)       0 : =0                 MODE_BAUD_gp:   equ     0
(1)       0 : =3                 MODE_BAUD_gm:   equ     00000011B
(1)       0 : =1                 MODE_BAUD_X1:   equ     (1 << MODE_BAUD_gp)
(1)       0 : =2                 MODE_BAUD_X16:  equ (2 << MODE_BAUD_gp)
(1)       0 : =3                 MODE_BAUD_X64:  equ (3 << MODE_BAUD_gp)
(1)       0 :                    ;;; Bit Definition of command register
(1)       0 : =80                CMD_EH_bm:      equ     10000000B   ; Enter hunt mode
(1)       0 : =40                CMD_IR_bm:      equ     01000000B   ; Internal Reset
(1)       0 : =20                CMD_RTS_bm:     equ     00100000B   ; Request To Send
(1)       0 : =10                CMD_ER_bm:      equ     00010000B   ; Error Reset
(1)       0 : =8                 CMD_SBRK_bm:    equ     00001000B   ; Send Break
(1)       0 : =4                 CMD_RxEN_bm:    equ     00000100B   ; Receive Enable
(1)       0 : =2                 CMD_DTR_bm:     equ     00000010B   ; Data Terminal Ready
(1)       0 : =1                 CMD_TxEN_bm:    equ     00000001B   ; Transmit enable
(1)       0 :
(1)       0 :                    ;;; Bit definition of status register
(1)       0 : =80                ST_DSR_bm:      equ     10000000B   ; Data Set Ready
(1)       0 : =40                ST_BRK_bm:      equ     01000000B   ; BREAK detected
(1)       0 : =20                ST_FE_bm:       equ     00100000B   ; Framing Error
(1)       0 : =10                ST_OE_bm:       equ     00010000B   ; Iverrun Error
(1)       0 : =8                 ST_PE_bm:       equ     00001000B   ; Parity Error
(1)       0 : =4                 ST_TxEMPTY_bm:  equ     00000100B   ; Transmitter empty
(1)       0 : =2                 ST_RxRDY_bm:    equ     00000010B   ; Receiver ready
(1)       0 : =1                 ST_TxRDY_bm:    equ     00000001B   ; Transmitter ready
          0 :                    ;;; Async 1stop 8data x16
          0 : =4E                ASYNC_MODE:     equ     MODE_STOP1_gc|MODE_LEN8_gc|MODE_BAUD_X16
          0 :                    ;;; RTS/DTR, error reset, Rx enable, Tx enable
          0 : =37                RX_EN_TX_EN:    equ     CMD_RTS_bm|CMD_DTR_bm|CMD_ER_bm|CMD_RxEN_bm|CMD_TxEN_bm
          0 : =36                RX_EN_TX_DIS:   equ     CMD_RTS_bm|CMD_DTR_bm|CMD_ER_bm|CMD_RxEN_bm
          0 :
       2000 :                            org     2000H
       2000 : =80                rx_queue_size:  equ     128
       2000 :                    rx_queue:       ds      rx_queue_size
       2080 : =80                tx_queue_size:  equ     128
       2080 :                    tx_queue:       ds      tx_queue_size
       2100 :
       1000 :                            org     1000H
       1000 : =1000              stack:  equ     $
       1000 :
          0 :                            org     ORG_RESET
          0 : C3 00 01                   jmp     init
          3 :
         28 :                            org     ORG_RST5
         28 : C3 2E 02                   jmp     isr_intr_rx
         2B :
         30 :                            org     ORG_RST6
         30 : C3 43 02                   jmp     isr_intr_tx
         33 :
        100 :                            org     0100H
        100 :                    init:
        100 : 31 00 10                   lxi     sp, stack
        103 : 21 00 20                   lxi     h, rx_queue
        106 : 06 80                      mvi     b, rx_queue_size
        108 : CD CD 01                   call    queue_init
        10B : 21 80 20                   lxi     h, tx_queue
        10E : 06 80                      mvi     b, tx_queue_size
        110 : CD CD 01                   call    queue_init
        113 :                    init_usart:
        113 : AF                         xra     a               ; clear A
        114 : D3 01                      out     USARTC
        116 : D3 01                      out     USARTC
        118 : D3 01                      out     USARTC          ; safest way to sync mode
        11A : 3E 40                      mvi     a, CMD_IR_bm
        11C : D3 01                      out     USARTC          ; reset
        11E : 00                         nop
        11F : 00                         nop
        120 : 3E 4E                      mvi     a, ASYNC_MODE
        122 : D3 01                      out     USARTC
        124 : 00                         nop
        125 : 00                         nop
        126 : 3E 36                      mvi     a, RX_EN_TX_DIS
        128 : D3 01                      out     USARTC
        12A : 3E 28                      mvi     a, ORG_RST5
        12C : D3 02                      out     USARTRV         ; set RxRDY interrupt vector RST 5.5
        12E : 3E 30                      mvi     a, ORG_RST6
        130 : D3 03                      out     USARTTV         ; set TxRDY interrupt vector RST 6
        132 : FB                         ei
        133 :
        133 :                    receive_loop:
        133 : CD A4 01                   call    getchar
        136 : D2 33 01                   jnc     receive_loop
        139 : B7                         ora     a
        13A : CA 57 01                   jz      halt_to_system
        13D :                    echo_back:
        13D : 47                         mov     b, a
        13E : CD B9 01                   call    putchar         ; echo
        141 : 3E 20                      mvi     a, ' '          ; space
        143 : CD B9 01                   call    putchar
        146 : CD 58 01                   call    put_hex8        ; print in hex
        149 : 3E 20                      mvi     a, ' '          ; space
        14B : CD B9 01                   call    putchar
        14E : CD 7C 01                   call    put_bin8        ; print in binary
        151 : CD AF 01                   call    newline
        154 : C3 33 01                   jmp     receive_loop
        157 :                    halt_to_system:
        157 : 76                         hlt
        158 :
        158 :                    ;;; Print uint8_t in hex
        158 :                    ;;; @param B uint8_t value to be printed in hex.
        158 :                    ;;; @clobber A
        158 :                    put_hex8:
        158 : 3E 30                      mvi     a, '0'
        15A : CD B9 01                   call    putchar
        15D : 3E 78                      mvi     a, 'x'
        15F : CD B9 01                   call    putchar
        162 : 78                         mov     a, b
        163 : 0F                         rrc
        164 : 0F                         rrc
        165 : 0F                         rrc
        166 : 0F                         rrc
        167 : CD 6B 01                   call    put_hex4
        16A : 78                         mov     a, b
        16B :                    put_hex4:
        16B : E6 0F                      ani     0FH
        16D : FE 0A                      cpi     10
        16F : DA 77 01                   jc      put_hex8_dec    ; A<10
        172 : C6 37                      adi     'A'-10
        174 : C3 B9 01                   jmp     putchar
        177 :                    put_hex8_dec:
        177 : C6 30                      adi     '0'
        179 : C3 B9 01                   jmp     putchar
        17C :
        17C :                    ;;; Print uint8_t in binary
        17C :                    ;;; @param B uint8_t value to be printed in binary.
        17C :                    ;;; @clobber A
        17C :                    put_bin8:
        17C : C5                         push    b
        17D : 3E 30                      mvi     a, '0'
        17F : CD B9 01                   call    putchar
        182 : 3E 62                      mvi     a, 'b'
        184 : CD B9 01                   call    putchar
        187 : 78                         mov     a, b
        188 : CD 90 01                   call    put_bin4
        18B : CD 90 01                   call    put_bin4
        18E : C1                         pop     b
        18F : C9                         ret
        190 :                    put_bin4:
        190 : CD 93 01                   call    put_bin2
        193 :                    put_bin2:
        193 : CD 96 01                   call    put_bin1
        196 :                    put_bin1:
        196 : 17                         ral                     ; PSW.C=MSB
        197 : 0E 30                      mvi     c, '0'
        199 : D2 9D 01                   jnc     put_bin0        ; MSB=0
        19C : 0C                         inr     c               ; MSB=1
        19D :                    put_bin0:
        19D : 47                         mov     b, a
        19E : 79                         mov     a, c
        19F : CD B9 01                   call    putchar
        1A2 : 78                         mov     a, b
        1A3 : C9                         ret
        1A4 :
        1A4 :                    ;;; Get character
        1A4 :                    ;;; @return A
        1A4 :                    ;;; @return CC.C 0 if no character
        1A4 :                    getchar:
        1A4 : E5                         push    h
        1A5 : 21 00 20                   lxi     h, rx_queue
        1A8 : F3                         di
        1A9 : CD 0A 02                   call    queue_remove
        1AC : FB                         ei
        1AD : E1                         pop     h
        1AE : C9                         ret
        1AF :
        1AF :                    ;;; Put newline
        1AF :                    ;;; @clobber A
        1AF :                    newline:
        1AF : 3E 0D                      mvi     a, 0DH
        1B1 : CD B9 01                   call    putchar
        1B4 : 3E 0A                      mvi     a, 0AH
        1B6 : C3 B9 01                   jmp     putchar
        1B9 :
        1B9 :                    ;;; Put character
        1B9 :                    ;;; @param A
        1B9 :                    putchar:
        1B9 : F5                         push    psw
        1BA : E5                         push    h
        1BB : 21 80 20                   lxi     h, tx_queue
        1BE :                    putchar_retry:
        1BE : F3                         di
        1BF : CD E2 01                   call    queue_add
        1C2 : FB                         ei
        1C3 : D2 BE 01                   jnc     putchar_retry   ; branch if queue is full
        1C6 : E1                         pop     h
        1C7 : 3E 37                      mvi     a, RX_EN_TX_EN  ; enable Tx
        1C9 : D3 01                      out     USARTC
        1CB : F1                         pop     psw
        1CC : C9                         ret
        1CD :
        1CD :                            include "queue.inc"
(1)     1CD :                    ;;; -*- mode: asm; mode: flyspell-prog; -*-
(1)     1CD :                    ;;; [queue] queue structure
(1)     1CD : =0                 queue_len:      equ     0       ; queue length
(1)     1CD : =1                 queue_size:     equ     1       ; buffer size
(1)     1CD : =2                 queue_put:      equ     2       ; queue put index
(1)     1CD : =3                 queue_get:      equ     3       ; queue get index
(1)     1CD : =4                 queue_buf:      equ     4       ; buffer start offset
(1)     1CD :
(1)     1CD :                    ;;; [queue] Initialize queue
(1)     1CD :                    ;;; @param HL queue work space pointer
(1)     1CD :                    ;;; @param B queue work space size
(1)     1CD :                    ;;; @clobber B
(1)     1CD :                    queue_init:
(1)     1CD : F5                         push    psw
(1)     1CE : E5                         push    h
(1)     1CF : AF                         xra     a
(1)     1D0 : 36 00                      mvi     m, 0            ; queue_len
(1)     1D2 : DE 04                      sbi     queue_buf
(1)     1D4 : 23                         inx     h
(1)     1D5 : 77                         mov     m, a            ; queue_size
(1)     1D6 : C6 02                      adi     2               ; for queue_put and queue_get
(1)     1D8 :                    queue_init_loop:
(1)     1D8 : 23                         inx     h
(1)     1D9 : 36 00                      mvi     m, 0
(1)     1DB : 05                         dcr     b
(1)     1DC : C2 D8 01                   jnz     queue_init_loop
(1)     1DF : E1                         pop     h
(1)     1E0 : F1                         pop     psw
(1)     1E1 : C9                         ret
(1)     1E2 :
(1)     1E2 :                    ;;; [queue] Add an element to queue
(1)     1E2 :                    ;;; @param HL queue work space pointer
(1)     1E2 :                    ;;; @param A an element
(1)     1E2 :                    ;;; @return F.C 0 if queue is full
(1)     1E2 :                    queue_add:
(1)     1E2 : D5                         push    d
(1)     1E3 : 57                         mov     d, a            ; save an element
(1)     1E4 : 7E                         mov     a, m            ; queue_len
(1)     1E5 : 23                         inx     h
(1)     1E6 : BE                         cmp     m               ; queue_size
(1)     1E7 : 2B                         dcx     h
(1)     1E8 : 7A                         mov     a, d            ; restore an element
(1)     1E9 : DA EE 01                   jc      queue_add_store ; queue_len < queue_size
(1)     1EC : D1                         pop     d               ; cleared carry is ensured by |jc|
(1)     1ED : C9                         ret
(1)     1EE :                    queue_add_store:
(1)     1EE : E5                         push    h
(1)     1EF : 34                         inr     m               ; queue_len++
(1)     1F0 : 23                         inx     h
(1)     1F1 : 23                         inx     h
(1)     1F2 : 5E                         mov     e, m            ; queue_put
(1)     1F3 : 16 00                      mvi     d, 0
(1)     1F5 : EB                         xchg                    ; DE points queue_put
(1)     1F6 : 19                         dad     d
(1)     1F7 : 23                         inx     h
(1)     1F8 : 23                         inx     h               ; offset of queue_buf
(1)     1F9 : 77                         mov     m, a            ; store an element
(1)     1FA : EB                         xchg                    ; DE points a stored element
(1)     1FB : 7E                         mov     a, m            ; queue_put
(1)     1FC : 3C                         inr     a               ; queue_put++
(1)     1FD : 2B                         dcx     h
(1)     1FE : BE                         cmp     m               ; queue_size
(1)     1FF : 23                         inx     h
(1)     200 : DA 04 02                   jc      queue_add_update ; queue_put < queue_size
(1)     203 : AF                         xra     a                ; wrap around
(1)     204 :                    queue_add_update:
(1)     204 : 77                         mov     m, a            ; queue_put
(1)     205 : 1A                         ldax    d               ; restore an element
(1)     206 : E1                         pop     h
(1)     207 : D1                         pop     d
(1)     208 : 37                         stc                     ; set carry
(1)     209 : C9                         ret
(1)     20A :
(1)     20A :                    ;;; [queue] Remove an element from queue
(1)     20A :                    ;;; @param HL queue work space pointer
(1)     20A :                    ;;; @return A an element
(1)     20A :                    ;;; @return F.C 0 if queue is empty
(1)     20A :                    queue_remove:
(1)     20A : 7E                         mov     a, m            ; queue_len
(1)     20B : B7                         ora     a               ; clear carry
(1)     20C : C2 10 02                   jnz     queue_remove_elem ; queue_len > 0
(1)     20F : C9                         ret                     ; carry is cleared by |ora|
(1)     210 :                    queue_remove_elem:
(1)     210 : D5                         push    d
(1)     211 : E5                         push    h
(1)     212 : 35                         dcr     m               ; queue_len--
(1)     213 : 23                         inx     h
(1)     214 : 23                         inx     h
(1)     215 : 23                         inx     h
(1)     216 : 7E                         mov     a, m            ; queue_get
(1)     217 : 5F                         mov     e, a
(1)     218 : 16 00                      mvi     d, 0
(1)     21A : EB                         xchg                    ; DE points queue_get
(1)     21B : 19                         dad     d
(1)     21C : 23                         inx     h               ; offset of queue_buf
(1)     21D : EB                         xchg                    ; DE points an element to read
(1)     21E : 3C                         inr     a               ; queue_get++
(1)     21F : 2B                         dcx     h
(1)     220 : 2B                         dcx     h
(1)     221 : BE                         cmp     m               ; queue_size
(1)     222 : 23                         inx     h
(1)     223 : 23                         inx     h
(1)     224 : DA 28 02                   jc      queue_remove_update ; queue_get < queue_size
(1)     227 : AF                         xra     a                   ; wrap around
(1)     228 :                    queue_remove_update:
(1)     228 : 77                         mov     m, a            ; queue_get
(1)     229 : 1A                         ldax    d               ; read an element
(1)     22A : E1                         pop     h
(1)     22B : D1                         pop     d
(1)     22C : 37                         stc                     ; set carry
(1)     22D : C9                         ret
        22E :
        22E :                    isr_intr_rx:
        22E : F5                         push    psw
        22F :                    isr_intr_receive:
        22F : DB 01                      in      USARTS
        231 : E6 02                      ani     ST_RxRDY_bm
        233 : CA 40 02                   jz      isr_intr_rx_exit
        236 : DB 00                      in      USARTD          ; receive character
        238 : E5                         push    h
        239 : 21 00 20                   lxi     h, rx_queue
        23C : CD E2 01                   call    queue_add
        23F : E1                         pop     h
        240 :                    isr_intr_rx_exit:
        240 : F1                         pop     psw
        241 : FB                         ei
        242 : C9                         ret
        243 :
        243 :                    isr_intr_tx:
        243 : F5                         push    psw
        244 : DB 01                      in      USARTS
        246 : E6 01                      ani     ST_TxRDY_bm
        248 : CA 58 02                   jz      isr_intr_tx_exit
        24B : E5                         push    h
        24C : 21 80 20                   lxi     h, tx_queue
        24F : CD 0A 02                   call    queue_remove
        252 : E1                         pop     h
        253 : D2 5B 02                   jnc     isr_intr_send_empty
        256 : D3 00                      out     USARTD          ; send character
        258 :                    isr_intr_tx_exit:
        258 : F1                         pop     psw
        259 : FB                         ei
        25A : C9                         ret
        25B :                    isr_intr_send_empty:
        25B : 3E 36                      mvi     a, RX_EN_TX_DIS
        25D : D3 01                      out     USARTC          ; disable Tx
        25F : F1                         pop     psw
        260 : FB                         ei
        261 : C9                         ret
        262 :
        262 :                            end
