          0 :                    ;;; -*- mode: asm; mode: flyspell-prog; -*-
          0 :                            include "im6100.inc"
(1)       0 :                    ;;; -*- mode: asm; mode: flyspell-prog; -*-
(1)       0 :                            cpu     6100
(1)       0 :                    /// Origin
(1)       0 : =17141             ORG_RESET =     7777
(1)       0 : =0                 PC_INTR =       0000
(1)       0 : =1                 ORG_INTR  =     0001
(1)       0 :                    /// FLAGS; RTF, GTF
(1)       0 : =7640              FLAGS_LINK   = 4000
(1)       0 : =1750              FLAGS_INTREQ = 1000
(1)       0 : =200               FLAGS_IEFF   = 0200
          0 :                    /// MC6850 Asynchronous Communication Interface Adapter
          0 : =7770              ACIA    = 07770
          0 :                            include "mc6850.inc"
(1)       0 :                    /// -*- mode: asm; mode: flyspell-prog; -*-
(1)       0 :                    /// MC6850
(1)       0 :                    /// Asynchronous Communication Interface Adapter
(1)       0 : =7770              ACIA_control_a  =       ACIA+0
(1)       0 : =7770              ACIA_status_a   =       ACIA+0
(1)       0 : =7771              ACIA_data_a     =       ACIA+1
(1)       0 :                    //  Counter Divider Select Bits
(1)       0 : =3                 CDS_gm          =       011B    / Group mask
(1)       0 : =0                 CDS_DIV1_gc     =       000B    / /1
(1)       0 : =1                 CDS_DIV16_gc    =       001B    / /16
(1)       0 : =2                 CDS_DIV64_gc    =       010B    / /64
(1)       0 : =3                 CDS_RESET_gc    =       011B    / Master Reset
(1)       0 :                    //  Word Select Bits
(1)       0 : =34                WSB_gm          =       011100B / Group mask
(1)       0 : =0                 WSB_7E2_gc      =       000000B / 7 Bits + Even Parity + 2 Stop Bits
(1)       0 : =4                 WSB_7O2_gc      =       000100B / 7 bits + Odd Parity  + 2 Stop Bits
(1)       0 : =10                WSB_7E1_gc      =       001000B / 7 bits + Even Parity + 1 Stop Bits
(1)       0 : =14                WSB_7O1_gc      =       001100B / 7 bits + Odd Parity  + 1 Stop Bits
(1)       0 : =20                WSB_8N2_gc      =       010000B / 8 bits + No Parity   + 2 Stop Bits
(1)       0 : =24                WSB_8N1_gc      =       010100B / 8 bits + No Parity   + 1 Stop Bits
(1)       0 : =30                WSB_8E1_gc      =       011000B / 8 bits + Even Parity + 1 Stop Bits
(1)       0 : =34                WSB_8O1_gc      =       011100B / 8 bits + Odd Parity  + 1 Stop Bits
(1)       0 :                    //  Transmit Control Bits
(1)       0 : =140               TCB_gm          =     01100000B / Group mask
(1)       0 : =0                 TCB_DI_gc       =     00000000B / RTS=Low,  Tx Interrupt Disabled
(1)       0 : =40                TCB_EI_gc       =     00100000B / RTS=Low,  Tx Interrupt Enabled
(1)       0 : =100               TCB_RTS_gc      =     01000000B / RTS=High, Tx Interrupt Disabled
(1)       0 : =140               TCB_BREAK_gc    =     01100000B / RTS=Low,  Tx Interrupt Disabled
(1)       0 :                                                    / Transmit Break Level
(1)       0 : =200               RIEB_bm         =     10000000B / Receive Interrupt Enable Bit mask
(1)       0 :                    /// Status register
(1)       0 : =1                 RDRF_bm         =     00000001B / Receive Data Register Full
(1)       0 : =2                 TDRE_bm         =     00000010B / Transmit Data Register Empty
(1)       0 : =4                 DCDF_bm         =     00000100B / Data Carrier Detect Flag
(1)       0 : =10                CTSF_bm         =     00001000B / Clear To Send Flag
(1)       0 : =20                FERR_bm         =     00010000B / Frame Error Flag
(1)       0 : =40                OVRN_bm         =     00100000B / Receiver Overrun Flag
(1)       0 : =100               PERR_bm         =     01000000B / Parity Error Flag
(1)       0 : =200               IRQF_bm         =     10000000B / Interrupt Request Flag
          0 :
       4000 :                            *4000
       4000 : =40                rx_queue_size = 32
       4000 :                    rx_queue,
       4040 :                            *.+rx_queue_size
       4040 :
          1 :                            *ORG_INTR
          1 : 5402                       jmp     I isr_addr
          2 :                    isr_addr,
          2 : 0266                       isr
          3 :
       7776 :                            *7776
       7776 : 0205                       initialize
       7777 :                            *7777
       7777 : 5776                       jmp     I 7776
      10000 :
        200 :                            *200
        200 :                    ACIA_control,
        200 :                    ACIA_status,
        200 : 7770                       ACIA_control_a
        201 :                    ACIA_data,
        201 : 7771                       ACIA_data_a
        202 :                    ACIA_config,
        202 : 0003                       CDS_RESET_gc
        203 : 0224                       WSB_8N1_gc|RIEB_bm
        204 :                    queue_size,
        204 : 0040                       rx_queue_size
        205 :                    initialize,
        205 : 7200                       cla
        206 : 1204                       tad     queue_size
        207 : 4632                       jms     I A_queue_init
        210 : 4000                       rx_queue
        211 :                            // Initialize ACIA
        211 : 7200                       cla
        212 : 1202                       tad     ACIA_config
        213 : 3600                       dca     I ACIA_control
        214 : 1203                       tad     ACIA_config+1
        215 : 3600                       dca     I ACIA_control
        216 :
        216 :                    loop,
        216 : 4235                       jms     getchar
        217 : 7450                       sna                     / Skip if AC != 0
        220 : 5231                       jmp     halt_to_system
        221 :                    echo,
        221 : 4245                       jms     putchar
        222 : 1227                       tad     char_CR         / AC - '\r'
        223 : 7440                       sza                     / Skip if AC == 0
        224 : 5216                       jmp     loop
        225 : 1230                       tad     char_LF
        226 : 5221                       jmp     echo
        227 :                    char_CR,
        227 : 7763                       -015                    / Carriage return
        230 :                    char_LF,
        230 : 0012                       012                     / Line feed
        231 :                    halt_to_system,
        231 : 7402                       hlt
        232 :
        232 : 0400               A_queue_init,   queue_init
        233 : 0423               A_queue_add,    queue_add
        234 : 0474               A_queue_remove, queue_remove
        235 :
        235 :                    getchar,
        235 : 0000                       0
        236 :                    getchar_loop,
        236 : 6002                       iof                             / Disable interrupt
        237 : 4634                       jms     I A_queue_remove
        240 : 4000                       rx_queue
        241 : 6001                       ion                             / Enable interrupt
        242 : 7420                       snl                             / Skip if L=1
        243 : 5236                       jmp     getchar_loop
        244 : 5635                       jmp     I getchar               / Return
        245 :
        245 :                    putchar,
        245 : 0000                       0
        246 : 3261                       dca     putchar_char            / Save character
        247 :                    putchar_loop,
        247 : 7200                       cla
        250 : 1600                       tad     I ACIA_status
        251 : 0262                       and     bit_transmit
        252 : 7450                       sna                             / Skip if AC != 0
        253 : 5247                       jmp     putchar_loop
        254 : 7200                       cla
        255 : 1261                       tad     putchar_char            / Restore character
        256 : 3601                       dca     I ACIA_data
        257 : 1261                       tad     putchar_char
        260 : 5645                       jmp     I putchar
        261 :                    putchar_char,
        261 : 0000                       0
        262 :                    bit_transmit,
        262 : 0002                       TDRE_bm
        263 :
        263 :                    bit_receive,
        263 : 0001                       RDRF_bm
        264 : 0000               isr_AC,         0
        265 : 0000               isr_FLAGS,      0        
        266 :                    isr,
        266 : 3264                       dca     isr_AC
        267 : 6004                       gtf
        270 : 3265                       dca     isr_FLAGS
        271 : 1600                       tad     I ACIA_status
        272 : 0263                       and     bit_receive
        273 : 7450                       sna                             / Skip if received data exists
        274 : 5301                       jmp     isr_exit
        275 : 7200                       cla
        276 : 1601                       tad     I ACIA_data             / Received data
        277 : 4633                       jms     I A_queue_add
        300 : 4000                       rx_queue
        301 :                    isr_exit,
        301 : 7200                       cla
        302 : 1265                       tad     isr_FLAGS
        303 : 6005                       rtf                             / Restore FLAGS
        304 : 1264                       tad     isr_AC                  / Restore AC
        305 : 5400                       jmp     I PC_INTR               / Return
        306 :
        306 :                            include "queue.inc"
(1)     306 :                    /// -*- mode: asm; mode: flyspell-prog; -*-
(1)     306 :                    /// [queue] queue structure
(1)     306 :                    //queue_size      =       0       / negative buffer size
(1)     306 :                    //queue_len       =       1       / queue length
(1)     306 :                    //queue_put       =       2       / queue put index
(1)     306 :                    //queue_get       =       3       / queue get index
(1)     306 :                    //queue_buf       =       4       / buffer start offset
(1)     306 :
(1)     400 :                            align 200
(1)     400 :
(1)     400 :                    /// [queue] Initialize queue
(1)     400 :                    /// @param (PC+1) queue work space pointer
(1)     400 :                    /// @param AC queue work space size
(1)     400 :                    /// @clobber AC
(1)     400 : 0000               queue_init, 0                   / parameter address
(1)     401 : 1222                       tad     queue_work_size / subtract queue work space
(1)     402 : 7041                       cia                     / AC=-size
(1)     403 : 3267                       dca     queue_tmp       / queue_tmp = -size
(1)     404 : 1600                       tad     I queue_init    / load queue work space pointer
(1)     405 : 2200                       isz     queue_init      / point return address
(1)     406 : 3270                       dca     queue_ptr       / &queue_size
(1)     407 : 1267                       tad     queue_tmp       / AC=-size
(1)     410 : 3670                       dca     I queue_ptr     / queue_size = -size
(1)     411 : 2270                       isz     queue_ptr       / &queue_len
(1)     412 : 1222                       tad     queue_work_size / add queue work space
(1)     413 : 7001                       iac                     / offset queue_size
(1)     414 : 3267                       dca     queue_tmp       / counter
(1)     415 :                    queue_init_clear,
(1)     415 : 3670                       dca     I queue_ptr     / *queue_ptr = 0
(1)     416 : 2270                       isz     queue_ptr
(1)     417 : 2267                       isz     queue_tmp
(1)     420 : 5215                       jmp     queue_init_clear
(1)     421 : 5600                       jmp     I queue_init    / return
(1)     422 : 7774               queue_work_size,        -4
(1)     423 :
(1)     423 :                    /// [queue] Add an element to queue
(1)     423 :                    /// @param (PC+1) queue work space pointer
(1)     423 :                    /// @param AC an element
(1)     423 :                    /// @return L 0 if queue is full
(1)     423 : 0000               queue_add, 0                    / parameter/return address
(1)     424 : 3271                       dca     queue_element   / save element
(1)     425 : 1623                       tad     I queue_add     / load queue work space pointer
(1)     426 : 2223                       isz     queue_add       / point to return address
(1)     427 : 3270                       dca     queue_ptr       / &queue_size
(1)     430 : 1670                       tad     I queue_ptr     / AC=-queue_size
(1)     431 : 3267                       dca     queue_tmp       / queue_tmp = -queue_size
(1)     432 : 1267                       tad     queue_tmp       / AC=-queue_size
(1)     433 : 2270                       isz     queue_ptr       / &queue_len
(1)     434 : 1670                       tad     I queue_ptr     / AC=queue_len-queue_size
(1)     435 : 7500                       sma                     / skip if queue_len < queue_size
(1)     436 : 5262                       jmp     queue_add_full
(1)     437 : 2670                       isz     I queue_ptr     / queue_len++
(1)     440 : 2270                       isz     queue_ptr       / &queue_put
(1)     441 : 7200                       cla
(1)     442 : 1670                       tad     I queue_ptr     / AC=queue_put
(1)     443 : 7001                       iac                     / offset queue_put
(1)     444 : 7001                       iac                     / offset queue_get
(1)     445 : 1270                       tad     queue_ptr       / AC=&queue_buf[queue_put]
(1)     446 : 3272                       dca     queue_buf
(1)     447 : 1271                       tad     queue_element   / AC=restore element
(1)     450 : 3672                       dca     I queue_buf     / queue_buf[queue_put]=queue_element
(1)     451 : 2670                       isz     I queue_ptr     / queue_put++
(1)     452 : 1670                       tad     I queue_ptr     / AC=queue_put
(1)     453 : 1267                       tad     queue_tmp       / AC=queue_put-queue_size
(1)     454 : 7510                       spa                     / skip if queue_put >= queue_size
(1)     455 : 5260                       jmp     queue_add_exit
(1)     456 : 7200                       cla
(1)     457 : 3670                       dca     I queue_ptr     / queue_put = 0
(1)     460 :                    queue_add_exit,
(1)     460 : 7120                       stl                     / L=1
(1)     461 : 7410                       skp
(1)     462 :                    queue_add_full,
(1)     462 : 7100                       cll                     / L=0
(1)     463 : 7200                       cla
(1)     464 : 1271                       tad     queue_element   / restore
(1)     465 : 5623                       jmp     I queue_add     / return
(1)     466 :
(1)     466 : 0000               queue_mq,       0
(1)     467 : 0000               queue_tmp,      0
(1)     470 : 0000               queue_ptr,      0
(1)     471 : 0000               queue_element,  0
(1)     472 : 0000               queue_buf,      0
(1)     473 : 7777               queue_minus1,   -1
(1)     474 :
(1)     474 :                    /// [queue] Remove an element from queue
(1)     474 :                    /// @param (PC+1) queue work space pointer
(1)     474 :                    /// @return AC an element
(1)     474 :                    /// @return L 0 if queue is empty
(1)     474 : 0000               queue_remove, 0                 / parameter/return address
(1)     475 : 7200                       cla
(1)     476 : 1674                       tad     I queue_remove  / load queue work space pointer
(1)     477 : 2274                       isz     queue_remove    / point to return address
(1)     500 : 3270                       dca     queue_ptr       / &queue_size
(1)     501 : 1670                       tad     I queue_ptr     / -queue_size
(1)     502 : 3267                       dca     queue_tmp       / queue_tmp = -queue_size
(1)     503 : 2270                       isz     queue_ptr       / &queue_len
(1)     504 : 1670                       tad     I queue_ptr     / AC=queue_len
(1)     505 : 7450                       sna                     / skip if queue_len != 0
(1)     506 : 5334                       jmp     queue_remove_empty
(1)     507 : 1273                       tad     queue_minus1    / AC=queue_len-1
(1)     510 : 3670                       dca     I queue_ptr     / queue_len--
(1)     511 : 2270                       isz     queue_ptr       / &queue_put
(1)     512 : 2270                       isz     queue_ptr       / &queue_get
(1)     513 : 1670                       tad     I queue_ptr     / AC=queue_get
(1)     514 : 7001                       iac                     / offset queue_get
(1)     515 : 1270                       tad     queue_ptr       / AC=&queue_buf[queue_get]
(1)     516 : 3272                       dca     queue_buf
(1)     517 : 1672                       tad     I queue_buf     / AC=queue_buf[queue_get]
(1)     520 : 3271                       dca     queue_element   / save element
(1)     521 : 2670                       isz     I queue_ptr     / queue_get
(1)     522 : 1670                       tad     I queue_ptr     / AC=queue_get
(1)     523 : 1267                       tad     queue_tmp       / AC=queue_get-queue_size
(1)     524 : 7510                       spa                     / skip if queue_get >= queue_size
(1)     525 : 5330                       jmp     queue_remove_exit
(1)     526 : 7200                       cla
(1)     527 : 3670                       dca     I queue_ptr     / queue_get = 0
(1)     530 :                    queue_remove_exit,
(1)     530 : 7120                       stl                     / L=
(1)     531 : 7200                       cla
(1)     532 : 1271                       tad     queue_element   / restore element
(1)     533 : 5674                       jmp     I queue_remove  / return
(1)     534 :                    queue_remove_empty,
(1)     534 : 7100                       cll                     / L=0
(1)     535 : 5674                       jmp     I queue_remove  / return
