          0 :                    ;;; -*- mode: asm; mode: flyspell-prog; -*-
          0 :                            include "im6100.inc"
(1)       0 :                    ;;; -*- mode: asm; mode: flyspell-prog; -*-
(1)       0 :                            cpu     6100
(1)       0 :                    /// Origin
(1)       0 : =17141             ORG_RESET =     7777
(1)       0 : =0                 PC_INTR =       0000
(1)       0 : =1                 ORG_INTR  =     0001
(1)       0 :                    /// FLAGS; RTF, GTF
(1)       0 : =7640              FLAGS_LINK   = 4000
(1)       0 : =1750              FLAGS_INTREQ = 1000
(1)       0 : =200               FLAGS_IEFF   = 0200
          0 :                    /// MC6850 Asynchronous Communication Interface Adapter
          0 : =7770              ACIA    = 07770
          0 :                            include "mc6850.inc"
(1)       0 :                    /// -*- mode: asm; mode: flyspell-prog; -*-
(1)       0 :                    /// MC6850
(1)       0 :                    /// Asynchronous Communication Interface Adapter
(1)       0 : =7770              ACIA_control_a  =       ACIA+0
(1)       0 : =7770              ACIA_status_a   =       ACIA+0
(1)       0 : =7771              ACIA_data_a     =       ACIA+1
(1)       0 :                    //  Counter Divider Select Bits
(1)       0 : =3                 CDS_gm          =       011B    / Group mask
(1)       0 : =0                 CDS_DIV1_gc     =       000B    / /1
(1)       0 : =1                 CDS_DIV16_gc    =       001B    / /16
(1)       0 : =2                 CDS_DIV64_gc    =       010B    / /64
(1)       0 : =3                 CDS_RESET_gc    =       011B    / Master Reset
(1)       0 :                    //  Word Select Bits
(1)       0 : =34                WSB_gm          =       011100B / Group mask
(1)       0 : =0                 WSB_7E2_gc      =       000000B / 7 Bits + Even Parity + 2 Stop Bits
(1)       0 : =4                 WSB_7O2_gc      =       000100B / 7 bits + Odd Parity  + 2 Stop Bits
(1)       0 : =10                WSB_7E1_gc      =       001000B / 7 bits + Even Parity + 1 Stop Bits
(1)       0 : =14                WSB_7O1_gc      =       001100B / 7 bits + Odd Parity  + 1 Stop Bits
(1)       0 : =20                WSB_8N2_gc      =       010000B / 8 bits + No Parity   + 2 Stop Bits
(1)       0 : =24                WSB_8N1_gc      =       010100B / 8 bits + No Parity   + 1 Stop Bits
(1)       0 : =30                WSB_8E1_gc      =       011000B / 8 bits + Even Parity + 1 Stop Bits
(1)       0 : =34                WSB_8O1_gc      =       011100B / 8 bits + Odd Parity  + 1 Stop Bits
(1)       0 :                    //  Transmit Control Bits
(1)       0 : =140               TCB_gm          =     01100000B / Group mask
(1)       0 : =0                 TCB_DI_gc       =     00000000B / RTS=Low,  Tx Interrupt Disabled
(1)       0 : =40                TCB_EI_gc       =     00100000B / RTS=Low,  Tx Interrupt Enabled
(1)       0 : =100               TCB_RTS_gc      =     01000000B / RTS=High, Tx Interrupt Disabled
(1)       0 : =140               TCB_BREAK_gc    =     01100000B / RTS=Low,  Tx Interrupt Disabled
(1)       0 :                                                    / Transmit Break Level
(1)       0 : =200               RIEB_bm         =     10000000B / Receive Interrupt Enable Bit mask
(1)       0 :                    /// Status register
(1)       0 : =1                 RDRF_bm         =     00000001B / Receive Data Register Full
(1)       0 : =2                 TDRE_bm         =     00000010B / Transmit Data Register Empty
(1)       0 : =4                 DCDF_bm         =     00000100B / Data Carrier Detect Flag
(1)       0 : =10                CTSF_bm         =     00001000B / Clear To Send Flag
(1)       0 : =20                FERR_bm         =     00010000B / Frame Error Flag
(1)       0 : =40                OVRN_bm         =     00100000B / Receiver Overrun Flag
(1)       0 : =100               PERR_bm         =     01000000B / Parity Error Flag
(1)       0 : =200               IRQF_bm         =     10000000B / Interrupt Request Flag
          0 :
       7776 :                            *7776
       7776 : 0204                       initialize
       7777 :                            *7777
       7777 : 5776                       jmp     I 7776
      10000 :
        200 :                            *200
        200 :                    ACIA_control,
        200 :                    ACIA_status,
        200 : 7770                       ACIA_control_a
        201 :                    ACIA_data,
        201 : 7771                       ACIA_data_a
        202 :                    ACIA_config,
        202 : 0003                       CDS_RESET_gc
        203 : 0024                       WSB_8N1_gc
        204 :                    initialize,
        204 :                            // Initialize ACIA
        204 : 7200                       cla
        205 : 1202                       tad     ACIA_config
        206 : 3600                       dca     I ACIA_control
        207 : 1203                       tad     ACIA_config+1
        210 : 3600                       dca     I ACIA_control
        211 :
        211 :                    loop,
        211 : 4225                       jms     getchar
        212 : 7450                       sna                     / Skip if AC != 0
        213 : 5224                       jmp     halt_to_system
        214 :                    echo,
        214 : 4237                       jms     putchar
        215 : 1222                       tad     char_CR         / AC - '\r'
        216 : 7440                       sza                     / Skip if AC == 0
        217 : 5211                       jmp     loop
        220 : 1223                       tad     char_LF
        221 : 5214                       jmp     echo
        222 :                    char_CR,
        222 : 7763                       -015                    / Carriage return
        223 :                    char_LF,
        223 : 0012                       012                     / Line feed
        224 :                    halt_to_system,
        224 : 7402                       hlt
        225 :
        225 :                    getchar,
        225 : 0000                       0
        226 :                    getchar_loop,
        226 : 7200                       cla
        227 : 1600                       tad     I ACIA_status
        230 : 0236                       and     bit_receive
        231 : 7450                       sna                             / Skip if AC != 0
        232 : 5226                       jmp     getchar_loop
        233 : 7200                       cla
        234 : 1601                       tad     I ACIA_data
        235 : 5625                       jmp     I getchar
        236 :                    bit_receive,
        236 : 0001                       RDRF_bm
        237 :
        237 :                    putchar,
        237 : 0000                       0
        240 : 3253                       dca     putchar_char            / Save character
        241 :                    putchar_loop,
        241 : 7200                       cla
        242 : 1600                       tad     I ACIA_status
        243 : 0254                       and     bit_transmit
        244 : 7450                       sna                             / Skip if AC != 0
        245 : 5241                       jmp     putchar_loop
        246 : 7200                       cla
        247 : 1253                       tad     putchar_char            / Restore character
        250 : 3601                       dca     I ACIA_data
        251 : 1253                       tad     putchar_char
        252 : 5637                       jmp     I putchar
        253 :                    putchar_char,
        253 : 0000                       0
        254 :                    bit_transmit,
        254 : 0002                       TDRE_bm
