          0 :                            cpu     6811
          0 :                            include "mc68hc11.inc"
(1)       0 :                    ;;; -*- mode: asm; mode: flyspell-prog; -*-
(1)       0 :                    ;;; MC68HC11
(1)       0 :                    ;;; Condition Code Register (CC)
(1)       0 : =1                 CC_CARRY      equ  %00000001   ; set to 1 if carry occurred
(1)       0 : =2                 CC_OVERFLOW   equ  %00000010   ; set to 1 if overflow occurred
(1)       0 : =4                 CC_ZERO       equ  %00000100   ; set to 1 if result is zero
(1)       0 : =8                 CC_NEGATIVE   equ  %00001000   ; set to 1 if result is negative
(1)       0 : =10                CC_IRQ        equ  %00010000   ; if 1, IRQ is masked
(1)       0 : =20                CC_HALF_CARRY equ  %00100000   ; if 1, decimal carry from least digit occurred
(1)       0 : =40                CC_XIRQ       equ  %01000000   ; if 1, XIRQ is masked
(1)       0 : =80                CC_STOP       equ  %10000000   ; if 1, STOP instruction is disabled
(1)       0 :
(1)       0 :                    ;;; Vector
(1)       0 : =FFF2              VEC_IRQ:        equ     $FFF2  ; $FFF2: #IRQ 
(1)       0 : =FFF4              VEC_XIRQ:       equ     $FFF4  ; $FFF4: #XIRQ
(1)       0 : =FFF6              VEC_SWI:        equ     $FFF6  ; $FFF6: Software Interrupt
(1)       0 : =FFF8              VEC_ILOP:       equ     $FFF8  ; $FFF8: Illegal Opecode Trap
(1)       0 : =FFFA              VEC_COP:        equ     $FFFA  ; $FFFA: COP (Watchdog) Failure
(1)       0 : =FFFC              VEC_CMF:        equ     $FFFC  ; $FFFC: Clock Monitor Fail
(1)       0 : =FFFE              VEC_RESET:      equ     $FFFE  ; $FFFE: Reset
          0 :
          0 :                    ;;; MC6850 Asynchronous Communication Interface Adapter
          0 : =DF00              ACIA:   equ     $DF00
          0 :                            include "mc6850.inc"
(1)       0 :                    ;;; -*- mode: asm; mode: flyspell-prog; -*-
(1)       0 :
(1)       0 :                    ;;; MC6850
(1)       0 :                    ;;; Asynchronous Communication Interface Adapter
(1)       0 :
(1)       0 :                    ;;; Control register
(1)       0 : =DF00              ACIA_control:   equ     ACIA+0
(1)       0 :                            ;; Counter Divider Select Bits
(1)       0 : =3                 CDS_gm:         equ     %11    ; Group mask
(1)       0 : =0                 CDS_DIV1_gc:    equ     %00000000 ; /1
(1)       0 : =1                 CDS_DIV16_gc:   equ     %00000001 ; /16
(1)       0 : =2                 CDS_DIV64_gc:   equ     %00000010 ; /64
(1)       0 : =3                 CDS_RESET_gc:   equ     %00000011 ; Master Reset
(1)       0 :                            ;; Word Select Bits
(1)       0 : =1C                WSB_gm:         equ     %00011100 ; Group mask
(1)       0 : =0                 WSB_7E2_gc:     equ     %00000000 ; 7 Bits + Even Parity + 2 Stop Bits
(1)       0 : =4                 WSB_7O2_gc:     equ     %00000100 ; 7 bits + Odd Parity  + 2 Stop Bits
(1)       0 : =8                 WSB_7E1_gc:     equ     %00001000 ; 7 bits + Even Parity + 1 Stop Bits
(1)       0 : =C                 WSB_7O1_gc:     equ     %00001100 ; 7 bits + Odd Parity  + 1 Stop Bits
(1)       0 : =10                WSB_8N2_gc:     equ     %00010000 ; 8 bits + No Parity   + 2 Stop Bits
(1)       0 : =14                WSB_8N1_gc:     equ     %00010100 ; 8 bits + No Parity   + 1 Stop Bits
(1)       0 : =18                WSB_8E1_gc:     equ     %00011000 ; 8 bits + Even Parity + 1 Stop Bits
(1)       0 : =1C                WSB_8O1_gc:     equ     %00011100 ; 8 bits + Odd Parity  + 1 Stop Bits
(1)       0 :                            ;; Transmit Control Bits
(1)       0 : =60                TCB_gm:         equ     %01100000 ; Group mask
(1)       0 : =0                 TCB_DI_gc:      equ     %00000000 ; RTS=Low,  Tx Interrupt Disabled
(1)       0 : =20                TCB_EI_gc:      equ     %00100000 ; RTS=Low,  Tx Interrupt Enabled
(1)       0 : =40                TCB_RTS_gc:     equ     %01000000 ; RTS=High, Tx Interrupt Disabled
(1)       0 : =60                TCB_BREAK_gc:   equ     %01100000 ; RTS=Low,  Tx Interrupt Disabled
(1)       0 :                                                      ; Transmit Break Level
(1)       0 : =80                RIEB_bm:        equ     %10000000 ; Receive Interrupt Enable Bit mask
(1)       0 :
(1)       0 :                    ;;; Status register
(1)       0 : =DF00              ACIA_status:    equ     ACIA+0
(1)       0 : =1                 RDRF_bm:        equ     %00000001 ; Receive Data Register Full
(1)       0 : =2                 TDRE_bm:        equ     %00000010 ; Transmit Data Register Empty
(1)       0 : =4                 DCDF_bm:        equ     %00000100 ; Data Carrier Detect Flag
(1)       0 : =8                 CTSF_bm:        equ     %00001000 ; Clear To Send Flag
(1)       0 : =10                FERR_bm:        equ     %00010000 ; Frame Error Flag
(1)       0 : =20                OVRN_bm:        equ     %00100000 ; Receiver Overrun Flag
(1)       0 : =40                PERR_bm:        equ     %01000000 ; Parity Error Flag
(1)       0 : =80                IRQF_bm:        equ     %10000000 ; Interrupt Request Flag
(1)       0 :
(1)       0 :                    ;;; Data register
(1)       0 : =DF01              ACIA_data:      equ     ACIA+1          ; Data register
          0 : =94                RX_INT_TX_NO:   equ     WSB_8N1_gc|RIEB_bm
          0 : =B4                RX_INT_TX_INT:  equ     WSB_8N1_gc|RIEB_bm|TCB_EI_gc
          0 :
         40 :                            org     $40
         40 :                    ;;; Working space for mandelbrot.inc
         40 : =32                F:      equ     50
         40 :                    vC:     rmb     2
         42 :                    vD:     rmb     2
         44 :                    vA:     rmb     2
         46 :                    vB:     rmb     2
         48 :                    vS:     rmb     2
         4A :                    vP:     rmb     2
         4C :                    vQ:     rmb     2
         4E :                    vY:     rmb     1
         4F :                    vX:     rmb     1
         50 :                    vI:     rmb     1
         51 :
         51 :                    ;;; Working space for arith.inc
         51 :                    R0:
         51 :                    R0H:    rmb     1
         52 :                    R0L:    rmb     1
         53 :                    R1:
         53 :                    R1H:    rmb     1
         54 :                    R1L:    rmb     1
         55 :                    R2:
         55 :                    R2H:    rmb     1
         56 :                    R2L:    rmb     1
         57 :
       2000 :                            org     $2000
       2000 : =80                rx_queue_size:  equ     128
       2000 :                    rx_queue:       rmb     rx_queue_size
       2080 : =80                tx_queue_size:  equ     128
       2080 :                    tx_queue:       rmb     tx_queue_size
       2100 :
       1000 :                            org     $1000
       1000 : =FFF               stack:  equ     *-1             ; MC6800's SP is post-decrement/pre-increment
       1000 :
       FFF2 :                            org     VEC_IRQ
       FFF2 : 03 92                      fdb     isr_irq
       FFF4 :
       FFF6 :                            org     VEC_SWI
       FFF6 : FF F6                      fdb     VEC_SWI         ; for halt to system
       FFF8 :
       FFFE :                            org     VEC_RESET
       FFFE : 01 00                      fdb     initialize
      10000 :
        100 :                            org     $0100
        100 :                    initialize:
        100 : 8E 0F FF                   lds     #stack
        103 : CE 20 00                   ldx     #rx_queue
        106 : C6 80                      ldab    #rx_queue_size
        108 : BD 03 4B                   jsr     queue_init
        10B : CE 20 80                   ldx     #tx_queue
        10E : C6 80                      ldab    #tx_queue_size
        110 : BD 03 4B                   jsr     queue_init
        113 :                            ;; initialize ACIA
        113 : 86 03                      ldaa    #CDS_RESET_gc   ; master reset
        115 : B7 DF 00                   staa    ACIA_control
        118 : 86 94                      ldaa    #RX_INT_TX_NO
        11A : B7 DF 00                   staa    ACIA_control
        11D : 0E                         cli                     ; enable IRQ
        11E :
        11E :                    loop:
        11E : BD 01 61                   jsr     mandelbrot
        121 : BD 01 33                   jsr     newline
        124 : 20 F8                      bra     loop
        126 :
        126 :                    ;;; Get character
        126 :                    ;;; @return A
        126 :                    ;;; @return CC.C 0 if no character
        126 :                    ;;; @clobber X
        126 :                    getchar:
        126 : 0F                         sei                     ; disable IRQ
        127 : CE 20 00                   ldx     #rx_queue
        12A : BD 03 76                   jsr     queue_remove
        12D : 0E                         cli                     ; enable IRQ
        12E : 39                         rts
        12F :
        12F :                    ;;; Put character
        12F :                    ;;; @param A
        12F :                    ;;; @clobber X
        12F :                    putspace:
        12F : 86 20                      ldaa    #' '
        131 : 20 06                      bra     putchar
        133 :                    newline:
        133 : 86 0D                      ldaa    #$0D
        135 : 8D 02                      bsr     putchar
        137 : 86 0A                      ldaa    #$0A
        139 :                    putchar:
        139 : 36                         psha
        13A : CE 20 80                   ldx     #tx_queue
        13D :                    putchar_retry:
        13D : 0F                         sei                     ; disable IRQ
        13E : BD 03 5A                   jsr     queue_add
        141 : 0E                         cli                     ; enable IRQ
        142 : 24 F9                      bcc     putchar_retry   ; branch if queue is full
        144 : 86 B4                      ldaa    #RX_INT_TX_INT  ; enable Tx interrupt
        146 : B7 DF 00                   staa    ACIA_control
        149 : 32                         pula
        14A : 39                         rts
        14B :
        14B :                            include "mandelbrot.inc"
(1)     14B :                    ;;; -*- mode: asm; mode: flyspell-prog; -*-
(1)     14B :                            cpu     6811
(1)     14B :
(1)     14B :                    ;;; Print variable: "A=variable "
(1)     14B :                    ;;; @param X variable
(1)     14B :                    ;;; @param A variable letter
(1)     14B :                    ;;; @clobber R0
(1)     14B :                    print:
(1)     14B : DF 51                      stx     R0
(1)     14D : BD 01 39                   jsr     putchar         ; print variable letter
(1)     150 : 86 3D                      ldaa    #'='
(1)     152 : BD 01 39                   jsr     putchar         ; '='
(1)     155 : BD 02 C1                   jsr     print_int16
(1)     158 : 7E 01 2F                   jmp     putspace
(1)     15B :
(1)     15B :                    ;;; Sign extend B into D
(1)     15B :                    ;;; @param B
(1)     15B :                    ;;; @return D sign extended B
(1)     15B :                    sex_B:
(1)     15B : 4F                         clra
(1)     15C : 5D                         tstb
(1)     15D : 2A 01                      bpl     load_8bit_plus
(1)     15F : 43                         coma
(1)     160 :                    load_8bit_plus:
(1)     160 : 39                         rts
(1)     161 :
(1)     161 :                    mandelbrot:
(1)     161 : 86 F4                      ldaa    #-12
(1)     163 : 97 4E                      staa    vY              ; Y=-12
(1)     165 :                    loop_y:
(1)     165 : 86 CF                      ldaa    #-49
(1)     167 : 97 4F                      staa    vX              ; X=-49
(1)     169 :                    loop_x:
(1)     169 : D6 4F                      ldab    vX
(1)     16B : 8D EE                      bsr     sex_B
(1)     16D : DD 53                      std     R1              ; R1=X
(1)     16F : CE 00 E5                   ldx     #229
(1)     172 : DF 55                      stx     R2
(1)     174 : BD 03 07                   jsr     mul16           ; R0=X*229
(1)     177 : DE 51                      ldx     R0
(1)     179 : DF 53                      stx     R1
(1)     17B : CE 00 64                   ldx     #100
(1)     17E : DF 55                      stx     R2
(1)     180 : BD 03 2B                   jsr     div16           ; R0=X*229/100
(1)     183 : DE 51                      ldx     R0
(1)     185 : DF 40                      stx     vC              ; C=X*229/100
(1)     187 : DF 44                      stx     vA              ; A=C
(1)     189 : D6 4E                      ldab    vY
(1)     18B : 8D CE                      bsr     sex_B
(1)     18D : DD 53                      std     R1              ; R1=Y
(1)     18F : CE 01 A0                   ldx     #416
(1)     192 : DF 55                      stx     R2
(1)     194 : BD 03 07                   jsr     mul16           ; R0=Y*416
(1)     197 : DE 51                      ldx     R0
(1)     199 : DF 53                      stx     R1
(1)     19B : CE 00 64                   ldx     #100
(1)     19E : DF 55                      stx     R2
(1)     1A0 : BD 03 2B                   jsr     div16           ; R0=Y*416/100
(1)     1A3 : DE 51                      ldx     R0
(1)     1A5 : DF 42                      stx     vD              ; D=Y*416/100
(1)     1A7 : DF 46                      stx     vB              ; B=D
(1)     1A9 : 7F 00 50                   clr     vI              ; I=0
(1)     1AC :
(1)     1AC :                            ;; ldaa    vY              ; Y
(1)     1AC :                            ;; jsr     sex_A
(1)     1AC :                            ;; ldaa    #'Y'
(1)     1AC :                            ;; jsr     print
(1)     1AC :                            ;; ldaa    vX              ; X
(1)     1AC :                            ;; jsr     sex_A
(1)     1AC :                            ;; ldaa    #'X'
(1)     1AC :                            ;; jsr     print
(1)     1AC :                            ;; ldx     vC              ; C
(1)     1AC :                            ;; ldaa    #'C'
(1)     1AC :                            ;; jsr     print
(1)     1AC :                            ;; ldx     vD              ; D
(1)     1AC :                            ;; ldaa    #'D'
(1)     1AC :                            ;; jsr     print
(1)     1AC :                            ;; jsr     newline
(1)     1AC :
(1)     1AC :                    loop_i:
(1)     1AC : DE 46                      ldx     vB
(1)     1AE : DF 53                      stx     R1              ; R1=B
(1)     1B0 : CE 00 32                   ldx     #F
(1)     1B3 : DF 55                      stx     R2              ; R2=F
(1)     1B5 : BD 03 2B                   jsr     div16           ; R0=B/F
(1)     1B8 : DE 51                      ldx     R0
(1)     1BA : DF 4C                      stx     vQ              ; Q=B/F
(1)     1BC : DF 53                      stx     R1              ; R1=Q
(1)     1BE : CE 00 32                   ldx     #F
(1)     1C1 : DF 55                      stx     R2              ; R2=F
(1)     1C3 : BD 03 07                   jsr     mul16           ; R0=Q*F
(1)     1C6 : DC 46                      ldd     vB
(1)     1C8 : 93 51                      subd    R0              ; B-Q*F
(1)     1CA : DD 48                      std     vS              ; S=B-Q*F
(1)     1CC : DE 44                      ldx     vA
(1)     1CE : DF 53                      stx     R1              ; R1=A
(1)     1D0 : DF 55                      stx     R2              ; R2=A
(1)     1D2 : BD 03 07                   jsr     mul16           ; R0=A*A
(1)     1D5 : DE 51                      ldx     R0
(1)     1D7 : 3C                         pshx                    ; push A*A
(1)     1D8 : DE 46                      ldx     vB
(1)     1DA : DF 53                      stx     R1              ; R1=B
(1)     1DC : DF 55                      stx     R2              ; R2=B
(1)     1DE : BD 03 07                   jsr     mul16           ; R0=B*B
(1)     1E1 : 32                         pula
(1)     1E2 : 33                         pulb                    ; A*A
(1)     1E3 : 93 51                      subd    R0              ; A*A-B*B
(1)     1E5 : DD 53                      std     R1              ; R1=A*A-B*B
(1)     1E7 : CE 00 32                   ldx     #F
(1)     1EA : DF 55                      stx     R2
(1)     1EC : BD 03 2B                   jsr     div16           ; R0=(A*A-B*B)/F
(1)     1EF : DC 51                      ldd     R0
(1)     1F1 : D3 40                      addd    vC
(1)     1F3 : 37                         pshb
(1)     1F4 : 36                         psha                    ; push (A*A-B*B)/F+C
(1)     1F5 : DE 44                      ldx     vA
(1)     1F7 : DF 53                      stx     R1              ; R1=A
(1)     1F9 : DE 4C                      ldx     vQ
(1)     1FB : DF 55                      stx     R2              ; R2=Q
(1)     1FD : BD 03 07                   jsr     mul16           ; R0=A*Q
(1)     200 : DE 51                      ldx     R0
(1)     202 : 3C                         pshx                    ; push A*Q
(1)     203 : DE 44                      ldx     vA
(1)     205 : DF 53                      stx     R1              ; R1=A
(1)     207 : DE 48                      ldx     vS
(1)     209 : DF 55                      stx     R2              ; R2=S
(1)     20B : BD 03 07                   jsr     mul16           ; R0=A*S
(1)     20E : DE 51                      ldx     R0
(1)     210 : DF 53                      stx     R1              ; R1=A*S
(1)     212 : CE 00 32                   ldx     #F
(1)     215 : DF 55                      stx     R2
(1)     217 : BD 03 2B                   jsr     div16           ; R0=A*S/F
(1)     21A : 32                         pula
(1)     21B : 33                         pulb                    ; A*Q
(1)     21C : D3 51                      addd    R0              ; A*Q+A*S/F
(1)     21E : DD 51                      std     R0              ; R0=A*Q+A*S/F
(1)     220 : D3 51                      addd    R0              ; 2*(A*Q+A*S/F)
(1)     222 : D3 42                      addd    vD              ; 2*(A*Q+A*S/F)+D
(1)     224 : DD 46                      std     vB              ; B=2*(A*Q+A*S/F)+D
(1)     226 : 38                         pulx                    ; pop (A*A-B*B)/F+C
(1)     227 : DF 44                      stx     vA              ; A=(A*A-B*B)/F+C
(1)     229 : DF 53                      stx     R1              ; R1=A
(1)     22B : CE 00 32                   ldx     #F
(1)     22E : DF 55                      stx     R2              ; R2=F
(1)     230 : BD 03 2B                   jsr     div16           ; R0=A/F
(1)     233 : DE 51                      ldx     R0
(1)     235 : DF 4A                      stx     vP              ; P=A/F
(1)     237 : DE 46                      ldx     vB
(1)     239 : DF 53                      stx     R1              ; R1=B
(1)     23B : CE 00 32                   ldx     #F
(1)     23E : DF 55                      stx     R2              ; R2=F
(1)     240 : BD 03 2B                   jsr     div16           ; R0=B/F
(1)     243 : DE 51                      ldx     R0
(1)     245 : DF 4C                      stx     vQ              ; Q=B/F
(1)     247 :
(1)     247 :                            ;; jsr     putspace
(1)     247 :                            ;; ldaa    vI              ; I
(1)     247 :                            ;; jsr     sex_A
(1)     247 :                            ;; ldaa    #'I'
(1)     247 :                            ;; jsr     print
(1)     247 :                            ;; ldx     vA              ; A
(1)     247 :                            ;; ldaa    #'A'
(1)     247 :                            ;; jsr     print
(1)     247 :                            ;; ldx     vB              ; B
(1)     247 :                            ;; ldaa    #'B'
(1)     247 :                            ;; jsr     print
(1)     247 :                            ;; ldx     vP              ; P
(1)     247 :                            ;; ldaa    #'P'
(1)     247 :                            ;; jsr     print
(1)     247 :                            ;; ldx     vQ              ; Q
(1)     247 :                            ;; ldaa    #'Q'
(1)     247 :                            ;; jsr     print
(1)     247 :                            ;; jsr     newline
(1)     247 :
(1)     247 : DE 4A                      ldx     vP
(1)     249 : DF 53                      stx     R1              ; R1=P
(1)     24B : DF 55                      stx     R2              ; R2=P
(1)     24D : BD 03 07                   jsr     mul16           ; R0=P*P
(1)     250 : DE 51                      ldx     R0
(1)     252 : 3C                         pshx                    ; push P*P
(1)     253 : DE 4C                      ldx     vQ
(1)     255 : DF 53                      stx     R1              ; R1=Q
(1)     257 : DF 55                      stx     R2              ; R2=Q
(1)     259 : BD 03 07                   jsr     mul16           ; R0=Q*Q
(1)     25C : 32                         pula
(1)     25D : 33                         pulb                    ; pop P*P
(1)     25E : D3 51                      addd    R0              ; Q*Q+P*P
(1)     260 : 83 00 04                   subd    #4              ; Q*Q+P*P-4
(1)     263 : 2E 10                      bgt     print_i         ; if 4<P*P+Q*Q
(1)     265 : 7C 00 50                   inc     vI              ; I+=1
(1)     268 : 96 50                      ldaa    vI
(1)     26A : 81 10                      cmpa    #16
(1)     26C : 2A 03                      bpl     print_space
(1)     26E : 7E 01 AC                   jmp     loop_i          ; if I<16
(1)     271 :                    print_space:
(1)     271 : 86 20                      ldaa    #' '
(1)     273 : 20 0C                      bra     print_char
(1)     275 :                    print_i:
(1)     275 : 96 50                      ldaa    vI
(1)     277 : 80 0A                      suba    #10
(1)     279 : 2A 04                      bpl     print_i2       ; if I>=10
(1)     27B : 8B 3A                      adda    #10+'0'
(1)     27D : 20 02                      bra     print_char
(1)     27F :                    print_i2:
(1)     27F : 8B 41                      adda    #'A'
(1)     281 :                    print_char:
(1)     281 :                            ;; psha
(1)     281 :                            ;; ldaa    #'@'
(1)     281 :                            ;; jsr     putchar
(1)     281 :                            ;; ldaa    #'='
(1)     281 :                            ;; jsr     putchar
(1)     281 :                            ;; pula
(1)     281 :                            ;; jsr     putchar
(1)     281 :                            ;; jsr     newline
(1)     281 :
(1)     281 : BD 01 39                   jsr     putchar
(1)     284 : BD 01 26                   jsr     getchar
(1)     287 : 24 04                      bcc     next_x
(1)     289 : 4D                         tsta
(1)     28A : 26 01                      bne     next_x
(1)     28C : 3F                         swi                     ; halt to system
(1)     28D :                    next_x:
(1)     28D : 7C 00 4F                   inc     vX              ; X+=1
(1)     290 : 96 4F                      ldaa    vX
(1)     292 : 81 1E                      cmpa    #30
(1)     294 : 2A 03                      bpl     next_y
(1)     296 : 7E 01 69                   jmp     loop_x          ; if X<30
(1)     299 :                    next_y:
(1)     299 : BD 01 33                   jsr     newline
(1)     29C : 7C 00 4E                   inc     vY              ; Y+=1
(1)     29F : 96 4E                      ldaa    vY
(1)     2A1 : 81 0D                      cmpa    #13
(1)     2A3 : 2A 03                      bpl     mandelbrot_end
(1)     2A5 : 7E 01 65                   jmp     loop_y          ; if Y<13
(1)     2A8 :                    mandelbrot_end:
(1)     2A8 : 39                         rts
        2A9 :                            include "arith.inc"
(1)     2A9 :                    ;;; -*- mode: asm; mode: flyspell-prog; -*-
(1)     2A9 :                            cpu     6811
(1)     2A9 :
(1)     2A9 :                    ;;; Print unsigned 16-bit integer as decimal
(1)     2A9 :                    ;;; @param R0 value
(1)     2A9 :                    ;;; @clobber D X R0
(1)     2A9 :                    print_uint16:
(1)     2A9 : DC 51                      ldd     R0
(1)     2AB : 27 0E                      beq     print_uint16_zero
(1)     2AD :                    print_uint16_loop:
(1)     2AD : DC 51                      ldd     R0
(1)     2AF : 27 0F                      beq     print_uint16_end ; branch if value == 0
(1)     2B1 : CE 00 0A                   ldx     #10
(1)     2B4 : 02                         idiv
(1)     2B5 : DF 51                      stx     R0              ; quotient
(1)     2B7 : 37                         pshb                    ; push reminder
(1)     2B8 : 8D F3                      bsr     print_uint16_loop
(1)     2BA : 32                         pula
(1)     2BB :                    print_uint16_zero:
(1)     2BB : 8A 30                      oraa    #'0'
(1)     2BD : 7E 01 39                   jmp     putchar
(1)     2C0 :                    print_uint16_end:
(1)     2C0 : 39                         rts
(1)     2C1 :
(1)     2C1 :                    ;;; Print signed 16-bit integer as decimal
(1)     2C1 :                    ;;; @param R0 value
(1)     2C1 :                    ;;; @clobber D X R0
(1)     2C1 :                    print_int16:
(1)     2C1 : 96 51                      ldaa    R0H
(1)     2C3 : 2A 0B                      bpl     print_int16_print
(1)     2C5 : 86 2D                      ldaa    #'-'
(1)     2C7 : BD 01 39                   jsr     putchar
(1)     2CA : DC 51                      ldd     R0
(1)     2CC : 8D 05                      bsr     neg_D
(1)     2CE : DD 51                      std     R0
(1)     2D0 :                    print_int16_print:
(1)     2D0 : 8D D7                      bsr     print_uint16
(1)     2D2 : 39                         rts
(1)     2D3 :
(1)     2D3 :                    ;;; Negate D
(1)     2D3 :                    ;;; @param D register
(1)     2D3 :                    neg_D:
(1)     2D3 : 43                         coma
(1)     2D4 : 53                         comb
(1)     2D5 : CB 01                      addb    #1
(1)     2D7 : 89 00                      adca    #0
(1)     2D9 : 39                         rts
(1)     2DA :
(1)     2DA :                    ;;; Addition: R0 = R1 + R2
(1)     2DA :                    ;;; @clobber D
(1)     2DA :                    add16:
(1)     2DA : DC 53                      ldd     R1
(1)     2DC : D3 55                      addd    R2
(1)     2DE : DD 51                      std     R0
(1)     2E0 : 39                         rts
(1)     2E1 :
(1)     2E1 :                    ;;; Subtraction: R0 = R1 + R2
(1)     2E1 :                    ;;; @clobber D
(1)     2E1 :                    sub16:
(1)     2E1 : DC 53                      ldd     R1
(1)     2E3 : 93 55                      subd    R2
(1)     2E5 : DD 51                      std     R0
(1)     2E7 : 39                         rts
(1)     2E8 :
(1)     2E8 :                    ;;; Unsigned multiplication: result = multiplicand * multiplier
(1)     2E8 :                    ;;; @param X multiplicand
(1)     2E8 :                    ;;; @param Y multiplier
(1)     2E8 :                    ;;; @return R0 result
(1)     2E8 :                    ;;; @clobber R1 R2
(1)     2E8 :                    umul16:
(1)     2E8 : DF 53                      stx     R1
(1)     2EA : 18 DF 55                   sty     R2
(1)     2ED : 96 54                      ldaa    R1L
(1)     2EF : D6 56                      ldab    R2L
(1)     2F1 : 3D                         mul                     ; low(multiplicand)*low(multiplier)
(1)     2F2 : DD 51                      std     R0
(1)     2F4 : 96 54                      ldaa    R1L
(1)     2F6 : D6 55                      ldab    R2H
(1)     2F8 : 3D                         mul                     ; low(multiplicand)*high(multiplier)
(1)     2F9 : DB 51                      addb    R0H
(1)     2FB : D7 51                      stab    R0H
(1)     2FD : 96 53                      ldaa    R1H
(1)     2FF : D6 56                      ldab    R2L
(1)     301 : 3D                         mul                     ; high(multiplicand)*low(multiplier)
(1)     302 : DB 51                      addb    R0H
(1)     304 : D7 51                      stab    R0H
(1)     306 : 39                         rts
(1)     307 :
(1)     307 :                    ;;; Multiply; result = multiplicand * multiplier
(1)     307 :                    ;;; @param R1 multiplicand
(1)     307 :                    ;;; @param R2 multiplier
(1)     307 :                    ;;; @return R0 result
(1)     307 :                    ;;; @clobber R1 R2
(1)     307 :                    mul16:
(1)     307 : 96 53                      ldaa    R1H
(1)     309 : 98 55                      eora    R2H
(1)     30B : 36                         psha                    ; save hi(multiplicand^multiplier)
(1)     30C : DC 55                      ldd     R2
(1)     30E : 2A 03                      bpl     mul16_multiplicand
(1)     310 : BD 02 D3                   jsr     neg_D           ; negate multiplier
(1)     313 :                    mul16_multiplicand:
(1)     313 : 8F                         xgdx
(1)     314 : DC 53                      ldd     R1
(1)     316 : 2A 03                      bpl     mul16_multiply
(1)     318 : BD 02 D3                   jsr     neg_D           ; negate multiplicand
(1)     31B :                    mul16_multiply:
(1)     31B : 18 8F                      xgdy
(1)     31D : 8D C9                      bsr     umul16          ; R0=result
(1)     31F : 32                         pula                    ; A=(multiplicand^multiplier)
(1)     320 : 4D                         tsta
(1)     321 : 2A 07                      bpl     mul16_end
(1)     323 : DC 51                      ldd     R0
(1)     325 : BD 02 D3                   jsr     neg_D           ; negate result
(1)     328 : DD 51                      std     R0
(1)     32A :                    mul16_end:
(1)     32A : 39                         rts
(1)     32B :
(1)     32B :                    ;;; Division; dividend / divisor = quotient ... reminder
(1)     32B :                    ;;; @param R1 dividend
(1)     32B :                    ;;; @param R2 divisor
(1)     32B :                    ;;; @return R0 quotient
(1)     32B :                    ;;; @return R1 reminder
(1)     32B :                    div16:
(1)     32B : 96 53                      ldaa    R1H
(1)     32D : 98 55                      eora    R2H
(1)     32F : 36                         psha                    ; save hi(dividend^divisor)
(1)     330 : DC 55                      ldd     R2
(1)     332 : 2A 03                      bpl     div16_dividend
(1)     334 : BD 02 D3                   jsr     neg_D           ; negate divisor
(1)     337 :                    div16_dividend:
(1)     337 : 8F                         xgdx
(1)     338 : DC 53                      ldd     R1
(1)     33A : 2A 03                      bpl     div16_divide
(1)     33C : BD 02 D3                   jsr     neg_D           ; negate dividend
(1)     33F :                    div16_divide:
(1)     33F : 02                         idiv                    ; D/X, X=quotient, D=reminder
(1)     340 : 32                         pula                    ; A=(dividend^divisor)
(1)     341 : 4D                         tsta
(1)     342 : 8F                         xgdx
(1)     343 : 2A 03                      bpl     div16_end
(1)     345 : BD 02 D3                   jsr     neg_D           ; negate result
(1)     348 :                    div16_end:
(1)     348 : DD 51                      std     R0
(1)     34A : 39                         rts
        34B :                            include "queue.inc"
(1)     34B :                    ;;; [queue] queue structure
(1)     34B : =0                 queue_len:      equ     0       ; queue length
(1)     34B : =1                 queue_size:     equ     1       ; buffer size
(1)     34B : =2                 queue_put:      equ     2       ; queue put index
(1)     34B : =3                 queue_get:      equ     3       ; queue get index
(1)     34B : =4                 queue_buf:      equ     4       ; buffer start offset
(1)     34B :
(1)     34B :                    ;;; [queue] Initialize queue
(1)     34B :                    ;;; @param X queue work space pointer
(1)     34B :                    ;;; @param B queue work space size
(1)     34B :                    ;;; @clobber B
(1)     34B :                    queue_init:
(1)     34B : 37                         pshb
(1)     34C : 3C                         pshx
(1)     34D :                    queue_init_loop:
(1)     34D : 6F 00                      clr     0,x
(1)     34F : 08                         inx
(1)     350 : 5A                         decb
(1)     351 : 26 FA                      bne     queue_init_loop
(1)     353 : 38                         pulx
(1)     354 : 33                         pulb
(1)     355 : C0 04                      subb    #queue_buf
(1)     357 : E7 01                      stab    queue_size,x
(1)     359 : 39                         rts
(1)     35A :
(1)     35A :                    ;;; [queue] Add an element to queue
(1)     35A :                    ;;; @param X queue work space pointer
(1)     35A :                    ;;; @param A an element
(1)     35A :                    ;;; @return CC.C 0 if queue is full
(1)     35A :                    queue_add:
(1)     35A : 37                 	pshb
(1)     35B : E6 00                      ldab    queue_len,x
(1)     35D : E1 01                      cmpb    queue_size,x
(1)     35F : 24 13                      bhs     queue_add_return ; carry is cleared
(1)     361 : E6 02                      ldab    queue_put,x     ; 8 bits offset
(1)     363 : 3C                         pshx
(1)     364 : 3A                         abx                     ; X+=B
(1)     365 : A7 04                      staa    queue_buf,x     ; store an element
(1)     367 : 38                         pulx
(1)     368 : 6C 00                      inc     queue_len,x
(1)     36A : 5C                         incb
(1)     36B : E7 02                      stab    queue_put,x
(1)     36D : E1 01                      cmpb    queue_size,x
(1)     36F : 25 03                      blo     queue_add_return ; carry is set
(1)     371 : 6F 02                      clr     queue_put,x
(1)     373 : 0D                         sec                     ; set carry
(1)     374 :                    queue_add_return:
(1)     374 : 33                 	pulb
(1)     375 : 39                         rts
(1)     376 :
(1)     376 :                    ;;; [queue] Remove an element from queue
(1)     376 :                    ;;; @param X queue work space pointer
(1)     376 :                    ;;; @return A an element
(1)     376 :                    ;;; @return CC.C 0 if queue is empty
(1)     376 :                    queue_remove:
(1)     376 : 6D 00                      tst     queue_len,x
(1)     378 : 26 02                      bne     queue_remove_elem
(1)     37A : 0C                         clc                     ; clear carry
(1)     37B : 39                         rts
(1)     37C :                    queue_remove_elem
(1)     37C : 37                 	pshb
(1)     37D : E6 03                      ldab    queue_get,x     ; 8 bits offset
(1)     37F : 3C                         pshx
(1)     380 : 3A                         abx                     ; X+=B
(1)     381 : A6 04                      ldaa    queue_buf,x     ; read an element
(1)     383 : 38                         pulx
(1)     384 : 6A 00                      dec     queue_len,x
(1)     386 : 5C                         incb
(1)     387 : E7 03                      stab    queue_get,x
(1)     389 : E1 01                      cmpb    queue_size,x
(1)     38B : 25 03                      blo     queue_remove_return ; carry is set
(1)     38D : 6F 03                      clr     queue_get,x
(1)     38F : 0D                         sec                     ; set carry
(1)     390 :                    queue_remove_return:
(1)     390 : 33                         pulb
(1)     391 : 39                         rts
(1)     392 :
(1)     392 :                    ;;; Local Variables:
(1)     392 :                    ;;; mode: asm
(1)     392 :                    ;;; End:
(1)     392 :                    ;;; vim: set ft=asm et ts=4 sw=4:
        392 :
        392 :                    isr_irq:
        392 : F6 DF 00                   ldab    ACIA_status
        395 : C5 80                      bitb    #IRQF_bm
        397 : 27 1C                      beq     isr_irq_exit
        399 : C5 01                      bitb    #RDRF_bm
        39B : 27 09                      beq     isr_irq_send
        39D : B6 DF 01                   ldaa    ACIA_data       ; receive character
        3A0 : CE 20 00                   ldx     #rx_queue
        3A3 : BD 03 5A                   jsr     queue_add
        3A6 :                    isr_irq_send:
        3A6 : C5 02                      bitb    #TDRE_bm
        3A8 : 27 0B                      beq     isr_irq_exit
        3AA : CE 20 80                   ldx     #tx_queue
        3AD : BD 03 76                   jsr     queue_remove
        3B0 : 24 04                      bcc     isr_irq_send_empty
        3B2 : B7 DF 01                   staa    ACIA_data       ; send character
        3B5 :                    isr_irq_exit:
        3B5 : 3B                         rti
        3B6 :                    isr_irq_send_empty:
        3B6 : 86 94                      ldaa    #RX_INT_TX_NO
        3B8 : B7 DF 00                   staa    ACIA_control    ; disable Tx interrupt
        3BB : 3B                         rti
