          0 :                    ;;; -*- mode: asm; mode: flyspell-prog; -*-
          0 :                            .include "tms320c15.inc"
(1)       0 :                    ;;; -*- mode: asm; mode: flyspell-prog; -*-
(1)       0 :                    ;;; TMS320C15
(1)       0 :                            .include "tms3201x.inc"
(2)       0 :                    ;;; -*- mode: asm; mode: flyspell-prog; -*-
(2)       0 :                    ;;; TMS3201X
(2)       0 :                    ;;; Origin
(2)       0 : =0                 ORG_RESET:      .equ    0000H   ; Reset
(2)       0 : =2                 ORG_INT:        .equ    0002H   ; INT
(2)       0 :                    ;;; Halt to system
(2)       0 : =A000              HALT:           .equ    0A000H  ; illegal instruction
(1)       0 :                            .cpu     32015
(1)       0 :                    ;;; Data memory
(1)       0 : =0                 PAGE0:  .equ    00H
(1)       0 : =80                PAGE1:  .equ    80H
          0 :
          0 :                    ;;; MC6850 Asynchronous Communication Interface Adapter
          0 : =4                 ACIA:   .equ    4
          0 :                            .include "mc6850.inc"
(1)       0 :                    ;;; -*- mode: asm; mode: flyspell-prog; -*-
(1)       0 :                    ;;; MC6850
(1)       0 :                    ;;; Asynchronous Communication Interface Adapter
(1)       0 : =4                 ACIA_control:   .equ    ACIA+0
(1)       0 : =4                 ACIA_status:    .equ    ACIA+0
(1)       0 : =5                 ACIA_data:      .equ    ACIA+1
(1)       0 : =6                 ACIA_intr:      .equ    ACIA+2
(1)       0 :                    ;;;  Counter Divider Select Bits
(1)       0 : =3                 CDS_gm:         .equ    11B       ; Group mask
(1)       0 : =0                 CDS_DIV1_gc:    .equ    00000000B ; /1
(1)       0 : =1                 CDS_DIV16_gc:   .equ    00000001B ; /16
(1)       0 : =2                 CDS_DIV64_gc:   .equ    00000010B ; /64
(1)       0 : =3                 CDS_RESET_gc:   .equ    00000011B ; Master Reset
(1)       0 :                    ;;;  Word Select Bits
(1)       0 : =1C                WSB_gm:         .equ    00011100B ; Group mask
(1)       0 : =0                 WSB_7E2_gc:     .equ    00000000B ; 7 Bits + Even Parity + 2 Stop Bits
(1)       0 : =4                 WSB_7O2_gc:     .equ    00000100B ; 7 bits + Odd Parity  + 2 Stop Bits
(1)       0 : =8                 WSB_7E1_gc:     .equ    00001000B ; 7 bits + Even Parity + 1 Stop Bits
(1)       0 : =C                 WSB_7O1_gc:     .equ    00001100B ; 7 bits + Odd Parity  + 1 Stop Bits
(1)       0 : =10                WSB_8N2_gc:     .equ    00010000B ; 8 bits + No Parity   + 2 Stop Bits
(1)       0 : =14                WSB_8N1_gc:     .equ    00010100B ; 8 bits + No Parity   + 1 Stop Bits
(1)       0 : =18                WSB_8E1_gc:     .equ    00011000B ; 8 bits + Even Parity + 1 Stop Bits
(1)       0 : =1C                WSB_8O1_gc:     .equ    00011100B ; 8 bits + Odd Parity  + 1 Stop Bits
(1)       0 :                    ;;; Transmit Control Bits
(1)       0 : =60                TCB_gm:         .equ    01100000B ; Group mask
(1)       0 : =0                 TCB_DI_gc:      .equ    00000000B ; RTS=Low,  Tx Interrupt Disabled
(1)       0 : =20                TCB_EI_gc:      .equ    00100000B ; RTS=Low,  Tx Interrupt Enabled
(1)       0 : =40                TCB_RTS_gc:     .equ    01000000B ; RTS=High, Tx Interrupt Disabled
(1)       0 : =60                TCB_BREAK_gc:   .equ    01100000B ; RTS=Low,  Tx Interrupt Disabled
(1)       0 :                                                      ; Transmit Break Level
(1)       0 : =80                RIEB_bm:        .equ    10000000B ; Receive Interrupt Enable Bit mask
(1)       0 :                    ;;; Status register
(1)       0 : =1                 RDRF_bm:        .equ    00000001B ; Receive Data Register Full
(1)       0 : =2                 TDRE_bm:        .equ    00000010B ; Transmit Data Register Empty
(1)       0 : =4                 DCDF_bm:        .equ    00000100B ; Data Carrier Detect Flag
(1)       0 : =8                 CTSF_bm:        .equ    00001000B ; Clear To Send Flag
(1)       0 : =10                FERR_bm:        .equ    00010000B ; Frame Error Flag
(1)       0 : =20                OVRN_bm:        .equ    00100000B ; Receiver Overrun Flag
(1)       0 : =40                PERR_bm:        .equ    01000000B ; Parity Error Flag
(1)       0 : =80                IRQF_bm:        .equ    10000000B ; Interrupt Request Flag
          0 :
          0 :                    ;;; Data memory
          0 :                            .org    PAGE0
          0 :                    zero:   .bss    1
          1 :                    work:   .bss    1
          2 :                    char:   .bss    1
          3 :
          0 :                            .org    ORG_RESET
          0 : F900 0100                  b       initialize
          2 :
        100 :                            .org    100H
        100 :                    initialize:
        100 : 6E00                       ldpk    0
        101 : 7E00                       lack    0
        102 : 5000                       sacl    zero
        103 :                    ;;; Initialize ACIA
        103 : 7E03                       lack    CDS_RESET_gc
        104 : 5001                       sacl    work
        105 : 4C01                       out     work,ACIA_control ; Master reset
        106 : 7E14                       lack    WSB_8N1_gc
        107 : 5001                       sacl    work
        108 : 4C01                       out     work,ACIA_control ; 8 bits + No Parity + 1 Stop Bits
        109 :
        109 : F800 0118          loop:   call    getchar
        10B : 7A00                       or      zero
        10C : FF00 0117                  bz      halt_to_system
        10E : F800 0120          echo:   call    putchar
        110 : 7E0D                       lack    0DH             ; Carriage return
        111 : 1002                       sub     char
        112 : FE00 0109                  bnz     loop
        114 : 7E0A                       lack    0AH             ; Newline
        115 : F900 010E                  b       echo
        117 :                    halt_to_system:
        117 : A000                       .word   HALT
        118 :
        118 :                    getchar:
        118 : 4401                       in      work,ACIA_status
        119 : 7E01                       lack    RDRF_bm
        11A : 7901                       and     work
        11B : FF00 0118                  bz      getchar
        11D : 4502                       in      char,ACIA_data
        11E : 6602                       zals    char
        11F : 7F8D                       ret
        120 :
        120 :                    putchar:
        120 : 5002                       sacl    char
        121 :                    putchar_loop:
        121 : 4401                       in      work,ACIA_status
        122 : 7E02                       lack    TDRE_bm
        123 : 7901                       and     work
        124 : FF00 0121                  bz      putchar_loop
        126 : 4D02                       out     char,ACIA_data
        127 : 6602                       zals    char
        128 : 7F8D                       ret
