          0 :                    *** -*- mode: asm; mode: flyspell-prog; -*-
          0 :                            include "tms99105.inc"
(1)       0 :                    *** -*- mode: asm; mode: flyspell-prog; -*-
(1)       0 :                            *** TMS99105
(1)       0 :                            include "tms9900.inc"
(2)       0 :                    *** -*- mode: asm; mode: flyspell-prog; -*-
(2)       0 :                            *** TMS9900
(2)       0 :                            cpu     tms9900
(2)       0 :                            *** Status Register
(2)       0 : =8000              ST_LGT:         equ     ?1000000000000000 ; Logical Greater Than
(2)       0 : =4000              ST_AGT:         equ     ?0100000000000000 ; Arithmetic Greater Than
(2)       0 : =2000              ST_EQ:          equ     ?0010000000000000 ; Equal
(2)       0 : =1000              ST_C:           equ     ?0001000000000000 ; Carry
(2)       0 : =800               ST_OV:          equ     ?0000100000000000 ; Overflow
(2)       0 : =400               ST_OP:          equ     ?0000010000000000 ; Parity
(2)       0 : =200               ST_X:           equ     ?0000001000000000 ; XOP
(2)       0 : =F                 ST_INT_gm:      equ     ?0000000000001111 ; Interrupt mask
(2)       0 :                            *** Vector
(2)       0 : =0                 VEC_RESET:      equ     >0000   ; Reset
(2)       0 : =4                 VEC_INT1:       equ     >0004   ; INT1
(2)       0 : =10                VEC_INT4:       equ     >0010   ; INT4
(2)       0 : =40                VEC_XOP0:       equ     >0040   ; XOP 0
(2)       0 : =44                VEC_XOP1:       equ     >0044   ; XOP 1
(2)       0 : =48                VEC_XOP2:       equ     >0048   ; XOP 2
(2)       0 : =4C                VEC_XOP3:       equ     >004C   ; XOP 3
(2)       0 : =50                VEC_XOP4:       equ     >0050   ; XOP 4
(2)       0 : =54                VEC_XOP5:       equ     >0054   ; XOP 5
(2)       0 : =58                VEC_XOP6:       equ     >0058   ; XOP 6
(2)       0 : =5C                VEC_XOP7:       equ     >005C   ; XOP 7
(2)       0 : =60                VEC_XOP8:       equ     >0060   ; XOP 8
(2)       0 : =64                VEC_XOP9:       equ     >0064   ; XOP 9
(2)       0 : =68                VEC_XOP10       equ     >0068   ; XOP 10
(2)       0 : =6C                VEC_XOP11:      equ     >006C   ; XOP 11
(2)       0 : =70                VEC_XOP12:      equ     >0070   ; XOP 12
(2)       0 : =74                VEC_XOP13:      equ     >0074   ; XOP 13
(2)       0 : =78                VEC_XOP14:      equ     >0078   ; XOP 14
(2)       0 : =7C                VEC_XOP15:      equ     >007C   ; XOP 15
(1)       0 :                            cpu     tms99105
(1)       0 :                            *** Vector
(1)       0 : =8                 VEC_INT2:       equ     >0008   ; INT2
(1)       0 : =C                 VEC_INT3:       equ     >000C   ; INT3
(1)       0 : =14                VEC_INT5:       equ     >0014   ; INT5
(1)       0 : =18                VEC_INT6:       equ     >0018   ; INT6
(1)       0 : =1C                VEC_INT7:       equ     >001C   ; INT7
(1)       0 : =20                VEC_INT8:       equ     >0020   ; INT8
(1)       0 : =24                VEC_INT9:       equ     >0024   ; INT9
(1)       0 : =28                VEC_INT10:      equ     >0028   ; INT10
(1)       0 : =2C                VEC_INT11:      equ     >002C   ; INT11
(1)       0 : =30                VEC_INT12:      equ     >0030   ; INT12
(1)       0 : =34                VEC_INT13:      equ     >0034   ; INT13
(1)       0 : =38                VEC_INT14:      equ     >0038   ; INT14
(1)       0 : =3C                VEC_INT15:      equ     >003C   ; INT15
          0 :
          0 :                            *** MC6850 Asynchronous Communication Interface Adapter
          0 : =80                ACIA:   equ     >0080
          0 :                            include "mc6850.inc"
(1)       0 :                    *** -*- mode: asm; mode: flyspell-prog; -*-
(1)       0 :                            *** MC6850
(1)       0 :                            *** Asynchronous Communication Interface Adapter
(1)       0 : =80                ACIA_control:   equ     ACIA+0
(1)       0 : =80                ACIA_status:    equ     ACIA+0
(1)       0 : =82                ACIA_data:      equ     ACIA+2
(1)       0 : =84                ACIA_intr:      equ     ACIA+4
(1)       0 :                            **  Counter Divider Select Bits
(1)       0 : =3                 CDS_gm:         equ     ?11             Group mask
(1)       0 : =0                 CDS_DIV1_gc:    equ     ?00000000       /1
(1)       0 : =0                 CDS_DIV16_gc:   equ     ?00000001       /16
(1)       0 : =0                 CDS_DIV64_gc:   equ     ?00000010       /64
(1)       0 : =3                 CDS_RESET_gc:   equ     ?00000011       Master Reset
(1)       0 :                            **  Word Select Bits
(1)       0 : =1C                WSB_gm:         equ     ?00011100       Group mask
(1)       0 : =0                 WSB_7E2_gc:     equ     ?00000000       7 Bits + Even Parity + 2 Stop Bits
(1)       0 : =4                 WSB_7O2_gc:     equ     ?00000100       7 bits + Odd Parity  + 2 Stop Bits
(1)       0 : =8                 WSB_7E1_gc:     equ     ?00001000       7 bits + Even Parity + 1 Stop Bits
(1)       0 : =C                 WSB_7O1_gc:     equ     ?00001100       7 bits + Odd Parity  + 1 Stop Bits
(1)       0 : =10                WSB_8N2_gc:     equ     ?00010000       8 bits + No Parity   + 2 Stop Bits
(1)       0 : =14                WSB_8N1_gc:     equ     ?00010100       8 bits + No Parity   + 1 Stop Bits
(1)       0 : =18                WSB_8E1_gc:     equ     ?00011000       8 bits + Even Parity + 1 Stop Bits
(1)       0 : =1C                WSB_8O1_gc:     equ     ?00011100       8 bits + Odd Parity  + 1 Stop Bits
(1)       0 :                            **  Transmit Control Bits
(1)       0 : =60                TCB_gm:         equ     ?01100000       Group mask
(1)       0 : =0                 TCB_DI_gc:      equ     ?00000000       RTS=Low,  Tx Interrupt Disabled
(1)       0 : =20                TCB_EI_gc:      equ     ?00100000       RTS=Low,  Tx Interrupt Enabled
(1)       0 : =40                TCB_RTS_gc:     equ     ?01000000       RTS=High, Tx Interrupt Disabled
(1)       0 : =60                TCB_BREAK_gc:   equ     ?01100000       RTS=Low,  Tx Interrupt Disabled
(1)       0 :                            *                               Transmit Break Level
(1)       0 : =80                RIEB_bm:        equ     ?10000000       Receive Interrupt Enable Bit mask
(1)       0 :                            *** Status register
(1)       0 : =1                 RDRF_bm:        equ     ?00000001       Receive Data Register Full
(1)       0 : =2                 TDRE_bm:        equ     ?00000010       Transmit Data Register Empty
(1)       0 : =4                 DCDF_bm:        equ     ?00000100       Data Carrier Detect Flag
(1)       0 : =8                 CTSF_bm:        equ     ?00001000       Clear To Send Flag
(1)       0 : =10                FERR_bm:        equ     ?00010000       Frame Error Flag
(1)       0 : =20                OVRN_bm:        equ     ?00100000       Receiver Overrun Flag
(1)       0 : =40                PERR_bm:        equ     ?01000000       Parity Error Flag
(1)       0 : =80                IRQF_bm:        equ     ?10000000       Interrupt Request Flag
          0 :
          0 :                            org     VEC_RESET
          0 : 0100                       data    workspace
          2 : 0200                       data    initialize
          4 :
         7C :                            org     VEC_XOP15
         7C : 007C                       data    VEC_XOP15       for halt to system
         7E : 007C                       data    VEC_XOP15
         80 :
        100 :                            org     >0100
        100 :                    workspace:
        100 :                            bss     2*16
        120 :
       2000 :                            org     >2000
       2000 : =2000              stack:          equ     $
       2000 :
       2000 :                    hibyte: function v,(v)*256      Hi byte constant
       2000 :
        200 :                            org     >0200
        200 :                    initialize:
        200 : 020A 2000                  li      R10, stack
        204 :                            * Initialize ACIA
        204 : 0200 0300                  li      R0, hibyte(CDS_RESET_gc)        Master reset
        208 : D800 0080                  movb    R0, @ACIA_control
        20C : 0200 1400                  li      R0, hibyte(WSB_8N1_gc)          8 bits + No Parity + 1 Stop Bits
        210 : D800 0080                  movb    R0, @ACIA_control
        214 : 06A0 02BA                  bl      @arith
        218 : 2FCF                       xop     R15,15          halt to system
        21A :
        21A :                    newline:
        21A : 064A                       dect    R10
        21C : C68B                       mov     R11, *R10               Push return address
        21E : 0200 0D00                  li      R0, hibyte(>0D)
        222 : 06A0 0234                  bl      @putchar
        226 : 0200 0A00                  li      R0, hibyte(>0A)
        22A : 06A0 0234                  bl      @putchar
        22E : 017A                       bind    *R10+                   Pop return address
        230 :
        230 :                    putspace:
        230 : 0200 2000                  li      R0, hibyte(' ')
        234 :                    putchar:
        234 : 064A                       dect    R10
        236 : C681                       mov     R1, *R10                Push R1
        238 :                    putchar_loop:
        238 : D060 0080                  movb    @ACIA_status, R1
        23C : 0241 0200                  andi    R1, hibyte(TDRE_bm)
        240 : 13FB                       jeq     putchar_loop
        242 : D800 0082                  movb    R0, @ACIA_data
        246 : C07A                       mov     *R10+, R1               Pop R1
        248 : 045B                       rt
        24A :
        24A :                            *** Print "R1 op R2"
        24A :                            *** @params R0 op letter
        24A :                            *** @clobber R0
        24A :                    expr:
        24A : 064A                       dect    R10
        24C : C68B                       mov     R11, *R10       Push return address
        24E : 064A                       dect    R10
        250 : C680                       mov     R0, *R10        Push R0
        252 : C001                       mov     R1, R0
        254 : 06A0 04D0                  bl      @print_int16
        258 : 06A0 0230                  bl      @putspace
        25C : C03A                       mov     *R10+, R0       Pop R0
        25E : 06A0 0234                  bl      @putchar        Print op
        262 : 06A0 0230                  bl      @putspace
        266 : C002                       mov     R2, R0
        268 : 06A0 04D0                  bl      @print_int16
        26C : 017A                       bind    *R10+           Pop return address
        26E :
        26E :                            *** Print " = R1\n"
        26E :                            *** @clobber R0
        26E :                    answer:
        26E : 064A                       dect    R10
        270 : C68B                       mov     R11, *R10       Push return address
        272 : 06A0 0230                  bl      @putspace
        276 : 0200 3D00                  li      R0, hibyte('=')
        27A : 06A0 0234                  bl      @putchar
        27E : 06A0 0230                  bl      @putspace
        282 : C001                       mov     R1, R0
        284 : 06A0 04D0                  bl      @print_int16
        288 : 06A0 021A                  bl      @newline
        28C : 017A                       bind    *R10+           Pop return address
        28E :
        28E :                            *** Print "R1 rel R2"
        28E :                            *** @clobber R0
        28E :                    comp:
        28E : 8081                       c       R1, R2
        290 : 1308                       jeq     comp_eq
        292 : 110A                       jlt     comp_lt
        294 : 1503                       jgt     comp_gt
        296 : 0200 3F00                  li      R0, hibyte('?')
        29A : 1008                       jmp     comp_out
        29C :                    comp_gt:
        29C : 0200 3E00                  li      R0, hibyte('>')
        2A0 : 1005                       jmp     comp_out
        2A2 :                    comp_eq:
        2A2 : 0200 3D00                  li      R0, hibyte('=')
        2A6 : 1002                       jmp     comp_out
        2A8 :                    comp_lt:
        2A8 : 0200 3C00                  li      R0, hibyte('<')
        2AC :                    comp_out:
        2AC : 064A                       dect    R10
        2AE : C68B                       mov     R11, *R10       Push return address
        2B0 : 06A0 024A                  bl      @expr
        2B4 : 06A0 021A                  bl      @newline
        2B8 : 017A                       bind    *R10+           Pop return address
        2BA :
        2BA :                    arith:
        2BA : 064A                       dect    R10
        2BC : C68B                       mov     R11, *R10       Push return address
        2BE :
        2BE : 0201 4650                  li      R1, 18000
        2C2 : 0202 6D60                  li      R2, 28000
        2C6 : 0200 2B00                  li      R0, hibyte('+')
        2CA : 06A0 024A                  bl      @expr
        2CE : A042                       a       R2, R1          R1+=R2
        2D0 : 06A0 026E                  bl      @answer         ; -19536
        2D4 :
        2D4 : 0201 4650                  li      R1, 18000
        2D8 : 0202 B9B0                  li      R2, -18000
        2DC : 0200 2B00                  li      R0, hibyte('+')
        2E0 : 06A0 024A                  bl      @expr
        2E4 : A042                       a       R2, R1          R1+=R2
        2E6 : 06A0 026E                  bl      @answer         ; 0
        2EA :
        2EA : 0201 B9B0                  li      R1, -18000
        2EE : 0202 B9B0                  li      R2, -18000
        2F2 : 0200 2B00                  li      R0, hibyte('+')
        2F6 : 06A0 024A                  bl      @expr
        2FA : A042                       a       R2, R1          R1+=R2
        2FC : 06A0 026E                  bl      @answer         ; 29536
        300 :
        300 : 0201 B9B0                  li      R1, -18000
        304 : 0202 92A0                  li      R2, -28000
        308 : 0200 2D00                  li      R0, hibyte('-')
        30C : 06A0 024A                  bl      @expr
        310 : 6042                       s       R2, R1          R1-=R2
        312 : 06A0 026E                  bl      @answer         ; 10000
        316 :
        316 : 0201 4650                  li      R1, 18000
        31A : 0202 B9B0                  li      R2, -18000
        31E : 0200 2D00                  li      R0, hibyte('-')
        322 : 06A0 024A                  bl      @expr
        326 : 6042                       s       R2, R1          R1-=R2
        328 : 06A0 026E                  bl      @answer         ; -29536
        32C :
        32C : 0201 92A0                  li      R1, -28000
        330 : 0202 B9B0                  li      R2, -18000
        334 : 0200 2D00                  li      R0, hibyte('-')
        338 : 06A0 024A                  bl      @expr
        33C : 6042                       s       R2, R1          R1-=R2
        33E : 06A0 026E                  bl      @answer         ; -10000
        342 :
        342 : 0201 0064                  li      R1, 100
        346 : 0202 012C                  li      R2, 300
        34A : 0200 2A00                  li      R0, hibyte('*')
        34E : 06A0 024A                  bl      @expr
        352 : C002                       mov     R2, R0
        354 : 01C1                       mpys    R1
        356 : 06A0 026E                  bl      @answer         ; 30000
        35A :
        35A : 0201 00C8                  li      R1, 200
        35E : 0202 0064                  li      R2, 100
        362 : 0200 2A00                  li      R0, hibyte('*')
        366 : 06A0 024A                  bl      @expr
        36A : C002                       mov     R2, R0
        36C : 01C1                       mpys    R1
        36E : 06A0 026E                  bl      @answer         ; 20000
        372 :
        372 : 0201 012C                  li      R1, 300
        376 : 0202 FF38                  li      R2, -200
        37A : 0200 2A00                  li      R0, hibyte('*')
        37E : 06A0 024A                  bl      @expr
        382 : C002                       mov     R2, R0
        384 : 01C1                       mpys    R1
        386 : 06A0 026E                  bl      @answer         ; 5536
        38A :
        38A : 0201 0064                  li      R1, 100
        38E : 0202 FED4                  li      R2, -300
        392 : 0200 2A00                  li      R0, hibyte('*')
        396 : 06A0 024A                  bl      @expr
        39A : C002                       mov     R2, R0
        39C : 01C1                       mpys    R1
        39E : 06A0 026E                  bl      @answer         ; -30000
        3A2 :
        3A2 : 0201 FF38                  li      R1, -200
        3A6 : 0202 FF9C                  li      R2, -100
        3AA : 0200 2A00                  li      R0, hibyte('*')
        3AE : 06A0 024A                  bl      @expr
        3B2 : C002                       mov     R2, R0
        3B4 : 01C1                       mpys    R1
        3B6 : 06A0 026E                  bl      @answer         ; 20000
        3BA :
        3BA : 0201 7530                  li      R1, 30000
        3BE : 0202 0064                  li      R2, 100
        3C2 : 0200 2F00                  li      R0, hibyte('/')
        3C6 : 06A0 024A                  bl      @expr
        3CA : 06A0 052C                  bl      @div16
        3CE : 06A0 026E                  bl      @answer         ; 300
        3D2 :
        3D2 : 0201 FF38                  li      R1, -200
        3D6 : 0202 0064                  li      R2, 100
        3DA : 0200 2F00                  li      R0, hibyte('/')
        3DE : 06A0 024A                  bl      @expr
        3E2 : 06A0 052C                  bl      @div16
        3E6 : 06A0 026E                  bl      @answer         ; -2
        3EA :
        3EA : 0201 8AD0                  li      R1, -30000
        3EE : 0202 FF38                  li      R2, -200
        3F2 : 0200 2F00                  li      R0, hibyte('/')
        3F6 : 06A0 024A                  bl      @expr
        3FA : 06A0 052C                  bl      @div16
        3FE : 06A0 026E                  bl      @answer         ; 150
        402 :
        402 : 0201 8AD0                  li      R1, -30000
        406 : 0202 004E                  li      R2, 78
        40A : 0200 2F00                  li      R0, hibyte('/')
        40E : 06A0 024A                  bl      @expr
        412 : 06A0 052C                  bl      @div16
        416 : 06A0 026E                  bl      @answer         ; -384
        41A :
        41A : 0201 1388                  li      R1, 5000
        41E : 0202 0FA0                  li      R2, 4000
        422 : 06A0 028E                  bl      @comp
        426 :
        426 : 0201 1388                  li      R1, 5000
        42A : 0202 1388                  li      R2, 5000
        42E : 06A0 028E                  bl      @comp
        432 :
        432 : 0201 0FA0                  li      R1, 4000
        436 : 0202 1388                  li      R2, 5000
        43A : 06A0 028E                  bl      @comp
        43E :
        43E : 0201 EC78                  li      R1, -5000
        442 : 0202 F060                  li      R2, -4000
        446 : 06A0 028E                  bl      @comp
        44A :
        44A : 0201 EC78                  li      R1, -5000
        44E : 0202 EC78                  li      R2, -5000
        452 : 06A0 028E                  bl      @comp
        456 :
        456 : 0201 F060                  li      R1, -4000
        45A : 0202 EC78                  li      R2, -5000
        45E : 06A0 028E                  bl      @comp
        462 :
        462 : 0201 7FBC                  li      R1, 32700
        466 : 0202 7F58                  li      R2, 32600
        46A : 06A0 028E                  bl      @comp
        46E :
        46E : 0201 7FBC                  li      R1, 32700
        472 : 0202 7FBC                  li      R2, 32700
        476 : 06A0 028E                  bl      @comp
        47A :
        47A : 0201 7F58                  li      R1, 32600
        47E : 0202 7FBC                  li      R2, 32700
        482 : 06A0 028E                  bl      @comp
        486 :
        486 : 0201 8044                  li      R1, -32700
        48A : 0202 80A8                  li      R2, -32600
        48E : 06A0 028E                  bl      @comp
        492 :
        492 : 0201 8044                  li      R1, -32700
        496 : 0202 8044                  li      R2, -32700
        49A : 06A0 028E                  bl      @comp
        49E :
        49E : 0201 80A8                  li      R1, -32600
        4A2 : 0202 8044                  li      R2, -32700
        4A6 : 06A0 028E                  bl      @comp
        4AA :
        4AA : 0201 4650                  li      R1, 18000
        4AE : 0202 92A0                  li      R2, -28000
        4B2 : 06A0 028E                  bl      @comp
        4B6 :
        4B6 : 0201 92A0                  li      R1, -28000
        4BA : 0202 92A0                  li      R2, -28000
        4BE : 06A0 028E                  bl      @comp
        4C2 :
        4C2 : 0201 92A0                  li      R1, -28000
        4C6 : 0202 4650                  li      R2, 18000
        4CA : 06A0 028E                  bl      @comp
        4CE :
        4CE : 017A                       bind    *R10+           Pop return address
        4D0 :
        4D0 :                            include "arith.inc"
(1)     4D0 :                    *** -*- mode: asm; mode: flyspell-prog* -*-
(1)     4D0 :                            *** Print signed 16-bit integer as decimal
(1)     4D0 :                            *** @param R0 value
(1)     4D0 :                    print_int16:
(1)     4D0 : 064A                       dect    R10
(1)     4D2 : C68B                       mov     R11, *R10       Push return address
(1)     4D4 : 064A                       dect    R10
(1)     4D6 : C680                       mov     R0, *R10        Push R0
(1)     4D8 : 1313                       jeq     print_int16_zero
(1)     4DA : 1506                       jgt     print_uint16
(1)     4DC : 0200 2D00                  li      R0, hibyte('-')
(1)     4E0 : 06A0 0234                  bl      @putchar
(1)     4E4 : C01A                       mov     *R10, R0        Restore R0
(1)     4E6 : 0500                       neg     R0
(1)     4E8 :                    print_uint16:
(1)     4E8 : 064A                       dect    R10
(1)     4EA : C681                       mov     R1, *R10        Push R1
(1)     4EC : 064A                       dect    R10
(1)     4EE : C682                       mov     R2, *R10        Push R2
(1)     4F0 : 0202 000A                  li      R2, 10
(1)     4F4 : 06A0 050A                  bl      @print_uint16_loop
(1)     4F8 : C0BA                       mov     *R10+, R2       Pop R2
(1)     4FA : C07A                       mov     *R10+, R1       Pop R1
(1)     4FC :                    print_int16_return:
(1)     4FC : C03A                       mov     *R10+, R0       Pop R0
(1)     4FE : 017A                       bind    *R10+           Pop return address
(1)     500 :                    print_int16_zero:
(1)     500 : 0200 3000                  li      R0, hibyte('0')
(1)     504 : 06A0 0234                  bl      @putchar
(1)     508 : 10F9                       jmp     print_int16_return
(1)     50A :
(1)     50A :                    print_uint16_loop:
(1)     50A : 064A                       dect    R10
(1)     50C : C68B                       mov     R11, *R10       Push return address
(1)     50E : C040                       mov     R0, R1
(1)     510 : 130C                       jeq     print_uint16_return
(1)     512 : 04C0                       clr     R0
(1)     514 : 3C02                       div     R2, R0          R0:R1/R2 ; R0=quotient R1=reminder
(1)     516 : 064A                       dect    R10
(1)     518 : C681                       mov     R1, *R10        Push reminder
(1)     51A : 06A0 050A                  bl      @print_uint16_loop
(1)     51E : C03A                       mov     *R10+, R0       Pop reminder
(1)     520 : 06C0                       swpb    R0
(1)     522 : 0220 3000                  ai      R0, hibyte('0')
(1)     526 : 06A0 0234                  bl      @putchar
(1)     52A :                    print_uint16_return:
(1)     52A : 017A                       bind    *R10+           Pop return address
(1)     52C :
(1)     52C :                            *** Divide
(1)     52C :                            *** R1 / R2 = R1 ... R0
(1)     52C :                            *** @clobber R2
(1)     52C :                    div16:
(1)     52C : 0700                       seto    R0
(1)     52E : 0281 0000                  ci      R1, 0
(1)     532 : 1101                       jlt     div16_calc
(1)     534 : 04C0                       clr     R0
(1)     536 :                    div16_calc:
(1)     536 : 0182                       divs    R2              R0:R1/R2=R0...R1
(1)     538 : C081                       mov     R1, R2
(1)     53A : C040                       mov     R0, R1
(1)     53C : C002                       mov     R2, R0
(1)     53E : 045B                       rt
