          0 :                    ;;; -*- mode: asm; mode: flyspell-prog; -*-
          0 :                            include "z86.inc"
(1)       0 :                    ;;; -*- mode: asm; mode: flyspell-prog; -*-
(1)       0 :                            include "z8.inc"
(2)       0 :                    ;;; -*- mode: asm; mode: flyspell-prog; -*-
(2)       0 :                    ;;; Z8
(2)       0 :                            cpu     Z8
(2)       0 :                    ;;;
(2)       0 : =FC                FLAGS:  equ     252               ; R/W: Flags register
(2)       0 : =80                F_CARRY:        equ     %(2)10000000 ; set to 1 if carry
(2)       0 : =40                F_ZERO:         equ     %(2)01000000 ; set to 1 if zero
(2)       0 : =20                F_SIGN:         equ     %(2)00100000 ; set to 1 if negative
(2)       0 : =10                F_OVERFLOW:     equ     %(2)00010000 ; set to 1 if overflow
(2)       0 : =8                 F_DECIMAL_ADJ:  equ     %(2)00001000 ; decimal adjust
(2)       0 : =4                 F_HALF_CARRY:   equ     %(2)00000100 ; set to 1 if carry from bit-3
(2)       0 : =2                 F_USER2:        equ     %(2)00000010 ; User flag F2
(2)       0 : =1                 F_USER1:        equ     %(2)00000001 ; User flah F1
(1)       0 :                    ;;; Z86
(1)       0 :                            cpu     Z86C
(1)       0 :                            option  "reg-alias", "disable"
(1)       0 :                    ;;; Interrupt vectors
(1)       0 : =0                 VEC_IRQ0:       equ     %0000   ; IRQ0
(1)       0 : =2                 VEC_IRQ1:       equ     %0002   ; IRQ1
(1)       0 : =4                 VEC_IRQ2:       equ     %0004   ; IRQ2/Tin
(1)       0 : =6                 VEC_IRQ3:       equ     %0006   ; IRQ3/Serial in
(1)       0 : =8                 VEC_IRQ4:       equ     %0008   ; IRQ4/Serial out/T0
(1)       0 : =A                 VEC_IRQ5:       equ     %000A   ; IRQ5/T1
(1)       0 :                    ;;; Reset origin
(1)       0 : =C                 ORG_RESET:      equ     %000C   ; RESET
(1)       0 :                    ;;; I/O Ports
(1)       0 : =2                 PORT2:          equ     2       ; Port 2
(1)       0 : =3                 PORT3:          equ     3       ; Port 3
(1)       0 : =F7                P3M:            equ     247       ; W/O: Port 3 Mode Register
(1)       0 : =80                P3M_PARITY:     equ     %(2)10000000 ; 1=Parity on
(1)       0 : =40                P3M_SERIAL:     equ     %(2)01000000 ; 1=P30 is serial in, P37 is serial out
(1)       0 : =1                 P3M_P2PUSHPULL: equ     %(2)00000001 ; 1=Port 2 is push-pull, 0=open drain
(1)       0 : =F6                P2M:            equ     246       ; W/O: Port 2 Mode Register, 0=output, 1=input
(1)       0 : =F8                P01M:           equ     248       ; W/O: Port 0 and 1 Mode Register
(1)       0 : =82                P01M_P0ADDR:    equ     %(2)10000010 ; Port 0 is A8~A15
(1)       0 : =10                P01M_P1DATA:    equ     %(2)00010000 ; Port 1 is AD0~AD7
(1)       0 : =4                 P01M_INTERNAL:  equ     %(2)00000100 ; Stack is on internal memory
(1)       0 :                    ;;; Interrupt
(1)       0 : =F9                IPR:    equ     249             ; W/O: Interrupt Priority
(1)       0 : =1                 IPR_CAB:        equ     %(2)000001 ; C > A > B
(1)       0 : =8                 IPR_ABC:        equ     %(2)001000 ; A > B > C
(1)       0 : =9                 IPR_ACB:        equ     %(2)001001 ; A > C > B
(1)       0 : =10                IPR_BCA:        equ     %(2)010000 ; B > C > A
(1)       0 : =11                IPR_CBA:        equ     %(2)010001 ; C > B > A
(1)       0 : =18                IPR_BAC:        equ     %(2)011000 ; B > A > C
(1)       0 : =0                 IPR_A53:        equ     %(2)000000 ; A: IRQ5 > IRQ3
(1)       0 : =20                IPR_A35:        equ     %(2)100000 ; A: IRQ3 > IRQ5
(1)       0 : =0                 IPR_B20:        equ     %(2)000000 ; B: IRQ2 > IRQ0
(1)       0 : =4                 IPR_B02:        equ     %(2)000100 ; B: IRQ0 > IRQ2
(1)       0 : =0                 IPR_C14:        equ     %(2)000000 ; C: IRQ0 > IRQ4
(1)       0 : =2                 IPR_C41:        equ     %(2)000010 ; C: IRQ4 > IRQ0
(1)       0 : =FB                IMR:    equ     251             ; R/W: Interrupt Mask
(1)       0 : =80                IMR_ENABLE:     equ     %(2)10000000 ; Interrupt enable
(1)       0 : =1                 IMR_IRQ0:       equ     (1 SHL 0)
(1)       0 : =2                 IMR_IRQ1:       equ     (1 SHL 1)
(1)       0 : =4                 IMR_IRQ2:       equ     (1 SHL 2)
(1)       0 : =8                 IMR_IRQ3:       equ     (1 SHL 3)
(1)       0 : =10                IMR_IRQ4:       equ     (1 SHL 4)
(1)       0 : =20                IMR_IRQ5:       equ     (1 SHL 5)
(1)       0 : =FA                IRQ:    equ     250             ; R/W: Interrupt Request
(1)       0 : =1                 IRQ_IRQ0:       equ     IMR_IRQ0
(1)       0 : =2                 IRQ_IRQ1:       equ     IMR_IRQ1
(1)       0 : =4                 IRQ_IRQ2:       equ     IMR_IRQ2
(1)       0 : =8                 IRQ_IRQ3:       equ     IMR_IRQ3
(1)       0 : =10                IRQ_IRQ4:       equ     IMR_IRQ4
(1)       0 : =20                IRQ_IRQ5:       equ     IMR_IRQ5
(1)       0 :                    ;;; Counter/Timers
(1)       0 : =F5                PRE0:   equ     245             ; W/O: Prescaler 0 register
(1)       0 : =1                 PRE0_MODULO:    equ     %(2)00000001 ; 1=Modulo-N, 0=Single-pass
(1)       0 : =FC                PRE0_gm:        equ     %(2)11111100 ; Modulo mask
(1)       0 : =2                 PRE0_gp:        equ     2         ; Modulo bit position
(1)       0 : =F3                PRE1:   equ     243               ; W/O: Prescaler 1 register
(1)       0 : =1                 PRE1_MODULO:    equ     %(2)00000001 ; 1=Modulo-N, 0=SinglePass
(1)       0 : =2                 PRE1_INTERNAL:  equ     %(2)00000010 ; 1=T1 internal, 0=T1 external
(1)       0 : =FC                PRE1_gm:        equ     %(2)11111100 ; Modulo mask
(1)       0 : =2                 PRE1_gp:        equ     2         ; Modulo bit position
(1)       0 : =F2                T1:     equ     242               ; R/W: Counter/Timer 1 Register
(1)       0 : =F4                T0:     equ     244               ; R/W: Counter/Timer 0 Register
(1)       0 : =F1                TMR:    equ     241               ; R/W: Timer Mode Register
(1)       0 : =1                 TMR_LOAD_T0:    equ     %(2)00000001 ; 1=Load T0
(1)       0 : =2                 TMR_ENABLE_T0:  equ     %(2)00000010 ; 1=Enable T0
(1)       0 : =4                 TMR_LOAD_T1:    equ     %(2)00000100 ; 1=Load T1
(1)       0 : =8                 TMR_ENABLE_T1:  equ     %(2)00001000 ; 1=Enable T1
(1)       0 : =0                 TMR_TOUT_OFF:   equ     %(2)00000000 ; TOUT off
(1)       0 : =40                TMR_TOUT_T0:    equ     %(2)01000000 ; TOUT=T0
(1)       0 : =80                TMR_TOUT_T1:    equ     %(2)10000000 ; TOUT=T1
(1)       0 : =C0                TMR_TOUT_CLOCK: equ     %(2)11000000 ; TOUT=internal clock
(1)       0 :                    ;;;
(1)       0 : =F0                SIO:    equ     240             ; R/W: Serial I/O Register
(1)       0 : =FD                RP:     equ     253             ; R/W: Register pointer
(1)       0 : =FE                SPH:    equ     254             ; R/W: Stack Pointer High
(1)       0 : =FF                SPL:    equ     255             ; R/W: Stack Pointer Low
          0 :
          0 :                    ;;; i8251 Universal Synchronous/Asynchronous Receiver/Transmitter
          0 : =FF00              USART:  equ     %FF00
          0 : =FF00              USARTD: equ     USART+0         ; Data register
          0 : =FF01              USARTS: equ     USART+1         ; Status register
          0 : =FF01              USARTC: equ     USART+1         ; Control register
          0 :                            include "i8251.inc"
(1)       0 :                    ;;; -*- mode: asm; mode: flyspell-prog; -*-
(1)       0 :                    ;;; i8251 USART device emulator.
(1)       0 : =6                 MODE_STOP_gp:   equ     6
(1)       0 : =C0                MODE_STOP_gm:   equ     %(2)11000000
(1)       0 : =40                MODE_STOP1_gc:  equ     (1 SHL MODE_STOP_gp)
(1)       0 : =80                MODE_STOP15_gc: equ     (2 SHL MODE_STOP_gp)
(1)       0 : =C0                MODE_STOP2_gc:  equ     (3 SHL MODE_STOP_gp)
(1)       0 : =20                MODE_EVEN_bm:   equ     %(2)00100000
(1)       0 : =10                MODE_PARITY_bm: equ     %(2)00010000
(1)       0 : =2                 MODE_LEN_gp:    equ     2
(1)       0 : =C                 MODE_LEN_gm:    equ     %(2)00001100
(1)       0 : =0                 MODE_LEN5_gc:   equ     (0 SHL MODE_LEN_gp)
(1)       0 : =4                 MODE_LEN6_gc:   equ     (1 SHL MODE_LEN_gp)
(1)       0 : =8                 MODE_LEN7_gc:   equ     (2 SHL MODE_LEN_gp)
(1)       0 : =C                 MODE_LEN8_gc:   equ     (3 SHL MODE_LEN_gp)
(1)       0 : =0                 MODE_BAUD_gp:   equ     0
(1)       0 : =3                 MODE_BAUD_gm:   equ     %(2)00000011
(1)       0 : =1                 MODE_BAUD_X1:   equ     (1 SHL MODE_BAUD_gp)
(1)       0 : =2                 MODE_BAUD_X16:  equ     (2 SHL MODE_BAUD_gp)
(1)       0 : =3                 MODE_BAUD_X64:  equ     (3 SHL MODE_BAUD_gp)
(1)       0 :                    ;;; Bit Definition of command register
(1)       0 : =80                CMD_EH_bm:      equ     %(2)10000000   ; Enter hunt mode
(1)       0 : =40                CMD_IR_bm:      equ     %(2)01000000   ; Internal Reset
(1)       0 : =20                CMD_RTS_bm:     equ     %(2)00100000   ; Request To Send
(1)       0 : =10                CMD_ER_bm:      equ     %(2)00010000   ; Error Reset
(1)       0 : =8                 CMD_SBRK_bm:    equ     %(2)00001000   ; Send Break
(1)       0 : =4                 CMD_RxEN_bm:    equ     %(2)00000100   ; Receive Enable
(1)       0 : =2                 CMD_DTR_bm:     equ     %(2)00000010   ; Data Terminal Ready
(1)       0 : =1                 CMD_TxEN_bm:    equ     %(2)00000001   ; Transmit enable
(1)       0 :                    ;;; Bit definition of status register
(1)       0 : =80                ST_DSR_bm:      equ     %(2)10000000   ; Data Set Ready
(1)       0 : =40                ST_BRK_bm:      equ     %(2)01000000   ; BREAK detected
(1)       0 : =20                ST_FE_bm:       equ     %(2)00100000   ; Framing Error
(1)       0 : =10                ST_OE_bm:       equ     %(2)00010000   ; Iverrun Error
(1)       0 : =8                 ST_PE_bm:       equ     %(2)00001000   ; Parity Error
(1)       0 : =4                 ST_TxEMPTY_bm:  equ     %(2)00000100   ; Transmitter empty
(1)       0 : =2                 ST_RxRDY_bm:    equ     %(2)00000010   ; Receiver ready
(1)       0 : =1                 ST_TxRDY_bm:    equ     %(2)00000001   ; Transmitter ready
(1)       0 :                    ;;; Interrupt name for receive/transmit interrupt
(1)       0 : =0                 INTR_NONE:      equ     0
(1)       0 : =1                 INTR_IRQ0:      equ     1
(1)       0 : =2                 INTR_IRQ1:      equ     2
(1)       0 : =3                 INTR_IRQ2:      equ     3
          0 :                    ;;; Async 1stop 8data x16
          0 : =4E                ASYNC_MODE:     equ     MODE_STOP1_gc LOR MODE_LEN8_gc LOR MODE_BAUD_X16
          0 :                    ;;; RTS/DTR, error reset, Rx enable, Tx enable
          0 : =37                RX_EN_TX_EN:    equ     CMD_RTS_bm LOR CMD_DTR_bm LOR CMD_ER_bm LOR CMD_RxEN_bm LOR CMD_TxEN_bm
          0 :
          C :                            org     ORG_RESET
          C :                            setrp   -1
          C : 8D 10 00                   jp      init_config
          F :
       1000 :                            org     %1000
       1000 : =1000              stack:  equ     $
       1000 :
       1000 :                    init_config:
       1000 :                            ;; Stack is on external memory
       1000 : E6 F8 92                   ld      P01M, #P01M_P0ADDR LOR P01M_P1DATA
       1003 : E6 F6 FF                   ld      P2M, #%FF       ; Port 2 is input
       1006 : E6 FE 10                   ld      SPH, #HIGH stack
       1009 : E6 FF 00                   ld      SPL, #LOW stack
       100C : 31 10                      srp     #%10
       100E :                            setrp   %10
       100E :
       100E :                    init_usart:
       100E : CC FF                      ld      R12, #HIGH USARTC
       1010 : DC 01                      ld      R13, #LOW USARTC
       1012 : B0 E0                      clr     R0
       1014 : 92 0C                      lde     @RR12, R0
       1016 : 92 0C                      lde     @RR12, R0
       1018 : 92 0C                      lde     @RR12, R0       ; safest way to sync mode
       101A : 0C 40                      ld      R0, #CMD_IR_bm
       101C : 92 0C                      lde     @RR12, R0       ; reset
       101E : FF                         nop
       101F : FF                         nop
       1020 : 0C 4E                      ld      R0, #ASYNC_MODE
       1022 : 92 0C                      lde     @RR12, R0       ; async 1stop 8data x16
       1024 : FF                         nop
       1025 : FF                         nop
       1026 : 0C 37                      ld      R0, #RX_EN_TX_EN
       1028 : 92 0C                      lde     @RR12, R0 ; RTS/DTR, error reset, Rx enable, Tx enable
       102A : AC FF                      ld      R10, #HIGH USARTD
       102C : BC 00                      ld      R11, #LOW USARTD
       102E :
       102E :                    receive_loop:
       102E : 82 1C                      lde     R1, @RR12       ; USARTS
       1030 : 76 E1 02                   tm      R1, #ST_RxRDY_bm
       1033 : 6B F9                      jr      z, receive_loop
       1035 :                    receive_data:
       1035 : 82 0A                      lde     R0, @RR10       ; USARTD
       1037 : 42 00                      or      R0, R0
       1039 : EB 01                      jr      nz, transmit_loop
       103B : 7F                         halt
       103C :                    transmit_loop:
       103C : 82 1C                      lde     R1, @RR12       ; USARTS
       103E : 76 E1 01                   tm      R1, #ST_TxRDY_bm
       1041 : 6B F9                      jr      z, transmit_loop
       1043 :                    transmit_data:
       1043 : 92 0A                      lde     @RR10, R0       ; USARTD
       1045 : A6 E0 0D                   cp      R0, #%0D
       1048 : EB E4                      jr      nz, receive_loop
       104A : 0C 0A                      ld      R0, #%0A
       104C : 8B EE                      jr      transmit_loop
       104E :
       104E : 92 FE                      lde     @rr14, r15
       1050 : F8 AA                      ld      r15, 0xaa
       1052 : E6 AA BB                   ld      0xaa, #0xbb
