          0 :                            cpu     6800
          0 :                            include "mc6800.inc"
(1)       0 :                    ;;; -*- mode: asm; mode: flyspell-prog; -*-
(1)       0 :
(1)       0 :                    ;;; MC6800/MC6802/MC6808
(1)       0 :                    ;;; Condition Code Register (CC)
(1)       0 : =1                 CC_CARRY      equ  %00000001   ; set to 1 if carry occurred
(1)       0 : =2                 CC_OVERFLOW   equ  %00000010   ; set to 1 if overflow occurred
(1)       0 : =4                 CC_ZERO       equ  %00000100   ; set to 1 if result is zero
(1)       0 : =8                 CC_NEGATIVE   equ  %00001000   ; set to 1 if result is negative
(1)       0 : =10                CC_IRQ        equ  %00010000   ; if 1, IRQ is masked
(1)       0 : =20                CC_HALF_CARRY equ  %00100000   ; if 1, decimal carry from least digit occurred
(1)       0 :
(1)       0 :                    ;;; Vector
(1)       0 : =FFF8              VEC_IRQ:        equ     $FFF8  ; $FFF8: Maskable Interrupt Request
(1)       0 : =FFFA              VEC_SWI:        equ     $FFFA  ; $FFFA: Software Interrupt
(1)       0 : =FFFC              VEC_NMI:        equ     $FFFC  ; $FFFC: Non Maskable Interrupt
(1)       0 : =FFFE              VEC_RESET:      equ     $FFFE  ; $FFFE: Reset
          0 :
          0 :                    ;;; MC6850 Asynchronous Communication Interface Adapter
          0 : =DF00              ACIA:   equ     $DF00
          0 :                            include "mc6850.inc"
(1)       0 :                    ;;; -*- mode: asm; mode: flyspell-prog; -*-
(1)       0 :
(1)       0 :                    ;;; MC6850
(1)       0 :                    ;;; Asynchronous Communication Interface Adapter
(1)       0 :
(1)       0 :                    ;;; Control register
(1)       0 : =DF00              ACIA_control:   equ     ACIA+0
(1)       0 :                            ;; Counter Divider Select Bits
(1)       0 : =3                 CDS_gm:         equ     %11    ; Group mask
(1)       0 : =0                 CDS_DIV1_gc:    equ     %00000000 ; /1
(1)       0 : =1                 CDS_DIV16_gc:   equ     %00000001 ; /16
(1)       0 : =2                 CDS_DIV64_gc:   equ     %00000010 ; /64
(1)       0 : =3                 CDS_RESET_gc:   equ     %00000011 ; Master Reset
(1)       0 :                            ;; Word Select Bits
(1)       0 : =1C                WSB_gm:         equ     %00011100 ; Group mask
(1)       0 : =0                 WSB_7E2_gc:     equ     %00000000 ; 7 Bits + Even Parity + 2 Stop Bits
(1)       0 : =4                 WSB_7O2_gc:     equ     %00000100 ; 7 bits + Odd Parity  + 2 Stop Bits
(1)       0 : =8                 WSB_7E1_gc:     equ     %00001000 ; 7 bits + Even Parity + 1 Stop Bits
(1)       0 : =C                 WSB_7O1_gc:     equ     %00001100 ; 7 bits + Odd Parity  + 1 Stop Bits
(1)       0 : =10                WSB_8N2_gc:     equ     %00010000 ; 8 bits + No Parity   + 2 Stop Bits
(1)       0 : =14                WSB_8N1_gc:     equ     %00010100 ; 8 bits + No Parity   + 1 Stop Bits
(1)       0 : =18                WSB_8E1_gc:     equ     %00011000 ; 8 bits + Even Parity + 1 Stop Bits
(1)       0 : =1C                WSB_8O1_gc:     equ     %00011100 ; 8 bits + Odd Parity  + 1 Stop Bits
(1)       0 :                            ;; Transmit Control Bits
(1)       0 : =60                TCB_gm:         equ     %01100000 ; Group mask
(1)       0 : =0                 TCB_DI_gc:      equ     %00000000 ; RTS=Low,  Tx Interrupt Disabled
(1)       0 : =20                TCB_EI_gc:      equ     %00100000 ; RTS=Low,  Tx Interrupt Enabled
(1)       0 : =40                TCB_RTS_gc:     equ     %01000000 ; RTS=High, Tx Interrupt Disabled
(1)       0 : =60                TCB_BREAK_gc:   equ     %01100000 ; RTS=Low,  Tx Interrupt Disabled
(1)       0 :                                                      ; Transmit Break Level
(1)       0 : =80                RIEB_bm:        equ     %10000000 ; Receive Interrupt Enable Bit mask
(1)       0 :
(1)       0 :                    ;;; Status register
(1)       0 : =DF00              ACIA_status:    equ     ACIA+0
(1)       0 : =1                 RDRF_bm:        equ     %00000001 ; Receive Data Register Full
(1)       0 : =2                 TDRE_bm:        equ     %00000010 ; Transmit Data Register Empty
(1)       0 : =4                 DCDF_bm:        equ     %00000100 ; Data Carrier Detect Flag
(1)       0 : =8                 CTSF_bm:        equ     %00001000 ; Clear To Send Flag
(1)       0 : =10                FERR_bm:        equ     %00010000 ; Frame Error Flag
(1)       0 : =20                OVRN_bm:        equ     %00100000 ; Receiver Overrun Flag
(1)       0 : =40                PERR_bm:        equ     %01000000 ; Parity Error Flag
(1)       0 : =80                IRQF_bm:        equ     %10000000 ; Interrupt Request Flag
(1)       0 :
(1)       0 :                    ;;; Data register
(1)       0 : =DF01              ACIA_data:      equ     ACIA+1          ; Data register
          0 : =94                RX_INT_TX_NO:   equ     WSB_8N1_gc|RIEB_bm
          0 : =B4                RX_INT_TX_INT:  equ     WSB_8N1_gc|RIEB_bm|TCB_EI_gc
          0 :
       2000 :                            org     $2000
       2000 : =80                rx_queue_size:  equ     128
       2000 :                    rx_queue:       rmb     rx_queue_size
       2080 : =80                tx_queue_size:  equ     128
       2080 :                    tx_queue:       rmb     tx_queue_size
       2100 :
       1000 :                            org     $1000
       1000 : =FFF               stack:  equ     *-1             ; MC6800's SP is post-decrement/pre-increment
       1000 :
       FFF2 :                            org     $FFF2           ; MC68HC11 IRQ
       FFF2 : 02 07                      fdb     isr_irq
       FFF4 :
       FFF6 :                            org     $FFF6           ; MC68HC11 SWI
       FFF6 : FF F6                      fdb     $FFF6
       FFF8 :
       FFF8 :                            org     VEC_IRQ
       FFF8 : 02 07                      fdb     isr_irq
       FFFA :
       FFFA :                            org     VEC_SWI
       FFFA : FF FA                      fdb     VEC_SWI         ; for halt to system
       FFFC :
       FFFE :                            org     VEC_RESET
       FFFE : 01 00                      fdb     initialize
      10000 :
        100 :                            org     $0100
        100 :                    initialize:
        100 : 8E 0F FF                   lds     #stack
        103 : CE 20 00                   ldx     #rx_queue
        106 : C6 80                      ldab    #rx_queue_size
        108 : BD 01 96                   jsr     queue_init
        10B : CE 20 80                   ldx     #tx_queue
        10E : C6 80                      ldab    #tx_queue_size
        110 : BD 01 96                   jsr     queue_init
        113 :                            ;; initialize ACIA
        113 : 86 03                      ldaa    #CDS_RESET_gc   ; master reset
        115 : B7 DF 00                   staa    ACIA_control
        118 : 86 94                      ldaa    #RX_INT_TX_NO
        11A : B7 DF 00                   staa    ACIA_control
        11D : 0E                         cli                     ; enable IRQ
        11E : 20 01                      bra     loop
        120 :
        120 :                    wait:
        120 : 3E                         wai
        121 :                    loop:
        121 : 8D 56                      bsr     getchar
        123 : 24 FB                      bcc     wait
        125 : 4D                         tsta
        126 : 27 13                      beq     halt_to_system
        128 : 16                         tab
        129 : 8D 57                      bsr     putchar         ; echo
        12B : 86 20                      ldaa    #' '            ; space
        12D : 8D 53                      bsr     putchar
        12F : 8D 13                      bsr     put_hex8        ; print in hex
        131 : 86 20                      ldaa    #' '            ; space
        133 : 8D 4D                      bsr     putchar
        135 : 8D 27                      bsr     put_bin8        ; print in binary
        137 : 8D 03                      bsr     newline
        139 : 20 E6                      bra     loop
        13B :                    halt_to_system:
        13B : 3F                         swi                     ; halt to system
        13C :
        13C :                    ;;; Put newline
        13C :                    ;;; @clobber A
        13C :                    newline:
        13C : 86 0D                      ldaa    #$0D
        13E : 8D 42                      bsr     putchar
        140 : 86 0A                      ldaa    #$0A
        142 : 20 3E                      bra     putchar
        144 :
        144 :                    ;;; Print uint8_t in hex
        144 :                    ;;; @param B uint8_t value to be printed in hex.
        144 :                    ;;; @clobber A
        144 :                    put_hex8:
        144 : 86 30                      ldaa    #'0'
        146 : 8D 3A                      bsr     putchar
        148 : 86 78                      ldaa    #'x'
        14A : 8D 36                      bsr     putchar
        14C : 17                         tba
        14D : 44                         lsra
        14E : 44                         lsra
        14F : 44                         lsra
        150 : 44                         lsra
        151 : 8D 01                      bsr     put_hex4
        153 : 17                         tba
        154 :                    put_hex4:
        154 : 84 0F                      anda    #$0F
        156 : 8B 90                      adda    #$90            ; $90-$9F
        158 : 19                         daa                     ; $90-$09, $00-$05(C=1)
        159 : 89 40                      adca    #$40            ; $D0-$D9, $41-$46
        15B : 19                         daa                     ; $30-$39, $41-$46
        15C : 20 24                      bra     putchar
        15E :
        15E :                    ;;; Print uint8_t in binary
        15E :                    ;;; @param B uint8_t value to be printed in binary.
        15E :                    ;;; @clobber A
        15E :                    put_bin8:
        15E : 37                         pshb
        15F : 86 30                      ldaa    #'0'
        161 : 8D 1F                      bsr     putchar
        163 : 86 62                      ldaa    #'b'
        165 : 8D 1B                      bsr     putchar
        167 : 8D 04                      bsr     put_bin4
        169 : 8D 02                      bsr     put_bin4
        16B : 33                         pulb
        16C : 39                         rts
        16D :                    put_bin4:
        16D : 8D 00                      bsr     put_bin2
        16F :                    put_bin2:
        16F : 8D 00                      bsr     put_bin1
        171 :                    put_bin1:
        171 : 86 30                      ldaa    #'0'        
        173 : 58                         lslb                    ; C=MSB
        174 : 24 0C                      bcc     putchar         ; MSB=0
        176 : 4C                         inca                    ; MSB=1
        177 : 20 09                      bra     putchar
        179 :
        179 :                    ;;; Get character
        179 :                    ;;; @return A
        179 :                    ;;; @return CC.C 0 if no character
        179 :                    ;;; @clobber X
        179 :                    getchar:
        179 : CE 20 00                   ldx     #rx_queue
        17C : 0F                         sei                     ; disable IRQ
        17D : BD 01 E6                   jsr     queue_remove
        180 : 0E                         cli                     ; enable IRQ
        181 : 39                         rts
        182 :
        182 :                    ;;; Put character
        182 :                    ;;; @param A
        182 :                    ;;; @clobber X
        182 :                    putchar:
        182 : 36                         psha
        183 : CE 20 80                   ldx     #tx_queue
        186 :                    putchar_retry:
        186 : 0F                         sei                     ; disable IRQ
        187 : BD 01 C3                   jsr     queue_add
        18A : 0E                         cli                     ; enable IRQ
        18B : 24 F9                      bcc     putchar_retry   ; branch if queue is full
        18D : 86 B4                      ldaa    #RX_INT_TX_INT  ; enable Tx interrupt
        18F : B7 DF 00                   staa    ACIA_control
        192 : 32                         pula
        193 : 39                         rts
        194 :
        194 :                            include "queue.inc"
(1)     194 :                    ;;; [queue] queue structure
(1)     194 : =0                 queue_len:      equ     0       ; queue length
(1)     194 : =1                 queue_size:     equ     1       ; buffer size
(1)     194 : =2                 queue_put:      equ     2       ; queue put index
(1)     194 : =3                 queue_get:      equ     3       ; queue get index
(1)     194 : =4                 queue_buf:      equ     4       ; buffer start offset
(1)     194 :
(1)     194 :                    ;;; [queue] Initialize queue
(1)     194 :                    ;;; @param X queue work space pointer
(1)     194 :                    ;;; @param B queue work space size
(1)     194 :                    ;;; @clobber B
(1)     194 :                    queue_init_tmp:
(1)     194 :                            rmb     2
(1)     196 :                    queue_init:
(1)     196 : FF 01 94                   stx     queue_init_tmp  ; save X
(1)     199 : 37                         pshb
(1)     19A :                    queue_init_loop:
(1)     19A : 6F 00                      clr     0,x
(1)     19C : 08                         inx
(1)     19D : 5A                         decb
(1)     19E : 26 FA                      bne     queue_init_loop
(1)     1A0 : FE 01 94                   ldx     queue_init_tmp  ; restore X
(1)     1A3 : 33                         pulb
(1)     1A4 : C0 04                      subb    #queue_buf
(1)     1A6 : E7 01                      stab    queue_size,x
(1)     1A8 : 39                         rts
(1)     1A9 :
(1)     1A9 :                    ;;; [abx] Add B to X
(1)     1A9 :                    ;;; @return X X+B
(1)     1A9 :                    abx_tmp:
(1)     1A9 :                            rmb     2
(1)     1AB :                    abx:
(1)     1AB : 37                 	pshb
(1)     1AC : FF 01 A9                   stx     abx_tmp
(1)     1AF : FB 01 AA                   addb    abx_tmp+1
(1)     1B2 : F7 01 AA                   stab    abx_tmp+1
(1)     1B5 : 5F                         clrb
(1)     1B6 : F9 01 A9                   adcb    abx_tmp
(1)     1B9 : F7 01 A9                   stab    abx_tmp
(1)     1BC : FE 01 A9                   ldx     abx_tmp
(1)     1BF : 33                         pulb
(1)     1C0 : 39                         rts
(1)     1C1 :
(1)     1C1 :                    ;;; [queue] Add an element to queue
(1)     1C1 :                    ;;; @param X queue work space pointer
(1)     1C1 :                    ;;; @param A an element
(1)     1C1 :                    ;;; @return CC.C 0 if queue is full
(1)     1C1 :                    queue_add_tmp:
(1)     1C1 :                            rmb     2
(1)     1C3 :                    queue_add:
(1)     1C3 : 37                 	pshb
(1)     1C4 : E6 00                      ldab    queue_len,x
(1)     1C6 : E1 01                      cmpb    queue_size,x
(1)     1C8 : 24 18                      bhs     queue_add_return ; carry is cleared
(1)     1CA : E6 02                      ldab    queue_put,x     ; 8 bits offset
(1)     1CC : FF 01 C1                   stx     queue_add_tmp   ; save X
(1)     1CF : 8D DA                      bsr     abx
(1)     1D1 : A7 04                      staa    queue_buf,x     ; store an element
(1)     1D3 : FE 01 C1                   ldx     queue_add_tmp   ; restore X
(1)     1D6 : 6C 00                      inc     queue_len,x
(1)     1D8 : 5C                         incb
(1)     1D9 : E7 02                      stab    queue_put,x
(1)     1DB : E1 01                      cmpb    queue_size,x
(1)     1DD : 25 03                      blo     queue_add_return ; carry is set
(1)     1DF : 6F 02                      clr     queue_put,x
(1)     1E1 : 0D                         sec                     ; set carry
(1)     1E2 :                    queue_add_return:
(1)     1E2 : 33                 	pulb
(1)     1E3 : 39                         rts
(1)     1E4 :
(1)     1E4 :                    ;;; [queue] Remove an element from queue
(1)     1E4 :                    ;;; @param X queue work space pointer
(1)     1E4 :                    ;;; @return A an element
(1)     1E4 :                    ;;; @return CC.C 0 if queue is empty
(1)     1E4 :                    queue_remove_tmp:
(1)     1E4 :                            rmb     2
(1)     1E6 :                    queue_remove:
(1)     1E6 : 6D 00                      tst     queue_len,x
(1)     1E8 : 26 02                      bne     queue_remove_elem
(1)     1EA : 0C                         clc                     ; clear carry
(1)     1EB : 39                         rts
(1)     1EC :                    queue_remove_elem
(1)     1EC : 37                 	pshb
(1)     1ED : E6 03                      ldab    queue_get,x     ; 8 bits offset
(1)     1EF : FF 01 E4                   stx     queue_remove_tmp ;save X
(1)     1F2 : 8D B7                      bsr     abx
(1)     1F4 : A6 04                      ldaa    queue_buf,x     ; read an element
(1)     1F6 : FE 01 E4                   ldx     queue_remove_tmp ; restore X
(1)     1F9 : 6A 00                      dec     queue_len,x
(1)     1FB : 5C                         incb
(1)     1FC : E7 03                      stab    queue_get,x
(1)     1FE : E1 01                      cmpb    queue_size,x
(1)     200 : 25 03                      blo     queue_remove_return ; carry is set
(1)     202 : 6F 03                      clr     queue_get,x
(1)     204 : 0D                         sec                     ; set carry
(1)     205 :                    queue_remove_return:
(1)     205 : 33                         pulb
(1)     206 : 39                         rts
(1)     207 :
(1)     207 :                    ;;; Local Variables:
(1)     207 :                    ;;; mode: asm
(1)     207 :                    ;;; End:
(1)     207 :                    ;;; vim: set ft=asm et ts=4 sw=4:
        207 :
        207 :                    isr_irq:
        207 : F6 DF 00                   ldab    ACIA_status
        20A : C5 80                      bitb    #IRQF_bm
        20C : 27 1C                      beq     isr_irq_exit
        20E : C5 01                      bitb    #RDRF_bm
        210 : 27 09                      beq     isr_irq_send
        212 : B6 DF 01                   ldaa    ACIA_data       ; receive character
        215 : CE 20 00                   ldx     #rx_queue
        218 : BD 01 C3                   jsr     queue_add
        21B :                    isr_irq_send:
        21B : C5 02                      bitb    #TDRE_bm
        21D : 27 0B                      beq     isr_irq_exit
        21F : CE 20 80                   ldx     #tx_queue
        222 : BD 01 E6                   jsr     queue_remove
        225 : 24 04                      bcc     isr_irq_send_empty
        227 : B7 DF 01                   staa    ACIA_data       ; send character
        22A :                    isr_irq_exit:
        22A : 3B                         rti
        22B :                    isr_irq_send_empty:
        22B : 86 94                      ldaa    #RX_INT_TX_NO
        22D : B7 DF 00                   staa    ACIA_control    ; disable Tx interrupt
        230 : 3B                         rti
