          0 :                    ;;; -*- mode: asm; mode: flyspell-prog; -*-
          0 :                            cpu     8051
          0 :                            include "i8051.inc"
(1)       0 :                    ;;; -*- mode: asm; mode: flyspell-prog; -*-
(1)       0 :                    ;;; i8051
(1)       0 :                    ;;; Interrupt origin
(1)       0 : =0                 ORG_RESET:      equ     000H    ; RESET
(1)       0 : =3                 ORG_IE0:        equ     003H    ; #INT0
(1)       0 : =B                 ORG_TF0:        equ     00BH    ; Timer 0 overflow
(1)       0 : =13                ORG_IE1:        equ     013H    ; #INT1
(1)       0 : =1B                ORG_TF1:        equ     01BH    ; Timer 1 overflow
(1)       0 : =23                ORG_RITI:       equ     023H    ; Receive & Transmit
(1)       0 :                    ;;; Register bank and internal memory
(1)       0 : =0                 BASE_BANK0:     equ     00H     ; Bank 0 R0-R7
(1)       0 : =8                 BASE_BANK1:     equ     08H     ; Bank 1 R0-R7
(1)       0 : =10                BASE_BANK2:     equ     10H     ; Bank 2 R0-R7
(1)       0 : =18                BASE_BANK3:     equ     18H     ; Bank 3 R0-R7
(1)       0 : =20                BASE_BIT:       equ     20H     ; Bit addressable memory
(1)       0 : =30                BASE_MEMORY:    equ     30H     ; general purpose memory
(1)       0 :                    ;;; Special function registers
(1)       0 : =E0                ACC:    equ     0E0H            ; Accumulator
(1)       0 : =F0                B:      equ     0F0H            ; B register
(1)       0 : =D0                PSW:    equ     0D0H            ; Program status word
(1)       0 : =81                SP:     equ     81H             ; Stack pointer
(1)       0 : =82                DPL:    equ     82H             ; DPTR low byte
(1)       0 : =83                DPH:    equ     83H             ; DPTR high byte
(1)       0 : =80                P0:     equ     80H             ; Port 0
(1)       0 : =90                P1:     equ     90H             ; Port 1
(1)       0 : =A0                P2:     equ     0A0H            ; Port 2
(1)       0 : =B0                P3:     equ     0B0H            ; Port 3
(1)       0 : =B8                IP:     equ     0B8H            ; Interrupt priority control
(1)       0 : =A8                IE:     equ     0A8H            ; Interrupt enable control
(1)       0 : =89                TMOD:   equ     89H             ; Timer/Counter mode control
(1)       0 : =88                TCON:   equ     88H             ; Timer/Counter control
(1)       0 : =8C                TH0:    equ     8CH             ; Timer/Counter 0 high byte
(1)       0 : =8A                TL0:    equ     8AH             ; Timer/Counter 0 low byte
(1)       0 : =8D                TH1:    equ     8DH             ; Timer/Counter 1 high byte
(1)       0 : =8B                TL1:    equ     8BH             ; Timer/Counter 1 low byte
(1)       0 : =98                SCON:   equ     98H             ; Serial control
(1)       0 : =99                SBUF:   equ     99H             ; Serial data buffer
(1)       0 : =87                PCON:   equ     87H             ; Power control
(1)       0 :                    ;;; PSW (0D0H) Program status word (bit addressable)
(1)       0 : =7                 CY:     equ     7              ; set to 1 if carry
(1)       0 : =6                 AC:     equ     6              ; set to 1 if auxillary carry
(1)       0 : =5                 F0:     equ     5              ; user flag 0
(1)       0 : =4                 RS1:    equ     4              ; register bank select
(1)       0 : =3                 RS0:    equ     3              ; register bank select
(1)       0 : =2                 OV:     equ     2              ; set to 1 if overflow
(1)       0 : =1                 F1:     equ     1              ; user flag 1
(1)       0 : =0                 P:      equ     0              ; parity bit
(1)       0 :                    ;;; IE (0A8H) Interrupt enable register
(1)       0 : =7                 EA:     equ     7               ; enable interrupt
(1)       0 : =4                 ES:     equ     4               ; Serial
(1)       0 : =3                 ET1:    equ     3               ; Timer 1 overflow
(1)       0 : =2                 EX1:    equ     2               ; #INT1
(1)       0 : =1                 ET0:    equ     1               ; Timer 0 overflow
(1)       0 : =0                 EX0:    equ     0               ; #INT0
(1)       0 :                    ;;; SCON (89H) Serial control (bit addressable)
(1)       0 : =7                 SM0:    equ     7               ; Serial mode SM[0:1:2]=010 8-bit UART
(1)       0 : =6                 SM1:    equ     6
(1)       0 : =5                 SM2:    equ     5
(1)       0 : =4                 REN:    equ     4               ; Enable reception
(1)       0 : =1                 TI:     equ     1               ; Transmit interrupt flag
(1)       0 : =0                 RI:     equ     0               ; Receive interrupt flag
(1)       0 :                    ;;; TCON (88H) Timer/Counter control register
(1)       0 : =7                 TF1:    equ     7               ; Timer 1 overflow flag
(1)       0 : =6                 TR1:    equ     6               ; Timer 1 run control
(1)       0 : =5                 TF0:    equ     5               ; Timer 0 overflow flag
(1)       0 : =4                 TR0:    equ     4               ; Timer 0 run control
(1)       0 :                    ;;; TMOD (89H) Timer/Counter mode control register
(1)       0 : =4                 T1MODE_gp:      equ     4       ; Timer 1 mode
(1)       0 : =0                 T0MODE_gp:      equ     0       ; Timer 0 mode
(1)       0 : =8                 TGATE:          equ     1000B
(1)       0 : =4                 TXPIN:          equ     0100B   ; Input from Tx pin
(1)       0 : =2                 T8MODE:         equ     0010B   ; 8-bit auto-reload timer/counter
(1)       0 :                    ;;; PCON (87H) Power control register
(1)       0 : =40                SMOD:   equ     1000000B        ; Double baudrate
          0 :
          0 :                    ;;; i8251 Universal Synchronous/Asynchronous Receiver/Transmitter
          0 : =FFF0              USART:          equ     0FFF0H
          0 : =FFF0              USARTD:         equ     USART+0 ; Receive/Transmit data
          0 : =FFF1              USARTS:         equ     USART+1 ; Srtatus register
          0 : =FFF1              USARTC:         equ     USART+1 ; Control register
          0 : =FFF2              USARTRV:        equ     USART+2 ; Receive interrupt vector (ORG_*)
          0 : =FFF3              USARTTV:        equ     USART+3 ; Transmit interrupt vector (ORG_*)
          0 :                            include "i8251.inc"
(1)       0 :                    ;;; -*- mode: asm; mode: flyspell-prog; -*-
(1)       0 :
(1)       0 :                    ;;; i8251 USART device emulator.
(1)       0 : =6                 MODE_STOP_gp:   equ     6
(1)       0 : =C0                MODE_STOP_gm:   equ     11000000B
(1)       0 : =40                MODE_STOP1_gc:  equ     (1 << MODE_STOP_gp)
(1)       0 : =80                MODE_STOP15_gc: equ     (2 << MODE_STOP_gp)
(1)       0 : =C0                MODE_STOP2_gc:  equ     (3 << MODE_STOP_gp)
(1)       0 : =20                MODE_EVEN_bm:   equ     00100000B
(1)       0 : =10                MODE_PARITY_bm: equ     00010000B
(1)       0 : =2                 MODE_LEN_gp:    equ     2
(1)       0 : =C                 MODE_LEN_gm:    equ     00001100B
(1)       0 : =0                 MODE_LEN5_gc:   equ     (0 << MODE_LEN_gp)
(1)       0 : =4                 MODE_LEN6_gc:   equ     (1 << MODE_LEN_gp)
(1)       0 : =8                 MODE_LEN7_gc:   equ     (2 << MODE_LEN_gp)
(1)       0 : =C                 MODE_LEN8_gc:   equ     (3 << MODE_LEN_gp)
(1)       0 : =0                 MODE_BAUD_gp:   equ     0
(1)       0 : =3                 MODE_BAUD_gm:   equ     00000011B
(1)       0 : =1                 MODE_BAUD_X1:   equ     (1 << MODE_BAUD_gp)
(1)       0 : =2                 MODE_BAUD_X16:  equ (2 << MODE_BAUD_gp)
(1)       0 : =3                 MODE_BAUD_X64:  equ (3 << MODE_BAUD_gp)
(1)       0 :                    ;;; Bit Definition of command register
(1)       0 : =80                CMD_EH_bm:      equ     10000000B   ; Enter hunt mode
(1)       0 : =40                CMD_IR_bm:      equ     01000000B   ; Internal Reset
(1)       0 : =20                CMD_RTS_bm:     equ     00100000B   ; Request To Send
(1)       0 : =10                CMD_ER_bm:      equ     00010000B   ; Error Reset
(1)       0 : =8                 CMD_SBRK_bm:    equ     00001000B   ; Send Break
(1)       0 : =4                 CMD_RxEN_bm:    equ     00000100B   ; Receive Enable
(1)       0 : =2                 CMD_DTR_bm:     equ     00000010B   ; Data Terminal Ready
(1)       0 : =1                 CMD_TxEN_bm:    equ     00000001B   ; Transmit enable
(1)       0 :
(1)       0 :                    ;;; Bit definition of status register
(1)       0 : =80                ST_DSR_bm:      equ     10000000B   ; Data Set Ready
(1)       0 : =40                ST_BRK_bm:      equ     01000000B   ; BREAK detected
(1)       0 : =20                ST_FE_bm:       equ     00100000B   ; Framing Error
(1)       0 : =10                ST_OE_bm:       equ     00010000B   ; Iverrun Error
(1)       0 : =8                 ST_PE_bm:       equ     00001000B   ; Parity Error
(1)       0 : =4                 ST_TxEMPTY_bm:  equ     00000100B   ; Transmitter empty
(1)       0 : =2                 ST_RxRDY_bm:    equ     00000010B   ; Receiver ready
(1)       0 : =1                 ST_TxRDY_bm:    equ     00000001B   ; Transmitter ready
(1)       0 : =1                 ST_RxRDY_bp:    equ     1           ; Receiver ready
(1)       0 : =0                 ST_TxRDY_bp:    equ     0           ; Transmitter ready
          0 :                    ;;; Async 1stop 8data x16
          0 : =4E                ASYNC_MODE:     equ     MODE_STOP1_gc|MODE_LEN8_gc|MODE_BAUD_X16
          0 :                    ;;; RTS/DTR, error reset, Rx enable, Tx enable
          0 : =37                RX_EN_TX_EN:    equ     CMD_RTS_bm|CMD_DTR_bm|CMD_ER_bm|CMD_RxEN_bm|CMD_TxEN_bm
          0 : =36                RX_EN_TX_DIS:   equ     CMD_RTS_bm|CMD_DTR_bm|CMD_ER_bm|CMD_RxEN_bm
          0 :
          0 :                    ;;; External data memory
       2000 :                            org     2000H
       2000 : =80                rx_buffer_size: equ     128
       2000 :                    rx_buffer:
       2000 :                            ds      rx_buffer_size
       2080 : =80                tx_buffer_size: equ     128
       2080 :                    tx_buffer:
       2080 :                            ds      tx_buffer_size
       2100 :                    print_uint16_buf:
       2100 :                            ds      8
       2108 :
       2108 :                    ;;; Internal data memory
         30 :                            org     BASE_MEMORY
         30 :                    rx_queue:       ds      queue_work_size
         36 :                    tx_queue:       ds      queue_work_size
         3C :                    ;;; Work area for mandelbrot.inc
         3C :                    tmp:    ds      2
         3E :                    c229:   ds      2
         40 :                    c416:   ds      2
         42 :                    c100:   ds      2
         44 :                    vF:     ds      2
         46 :                    vC:     ds      2
         48 :                    vD:     ds      2
         4A :                    vA:     ds      2
         4C :                    vB:     ds      2
         4E :                    vP:     ds      2
         50 :                    vQ:     ds      2
         52 :                    vS:     ds      2
         54 :                    vT:     ds      2
         56 :                    vY:     ds      1
         57 :                    vX:     ds      1
         58 :                    vI:     ds      1
         59 : =59                stack:          equ     $
         59 :
          0 :                            org     ORG_RESET
          0 : 02 00 26                   ljmp    init
          3 :                            org     ORG_IE0
          3 : 02 04 23                   ljmp    isr_intr_rx
          B :                            org     ORG_TF0
          B : 02 00 26                   ljmp    init
         13 :                            org     ORG_IE1
         13 : 02 04 44                   ljmp    isr_intr_tx
         1B :                            org     ORG_TF1
         1B : 02 00 26                   ljmp    init
         23 :                            org     ORG_RITI
         23 : 02 00 26                   ljmp    init
         26 :
         26 :                    init:
         26 : 75 81 58                   mov     SP, #stack-1
         29 : 78 30                      mov     R0, #rx_queue
         2B : 79 80                      mov     R1, #rx_buffer_size
         2D : 90 20 00                   mov     DPTR, #rx_buffer
         30 : 71 BC                      acall   queue_init
         32 : 78 36                      mov     R0, #tx_queue
         34 : 79 80                      mov     R1, #tx_buffer_size
         36 : 90 20 80                   mov     DPTR, #tx_buffer
         39 : 71 BC                      acall   queue_init
         3B :                    init_usart:
         3B : 90 FF F1                   mov     DPTR, #USARTC
         3E : E4                         clr     A
         3F : F0                         movx    @DPTR, A
         40 : F0                         movx    @DPTR, A
         41 : F0                         movx    @DPTR, A        ; safest way to sync mode
         42 : 74 40                      mov     a, #CMD_IR_bm
         44 : F0                         movx    @DPTR, A        ; reset
         45 : 00                         nop
         46 : 00                         nop
         47 : 74 4E                      mov     a, #ASYNC_MODE
         49 : F0                         movx    @DPTR, A
         4A : 00                         nop
         4B : 00                         nop
         4C : 74 37                      mov     a, #RX_EN_TX_EN
         4E : F0                         movx    @DPTR, A
         4F : A3                         inc     DPTR
         50 : 74 03                      mov     A, #ORG_IE0
         52 : F0                         movx    @DPTR, A        ; enable Rx interrupt using INT0
         53 : D2 A8                      setb    IE.EX0          ; enable INT0
         55 : 74 13                      mov     A, #ORG_IE1
         57 : A3                         inc     DPTR
         58 : F0                         movx    @DPTR, A        ; enable Tx interrupt using INT1
         59 : D2 AA                      setb    IE.EX1          ; enable INT1
         5B : D2 AF                      setb    IE.EA           ; enable interrupt
         5D :
         5D :                    loop:
         5D : 11 B0                      acall   mandelbrot
         5F : 11 7F                      acall   newline
         61 : 80 FA                      sjmp    loop
         63 :
         63 :                    ;;; Get character
         63 :                    ;;; @return A
         63 :                    ;;; @return PSW.C 0 if no character
         63 :                    getchar:
         63 : C0 83                      push    DPH
         65 : C0 82                      push    DPL
         67 : E8                         mov     A, R0
         68 : C0 E0                      push    ACC             ; save R0
         6A : 78 30                      mov     R0, #rx_queue
         6C : C2 AF                      clr     IE.EA
         6E : 71 FC                      acall   queue_remove
         70 : D2 AF                      setb    IE.EA
         72 : C8                         xch     A, R0           ; R0=character
         73 : D0 E0                      pop     ACC
         75 : C8                         xch     A, R0           ; restore R0
         76 : D0 82                      pop     DPL
         78 : D0 83                      pop     DPH
         7A : 22                         ret
         7B :
         7B :                    ;;; Put space
         7B :                    ;;; @clobber A
         7B :                    putspace:
         7B : 74 20                      mov     A, #' '
         7D : 80 06                      sjmp    putchar
         7F :
         7F :                    ;;; Put newline
         7F :                    ;;; @clobber A
         7F :                    newline:
         7F : 74 0D                      mov     A, #0DH
         81 : 11 85                      acall   putchar
         83 : 74 0A                      mov     A, #0AH
         85 :
         85 :                    ;;; Put character
         85 :                    ;;; @param A
         85 :                    ;;; @clobber DPTR A
         85 :                    putchar:
         85 : C0 83                      push    DPH
         87 : C0 82                      push    DPL             ; save DPTR
         89 : C8                         xch     A, R0           ; save character
         8A : C0 E0                      push    ACC             ; save R0
         8C : E8                         mov     A, R0           ; restore character
         8D :                    putchar_loop:
         8D : 78 36                      mov     R0, #tx_queue
         8F : C2 AF                      clr     IE.EA
         91 : 71 D1                      acall   queue_add
         93 : D2 AF                      setb    IE.EA
         95 : 50 F6                      jnc     putchar_loop    ; branch if queue is full
         97 : 90 FF F1                   mov     DPTR, #USARTC
         9A : 74 37                      mov     A, #RX_EN_TX_EN ; enable Tx
         9C : F0                         movx    @DPTR, A
         9D : D0 E0                      pop     ACC
         9F : F8                         mov     R0, A           ; restore R0
         A0 : D0 82                      pop     DPL
         A2 : D0 83                      pop     DPH             ; restore DPTR
         A4 : 22                         ret
         A5 :
         A5 :                            include "mandelbrot.inc"
(1)      A5 :                    ;;; -*- mode: asm; mode: flyspell-prog; -*-
(1)      A5 :
(1)      A5 :                    ;;; Sign extend 8-bit to 16-bit
(1)      A5 :                    ;;; @param A 8-bit value
(1)      A5 :                    ;;; @return R5:R4 sign extended 16-bit value
(1)      A5 :                    ;;; @clobber A
(1)      A5 :                    sex_A:
(1)      A5 : FC                         mov     R4, A
(1)      A6 : 20 E7 03                   jb      ACC.7, sex_Aminus
(1)      A9 : E4                         clr     A
(1)      AA : 80 02                      sjmp    sex_Aend
(1)      AC :                    sex_Aminus:
(1)      AC : 74 FF                      mov     A, #-1
(1)      AE :                    sex_Aend:
(1)      AE : FD                         mov     R5, A
(1)      AF : 22                         ret
(1)      B0 :
(1)      B0 :                    mandelbrot:
(1)      B0 : 7C E5                      mov     R4, #LOW(229)
(1)      B2 : 7D 00                      mov     R5, #HIGH(229)
(1)      B4 : 7B 3E                      mov     R3, #c229
(1)      B6 : 31 F0                      acall   set             ; c229=229
(1)      B8 : 7C A0                      mov     R4, #LOW(416)
(1)      BA : 7D 01                      mov     R5, #HIGH(416)
(1)      BC : 7B 40                      mov     R3, #c416
(1)      BE : 31 F0                      acall   set             ; c416=416
(1)      C0 : 7C 64                      mov     R4, #LOW(100)
(1)      C2 : 7D 00                      mov     R5, #HIGH(100)
(1)      C4 : 7B 42                      mov     R3, #c100
(1)      C6 : 31 F0                      acall   set             ; c100=100
(1)      C8 : 7C 32                      mov     R4, #LOW(50)
(1)      CA : 7D 00                      mov     R5, #HIGH(50)
(1)      CC : 7B 44                      mov     R3, #vF         ; F=50
(1)      CE : 31 F0                      acall   set
(1)      D0 : 75 56 F4                   mov     vY, #-12        ; Y=-12
(1)      D3 :                    loop_y:
(1)      D3 : 75 57 CF                   mov     vX, #-49        ; X=-49
(1)      D6 :                    loop_x:
(1)      D6 : E5 57                      mov     A, vX
(1)      D8 : 11 A5                      acall   sex_A
(1)      DA : 7B 46                      mov     R3, #vC
(1)      DC : 31 F0                      acall   set             ; C=X
(1)      DE : 7A 46                      mov     R2, #vC
(1)      E0 : 7B 3E                      mov     R3, #c229
(1)      E2 : 51 E5                      acall   mulsi2          ; C=X*229
(1)      E4 : 7A 46                      mov     R2, #vC
(1)      E6 : 7B 42                      mov     R3, #c100
(1)      E8 : 71 86                      acall   divsi2          ; C=X*229/100
(1)      EA : E5 56                      mov     A, vY
(1)      EC : 11 A5                      acall   sex_A
(1)      EE : 7B 48                      mov     R3, #vD
(1)      F0 : 31 F0                      acall   set             ; D=Y
(1)      F2 : 7A 48                      mov     R2, #vD
(1)      F4 : 7B 40                      mov     R3, #c416
(1)      F6 : 51 E5                      acall   mulsi2          ; D=Y*416
(1)      F8 : 7A 48                      mov     R2, #vD
(1)      FA : 7B 42                      mov     R3, #c100
(1)      FC : 71 86                      acall   divsi2          ; D=Y*416/100
(1)      FE : 7A 4A                      mov     R2, #vA
(1)     100 : 7B 46                      mov     R3, #vC
(1)     102 : 31 F8                      acall   assign          ; A=C
(1)     104 : 7A 4C                      mov     R2, #vB
(1)     106 : 7B 48                      mov     R3, #vD
(1)     108 : 31 F8                      acall   assign          ; B=D
(1)     10A : 75 58 00                   mov     vI, #0          ; I=0
(1)     10D :
(1)     10D :                            ;; mov     R2, #vY
(1)     10D :                            ;; mov     A, #'Y'
(1)     10D :                            ;; acall   print8          print Y
(1)     10D :                            ;; mov     R2, #vX
(1)     10D :                            ;; mov     A, #'X'
(1)     10D :                            ;; acall   print8          print X
(1)     10D :                            ;; mov     R2, #vC
(1)     10D :                            ;; mov     A, #'C'
(1)     10D :                            ;; acall   print           print C
(1)     10D :                            ;; mov     R2, #vD
(1)     10D :                            ;; mov     A, #'D'
(1)     10D :                            ;; acall   print           print D
(1)     10D :                            ;; acall   newline
(1)     10D :
(1)     10D :                    loop_i:
(1)     10D : 7A 50                      mov     R2, #vQ
(1)     10F : 7B 4C                      mov     R3, #vB
(1)     111 : 31 F8                      acall   assign          ; Q=B
(1)     113 : 7B 44                      mov     R3, #vF
(1)     115 : 71 86                      acall   divsi2          ; Q=B/F
(1)     117 : 7A 3C                      mov     R2, #tmp
(1)     119 : 7B 50                      mov     R3, #vQ
(1)     11B : 31 F8                      acall   assign          ; tmp=Q
(1)     11D : 7B 44                      mov     R3, #vF
(1)     11F : 51 E5                      acall   mulsi2          ; tmp=Q*F
(1)     121 : 7A 52                      mov     R2, #vS
(1)     123 : 7B 4C                      mov     R3, #vB
(1)     125 : 31 F8                      acall   assign          ; S=B
(1)     127 : 7B 3C                      mov     R3, #tmp
(1)     129 : 51 91                      acall   subsi2          ; S=B-Q*F
(1)     12B : 7A 3C                      mov     R2, #tmp
(1)     12D : 7B 4C                      mov     R3, #vB
(1)     12F : 31 F8                      acall   assign          ; tmp=B
(1)     131 : 51 E5                      acall   mulsi2          ; tmp=B*B
(1)     133 : 7A 54                      mov     R2, #vT
(1)     135 : 7B 4A                      mov     R3, #vA
(1)     137 : 31 F8                      acall   assign          ; T=A
(1)     139 : 51 E5                      acall   mulsi2          ; T=A*A
(1)     13B : 7A 54                      mov     R2, #vT
(1)     13D : 7B 3C                      mov     R3, #tmp
(1)     13F : 51 91                      acall   subsi2          ; T=A*A-B*B
(1)     141 : 7A 54                      mov     R2, #vT
(1)     143 : 7B 44                      mov     R3, #vF
(1)     145 : 71 86                      acall   divsi2          ; T=(A*A-B*B)/F
(1)     147 : 7A 54                      mov     R2, #vT
(1)     149 : 7B 46                      mov     R3, #vC
(1)     14B : 51 81                      acall   addsi2          ; T=(A*A-B*B)/F+C
(1)     14D : 7A 3C                      mov     R2, #tmp
(1)     14F : 7B 4A                      mov     R3, #vA         ; tmp=A
(1)     151 : 31 F8                      acall   assign
(1)     153 : 7B 52                      mov     R3, #vS
(1)     155 : 51 E5                      acall   mulsi2          ; tmp=A*S
(1)     157 : 7A 3C                      mov     R2, #tmp
(1)     159 : 7B 44                      mov     R3, #vF
(1)     15B : 71 86                      acall   divsi2          ; tmp=A*S/F
(1)     15D : 7A 4C                      mov     R2, #vB
(1)     15F : 7B 4A                      mov     R3, #vA
(1)     161 : 31 F8                      acall   assign          ; B=A
(1)     163 : 7B 50                      mov     R3, #vQ
(1)     165 : 51 E5                      acall   mulsi2          ; B=A*Q
(1)     167 : 7A 4C                      mov     R2, #vB
(1)     169 : 7B 3C                      mov     R3, #tmp
(1)     16B : 51 81                      acall   addsi2          ; B=A*Q+A*S/F
(1)     16D : 7A 4C                      mov     R2, #vB
(1)     16F : 7B 4C                      mov     R3, #vB
(1)     171 : 51 81                      acall   addsi2          ; B=2*(A*Q+A*S/F)
(1)     173 : 7A 4C                      mov     R2, #vB
(1)     175 : 7B 48                      mov     R3, #vD
(1)     177 : 51 81                      acall   addsi2          ; B=2*(A*Q+A*S/F)+D
(1)     179 : 7A 4A                      mov     R2, #vA
(1)     17B : 7B 54                      mov     R3, #vT
(1)     17D : 31 F8                      acall   assign          ; A=T
(1)     17F : 7A 4E                      mov     R2, #vP
(1)     181 : 31 F8                      acall   assign          ; P=A
(1)     183 : 7B 44                      mov     R3, #vF
(1)     185 : 71 86                      acall   divsi2          ; P=A/F
(1)     187 : 7A 50                      mov     R2, #vQ
(1)     189 : 7B 4C                      mov     R3, #vB
(1)     18B : 31 F8                      acall   assign          ; Q=B
(1)     18D : 7B 44                      mov     R3, #vF
(1)     18F : 71 86                      acall   divsi2          ; Q=B/F
(1)     191 : 7A 3C                      mov     R2, #tmp
(1)     193 : 7B 50                      mov     R3, #vQ
(1)     195 : 31 F8                      acall   assign          ; tmp=Q
(1)     197 : 51 E5                      acall   mulsi2          ; tmp=Q*Q
(1)     199 : 7A 54                      mov     R2, #vT
(1)     19B : 7B 4E                      mov     R3, #vP
(1)     19D : 31 F8                      acall   assign          ; T=P
(1)     19F : 51 E5                      acall   mulsi2          ; T=P*P
(1)     1A1 : 7A 54                      mov     R2, #vT
(1)     1A3 : 7B 3C                      mov     R3, #tmp
(1)     1A5 : 51 81                      acall   addsi2          ; T=P*P+Q*Q (T>=0)
(1)     1A7 :
(1)     1A7 :                            ;; acall   putspace
(1)     1A7 :                            ;; mov     R2, #vI
(1)     1A7 :                            ;; mov     A, #'I'
(1)     1A7 :                            ;; acall   print8          ; print I
(1)     1A7 :                            ;; mov     R2, #vA
(1)     1A7 :                            ;; mov     A, #'A'
(1)     1A7 :                            ;; acall   print           ; print A
(1)     1A7 :                            ;; mov     R2, #vB
(1)     1A7 :                            ;; mov     A, #'B'
(1)     1A7 :                            ;; acall   print           ; print B
(1)     1A7 :                            ;; mov     R2, #vP
(1)     1A7 :                            ;; mov     A, #'P'
(1)     1A7 :                            ;; acall   print           ; print P
(1)     1A7 :                            ;; mov     R2, #vQ
(1)     1A7 :                            ;; mov     A, #'Q'
(1)     1A7 :                            ;; acall   print           ; print Q
(1)     1A7 :                            ;; mov     R2, #vT
(1)     1A7 :                            ;; mov     A, #'T'
(1)     1A7 :                            ;; acall   print           ; print T
(1)     1A7 :                            ;; acall   newline
(1)     1A7 :
(1)     1A7 : E5 55                      mov     A, vT+1         ; A=hi(T)
(1)     1A9 : 70 15                      jnz     print_i         ; if T>=256
(1)     1AB : E5 54                      mov     A, vT           ; A=lo(T)
(1)     1AD : 24 FB                      add     A, #-(4+1)
(1)     1AF : 40 0F                      jc      print_i         ; if T>=5
(1)     1B1 : 05 58                      inc     vI              ; I+=1
(1)     1B3 : E5 58                      mov     A, vI           ; A=I (I>=0)
(1)     1B5 : B4 10 02                   cjne    A, #16, jmp_loop_i
(1)     1B8 : 80 02                      sjmp    print_space
(1)     1BA :                    jmp_loop_i:
(1)     1BA : 21 0D                      ajmp    loop_i          ; if I<16
(1)     1BC :                    print_space:
(1)     1BC : 74 20                      mov     A, #' '
(1)     1BE : 80 0A                      sjmp    print_char
(1)     1C0 :                    print_i:
(1)     1C0 : E5 58                      mov     A, vI
(1)     1C2 : 24 F6                      add     A, #-10
(1)     1C4 : 50 02                      jnc     print_dec       ; if I<10
(1)     1C6 : 24 07                      add     A, #'A'-('0'+10)
(1)     1C8 :                    print_dec:
(1)     1C8 : 24 3A                      add     A, #10+'0'
(1)     1CA :                    print_char:
(1)     1CA :                            ;; push    ACC             ; push A
(1)     1CA :                            ;; mov     A, #'@'
(1)     1CA :                            ;; acall   putchar
(1)     1CA :                            ;; mov     A, #'='
(1)     1CA :                            ;; acall   putchar
(1)     1CA :                            ;; pop     ACC
(1)     1CA :                            ;; push    ACC             ; restore A
(1)     1CA :                            ;; acall   putchar
(1)     1CA :                            ;; acall   newline
(1)     1CA :                            ;; pop     ACC             ; pop A
(1)     1CA :
(1)     1CA : 11 85                      acall   putchar
(1)     1CC : 11 63                      acall   getchar
(1)     1CE : 50 03                      jnc     next_x
(1)     1D0 : 70 01                      jnz     next_x
(1)     1D2 : A5                         db      0A5H            ; halt to system
(1)     1D3 :                    next_x:
(1)     1D3 : 05 57                      inc     vX               ; X+=1
(1)     1D5 : E5 57                      mov     A, vX
(1)     1D7 : 20 E7 04                   jb      ACC.7, jmp_loop_x ; if hi(X)<0
(1)     1DA : 24 E2                      add     A, #-30
(1)     1DC : 40 02                      jc      next_y
(1)     1DE :                    jmp_loop_x:
(1)     1DE : 01 D6                      ajmp    loop_x          ; if X<30
(1)     1E0 :                    next_y:
(1)     1E0 : 11 7F                      acall   newline
(1)     1E2 : 05 56                      inc     vY              ; Y+=1
(1)     1E4 : E5 56                      mov     A, vY
(1)     1E6 : 20 E7 04                   jb      ACC.7, jmp_loop_y ; if hi(Y)<0
(1)     1E9 : 24 F3                      add     A, #-13
(1)     1EB : 40 02                      jc      mandelbrot_end
(1)     1ED :                    jmp_loop_y:
(1)     1ED : 01 D3                      ajmp    loop_y          ; if Y<13
(1)     1EF :                    mandelbrot_end:
(1)     1EF : 22                         ret
(1)     1F0 :
(1)     1F0 :                    ;;; Set value to variable
(1)     1F0 :                    ;;; @param R5:R4 value
(1)     1F0 :                    ;;; @param R3 &variable
(1)     1F0 :                    ;;; @clobber A R0
(1)     1F0 :                    set:
(1)     1F0 : EB                         mov     A, R3
(1)     1F1 : F8                         mov     R0, A
(1)     1F2 : EC                         mov     A, R4
(1)     1F3 : F6                         mov     @R0, A
(1)     1F4 : ED                         mov     A, R5
(1)     1F5 : 08                         inc     R0
(1)     1F6 : F6                         mov     @R0, A
(1)     1F7 : 22                         ret
(1)     1F8 :
(1)     1F8 :                    ;;; Assign variable; v1 = v2
(1)     1F8 :                    ;;; @param R2 &v1
(1)     1F8 :                    ;;; @param R3 &v2
(1)     1F8 :                    ;;; @clobber A R0
(1)     1F8 :                    assign:
(1)     1F8 : EB                         mov     A, R3
(1)     1F9 : F8                         mov     R0, A           ; R0=&v2
(1)     1FA : E6                         mov     A, @R0
(1)     1FB : FB                         mov     R3, A           ; R3=lo(v2)
(1)     1FC : 08                         inc     R0              ; R0=&v2+1
(1)     1FD : E6                         mov     A, @R0          ; A=hi(v2)
(1)     1FE : CA                         xch     A, R2           ; R2=hi(v2), A=&v1
(1)     1FF : C8                         xch     A, R0           ; R0=&v1, A=&v2+1
(1)     200 : CB                         xch     A, R3           ; R3=&v2+1, A=lo(v2)
(1)     201 : 1B                         dec     R3              ; R3=&v2
(1)     202 : F6                         mov     @R0, A          ; lo(v1)=lo(v2)
(1)     203 : EA                         mov     A, R2           ; A=hi(v2)
(1)     204 : 08                         inc     R0              ; R0=&v1+1
(1)     205 : F6                         mov     @R0, A          ; hi(v1)=hi(v2)
(1)     206 : 18                         dec     R0              ; R0=&v1
(1)     207 : E8                         mov     A, R0
(1)     208 : FA                         mov     R2, A           ; R2=&v1
(1)     209 : 22                         ret
(1)     20A :
(1)     20A :                    ;;; Print 8-bit variable
(1)     20A :                    ;;; @param A: variable name
(1)     20A :                    ;;; @param R2: &variable
(1)     20A :                    ;;; @clobber A R0
(1)     20A :                    print8:
(1)     20A : C0 E0                      push    ACC
(1)     20C : EA                         mov     A, R2
(1)     20D : F8                         mov     R0, A
(1)     20E : E6                         mov     A, @R0
(1)     20F : 11 A5                      acall   sex_A
(1)     211 : 7B 3C                      mov     R3, #tmp
(1)     213 : 31 F0                      acall   set
(1)     215 : 7A 3C                      mov     R2, #tmp
(1)     217 : D0 E0                      pop     ACC
(1)     219 :
(1)     219 :                    ;;; Print variable
(1)     219 :                    ;;; @param A: variable name
(1)     219 :                    ;;; @param R2: &variable
(1)     219 :                    ;;; @clobber A R0
(1)     219 :                    print:
(1)     219 : 11 85                      acall   putchar
(1)     21B : 74 3D                      mov     A, #'='
(1)     21D : 11 85                      acall   putchar
(1)     21F : EA                         mov     A, R2
(1)     220 : F8                         mov     R0, A
(1)     221 : 51 25                      acall   print_int16
(1)     223 : 01 7B                      ajmp    putspace
        225 :                            include "arith.inc"
(1)     225 :                    ;;; -*- mode: asm; mode: flyspell-prog; -*-
(1)     225 :                            cpu     8051
(1)     225 :
(1)     225 :                    ;;; Print signed 16-bit integer as decimal
(1)     225 :                    ;;; @param R0 &value
(1)     225 :                    ;;; @clobber A
(1)     225 :                    print_int16:
(1)     225 : E8                         mov     A, R0
(1)     226 : C0 E0                      push    ACC             ; save R0
(1)     228 : E6                         mov     A, @R0
(1)     229 : CA                         xch     A, R2
(1)     22A : C0 E0                      push    ACC             ; save R2
(1)     22C : 08                         inc     R0
(1)     22D : E6                         mov     A, @R0
(1)     22E : CB                         xch     A, R3
(1)     22F : C0 E0                      push    ACC             ; save R3
(1)     231 : EB                         mov     A, R3
(1)     232 : 30 E7 06                   jnb     ACC.7, print_uint16
(1)     235 : 74 2D                      mov     A, #'-'
(1)     237 : 11 85                      acall   putchar         ; print '-'
(1)     239 : 51 60                      acall   neg_R3R2        ; negate value
(1)     23B :                    ;;; Print unsigned 16-bit integer as decimal
(1)     23B :                    ;;; @param R3:R2 value
(1)     23B :                    ;;; @param print_uint16_buf external data memory
(1)     23B :                    ;;; @clobber A
(1)     23B :                    print_uint16:
(1)     23B : 90 21 00                   mov     DPTR, #print_uint16_buf
(1)     23E : E4                         clr     A
(1)     23F : F0                         movx    @DPTR, A        ; mark EOS
(1)     240 :                    print_uint16_loop:
(1)     240 : 7C 0A                      mov     R4, #10
(1)     242 : 71 24                      acall   udiv16_8        ; R2:R3/10=R2:R3...R4
(1)     244 : EC                         mov     A, R4           ; lo(remainder)
(1)     245 : 24 30                      add     A, #'0'
(1)     247 : A3                         inc     DPTR
(1)     248 : F0                         movx    @DPTR, A        ; write to buffer
(1)     249 : EA                         mov     A, R2
(1)     24A : 4B                         orl     A, R3
(1)     24B : 70 F3                      jnz     print_uint16_loop ; until value == 0
(1)     24D :                    print_uint16_out:
(1)     24D : E0                         movx    A, @DPTR
(1)     24E : 60 06                      jz      print_uint16_end
(1)     250 : 11 85                      acall   putchar
(1)     252 : 15 82                      dec     DPL
(1)     254 : 80 F7                      sjmp    print_uint16_out
(1)     256 :                    print_uint16_end:
(1)     256 : D0 E0                      pop     ACC
(1)     258 : FB                         mov     R3, A           ; restore R3
(1)     259 : D0 E0                      pop     ACC
(1)     25B : FA                         mov     R2, A           ; restore R2
(1)     25C : D0 E0                      pop     ACC
(1)     25E : F8                         mov     R0, A           ; restore R0
(1)     25F : 22                         ret
(1)     260 :
(1)     260 :                    ;;; Negation; result = -result
(1)     260 :                    ;;; @param R3:R2 result
(1)     260 :                    ;;; @clobber A
(1)     260 :                    neg_R3R2:
(1)     260 : E4                         clr     A
(1)     261 : C3                         clr     C
(1)     262 : 9A                         subb    A, R2
(1)     263 : FA                         mov     R2, A
(1)     264 : E4                         clr     A
(1)     265 : 9B                         subb    A, R3
(1)     266 : FB                         mov     R3, A
(1)     267 : 22                         ret
(1)     268 :
(1)     268 :                    ;;; Negation; result = -result
(1)     268 :                    ;;; @param R5:R4 result
(1)     268 :                    ;;; @clobber A
(1)     268 :                    neg_R5R4:
(1)     268 : E4                         clr     A
(1)     269 : C3                         clr     C
(1)     26A : 9C                         subb    A, R4
(1)     26B : FC                         mov     R4, A
(1)     26C : E4                         clr     A
(1)     26D : 9D                         subb    A, R5
(1)     26E : FD                         mov     R5, A
(1)     26F : 22                         ret
(1)     270 :
(1)     270 :                    ;;; Negation; result = -value
(1)     270 :                    ;;; @param R2: &result
(1)     270 :                    ;;; @param R3: &value
(1)     270 :                    ;;; @clobber A R0 R2 R3
(1)     270 :                    negsi2:
(1)     270 : EB                         mov     A, R3
(1)     271 : F8                         mov     R0, A           ; R0=&value
(1)     272 : E4                         clr     A
(1)     273 : C3                         clr     C
(1)     274 : 96                         subb    A, @R0          ; A=lo(-value)
(1)     275 : FB                         mov     R3, A           ; R3=lo(-value)
(1)     276 : 08                         inc     R0
(1)     277 : E4                         clr     A
(1)     278 : 96                         subb    A, @R0          ; A=hi(-value)
(1)     279 : CA                         xch     A, R2           ; R2=hi(-value)
(1)     27A : F8                         mov     R0, A           ; R0=&result
(1)     27B : EB                         mov     A, R3
(1)     27C : F6                         mov     @R0, A          ; store lo(-value)
(1)     27D : 08                         inc     R0
(1)     27E : EA                         mov     A, R2
(1)     27F : F6                         mov     @R0, A          ; store hi(-value)
(1)     280 : 22                         ret
(1)     281 :
(1)     281 :                    ;;; Signed addition: summand += addend
(1)     281 :                    ;;; @param R2: &summand
(1)     281 :                    ;;; @param R3: &addend
(1)     281 :                    ;;; @clobber A R2 R3
(1)     281 :                    addsi2:
(1)     281 : EB                         mov     A, R3
(1)     282 : F8                         mov     R0, A           ; R0=&addend
(1)     283 : E6                         mov     A, @R0          ; A=lo(addend)
(1)     284 : FB                         mov     R3, A           ; R3=lo(addend)
(1)     285 : 08                         inc     R0
(1)     286 : E6                         mov     A, @R0          ; A=hi(addend)
(1)     287 : CA                         xch     A, R2           ; R2=hi(addend)
(1)     288 : F8                         mov     R0, A           ; R0=&summand
(1)     289 : E6                         mov     A, @R0          ; A=lo(summand)
(1)     28A : 2B                         add     A, R3           ; A=lo(summand+addend)
(1)     28B : F6                         mov     @R0, A
(1)     28C : 08                         inc     R0
(1)     28D : E6                         mov     A, @R0          ; A=hi(summand)
(1)     28E : 3A                         addc    A, R2           ; A=hi(summand+addend)
(1)     28F : F6                         mov     @R0, A
(1)     290 : 22                         ret
(1)     291 :
(1)     291 :                    ;;; Singed subtraction: minuend -= subtrahend
(1)     291 :                    ;;; @param R2: &minuend
(1)     291 :                    ;;; @param R3: &subtrahend
(1)     291 :                    ;;; @clobber A R0 R2 R3
(1)     291 :                    subsi2:
(1)     291 : EB                         mov     A, R3
(1)     292 : F8                         mov     R0, A           ; R0=&subtrahend
(1)     293 : E6                         mov     A, @R0          ; A=lo(subtrahend)
(1)     294 : FB                         mov     R3, A           ; R3=lo(subtrahend)
(1)     295 : 08                         inc     R0
(1)     296 : E6                         mov     A, @R0          ; A=hi(subtrahend)
(1)     297 : CA                         xch     A, R2           ; R2=hi(subtrahend)
(1)     298 : F8                         mov     R0, A           ; R0=&minuend
(1)     299 : E6                         mov     A, @R0          ; A=lo(minuend)
(1)     29A : C3                         clr     C
(1)     29B : 9B                         subb    A, R3           ; A=lo(minuend-subtrahend)
(1)     29C : F6                         mov     @R0, A
(1)     29D : 08                         inc     R0
(1)     29E : E6                         mov     A, @R0          ; A=hi(minuend)
(1)     29F : 9A                         subb    A, R2           ; A=hi(minuend-subtrahend)
(1)     2A0 : F6                         mov     @R0, A
(1)     2A1 : 22                         ret
(1)     2A2 :
(1)     2A2 :                    ;;; Signed comparison: minuend - subtrahend
(1)     2A2 :                    ;;; @param R2: &minuend
(1)     2A2 :                    ;;; @param R3: &subtrahend
(1)     2A2 :                    ;;; @return A  0: minuend == subtrahend
(1)     2A2 :                    ;;;         A  1: minuend >  subtrahend
(1)     2A2 :                    ;;;         A -1: minuend <  subtrahend
(1)     2A2 :                    ;;; @clobber A R0 R2 R3
(1)     2A2 :                    cmpsi2:
(1)     2A2 : EB                         mov     A, R3
(1)     2A3 : F8                         mov     R0, A           ; R0=&subtrahend
(1)     2A4 : E6                         mov     A, @R0          ; A=lo(subtrahend)
(1)     2A5 : FB                         mov     R3, A           ; R3=lo(subtrahend)
(1)     2A6 : 08                         inc     R0
(1)     2A7 : E6                         mov     A, @R0          ; A=hi(subtrahend)
(1)     2A8 : C0 E0                      push    ACC             ; save hi(subtrahend)
(1)     2AA : CA                         xch     A, R2           ; R2=hi(subtrahend)
(1)     2AB : F8                         mov     R0, A           ; R0=&minuend
(1)     2AC : E6                         mov     A, @R0          ; A=lo(minuend)
(1)     2AD : C3                         clr     C
(1)     2AE : 9B                         subb    A, R3
(1)     2AF : FB                         mov     R3, A           ; A=lo(minuend-subtrahend)
(1)     2B0 : 08                         inc     R0
(1)     2B1 : E6                         mov     A, @R0          ; A=hi(minuend)
(1)     2B2 : 9A                         subb    A, R2
(1)     2B3 : FA                         mov     R2, A           ; R2=hi(minuend-subtrahend)
(1)     2B4 : 4B                         orl     A, R3
(1)     2B5 : 60 15                      jz      cmpsi2_eq       ; branch if minuend-subtrahend==0
(1)     2B7 : D0 E0                      pop     ACC             ; restore hi(subtrahend)
(1)     2B9 : 66                         xrl     A, @R0          ; A=hi(minuend^subtrahend)
(1)     2BA : C0 E0                      push    ACC             ; save hi(minuend^subtrahend)
(1)     2BC : EA                         mov     A, R2
(1)     2BD : 66                         xrl     A, @R0
(1)     2BE : FB                         mov     R3, A           ; R3=hi(minuend-subtrahend)^minuend
(1)     2BF : D0 E0                      pop     ACC             ; restore hi(minuend^subtrahend)
(1)     2C1 : 5B                         anl     A, R3           ; overflow flag
(1)     2C2 : 6A                         xrl     A, R2
(1)     2C3 : 20 E7 03                   jb      ACC.7, cmpsi2_lt
(1)     2C6 :                    cmpsi2_gt:
(1)     2C6 : 74 01                      mov     A, #1
(1)     2C8 : 22                         ret
(1)     2C9 :                    cmpsi2_lt:
(1)     2C9 : 74 FF                      mov     A, #-1
(1)     2CB : 22                         ret
(1)     2CC :                    cmpsi2_eq:
(1)     2CC : 15 81                      dec     SP              ; discard hi(subtrahend)
(1)     2CE : 22                         ret
(1)     2CF :
(1)     2CF :                    ;;; Unsigned multiplication: result = multiplicand * multiplier
(1)     2CF :                    ;;; @param R3:R2 multiplicand
(1)     2CF :                    ;;; @param R5:R4 multiplier
(1)     2CF :                    ;;; @return R3:R2 result
(1)     2CF :                    ;;; @clobber A R2 R3 R6 R7
(1)     2CF :                    umul16:
(1)     2CF : EA                         mov     A, R2           ; A=lo(multiplicand)
(1)     2D0 : 8C F0                      mov     B, R4           ; B=lo(multiplier)
(1)     2D2 : A4                         mul     AB              ; B:A
(1)     2D3 : FE                         mov     R6, A
(1)     2D4 : AF F0                      mov     R7, B           ; R7:R6=result
(1)     2D6 : EA                         mov     A, R2           ; A=lo(multiplicand)
(1)     2D7 : 8D F0                      mov     B, R5           ; B=hi(multiplier)
(1)     2D9 : A4                         mul     AB
(1)     2DA : 2F                         add     A, R7
(1)     2DB : FF                         mov     R7, A           ; result+=lo(BA)
(1)     2DC : EB                         mov     A, R3           ; A=hi(multiplicand)
(1)     2DD : 8C F0                      mov     B, R4           ; B=lo(multiplier)
(1)     2DF : A4                         mul     AB
(1)     2E0 : 2F                         add     A, R7
(1)     2E1 : FB                         mov     R3, A
(1)     2E2 : EE                         mov     A, R6
(1)     2E3 : FA                         mov     R2, A
(1)     2E4 : 22                         ret
(1)     2E5 :
(1)     2E5 :                    ;;; Signed multiplication: multiplicand *= multiplier
(1)     2E5 :                    ;;; @param R2: &multiplicand
(1)     2E5 :                    ;;; @param R3: &multiplier
(1)     2E5 :                    ;;; @clobber A R0 R2 R3 R4 R5 R6 R7
(1)     2E5 :                    mulsi2:
(1)     2E5 : EA                         mov     A, R2
(1)     2E6 : C0 E0                      push    ACC             ; save &multiplicand
(1)     2E8 : EB                         mov     A, R3
(1)     2E9 : C0 E0                      push    ACC             ; save &multiplier
(1)     2EB : F8                         mov     R0, A           ; R0=&multiplier
(1)     2EC : E6                         mov     A, @R0
(1)     2ED : FC                         mov     R4, A
(1)     2EE : 08                         inc     R0
(1)     2EF : E6                         mov     A, @R0
(1)     2F0 : FD                         mov     R5, A           ; R5:R4=multiplier
(1)     2F1 : 30 E7 02                   jnb     ACC.7, mulsi2_multiplicand
(1)     2F4 : 51 68                      acall   neg_R5R4
(1)     2F6 :                    mulsi2_multiplicand:
(1)     2F6 : EA                         mov     A, R2
(1)     2F7 : F8                         mov     R0, A           ; R0=&multiplicand
(1)     2F8 : E6                         mov     A, @R0
(1)     2F9 : FA                         mov     R2, A
(1)     2FA : 08                         inc     R0
(1)     2FB : E6                         mov     A, @R0
(1)     2FC : FB                         mov     R3, A
(1)     2FD : 30 E7 02                   jnb     ACC.7, mulsi2_multiply
(1)     300 : 51 60                      acall   neg_R3R2
(1)     302 :                    mulsi2_multiply:
(1)     302 : 51 CF                      acall   umul16
(1)     304 : D0 E0                      pop     ACC
(1)     306 : F8                         mov     R0, A           ; R0=&multiplier
(1)     307 : 08                         inc     R0
(1)     308 : E6                         mov     A, @R0          ; A=hi(multiplier)
(1)     309 : FD                         mov     R5, A           ; R5=hi(multiplier)
(1)     30A : D0 E0                      pop     ACC
(1)     30C : F8                         mov     R0, A           ; R0=&multiplicand
(1)     30D : 08                         inc     R0
(1)     30E : E6                         mov     A, @R0          ; A=hi(multiplicand)
(1)     30F : 6D                         xrl     A, R5           ; A=hi(multiplicand^multiplier)
(1)     310 : 30 E7 02                   jnb     ACC.7, mulsi2_store
(1)     313 : 51 60                      acall   neg_R3R2
(1)     315 :                    mulsi2_store:
(1)     315 : EB                         mov     A, R3
(1)     316 : F6                         mov     @R0, A
(1)     317 : 18                         dec     R0
(1)     318 : EA                         mov     A, R2
(1)     319 : F6                         mov     @R0, A
(1)     31A : 22                         ret
(1)     31B :
(1)     31B :                    ;;; Unsigned division: dividend / divisor = quotient ... remainder
(1)     31B :                    ;;; @param R3:R2 dividend
(1)     31B :                    ;;; @param R5:R4 divisor
(1)     31B :                    ;;; @return R3:R2 quotient
(1)     31B :                    ;;; @return R5:R4 remainder
(1)     31B :                    ;;; @clobber A R1 R2 R3 R4 R5 R6 R7
(1)     31B :                    udiv16:
(1)     31B : ED                         mov     A, R5
(1)     31C : 70 34                      jnz     udiv16_large    ; branch if divisor >= 256
(1)     31E : 4C                         orl     A, R4
(1)     31F : 60 29                      jz      udiv16_zero     ; divide by zero
(1)     321 : EB                         mov     A, R3
(1)     322 : 60 1E                      jz      udiv8_8         ; branch if divisor < 256
(1)     324 :                    ;;; Unsigned division: dividend / divisor = quotient ... remainder
(1)     324 :                    ;;; @param R3:R2 dividend
(1)     324 :                    ;;; @param R4 divisor
(1)     324 :                    ;;; @return R3:R2 quotient
(1)     324 :                    ;;; @return R4 remainder
(1)     324 :                    ;;; @clobber A B R1
(1)     324 :                    udiv16_8:
(1)     324 : EB                         mov     A, R3           ; high(dividend)
(1)     325 : 8C F0                      mov     B, R4           ; divisor
(1)     327 : 84                         div     AB              ; A=high(quotient), B=reminder of high
(1)     328 : FB                         mov     R3, A           ; R3=high(quotient)
(1)     329 :                            ;; Divide B:R2 by R4 where B<R4
(1)     329 : 79 08                      mov     R1, #8          ; loop counter
(1)     32B :                    udiv16_8_loop:
(1)     32B : EA                         mov     A, R2
(1)     32C : C3                         clr     C
(1)     32D : 33                         rlc     A
(1)     32E : FA                         mov     R2, A
(1)     32F : E5 F0                      mov     A, B
(1)     331 : 33                         rlc     A
(1)     332 : F5 F0                      mov     B, A            ; B:R2 <<= 1
(1)     334 :                            ;; Compare B with R4 (divisor)
(1)     334 : E5 F0                      mov     A, B
(1)     336 : C3                         clr     C
(1)     337 : 9C                         subb    A, R4           ; A=B-R4
(1)     338 : 40 03                      jc      udiv16_8_next   ; jump if B < R4
(1)     33A : F5 F0                      mov     B, A            ; update B
(1)     33C : 0A                         inc     R2              ; set lowest bit as part of low(quotient)
(1)     33D :                    udiv16_8_next:
(1)     33D : D9 EC                      djnz    R1, udiv16_8_loop
(1)     33F : AC F0                      mov     R4, B           ; R4=reminder
(1)     341 : 22                         ret
(1)     342 :                    ;;; Unsigned division: dividend / divisor = quotient ... remainder
(1)     342 :                    ;;; @param R2 dividend
(1)     342 :                    ;;; @param R4 divisor
(1)     342 :                    ;;; @return R2 quotient
(1)     342 :                    ;;; @return R4 remainder
(1)     342 :                    ;;; @clobber A B
(1)     342 :                    udiv8_8:
(1)     342 : EA                         mov     A, R2
(1)     343 : 8C F0                      mov     B, R4           ; A=dividend, B=divisor
(1)     345 : 84                         div     AB              ; A=quotient, B=reminder
(1)     346 : FA                         mov     R2, A
(1)     347 : AC F0                      mov     R4, B
(1)     349 : 22                         ret
(1)     34A :                    udiv16_zero:
(1)     34A : EB                         mov     A, R3           ; remainder = dividend
(1)     34B : FD                         mov     R5, A
(1)     34C : EA                         mov     A, R2
(1)     34D : FC                         mov     R4, A
(1)     34E : E4                         clr     A               ; quotient = 0
(1)     34F : FB                         mov     R3, A
(1)     350 : FA                         mov     R2, A
(1)     351 : 22                         ret
(1)     352 :                    ;;; dividend > divisor
(1)     352 :                    udiv16_large:
(1)     352 : EB                         mov     A, R3
(1)     353 : C3                         clr     C
(1)     354 : 9D                         subb    A, R5
(1)     355 : 40 F3                      jc      udiv16_zero     ; branch if dividend < divisor
(1)     357 : 70 05                      jnz     udiv16_estimate ; branch if dividend > divisor
(1)     359 : EA                         mov     A, R2           ; compare lower byte
(1)     35A : C3                         clr     C
(1)     35B : 9C                         subb    A, R4
(1)     35C : 40 EC                      jc      udiv16_zero     ; branch if dividend < divisor
(1)     35E :                    udiv16_estimate:
(1)     35E : EB                         mov     A, R3
(1)     35F : 8D F0                      mov     B, R5
(1)     361 : 84                         div     AB              ; A=estimated quotient
(1)     362 : F9                         mov     R1, A           ; R1=estimated quotient
(1)     363 :                    udiv16_refine:
(1)     363 : E9                         mov     A, R1
(1)     364 : 8C F0                      mov     B, R4
(1)     366 : A4                         mul     AB              ; B:A=estimated*low(divisor)
(1)     367 : FE                         mov     R6, A           ; R6=low-low(product)
(1)     368 : AF F0                      mov     R7, B           ; R7=low-high(product)
(1)     36A : E9                         mov     A, R1
(1)     36B : 8D F0                      mov     B, R5
(1)     36D : A4                         mul     AB              ; B:A=estimate*high(divisor)
(1)     36E : 2F                         add     A, R7
(1)     36F : FF                         mov     R7, A           ; R7+=mid(product)
(1)     370 : EA                         mov     A, R2           ; dividend-product
(1)     371 : C3                         clr     C
(1)     372 : 9E                         subb    A, R6
(1)     373 : EB                         mov     A, R3
(1)     374 : 9F                         subb    A, R7
(1)     375 : 50 03                      jnc     udiv16_end
(1)     377 : 19                         dec     R1              ; decrease Q
(1)     378 : 80 E9                      sjmp    udiv16_refine
(1)     37A :                    udiv16_end:
(1)     37A : EA                         mov     A, R2
(1)     37B : C3                         clr     C
(1)     37C : 9E                         subb    A, R6
(1)     37D : FC                         mov     R4, A           ; low(remainder)
(1)     37E : EB                         mov     A, R3
(1)     37F : 9F                         subb    A, R7
(1)     380 : FD                         mov     R5, A           ; high(remainder)
(1)     381 : E9                         mov     A, R1
(1)     382 : FA                         mov     R2, A           ; low(quotient)
(1)     383 : 7B 00                      mov     R3, #0          ; high(quotient)
(1)     385 : 22                         ret
(1)     386 :
(1)     386 :                    ;;; Signed division: dividend /= divisor
(1)     386 :                    ;;; @param R2: &dividend
(1)     386 :                    ;;; @param R3: &divisor
(1)     386 :                    ;;; @clobber A R0 R2 R3 R4 R5 R6 R7
(1)     386 :                    divsi2:
(1)     386 : EA                         mov     A, R2
(1)     387 : C0 E0                      push    ACC             ; save &dividend
(1)     389 : EB                         mov     A, R3
(1)     38A : C0 E0                      push    ACC             ; save &divisor
(1)     38C : F8                         mov     R0, A           ; R0=&divisor
(1)     38D : E6                         mov     A, @R0
(1)     38E : FC                         mov     R4, A
(1)     38F : 08                         inc     R0
(1)     390 : E6                         mov     A, @R0
(1)     391 : FD                         mov     R5, A           ; R5:R4=divisor
(1)     392 : 30 E7 02                   jnb     ACC.7, divsi2_dividend
(1)     395 : 51 68                      acall   neg_R5R4
(1)     397 :                    divsi2_dividend:
(1)     397 : EA                         mov     A, R2
(1)     398 : F8                         mov     R0, A           ; R0=&dividend
(1)     399 : E6                         mov     A, @R0
(1)     39A : FA                         mov     R2, A
(1)     39B : 08                         inc     R0
(1)     39C : E6                         mov     A, @R0
(1)     39D : FB                         mov     R3, A
(1)     39E : 30 E7 02                   jnb     ACC.7, divsi2_divide
(1)     3A1 : 51 60                      acall   neg_R3R2
(1)     3A3 :                    divsi2_divide:
(1)     3A3 : 71 1B                      acall   udiv16
(1)     3A5 : D0 E0                      pop     ACC
(1)     3A7 : F8                         mov     R0, A           ; R0=&divisor
(1)     3A8 : 08                         inc     R0
(1)     3A9 : E6                         mov     A, @R0          ; A=hi(divisor)
(1)     3AA : FD                         mov     R5, A           ; R5=hi(divisor)
(1)     3AB : D0 E0                      pop     ACC
(1)     3AD : F8                         mov     R0, A           ; R0=&dividend
(1)     3AE : 08                         inc     R0
(1)     3AF : E6                         mov     A, @R0          ; A=hi(dividend)
(1)     3B0 : 6D                         xrl     A, R5           ; A=hi(dividend^divisor)
(1)     3B1 : 30 E7 02                   jnb     ACC.7, divsi2_store
(1)     3B4 : 51 60                      acall   neg_R3R2
(1)     3B6 :                    divsi2_store:
(1)     3B6 : EB                         mov     A, R3
(1)     3B7 : F6                         mov     @R0, A
(1)     3B8 : 18                         dec     R0
(1)     3B9 : EA                         mov     A, R2
(1)     3BA : F6                         mov     @R0, A
(1)     3BB : 22                         ret
        3BC :                            include "queue.inc"
(1)     3BC :                    ;;; -*- mode: asm; mode: flyspell-prog; -*-
(1)     3BC :                    ;;; [queue] queue structure on internal data memory
(1)     3BC : =0                 queue_len:      equ     0       ; queue length
(1)     3BC : =1                 queue_size:     equ     1       ; buffer size
(1)     3BC : =2                 queue_put:      equ     2       ; queue put index
(1)     3BC : =3                 queue_get:      equ     3       ; queue get index
(1)     3BC : =4                 queue_buf_lo:   equ     4       ; lo(queue buffer) pointer to  external data memory
(1)     3BC : =5                 queue_buf_hi:   equ     5       ; hi(queue_buffer)
(1)     3BC : =6                 queue_work_size: equ    6       ; queue work size
(1)     3BC :
(1)     3BC :                    ;;; [queue] Initialize queue
(1)     3BC :                    ;;; @param R0 queue work space pointer
(1)     3BC :                    ;;; @param R1 queue buffer size
(1)     3BC :                    ;;; @param DPTR queue buffer pointer
(1)     3BC :                    ;;; @clobber DPTR R0 R1 A
(1)     3BC :                    queue_init:
(1)     3BC : E4                         clr     A
(1)     3BD : F6                         mov     @R0, A          ; clear queue_len
(1)     3BE : E9                         mov     A, R1
(1)     3BF : 08                         inc     R0
(1)     3C0 : F6                         mov     @R0, A          ; save queue_size
(1)     3C1 : E4                         clr     A
(1)     3C2 : 08                         inc     R0
(1)     3C3 : F6                         mov     @R0, A          ; clear queue_put
(1)     3C4 : 08                         inc     R0
(1)     3C5 : F6                         mov     @R0, A          ; clear queue_get
(1)     3C6 : 08                         inc     R0
(1)     3C7 : A6 82                      mov     @R0, DPL        ; lo(queue_buf)
(1)     3C9 : 08                         inc     R0
(1)     3CA : A6 83                      mov     @R0, DPH        ; hi(queue_buf)
(1)     3CC :                    queue_init_loop:
(1)     3CC : F0                         movx    @DPTR, A
(1)     3CD : A3                         inc     DPTR
(1)     3CE : D9 FC                      djnz    R1, queue_init_loop
(1)     3D0 : 22                         ret
(1)     3D1 :
(1)     3D1 :                    ;;; [queue] Add an element to queue
(1)     3D1 :                    ;;; @param R0 queue work space pointer
(1)     3D1 :                    ;;; @param A an element
(1)     3D1 :                    ;;; @return PSW.C 0 if queue is full
(1)     3D1 :                    ;;; @clobber DPTR R0 A
(1)     3D1 :                    queue_add:
(1)     3D1 : C0 E0                      push    ACC             ; save an element
(1)     3D3 : E6                         mov     A, @R0          ; A=queue_len
(1)     3D4 : 08                         inc     R0              ; R0=&queue_size
(1)     3D5 : 66                         xrl     A, @R0          ; queue_size
(1)     3D6 : 70 04                      jnz     queue_add_store ; branch if queue is not full
(1)     3D8 : D0 E0                      pop     ACC
(1)     3DA : C3                         clr     C               ; PSW.C=0
(1)     3DB : 22                         ret
(1)     3DC :                    queue_add_store:
(1)     3DC : 18                         dec     R0              ; R0=&queue_len
(1)     3DD : 06                         inc     @R0             ; queue_len+=1
(1)     3DE : 08                         inc     R0
(1)     3DF : 08                         inc     R0
(1)     3E0 : E6                         mov     A, @R0          ; A=queue_put
(1)     3E1 : 08                         inc     R0
(1)     3E2 : 08                         inc     R0
(1)     3E3 : 26                         add     A, @R0          ; A=lo(queue_buf)+queue_put
(1)     3E4 : F5 82                      mov     DPL, A
(1)     3E6 : 08                         inc     R0
(1)     3E7 : E6                         mov     A, @R0          ; A=hi(queue_buf)
(1)     3E8 : 34 00                      addc    A, #0
(1)     3EA : F5 83                      mov     DPH, A
(1)     3EC : D0 E0                      pop     ACC             ; restore an element
(1)     3EE : F0                         movx    @DPTR, A        ; add an element
(1)     3EF : 18                         dec     R0
(1)     3F0 : 18                         dec     R0
(1)     3F1 : 18                         dec     R0
(1)     3F2 : 06                         inc     @R0             ; queue_put+=1
(1)     3F3 : E6                         mov     A, @R0          ; A=queue_put
(1)     3F4 : 18                         dec     R0
(1)     3F5 : 66                         xrl     A, @R0          ; queue_size
(1)     3F6 : 70 02                      jnz     queue_add_end   ; branch if queue_put != queue_size
(1)     3F8 : 08                         inc     R0
(1)     3F9 : F6                         mov     @R0, A          ; queue_put=0
(1)     3FA :                    queue_add_end:
(1)     3FA : D3                         setb    C
(1)     3FB : 22                         ret
(1)     3FC :
(1)     3FC :                    ;;; [queue] Remove an element from queue
(1)     3FC :                    ;;; @param R0 queue work space pointer
(1)     3FC :                    ;;; @return A an element
(1)     3FC :                    ;;; @return PSW.C 0 if queue is empty
(1)     3FC :                    ;;; @clobber DPTR R0 A
(1)     3FC :                    queue_remove:
(1)     3FC : E6                         mov     A, @R0            ; queue_len
(1)     3FD : 70 02                      jnz     queue_remove_elem ; queue_len > 0
(1)     3FF : C3                         clr     C                 ; PSW.C=0
(1)     400 : 22                         ret
(1)     401 :                    queue_remove_elem:
(1)     401 : 16                         dec     @R0             ; queue_len-=1
(1)     402 : 08                         inc     R0
(1)     403 : 08                         inc     R0
(1)     404 : 08                         inc     R0
(1)     405 : E6                         mov     A, @R0          ; A=queue_get
(1)     406 : 08                         inc     R0
(1)     407 : 26                         add     A, @R0          ; A=lo(queue_buf)+queue_get
(1)     408 : F5 82                      mov     DPL, A
(1)     40A : 08                         inc     R0
(1)     40B : E6                         mov     A, @R0          ; A=hi(queue)
(1)     40C : 34 00                      addc    A, #0
(1)     40E : F5 83                      mov     DPH, A
(1)     410 : E0                         movx    A, @DPTR        ; read an element
(1)     411 : C0 E0                      push    ACC             ; save an element
(1)     413 : 18                         dec     R0
(1)     414 : 18                         dec     R0
(1)     415 : 06                         inc     @R0             ; queue_get+=1
(1)     416 : E6                         mov     A, @R0          ; A=queue_get
(1)     417 : 18                         dec     R0
(1)     418 : 18                         dec     R0
(1)     419 : 66                         xrl     A, @R0          ; queue_size
(1)     41A : 70 03                      jnz     queue_remove_end ; branch if queue_get != queue_size
(1)     41C : 08                         inc     R0
(1)     41D : 08                         inc     R0
(1)     41E : F6                         mov     @R0, A          ; queue_get=0
(1)     41F :                    queue_remove_end:
(1)     41F : D0 E0                      pop     ACC             ; restore an element
(1)     421 : D3                         setb    C
(1)     422 : 22                         ret
        423 :
        423 :                    isr_intr_rx:
        423 : C0 D0                      push    PSW
        425 : C2 D4                      clr     PSW.RS1
        427 : D2 D3                      setb    PSW.RS0         ; select BANK 1
        429 : A9 82                      mov     R1, DPL
        42B : AA 83                      mov     R2, DPH         ; save DPTR
        42D : FB                         mov     R3, A           ; save A
        42E : 90 FF F1                   mov     DPTR, #USARTS
        431 : E0                         movx    A, @DPTR
        432 : 30 E1 07                   jnb     ACC.ST_RxRDY_bp, isr_intr_exit
        435 : 15 82                      dec     DPL
        437 : E0                         movx    A, @DPTR
        438 : 78 30                      mov     R0, #rx_queue
        43A : 71 D1                      acall   queue_add
        43C :                    isr_intr_exit:
        43C : EB                         mov     A, R3           ; restore A
        43D : 8A 83                      mov     DPH, R2
        43F : 89 82                      mov     DPL, R1         ; restore DPTR
        441 : D0 D0                      pop     PSW
        443 : 32                         reti
        444 :
        444 :                    isr_intr_tx:
        444 : C0 D0                      push    PSW
        446 : C2 D4                      clr     PSW.RS1
        448 : D2 D3                      setb    PSW.RS0         ; select BANK 1
        44A : A9 82                      mov     R1, DPL
        44C : AA 83                      mov     R2, DPH         ; save DPTR
        44E : FB                         mov     R3, A           ; save A
        44F : 90 FF F1                   mov     DPTR, #USARTS
        452 : E0                         movx    A, @DPTR
        453 : 30 E0 E6                   jnb     ACC.ST_TxRDY_bp, isr_intr_exit
        456 : 78 36                      mov     R0, #tx_queue
        458 : 71 FC                      acall   queue_remove
        45A : 50 06                      jnc     isr_intr_tx_empty
        45C : 90 FF F0                   mov     DPTR, #USARTD
        45F : F0                         movx    @DPTR, A        ; send character
        460 : 80 DA                      sjmp    isr_intr_exit
        462 :                    isr_intr_tx_empty:
        462 : 90 FF F1                   mov     DPTR, #USARTC
        465 : 74 36                      mov     A, #RX_EN_TX_DIS
        467 : F0                         movx    @DPTR, A        ; disable Tx
        468 : 80 D2                      sjmp    isr_intr_exit
        46A :
        46A :                            end
