          0 :                    ;;; -*- mode: asm; mode: flyspell-prog; -*-
          0 :                            cpu     8051
          0 :                            include "i8051.inc"
(1)       0 :                    ;;; -*- mode: asm; mode: flyspell-prog; -*-
(1)       0 :                    ;;; i8051
(1)       0 :                    ;;; Interrupt origin
(1)       0 : =0                 ORG_RESET:      equ     000H    ; RESET
(1)       0 : =3                 ORG_IE0:        equ     003H    ; #INT0
(1)       0 : =B                 ORG_TF0:        equ     00BH    ; Timer 0 overflow
(1)       0 : =13                ORG_IE1:        equ     013H    ; #INT1
(1)       0 : =1B                ORG_TF1:        equ     01BH    ; Timer 1 overflow
(1)       0 : =23                ORG_RITI:       equ     023H    ; Receive & Transmit
(1)       0 :                    ;;; Register bank and internal memory
(1)       0 : =0                 BASE_BANK0:     equ     00H     ; Bank 0 R0-R7
(1)       0 : =8                 BASE_BANK1:     equ     08H     ; Bank 1 R0-R7
(1)       0 : =10                BASE_BANK2:     equ     10H     ; Bank 2 R0-R7
(1)       0 : =18                BASE_BANK3:     equ     18H     ; Bank 3 R0-R7
(1)       0 : =20                BASE_BIT:       equ     20H     ; Bit addressable memory
(1)       0 : =30                BASE_MEMORY:    equ     30H     ; general purpose memory
(1)       0 :                    ;;; Special function registers
(1)       0 : =E0                ACC:    equ     0E0H            ; Accumulator
(1)       0 : =F0                B:      equ     0F0H            ; B register
(1)       0 : =D0                PSW:    equ     0D0H            ; Program status word
(1)       0 : =81                SP:     equ     81H             ; Stack pointer
(1)       0 : =82                DPL:    equ     82H             ; DPTR low byte
(1)       0 : =83                DPH:    equ     83H             ; DPTR high byte
(1)       0 : =80                P0:     equ     80H             ; Port 0
(1)       0 : =90                P1:     equ     90H             ; Port 1
(1)       0 : =A0                P2:     equ     0A0H            ; Port 2
(1)       0 : =B0                P3:     equ     0B0H            ; Port 3
(1)       0 : =B8                IP:     equ     0B8H            ; Interrupt priority control
(1)       0 : =A8                IE:     equ     0A8H            ; Interrupt enable control
(1)       0 : =89                TMOD:   equ     89H             ; Timer/Counter mode control
(1)       0 : =88                TCON:   equ     88H             ; Timer/Counter control
(1)       0 : =8C                TH0:    equ     8CH             ; Timer/Counter 0 high byte
(1)       0 : =8A                TL0:    equ     8AH             ; Timer/Counter 0 low byte
(1)       0 : =8D                TH1:    equ     8DH             ; Timer/Counter 1 high byte
(1)       0 : =8B                TL1:    equ     8BH             ; Timer/Counter 1 low byte
(1)       0 : =98                SCON:   equ     98H             ; Serial control
(1)       0 : =99                SBUF:   equ     99H             ; Serial data buffer
(1)       0 : =87                PCON:   equ     87H             ; Power control
(1)       0 :                    ;;; PSW (0D0H) Program status word (bit addressable)
(1)       0 : =7                 CY:     equ     7              ; set to 1 if carry
(1)       0 : =6                 AC:     equ     6              ; set to 1 if auxillary carry
(1)       0 : =5                 F0:     equ     5              ; user flag 0
(1)       0 : =4                 RS1:    equ     4              ; register bank select
(1)       0 : =3                 RS0:    equ     3              ; register bank select
(1)       0 : =2                 OV:     equ     2              ; set to 1 if overflow
(1)       0 : =1                 F1:     equ     1              ; user flag 1
(1)       0 : =0                 P:      equ     0              ; parity bit
(1)       0 :                    ;;; IE (0A8H) Interrupt enable register
(1)       0 : =7                 EA:     equ     7               ; enable interrupt
(1)       0 : =4                 ES:     equ     4               ; Serial
(1)       0 : =3                 ET1:    equ     3               ; Timer 1 overflow
(1)       0 : =2                 EX1:    equ     2               ; #INT1
(1)       0 : =1                 ET0:    equ     1               ; Timer 0 overflow
(1)       0 : =0                 EX0:    equ     0               ; #INT0
(1)       0 :                    ;;; SCON (89H) Serial control (bit addressable)
(1)       0 : =7                 SM0:    equ     7               ; Serial mode SM[0:1:2]=010 8-bit UART
(1)       0 : =6                 SM1:    equ     6
(1)       0 : =5                 SM2:    equ     5
(1)       0 : =4                 REN:    equ     4               ; Enable reception
(1)       0 : =1                 TI:     equ     1               ; Transmit interrupt flag
(1)       0 : =0                 RI:     equ     0               ; Receive interrupt flag
(1)       0 :                    ;;; TCON (88H) Timer/Counter control register
(1)       0 : =7                 TF1:    equ     7               ; Timer 1 overflow flag
(1)       0 : =6                 TR1:    equ     6               ; Timer 1 run control
(1)       0 : =5                 TF0:    equ     5               ; Timer 0 overflow flag
(1)       0 : =4                 TR0:    equ     4               ; Timer 0 run control
(1)       0 :                    ;;; TMOD (89H) Timer/Counter mode control register
(1)       0 : =4                 T1MODE_gp:      equ     4       ; Timer 1 mode
(1)       0 : =0                 T0MODE_gp:      equ     0       ; Timer 0 mode
(1)       0 : =8                 TGATE:          equ     1000B
(1)       0 : =4                 TXPIN:          equ     0100B   ; Input from Tx pin
(1)       0 : =2                 T8MODE:         equ     0010B   ; 8-bit auto-reload timer/counter
(1)       0 :                    ;;; PCON (87H) Power control register
(1)       0 : =40                SMOD:   equ     1000000B        ; Double baudrate
          0 :
          0 :                            org     ORG_RESET
          0 : 02 00 26                   ljmp    init
          3 :                            org     ORG_IE0
          3 : 02 00 26                   ljmp    init
          B :                            org     ORG_TF0
          B : 02 00 26                   ljmp    init
         13 :                            org     ORG_IE1
         13 : 02 00 26                   ljmp    init
         1B :                            org     ORG_TF1
         1B : 02 00 26                   ljmp    init
         23 :                            org     ORG_RITI
         23 : 02 00 26                   ljmp    init
         26 :
         26 :                    init:
         26 :                    init_uart:
         26 : 75 98 40                   mov     SCON, #(1 SHL SM1) ; 8-bit UART mode
         29 : D2 9C                      setb    SCON.REN        ; Enable reception
         2B :                    init_timer:
         2B : 43 87 40                   orl     PCON, #SMOD     ; Double baudrate
         2E : 43 89 20                   orl     TMOD, #T8MODE SHL T1MODE_gp
         31 :                    ;;; baudrate = K*fosc/(32*12*(256-TH1)
         31 :                    ;;; TH1=256 - (K*fosc/(384*baudrate))
         31 :                    ;;; fosc=12MHz, K=2(SMOD=1) baudrate=4,800bps, TH1=243(256-13)
         31 : 75 8B F3                   mov     TL1, #243
         34 : 75 8D F3                   mov     TH1, #243
         37 : D2 8E                      setb    TCON.TR1        ; Run Timer 1
         39 :
         39 :                    receive_loop:
         39 : 10 98 02                   jbc     SCON.RI, receive_data
         3C : 80 FB                      sjmp    receive_loop
         3E :                    receive_data:
         3E : E5 99                      mov     A, SBUF
         40 : 60 0E                      jz      halt_to_system
         42 :                    transmit_loop:
         42 : F5 99                      mov     SBUF, A
         44 : 30 99 FD                   jnb     SCON.TI, $
         47 : C2 99                      clr     SCON.TI
         49 : B4 0D ED                   cjne    A, #0DH, receive_loop
         4C : 74 0A                      mov     A, #0AH
         4E : 80 F2                      sjmp    transmit_loop
         50 :                    halt_to_system:
         50 : A5                         db      0A5H            ; halt to system
