          0 :                    ;;; -*- mode: asm; mode: flyspell-prog; -*-
          0 :                            include "z80.inc"
(1)       0 :                    ;;; -*- mode: asm; mode: flyspell-prog; -*-
(1)       0 :                    ;;; z80
(1)       0 :                            cpu     z80
(1)       0 :                    ;;; FLAGS Register
(1)       0 : =80                F_SIGN:         equ     10000000B ; set to 1 if negative
(1)       0 : =40                F_ZERO:         equ     01000000B ; set to 1 if zero
(1)       0 : =10                F_HALF_CARRY:   equ     00010000B ; set to 1 if carry from bit-3
(1)       0 : =4                 F_PARITY:       equ     00000100B ; set to 1 if even parity
(1)       0 : =4                 F_OVERFLOW:     equ     00000100B ; set to 1 if overflow
(1)       0 : =2                 F_NBCD:         equ     00000010B ; set to 1 if subtraction
(1)       0 : =1                 F_CARRY:        equ     00000001B ; set to 1 if carry
(1)       0 :                    ;;; Interrupt origin
(1)       0 : =0                 ORG_RESET:      equ     0000H   ; RESET
(1)       0 : =0                 ORG_RST00:      equ     0000H   ; RST 00H
(1)       0 : =8                 ORG_RST08:      equ     0008H   ; RST 08H
(1)       0 : =10                ORG_RST10:      equ     0010H   ; RST 10H
(1)       0 : =18                ORG_RST18:      equ     0018H   ; RST 18H
(1)       0 : =20                ORG_RST20:      equ     0020H   ; RST 20H
(1)       0 : =28                ORG_RST28:      equ     0028H   ; RST 28H
(1)       0 : =30                ORG_RST30:      equ     0030H   ; RST 30H
(1)       0 : =38                ORG_RST38:      equ     0038H   ; RST 38H
(1)       0 : =38                ORG_INT:        equ     0038H   ; Mode 1 INT
(1)       0 : =66                ORG_NMI:        equ     0066H   ; NMI
          0 :                            include "usart.inc"
(1)       0 :                    ;;; -*- mode: asm; mode: flyspell-prog; -*-
(1)       0 :                    ;;; i8251 Universal Synchronous/Asynchronous Receiver/Transmitter
(1)       0 : =40                USART:  equ     40H
(1)       0 : =40                USARTD: equ     USART+0         ; Data register
(1)       0 : =41                USARTS: equ     USART+1         ; Status register
(1)       0 : =41                USARTC: equ     USART+1         ; Control register
(1)       0 : =42                USARTRV:        equ     USART+2 ; Receive interrupt vector (ORG_*)
(1)       0 : =43                USARTTV:        equ     USART+3 ; Transmit interrupt vector (ORG_*)
(1)       0 :                            include "i8251.inc"
(2)       0 :                    ;;; -*- mode: asm; mode: flyspell-prog; -*-
(2)       0 :
(2)       0 :                    ;;; i8251 USART device emulator.
(2)       0 : =6                 MODE_STOP_gp:   equ     6
(2)       0 : =C0                MODE_STOP_gm:   equ     11000000B
(2)       0 : =40                MODE_STOP1_gc:  equ     (1 << MODE_STOP_gp)
(2)       0 : =80                MODE_STOP15_gc: equ     (2 << MODE_STOP_gp)
(2)       0 : =C0                MODE_STOP2_gc:  equ     (3 << MODE_STOP_gp)
(2)       0 : =20                MODE_EVEN_bm:   equ     00100000B
(2)       0 : =10                MODE_PARITY_bm: equ     00010000B
(2)       0 : =2                 MODE_LEN_gp:    equ     2
(2)       0 : =C                 MODE_LEN_gm:    equ     00001100B
(2)       0 : =0                 MODE_LEN5_gc:   equ     (0 << MODE_LEN_gp)
(2)       0 : =4                 MODE_LEN6_gc:   equ     (1 << MODE_LEN_gp)
(2)       0 : =8                 MODE_LEN7_gc:   equ     (2 << MODE_LEN_gp)
(2)       0 : =C                 MODE_LEN8_gc:   equ     (3 << MODE_LEN_gp)
(2)       0 : =0                 MODE_BAUD_gp:   equ     0
(2)       0 : =3                 MODE_BAUD_gm:   equ     00000011B
(2)       0 : =1                 MODE_BAUD_X1:   equ     (1 << MODE_BAUD_gp)
(2)       0 : =2                 MODE_BAUD_X16:  equ (2 << MODE_BAUD_gp)
(2)       0 : =3                 MODE_BAUD_X64:  equ (3 << MODE_BAUD_gp)
(2)       0 :                    ;;; Bit Definition of command register
(2)       0 : =80                CMD_EH_bm:      equ     10000000B   ; Enter hunt mode
(2)       0 : =40                CMD_IR_bm:      equ     01000000B   ; Internal Reset
(2)       0 : =20                CMD_RTS_bm:     equ     00100000B   ; Request To Send
(2)       0 : =10                CMD_ER_bm:      equ     00010000B   ; Error Reset
(2)       0 : =8                 CMD_SBRK_bm:    equ     00001000B   ; Send Break
(2)       0 : =4                 CMD_RxEN_bm:    equ     00000100B   ; Receive Enable
(2)       0 : =2                 CMD_DTR_bm:     equ     00000010B   ; Data Terminal Ready
(2)       0 : =1                 CMD_TxEN_bm:    equ     00000001B   ; Transmit enable
(2)       0 :
(2)       0 :                    ;;; Bit definition of status register
(2)       0 : =80                ST_DSR_bm:      equ     10000000B   ; Data Set Ready
(2)       0 : =40                ST_BRK_bm:      equ     01000000B   ; BREAK detected
(2)       0 : =20                ST_FE_bm:       equ     00100000B   ; Framing Error
(2)       0 : =10                ST_OE_bm:       equ     00010000B   ; Iverrun Error
(2)       0 : =8                 ST_PE_bm:       equ     00001000B   ; Parity Error
(2)       0 : =2                 ST_TxEMPTY_bp:  equ     2           ; Transmitter empty
(2)       0 : =1                 ST_RxRDY_bp:    equ     1           ; Receiver ready
(2)       0 : =0                 ST_TxRDY_bp:    equ     0           ; Transmitter ready
(1)       0 :                    ;;; Async 1stop 8data x16
(1)       0 : =4E                ASYNC_MODE:     equ     MODE_STOP1_gc|MODE_LEN8_gc|MODE_BAUD_X16
(1)       0 :                    ;;; RTS/DTR, error reset, Rx enable, Tx enable
(1)       0 : =37                RX_EN_TX_EN:    equ     CMD_RTS_bm|CMD_DTR_bm|CMD_ER_bm|CMD_RxEN_bm|CMD_TxEN_bm
(1)       0 : =36                RX_EN_TX_DIS:   equ     CMD_RTS_bm|CMD_DTR_bm|CMD_ER_bm|CMD_RxEN_bm
          0 :
       2000 :                            org     2000H
       2000 : =80                rx_queue_size:  equ     128
       2000 :                    rx_queue:       ds      rx_queue_size
       2080 : =80                tx_queue_size:  equ     128
       2080 :                    tx_queue:       ds      tx_queue_size
       2100 :
       1000 :                            org     1000H
       1000 : =1000              stack:  equ     $
       1000 :
          0 :                            org     ORG_RESET
          0 : C3 00 01                   jp      init
          3 :
         28 :                            org     ORG_RST28
         28 : C3 32 02                   jp      isr_intr_rx
         2B :
         30 :                            org     ORG_RST30
         30 : C3 47 02                   jp      isr_intr_tx
         33 :
        100 :                            org     0100H
        100 :                    init:
        100 : 31 00 10                   ld      SP, stack
        103 : 21 00 20                   ld      HL, rx_queue
        106 : 06 80                      ld      B, rx_queue_size
        108 : CD C7 01                   call    queue_init
        10B : 21 80 20                   ld      HL, tx_queue
        10E : 06 80                      ld      B, tx_queue_size
        110 : CD C7 01                   call    queue_init
        113 :                    init_usart:
        113 : AF                         xor     a               ; clear A
        114 : D3 41                      out     (USARTC), A
        116 : D3 41                      out     (USARTC), A
        118 : D3 41                      out     (USARTC), A     ; safest way to sync mode
        11A : 3E 40                      ld      A, CMD_IR_bm
        11C : D3 41                      out     (USARTC), A     ; reset
        11E : 00                         nop
        11F : 00                         nop
        120 : 3E 4E                      ld      A, ASYNC_MODE
        122 : D3 41                      out     (USARTC), A
        124 : 00                         nop
        125 : 00                         nop
        126 : 3E 36                      ld      A, RX_EN_TX_DIS
        128 : D3 41                      out     (USARTC), A
        12A : 3E                         db      3EH             ; LD A, n
        12B : EF                         rst     28H
        12C : D3 42                      out     (USARTRV), A    ; set RxRDY interrupt vector RST 28H
        12E : 3E                         db      3EH             ; LD A, n
        12F : F7                         rst     30H
        130 : D3 43                      out     (USARTTV), A    ; set TxRDY interrupt vector RST 30H
        132 :
        132 : ED 46                      im      0
        134 : FB                         ei
        135 :
        135 :                    receive_loop:
        135 : CD A2 01                   call    getchar
        138 : 30 FB                      jr      NC, receive_loop
        13A : B7                         or      A
        13B : 28 19                      jr      Z, halt_to_system
        13D :                    echo_back:
        13D : 47                         ld      B, A
        13E : CD B4 01                   call    putchar         ; echo
        141 : 3E 20                      ld      A, ' '          ; space
        143 : CD B4 01                   call    putchar
        146 : CD 5C 01                   call    put_hex8        ; print in hex
        149 : 3E 20                      ld      A, ' '          ; space
        14B : CD B4 01                   call    putchar
        14E : CD 7D 01                   call    put_bin8        ; print in binary
        151 : CD AD 01                   call    newline
        154 : 18 DF                      jr      receive_loop
        156 :                    halt_to_system:
        156 : 21 38 00                   ld      HL, ORG_RST38
        159 : 36 FF                      ld      (HL), 0FFH
        15B : FF                         rst     38h
        15C :
        15C :                    ;;; Print uint8_t in hex
        15C :                    ;;; @param B uint8_t value to be printed in hex.
        15C :                    ;;; @clobber A
        15C :                    put_hex8:
        15C : 3E 30                      ld      A, '0'
        15E : CD B4 01                   call    putchar
        161 : 3E 78                      ld      A, 'x'
        163 : CD B4 01                   call    putchar
        166 : 78                         ld      A, b
        167 : CB 3F                      srl     A
        169 : CB 3F                      srl     A
        16B : CB 3F                      srl     A
        16D : CB 3F                      srl     A
        16F : CD 73 01                   call    put_hex4
        172 : 78                         ld      A, B
        173 :                    put_hex4:
        173 : E6 0F                      and     0FH
        175 : C6 90                      add     A, 90H
        177 : 27                         daa
        178 : CE 40                      adc     A, 40H
        17A : 27                         daa
        17B : 18 37                      jr      putchar
        17D :
        17D :                    ;;; Print uint8_t in binary
        17D :                    ;;; @param B uint8_t value to be printed in binary.
        17D :                    ;;; @clobber A
        17D :                    put_bin8:
        17D : C5                         push    BC
        17E : 3E 30                      ld      A, '0'
        180 : CD B4 01                   call    putchar
        183 : 3E 62                      ld      A, 'b'
        185 : CD B4 01                   call    putchar
        188 : 78                         ld      A, B
        189 : CD 91 01                   call    put_bin4
        18C : CD 91 01                   call    put_bin4
        18F : C1                         pop     BC
        190 : C9                         ret
        191 :                    put_bin4:
        191 : CD 94 01                   call    put_bin2
        194 :                    put_bin2:
        194 : CD 97 01                   call    put_bin1
        197 :                    put_bin1:
        197 : 78                         ld      A, B
        198 : CB 27                      sla     A               ; F.C=MSB
        19A : 47                         ld      B, A
        19B : 3E 30                      ld      A, '0'
        19D : 30 15                      jr      NC, putchar     ; F.0=1
        19F : 3C                         inc     A               ; F.C=1
        1A0 : 18 12                      jr      putchar
        1A2 :
        1A2 :                    ;;; Get character
        1A2 :                    ;;; @return A
        1A2 :                    ;;; @return CC.C 0 if no character
        1A2 :                    getchar:
        1A2 : E5                         push    HL
        1A3 : 21 00 20                   ld      HL, rx_queue
        1A6 : F3                         di
        1A7 : CD 0C 02                   call    queue_remove
        1AA : FB                         ei
        1AB : E1                         pop     HL
        1AC : C9                         ret
        1AD :
        1AD :                    ;;; Put newline
        1AD :                    ;;; @clobber A
        1AD :                    newline:
        1AD : 3E 0D                      ld      A, 0DH
        1AF : CD B4 01                   call    putchar
        1B2 : 3E 0A                      ld      A, 0AH
        1B4 :
        1B4 :                    ;;; Put character
        1B4 :                    ;;; @param A
        1B4 :                    putchar:
        1B4 : F5                         push    AF
        1B5 : E5                         push    HL
        1B6 : 21 80 20                   ld      HL, tx_queue
        1B9 :                    putchar_retry:
        1B9 : F3                         di
        1BA : CD DB 01                   call    queue_add
        1BD : FB                         ei
        1BE : 30 F9                      jr      NC, putchar_retry ; branch if queue is full
        1C0 : E1                         pop     HL
        1C1 : 3E 37                      ld      A, RX_EN_TX_EN  ; enable Tx
        1C3 : D3 41                      out     (USARTC), A
        1C5 : F1                         pop     AF
        1C6 : C9                         ret
        1C7 :
        1C7 :                            include "queue.inc"
(1)     1C7 :                    ;;; -*- mode: asm; mode: flyspell-prog; -*-
(1)     1C7 :                    ;;; [queue] queue structure
(1)     1C7 : =0                 queue_len:      equ     0       ; queue length
(1)     1C7 : =1                 queue_size:     equ     1       ; buffer size
(1)     1C7 : =2                 queue_put:      equ     2       ; queue put index
(1)     1C7 : =3                 queue_get:      equ     3       ; queue get index
(1)     1C7 : =4                 queue_buf:      equ     4       ; buffer start offset
(1)     1C7 :
(1)     1C7 :                    ;;; [queue] Initialize queue
(1)     1C7 :                    ;;; @param HL queue work space pointer
(1)     1C7 :                    ;;; @param B queue work space size
(1)     1C7 :                    ;;; @clobber B
(1)     1C7 :                    queue_init:
(1)     1C7 : F5                         push    AF
(1)     1C8 : E5                         push    HL
(1)     1C9 : 36 00                      ld      (HL), 0         ; queue_len
(1)     1CB : 78                         ld      A, B
(1)     1CC : D6 04                      sub     queue_buf
(1)     1CE : 23                         inc     HL
(1)     1CF : 77                         ld      (HL), A         ; queue_size
(1)     1D0 : C6 02                      add     A, 2            ; for queue_put and queue_get
(1)     1D2 :                    queue_init_loop:
(1)     1D2 : 23                         inc     HL
(1)     1D3 : 36 00                      ld      (HL), 0
(1)     1D5 : 3D                         dec     A
(1)     1D6 : 20 FA                      jr      NZ, queue_init_loop
(1)     1D8 : E1                         pop     HL
(1)     1D9 : F1                         pop     AF
(1)     1DA : C9                         ret
(1)     1DB :
(1)     1DB :                    ;;; [queue] Add an element to queue
(1)     1DB :                    ;;; @param HL queue work space pointer
(1)     1DB :                    ;;; @param A an element
(1)     1DB :                    ;;; @return F.C 0 if queue is full
(1)     1DB :                    queue_add:
(1)     1DB : D5                         push    DE
(1)     1DC : E5                         push    HL
(1)     1DD : DD E3                      ex      (SP), IX        ; IX points queue structure
(1)     1DF : 57                         ld      D, A            ; save an element
(1)     1E0 : DD 7E 00                   ld      A, (IX+queue_len)
(1)     1E3 : DD BE 01                   cp      (IX+queue_size)
(1)     1E6 : 7A                         ld      A, D               ; restore an element
(1)     1E7 : 38 05                      jr      C, queue_add_store ; queue_len < queue_size
(1)     1E9 : DD E3                      ex      (SP), IX           ; F.C=1
(1)     1EB : E1                         pop     HL
(1)     1EC : D1                         pop     DE
(1)     1ED : C9                         ret
(1)     1EE :                    queue_add_store:
(1)     1EE : DD 34 00                   inc     (IX+queue_len)
(1)     1F1 : 11 04 00                   ld      DE, queue_buf
(1)     1F4 : 19                         add     HL, DE
(1)     1F5 : DD 5E 02                   ld      E, (IX+queue_put)
(1)     1F8 : 19                         add     HL, DE          ; HL=&queue_buf[queue_put]
(1)     1F9 : 77                         ld      (HL), A         ; store an element
(1)     1FA : 7B                         ld      A, E
(1)     1FB : 3C                         inc     A               ; queue_put++
(1)     1FC : DD BE 01                   cp      (IX+queue_size)
(1)     1FF : 38 01                      jr      C, queue_add_update ; queue_put < queue_size
(1)     201 : AF                         xor     A                   ; wrap around
(1)     202 :                    queue_add_update:
(1)     202 : DD 77 02                   ld      (IX+queue_put), A
(1)     205 : 7E                         ld      A, (HL)         ; restore an element
(1)     206 : DD E3                      ex      (SP), IX
(1)     208 : E1                         pop     HL
(1)     209 : D1                         pop     DE
(1)     20A : 37                         scf                     ; set carry
(1)     20B : C9                         ret
(1)     20C :
(1)     20C :                    ;;; [queue] Remove an element from queue
(1)     20C :                    ;;; @param HL queue work space pointer
(1)     20C :                    ;;; @return A an element
(1)     20C :                    ;;; @return F.C 0 if queue is empty
(1)     20C :                    queue_remove:
(1)     20C : 7E                         ld      A, (HL)               ; queue_len
(1)     20D : B7                         or      A                     ; clear carry
(1)     20E : 20 01                      jr      NZ, queue_remove_elem ; queue_len > 0
(1)     210 : C9                         ret
(1)     211 :                    queue_remove_elem:
(1)     211 : D5                         push    DE
(1)     212 : E5                         push    HL
(1)     213 : DD E3                      ex      (SP), IX        ; IX points queue structure
(1)     215 : DD 35 00                   dec     (IX+queue_len)
(1)     218 : 11 04 00                   ld      DE, queue_buf
(1)     21B : 19                         add     HL, DE
(1)     21C : DD 5E 03                   ld      E, (IX+queue_get)
(1)     21F : 19                         add     HL, DE          ; HL=&queue_buf[queue_get]
(1)     220 : 7B                         ld      A, E
(1)     221 : 3C                         inc     A               ; queue_get++
(1)     222 : DD BE 01                   cp      (IX+queue_size)
(1)     225 : 38 01                      jr      C, queue_remove_update ; queue_get < queue_size
(1)     227 : AF                         xor     A                      ; wrap around
(1)     228 :                    queue_remove_update:
(1)     228 : DD 77 03                   ld      (IX+queue_get), A
(1)     22B : 7E                         ld      A, (HL)         ; read an element
(1)     22C : DD E3                      ex      (SP), IX
(1)     22E : E1                         pop     HL
(1)     22F : D1                         pop     DE
(1)     230 : 37                         scf                     ; set carry
(1)     231 : C9                         ret
        232 :
        232 :                    isr_intr_rx:
        232 : F5                         push    AF
        233 :                    isr_intr_receive:
        233 : DB 41                      in      A, (USARTS)
        235 : CB 4F                      bit     ST_RxRDY_bp, A
        237 : 28 0A                      jr      Z, isr_intr_rx_exit
        239 : DB 40                      in      A, (USARTD)     ; receive character
        23B : E5                         push    HL
        23C : 21 00 20                   ld      HL, rx_queue
        23F : CD DB 01                   call    queue_add
        242 : E1                         pop     HL
        243 :                    isr_intr_rx_exit:
        243 : F1                         pop     AF
        244 : FB                         ei
        245 : ED 4D                      reti
        247 :
        247 :                    isr_intr_tx:
        247 : F5                         push    AF
        248 : DB 41                      in      A, (USARTS)
        24A : CB 47                      bit     ST_TxRDY_bp, A
        24C : 28 0C                      jr      Z, isr_intr_tx_exit
        24E : E5                         push    HL
        24F : 21 80 20                   ld      HL, tx_queue
        252 : CD 0C 02                   call    queue_remove
        255 : E1                         pop     HL
        256 : 30 06                      jr      NC, isr_intr_send_empty
        258 : D3 40                      out     (USARTD), A     ; send character
        25A :                    isr_intr_tx_exit:
        25A : F1                         pop     AF
        25B : FB                         ei
        25C : ED 4D                      reti
        25E :                    isr_intr_send_empty:
        25E : 3E 36                      ld      A, RX_EN_TX_DIS
        260 : D3 41                      out     (USARTC), A     ; disable Tx
        262 : F1                         pop     AF
        263 : FB                         ei
        264 : ED 4D                      reti
        266 :
        266 :                            end
