          0 :                    ;;; -*- mode: asm; mode: flyspell-prog; -*-
          0 :                            include "z80.inc"
(1)       0 :                    ;;; -*- mode: asm; mode: flyspell-prog; -*-
(1)       0 :                    ;;; z80
(1)       0 :                            cpu     z80
(1)       0 :                    ;;; FLAGS Register
(1)       0 : =80                F_SIGN:         equ     10000000B ; set to 1 if negative
(1)       0 : =40                F_ZERO:         equ     01000000B ; set to 1 if zero
(1)       0 : =10                F_HALF_CARRY:   equ     00010000B ; set to 1 if carry from bit-3
(1)       0 : =4                 F_PARITY:       equ     00000100B ; set to 1 if even parity
(1)       0 : =4                 F_OVERFLOW:     equ     00000100B ; set to 1 if overflow
(1)       0 : =2                 F_NBCD:         equ     00000010B ; set to 1 if subtraction
(1)       0 : =1                 F_CARRY:        equ     00000001B ; set to 1 if carry
(1)       0 :                    ;;; Interrupt origin
(1)       0 : =0                 ORG_RESET:      equ     0000H   ; RESET
(1)       0 : =0                 ORG_RST00:      equ     0000H   ; RST 00H
(1)       0 : =8                 ORG_RST08:      equ     0008H   ; RST 08H
(1)       0 : =10                ORG_RST10:      equ     0010H   ; RST 10H
(1)       0 : =18                ORG_RST18:      equ     0018H   ; RST 18H
(1)       0 : =20                ORG_RST20:      equ     0020H   ; RST 20H
(1)       0 : =28                ORG_RST28:      equ     0028H   ; RST 28H
(1)       0 : =30                ORG_RST30:      equ     0030H   ; RST 30H
(1)       0 : =38                ORG_RST38:      equ     0038H   ; RST 38H
(1)       0 : =38                ORG_INT:        equ     0038H   ; Mode 1 INT
(1)       0 : =66                ORG_NMI:        equ     0066H   ; NMI
          0 :                            include "usart.inc"
(1)       0 :                    ;;; -*- mode: asm; mode: flyspell-prog; -*-
(1)       0 :                    ;;; i8251 Universal Synchronous/Asynchronous Receiver/Transmitter
(1)       0 : =40                USART:  equ     40H
(1)       0 : =40                USARTD: equ     USART+0         ; Data register
(1)       0 : =41                USARTS: equ     USART+1         ; Status register
(1)       0 : =41                USARTC: equ     USART+1         ; Control register
(1)       0 : =42                USARTRV:        equ     USART+2 ; Receive interrupt vector (ORG_*)
(1)       0 : =43                USARTTV:        equ     USART+3 ; Transmit interrupt vector (ORG_*)
(1)       0 :                            include "i8251.inc"
(2)       0 :                    ;;; -*- mode: asm; mode: flyspell-prog; -*-
(2)       0 :
(2)       0 :                    ;;; i8251 USART device emulator.
(2)       0 : =6                 MODE_STOP_gp:   equ     6
(2)       0 : =C0                MODE_STOP_gm:   equ     11000000B
(2)       0 : =40                MODE_STOP1_gc:  equ     (1 << MODE_STOP_gp)
(2)       0 : =80                MODE_STOP15_gc: equ     (2 << MODE_STOP_gp)
(2)       0 : =C0                MODE_STOP2_gc:  equ     (3 << MODE_STOP_gp)
(2)       0 : =20                MODE_EVEN_bm:   equ     00100000B
(2)       0 : =10                MODE_PARITY_bm: equ     00010000B
(2)       0 : =2                 MODE_LEN_gp:    equ     2
(2)       0 : =C                 MODE_LEN_gm:    equ     00001100B
(2)       0 : =0                 MODE_LEN5_gc:   equ     (0 << MODE_LEN_gp)
(2)       0 : =4                 MODE_LEN6_gc:   equ     (1 << MODE_LEN_gp)
(2)       0 : =8                 MODE_LEN7_gc:   equ     (2 << MODE_LEN_gp)
(2)       0 : =C                 MODE_LEN8_gc:   equ     (3 << MODE_LEN_gp)
(2)       0 : =0                 MODE_BAUD_gp:   equ     0
(2)       0 : =3                 MODE_BAUD_gm:   equ     00000011B
(2)       0 : =1                 MODE_BAUD_X1:   equ     (1 << MODE_BAUD_gp)
(2)       0 : =2                 MODE_BAUD_X16:  equ (2 << MODE_BAUD_gp)
(2)       0 : =3                 MODE_BAUD_X64:  equ (3 << MODE_BAUD_gp)
(2)       0 :                    ;;; Bit Definition of command register
(2)       0 : =80                CMD_EH_bm:      equ     10000000B   ; Enter hunt mode
(2)       0 : =40                CMD_IR_bm:      equ     01000000B   ; Internal Reset
(2)       0 : =20                CMD_RTS_bm:     equ     00100000B   ; Request To Send
(2)       0 : =10                CMD_ER_bm:      equ     00010000B   ; Error Reset
(2)       0 : =8                 CMD_SBRK_bm:    equ     00001000B   ; Send Break
(2)       0 : =4                 CMD_RxEN_bm:    equ     00000100B   ; Receive Enable
(2)       0 : =2                 CMD_DTR_bm:     equ     00000010B   ; Data Terminal Ready
(2)       0 : =1                 CMD_TxEN_bm:    equ     00000001B   ; Transmit enable
(2)       0 :
(2)       0 :                    ;;; Bit definition of status register
(2)       0 : =80                ST_DSR_bm:      equ     10000000B   ; Data Set Ready
(2)       0 : =40                ST_BRK_bm:      equ     01000000B   ; BREAK detected
(2)       0 : =20                ST_FE_bm:       equ     00100000B   ; Framing Error
(2)       0 : =10                ST_OE_bm:       equ     00010000B   ; Iverrun Error
(2)       0 : =8                 ST_PE_bm:       equ     00001000B   ; Parity Error
(2)       0 : =2                 ST_TxEMPTY_bp:  equ     2           ; Transmitter empty
(2)       0 : =1                 ST_RxRDY_bp:    equ     1           ; Receiver ready
(2)       0 : =0                 ST_TxRDY_bp:    equ     0           ; Transmitter ready
(1)       0 :                    ;;; Async 1stop 8data x16
(1)       0 : =4E                ASYNC_MODE:     equ     MODE_STOP1_gc|MODE_LEN8_gc|MODE_BAUD_X16
(1)       0 :                    ;;; RTS/DTR, error reset, Rx enable, Tx enable
(1)       0 : =37                RX_EN_TX_EN:    equ     CMD_RTS_bm|CMD_DTR_bm|CMD_ER_bm|CMD_RxEN_bm|CMD_TxEN_bm
(1)       0 : =36                RX_EN_TX_DIS:   equ     CMD_RTS_bm|CMD_DTR_bm|CMD_ER_bm|CMD_RxEN_bm
          0 :
       2000 :                            org     2000H
       2000 : =80                rx_queue_size:  equ     128
       2000 :                    rx_queue:       ds      rx_queue_size
       2080 :
       1000 :                            org     1000H
       1000 : =1000              stack:  equ     $
       1000 :
          0 :                            org     ORG_RESET
          0 : C3 00 01                   jp      init
          3 :
         38 :                            org     ORG_INT         ; mode 1
         38 : C3 BD 01                   jp      isr_intr
         3B :
        100 :                            org     0100H
        100 :                    init:
        100 : 31 00 10                   ld      SP, stack
        103 : 21 00 20                   ld      HL, rx_queue
        106 : 06 80                      ld      B, rx_queue_size
        108 : CD 52 01                   call     queue_init
        10B :                    init_usart:
        10B : AF                         xor     A               ; clear A
        10C : D3 41                      out     (USARTC), A
        10E : D3 41                      out     (USARTC), A
        110 : D3 41                      out     (USARTC), A     ; safest way to sync mode
        112 : 3E 40                      ld      A, CMD_IR_bm
        114 : D3 41                      out     (USARTC), A     ; reset
        116 : 00                         nop
        117 : 00                         nop
        118 : 3E 4E                      ld      A, ASYNC_MODE
        11A : D3 41                      out     (USARTC), A
        11C : 00                         nop
        11D : 00                         nop
        11E : 3E 37                      ld      A, RX_EN_TX_EN
        120 : D3 41                      out     (USARTC), A
        122 : 3E 38                      ld      A, ORG_INT
        124 : D3 42                      out     (USARTRV), A    ; enable RxRDY interrupt using RST 7
        126 : 3E 00                      ld      A, ORG_RESET
        128 : D3 43                      out     (USARTTV), A    ; disable TxRDY interrupt
        12A :
        12A : ED 56                      im      1
        12C : FB                         ei
        12D :
        12D : 21 00 20                   ld      HL, rx_queue
        130 :                    receive_loop:
        130 : F3                         di                      ; Disable INTR
        131 : CD 97 01                   call    queue_remove
        134 : FB                         ei                      ; Enable INTR
        135 : 30 F9                      jr      NC, receive_loop
        137 : 47                         ld      B, A            ; save character
        138 : B7                         or      A
        139 : 28 11                      jr      Z, halt_to_system
        13B :                    transmit_loop:
        13B : DB 41                      in      A, (USARTS)
        13D : CB 47                      bit     ST_TxRDY_bp, A
        13F : 28 FA                      jr      Z, transmit_loop
        141 :                    transmit_data:
        141 : 78                         ld      A, B
        142 : D3 40                      out     (USARTD), A
        144 : FE 0D                      cp      0DH
        146 : 20 E8                      jr      NZ, receive_loop
        148 : 06 0A                      ld      B, 0AH
        14A : 18 EF                      jr      transmit_loop
        14C :                    halt_to_system:
        14C : 21 38 00                   ld      HL, ORG_RST38
        14F : 36 FF                      ld      (HL), 0FFH
        151 : FF                         rst     38h
        152 :
        152 :                            include "queue.inc"
(1)     152 :                    ;;; -*- mode: asm; mode: flyspell-prog; -*-
(1)     152 :                    ;;; [queue] queue structure
(1)     152 : =0                 queue_len:      equ     0       ; queue length
(1)     152 : =1                 queue_size:     equ     1       ; buffer size
(1)     152 : =2                 queue_put:      equ     2       ; queue put index
(1)     152 : =3                 queue_get:      equ     3       ; queue get index
(1)     152 : =4                 queue_buf:      equ     4       ; buffer start offset
(1)     152 :
(1)     152 :                    ;;; [queue] Initialize queue
(1)     152 :                    ;;; @param HL queue work space pointer
(1)     152 :                    ;;; @param B queue work space size
(1)     152 :                    ;;; @clobber B
(1)     152 :                    queue_init:
(1)     152 : F5                         push    AF
(1)     153 : E5                         push    HL
(1)     154 : 36 00                      ld      (HL), 0         ; queue_len
(1)     156 : 78                         ld      A, B
(1)     157 : D6 04                      sub     queue_buf
(1)     159 : 23                         inc     HL
(1)     15A : 77                         ld      (HL), A         ; queue_size
(1)     15B : C6 02                      add     A, 2            ; for queue_put and queue_get
(1)     15D :                    queue_init_loop:
(1)     15D : 23                         inc     HL
(1)     15E : 36 00                      ld      (HL), 0
(1)     160 : 3D                         dec     A
(1)     161 : 20 FA                      jr      NZ, queue_init_loop
(1)     163 : E1                         pop     HL
(1)     164 : F1                         pop     AF
(1)     165 : C9                         ret
(1)     166 :
(1)     166 :                    ;;; [queue] Add an element to queue
(1)     166 :                    ;;; @param HL queue work space pointer
(1)     166 :                    ;;; @param A an element
(1)     166 :                    ;;; @return F.C 0 if queue is full
(1)     166 :                    queue_add:
(1)     166 : D5                         push    DE
(1)     167 : E5                         push    HL
(1)     168 : DD E3                      ex      (SP), IX        ; IX points queue structure
(1)     16A : 57                         ld      D, A            ; save an element
(1)     16B : DD 7E 00                   ld      A, (IX+queue_len)
(1)     16E : DD BE 01                   cp      (IX+queue_size)
(1)     171 : 7A                         ld      A, D               ; restore an element
(1)     172 : 38 05                      jr      C, queue_add_store ; queue_len < queue_size
(1)     174 : DD E3                      ex      (SP), IX           ; F.C=1
(1)     176 : E1                         pop     HL
(1)     177 : D1                         pop     DE
(1)     178 : C9                         ret
(1)     179 :                    queue_add_store:
(1)     179 : DD 34 00                   inc     (IX+queue_len)
(1)     17C : 11 04 00                   ld      DE, queue_buf
(1)     17F : 19                         add     HL, DE
(1)     180 : DD 5E 02                   ld      E, (IX+queue_put)
(1)     183 : 19                         add     HL, DE          ; HL=&queue_buf[queue_put]
(1)     184 : 77                         ld      (HL), A         ; store an element
(1)     185 : 7B                         ld      A, E
(1)     186 : 3C                         inc     A               ; queue_put++
(1)     187 : DD BE 01                   cp      (IX+queue_size)
(1)     18A : 38 01                      jr      C, queue_add_update ; queue_put < queue_size
(1)     18C : AF                         xor     A                   ; wrap around
(1)     18D :                    queue_add_update:
(1)     18D : DD 77 02                   ld      (IX+queue_put), A
(1)     190 : 7E                         ld      A, (HL)         ; restore an element
(1)     191 : DD E3                      ex      (SP), IX
(1)     193 : E1                         pop     HL
(1)     194 : D1                         pop     DE
(1)     195 : 37                         scf                     ; set carry
(1)     196 : C9                         ret
(1)     197 :
(1)     197 :                    ;;; [queue] Remove an element from queue
(1)     197 :                    ;;; @param HL queue work space pointer
(1)     197 :                    ;;; @return A an element
(1)     197 :                    ;;; @return F.C 0 if queue is empty
(1)     197 :                    queue_remove:
(1)     197 : 7E                         ld      A, (HL)               ; queue_len
(1)     198 : B7                         or      A                     ; clear carry
(1)     199 : 20 01                      jr      NZ, queue_remove_elem ; queue_len > 0
(1)     19B : C9                         ret
(1)     19C :                    queue_remove_elem:
(1)     19C : D5                         push    DE
(1)     19D : E5                         push    HL
(1)     19E : DD E3                      ex      (SP), IX        ; IX points queue structure
(1)     1A0 : DD 35 00                   dec     (IX+queue_len)
(1)     1A3 : 11 04 00                   ld      DE, queue_buf
(1)     1A6 : 19                         add     HL, DE
(1)     1A7 : DD 5E 03                   ld      E, (IX+queue_get)
(1)     1AA : 19                         add     HL, DE          ; HL=&queue_buf[queue_get]
(1)     1AB : 7B                         ld      A, E
(1)     1AC : 3C                         inc     A               ; queue_get++
(1)     1AD : DD BE 01                   cp      (IX+queue_size)
(1)     1B0 : 38 01                      jr      C, queue_remove_update ; queue_get < queue_size
(1)     1B2 : AF                         xor     A                      ; wrap around
(1)     1B3 :                    queue_remove_update:
(1)     1B3 : DD 77 03                   ld      (IX+queue_get), A
(1)     1B6 : 7E                         ld      A, (HL)         ; read an element
(1)     1B7 : DD E3                      ex      (SP), IX
(1)     1B9 : E1                         pop     HL
(1)     1BA : D1                         pop     DE
(1)     1BB : 37                         scf                     ; set carry
(1)     1BC : C9                         ret
        1BD :
        1BD :                    isr_intr:
        1BD : F5                         push    AF
        1BE : E5                         push    HL
        1BF : DB 41                      in      A, (USARTS)isr_intr_receive:
        1C1 : CB 4F                      bit     ST_RxRDY_bp, A
        1C3 : 28 08                      jr      Z, isr_intr_recv_end
        1C5 : DB 40                      in      A, (USARTD)
        1C7 : 21 00 20                   ld      HL, rx_queue
        1CA : CD 66 01                   call    queue_add
        1CD :                    isr_intr_recv_end:
        1CD : E1                         pop     HL
        1CE : F1                         pop     AF
        1CF : FB                         ei
        1D0 : ED 4D                      reti
