          0 :                            include "mc68hc05c0.inc"
(1)       0 :                    ;;; -*- mode: asm; mode: flyspell-prog; -*-
(1)       0 :                            include "mc68hc05.inc"
(2)       0 :                    ;;; -*- mode: asm; mode: flyspell-prog; -*-
(2)       0 :                    ;;; MC68HC05
(2)       0 :                            cpu     68hc05
(2)       0 :                    ;;; Condition Code Register (CC)
(2)       0 : =1                 CC_CARRY      equ  %00000001   ; set to 1 if carry occurred
(2)       0 : =2                 CC_ZERO       equ  %00000010   ; set to 1 if result is zero
(2)       0 : =4                 CC_NEGATIVE   equ  %00000100   ; set to 1 if result is negative
(2)       0 : =8                 CC_IRQ        equ  %00001000   ; if 1, IRQ is masked
(2)       0 : =10                CC_HALF_CARRY equ  %00010000   ; if 1, decimal carry from least digit occurred
(2)       0 :                    ;;; Vector
(2)       0 : =FFFA              VEC_IRQ:        equ     $FFFA   ; External Interrupt
(2)       0 : =FFFC              VEC_SWI:        equ     $FFFC   ; Software
(2)       0 : =FFFE              VEC_RESET:      equ     $FFFE   ; Reset
(1)       0 :                    ;;; MC68HC05C0
(1)       0 :                            option  "pc-bits", 16
(1)       0 :                    ;;; Vector
(1)       0 : =FFF2              VEC_KEY:        equ     $FFF2   ; Keyboard Scan
(1)       0 : =FFF4              VEC_MFT:        equ     $FFF4   ; Multi-Function Timer
(1)       0 : =FFF6              VEC_SCI:        equ     $FFF6   ; Serial Communications Interface
(1)       0 : =FFF8              VEC_TIMER:      equ     $FFF8   ; 16-Bit Timer
(1)       0 :
(1)       0 :                    ;;; Internal Register Area
(1)       0 : =1                 PORTB:  equ     $01     ; Port B Data Register
(1)       0 : =2                 PORTC:  equ     $02     ; Port C Data Register
(1)       0 : =3                 PORTD:  equ     $03     ; Port D Data Register
(1)       0 : =5                 DDRB:   equ     $05     ; Port B Data Direction Register
(1)       0 : =6                 DDRC:   equ     $06     ; Port C Data Direction Register
(1)       0 : =7                 DDRD:   equ     $07     ; Port D Data Direction Register
(1)       0 : =8                 MFTCSR: equ     $08     ; Multi-Function Timer Control/Status Register
(1)       0 : =9                 MFTCR:  equ     $09     ; Multi-Function Timer Counter Register
(1)       0 : =A                 TCR:    equ     $0A     ; 16-Bit Timer Control Register
(1)       0 : =B                 TSR:    equ     $0B     ; 16-Bit Timer Status Register
(1)       0 : =C                 ICR:    equ     $0C     ; 16-Bit Timer Input Capture Register
(1)       0 : =E                 OCR:    equ     $0E     ; 16-Bit Timer Output Compare Register
(1)       0 : =10                CNTR:   equ     $10     ; 16-Bit Timer Counter Register
(1)       0 : =12                ACNTR:  equ     $12     ; 16-Bit Timer Alternate Counter Register
(1)       0 : =14                SCBR:   equ     $14     ; Serial Communications Baud Rate Register
(1)       0 : =6                 SCBR_SCP_gp:    equ     6 ; SCI Prescaler; 0=/1 1=/3 2=/4 3=/13
(1)       0 : =3                 SCBR_SCT_gp:    equ     3 ; SCI Transmit Baud Rate; n=1/(1<<n)
(1)       0 : =0                 SCBR_SCR_gp:    equ     0 ; SCI Receive Baud Rate;  0<=n<=7
(1)       0 : =15                SCCR1:  equ     $15     ; Serial Communications Control Register 1
(1)       0 : =7                 SCCR1_R8_bp:    equ     7 ; Receive Data Bit 8
(1)       0 : =6                 SCCR1_T8_bp:    equ     6 ; Transmit Data Bit 8
(1)       0 : =5                 SCCR1_SCKM_bp:  equ     5 ; Serial Clock Mode 0=-PB4 is GPIO
(1)       0 : =4                 SCCR1_M_bp:     equ     4 ; Mode 1=9-bit, 0=8-nit
(1)       0 : =3                 SCCR1_WAKE_bp:  equ     3 ; Wake-Up Select 1=MSB cause wake-up
(1)       0 : =2                 SCCR1_CPOL_bp:  equ     2 ; Clock Polarity
(1)       0 : =1                 SCCR1_CPHL_bp:  equ     1 ; Clock Phase
(1)       0 : =0                 SCCR1_LBCL_bp:  equ     0 ; Last Bit Clock
(1)       0 : =16                SCCR2:  equ     $16     ; Serial Communications Control Register 2
(1)       0 : =7                 SCCR2_TIE_bp:   equ     7 ; Transmit Interrupt Enable
(1)       0 : =6                 SCCR2_TCIE_bp:  equ     6 ; Transmit Complete Interrupt Enable
(1)       0 : =5                 SCCR2_RIE_bp:   equ     5 ; Receive Interrupt Enable
(1)       0 : =4                 SCCR2_ILIE_bp:  equ     4 ; Idle Line Interrupt Enable
(1)       0 : =3                 SCCR2_TE_bp:    equ     3 ; Transmit Enable
(1)       0 : =2                 SCCR2_RE_bp:    equ     2 ; Receive Enable
(1)       0 : =1                 SCCR2_RWU_bp:   equ     1 ; Receiver Wake-up
(1)       0 : =0                 SCCR2_SBK_bp:   equ     0 ; Send Break
(1)       0 : =17                SCSR:   equ     $17     ; Serial Communications Status Register
(1)       0 : =7                 SCSR_TDRE_bp    equ     7 ; Transmit Data Register Empty Flag
(1)       0 : =6                 SCSR_TC_bp:     equ     6 ; Transmit Complete Flag
(1)       0 : =5                 SCSR_RDRF_bp:   equ     5 ; Receive Data Register Full Flag
(1)       0 : =4                 SCSR_IDLE_bp:   equ     4 ; Idle Line Detected Flag
(1)       0 : =3                 SCSR_OR_bp:     equ     3 ; Overrun Error Flag
(1)       0 : =2                 SCSR_NF_bp:     equ     2 ; Noise Error Flag
(1)       0 : =1                 SCSR_FE_bp      equ     1 ; Framing Error Flag
(1)       0 : =18                SCDR:   equ     $18     ; Serial Communications Data Register
(1)       0 : =19                CNFGR:  equ     $19     ; Configuration Register
(1)       0 : =1A                EICSR:  equ     $1A     ; External Interrupt Control/Status Register
(1)       0 : =7                 EICSR_KSF_bp:   equ     7 ; Keyboard Scan Request Flag
(1)       0 : =6                 EICSR_KSEN_bp:  equ     6 ; Keyboard Scan Enable
(1)       0 : =5                 EICSR_KSA_bp:   equ     5 ; Keyboard Scan Acknowledge
(1)       0 : =4                 EICSR_KSEL_bp:  equ     4 ; Keyboard Scan Edge/Level
(1)       0 : =3                 EICSR_IRQF_bp:  equ     3 ; Interrupt Request Flag
(1)       0 : =2                 EICSR_IRQEN_bp: equ     2 ; Interrupt Request Enable
(1)       0 : =1                 EICSR_IRQA_bp:  equ     1 ; Interrupt Request Acknowledge
(1)       0 : =0                 EICSR_IRQEL_bp: equ     0 ; Interrupt Request Edge/Level
(1)       0 :
(1)       0 : =40                RAM_START:      equ     $0040   ; Internal RAM $0040-$023F
(1)       0 : =FF                STACK_TOP:      equ     $00FF   ; Stack $00FF->$0040
          0 :
          0 :                    ;;; MC6850 Asynchronous Communication Interface Adapter
          0 : =FFE0              ACIA:   equ     $FFE0
          0 :                            include "../mc6800/mc6850.inc"
(1)       0 :                    ;;; -*- mode: asm; mode: flyspell-prog; -*-
(1)       0 :
(1)       0 :                    ;;; MC6850
(1)       0 :                    ;;; Asynchronous Communication Interface Adapter
(1)       0 :
(1)       0 :                    ;;; Control register
(1)       0 : =FFE0              ACIA_control:   equ     ACIA+0
(1)       0 :                            ;; Counter Divider Select Bits
(1)       0 : =3                 CDS_gm:         equ     %11    ; Group mask
(1)       0 : =0                 CDS_DIV1_gc:    equ     %00000000 ; /1
(1)       0 : =1                 CDS_DIV16_gc:   equ     %00000001 ; /16
(1)       0 : =2                 CDS_DIV64_gc:   equ     %00000010 ; /64
(1)       0 : =3                 CDS_RESET_gc:   equ     %00000011 ; Master Reset
(1)       0 :                            ;; Word Select Bits
(1)       0 : =1C                WSB_gm:         equ     %00011100 ; Group mask
(1)       0 : =0                 WSB_7E2_gc:     equ     %00000000 ; 7 Bits + Even Parity + 2 Stop Bits
(1)       0 : =4                 WSB_7O2_gc:     equ     %00000100 ; 7 bits + Odd Parity  + 2 Stop Bits
(1)       0 : =8                 WSB_7E1_gc:     equ     %00001000 ; 7 bits + Even Parity + 1 Stop Bits
(1)       0 : =C                 WSB_7O1_gc:     equ     %00001100 ; 7 bits + Odd Parity  + 1 Stop Bits
(1)       0 : =10                WSB_8N2_gc:     equ     %00010000 ; 8 bits + No Parity   + 2 Stop Bits
(1)       0 : =14                WSB_8N1_gc:     equ     %00010100 ; 8 bits + No Parity   + 1 Stop Bits
(1)       0 : =18                WSB_8E1_gc:     equ     %00011000 ; 8 bits + Even Parity + 1 Stop Bits
(1)       0 : =1C                WSB_8O1_gc:     equ     %00011100 ; 8 bits + Odd Parity  + 1 Stop Bits
(1)       0 :                            ;; Transmit Control Bits
(1)       0 : =60                TCB_gm:         equ     %01100000 ; Group mask
(1)       0 : =0                 TCB_DI_gc:      equ     %00000000 ; RTS=Low,  Tx Interrupt Disabled
(1)       0 : =20                TCB_EI_gc:      equ     %00100000 ; RTS=Low,  Tx Interrupt Enabled
(1)       0 : =40                TCB_RTS_gc:     equ     %01000000 ; RTS=High, Tx Interrupt Disabled
(1)       0 : =60                TCB_BREAK_gc:   equ     %01100000 ; RTS=Low,  Tx Interrupt Disabled
(1)       0 :                                                      ; Transmit Break Level
(1)       0 : =80                RIEB_bm:        equ     %10000000 ; Receive Interrupt Enable Bit mask
(1)       0 :
(1)       0 :                    ;;; Status register
(1)       0 : =FFE0              ACIA_status:    equ     ACIA+0
(1)       0 : =1                 RDRF_bm:        equ     %00000001 ; Receive Data Register Full
(1)       0 : =2                 TDRE_bm:        equ     %00000010 ; Transmit Data Register Empty
(1)       0 : =4                 DCDF_bm:        equ     %00000100 ; Data Carrier Detect Flag
(1)       0 : =8                 CTSF_bm:        equ     %00001000 ; Clear To Send Flag
(1)       0 : =10                FERR_bm:        equ     %00010000 ; Frame Error Flag
(1)       0 : =20                OVRN_bm:        equ     %00100000 ; Receiver Overrun Flag
(1)       0 : =40                PERR_bm:        equ     %01000000 ; Parity Error Flag
(1)       0 : =80                IRQF_bm:        equ     %10000000 ; Interrupt Request Flag
(1)       0 :
(1)       0 :                    ;;; Data register
(1)       0 : =FFE1              ACIA_data:      equ     ACIA+1          ; Data register
          0 :
         40 :                            org     RAM_START
         40 :                    save_a: rmb     1
         41 :
       FFFC :                            org     VEC_SWI
       FFFC : FF FC                      fdb     VEC_SWI         ; for halt to system
       FFFE :
       FFFE :                            org     VEC_RESET
       FFFE : 10 00                      fdb     initialize
      10000 :
       1000 :                            org     $1000
       1000 :                    initialize:
       1000 : A6 03                      lda     #CDS_RESET_gc   ; Master reset
       1002 : C7 FF E0                   sta     ACIA_control
       1005 : A6 14                      lda     #WSB_8N1_gc     ; 8 bits + No Parity + 1 Stop Bits
       1007 :                                                    ; Transmit, Receive interrupts disabled
       1007 : C7 FF E0                   sta     ACIA_control
       100A :
       100A : AD 0E              loop:   bsr     getchar
       100C : 4D                         tsta
       100D : 27 0A                      beq     halt_to_system
       100F : AD 14              echo:   bsr     putchar
       1011 : A1 0D                      cmp     #$0D            ; Carriage Return
       1013 : 26 F5                      bne     loop
       1015 : A6 0A                      lda     #$0A            ; Newline
       1017 : 20 F6                      bra     echo
       1019 :                    halt_to_system:
       1019 : 83                         swi                     ; halt to system
       101A :
       101A :                    getchar:
       101A : C6 FF E0                   lda     ACIA_status
       101D : A5 01                      bit     #RDRF_bm
       101F : 27 F9                      beq     getchar
       1021 : C6 FF E1                   lda     ACIA_data
       1024 : 81                         rts
       1025 :
       1025 :                    putchar:
       1025 : B7 40                      sta     save_a
       1027 :                    putchar_loop:
       1027 : C6 FF E0                   lda     ACIA_status
       102A : A5 02                      bit     #TDRE_bm
       102C : 27 F9                      beq     putchar_loop
       102E : B6 40                      lda     save_a
       1030 : C7 FF E1                   sta     ACIA_data
       1033 : 81                         rts
