          0 :                            include "mc68hc05c0.inc"
(1)       0 :                    ;;; -*- mode: asm; mode: flyspell-prog; -*-
(1)       0 :                            include "mc68hc05.inc"
(2)       0 :                    ;;; -*- mode: asm; mode: flyspell-prog; -*-
(2)       0 :                    ;;; MC68HC05
(2)       0 :                            cpu     68hc05
(2)       0 :                    ;;; Condition Code Register (CC)
(2)       0 : =1                 CC_CARRY      equ  %00000001   ; set to 1 if carry occurred
(2)       0 : =2                 CC_ZERO       equ  %00000010   ; set to 1 if result is zero
(2)       0 : =4                 CC_NEGATIVE   equ  %00000100   ; set to 1 if result is negative
(2)       0 : =8                 CC_IRQ        equ  %00001000   ; if 1, IRQ is masked
(2)       0 : =10                CC_HALF_CARRY equ  %00010000   ; if 1, decimal carry from least digit occurred
(1)       0 :                    ;;; MC68HC05C0
(1)       0 :                            option  "pc-bits", 16
(1)       0 :                    ;;; Vector
(1)       0 : =FFF2              VEC_KEY:        equ     $FFF2   ; Keyboard Scan
(1)       0 : =FFF4              VEC_MFT:        equ     $FFF4   ; Multi-Function Timer
(1)       0 : =FFF6              VEC_SCI:        equ     $FFF6   ; Serial Communications Interface
(1)       0 : =FFF8              VEC_TIMER:      equ     $FFF8   ; 16-Bit Timer
(1)       0 : =FFFA              VEC_IRQ:        equ     $FFFA   ; External Interrupt
(1)       0 : =FFFC              VEC_SWI:        equ     $FFFC   ; Software
(1)       0 : =FFFE              VEC_RESET:      equ     $FFFE   ; Reset
(1)       0 :
(1)       0 :                    ;;; Internal Register Area
(1)       0 : =1                 PORTB:  equ     $01     ; Port B Data Register
(1)       0 : =2                 PORTC:  equ     $02     ; Port C Data Register
(1)       0 : =3                 PORTD:  equ     $03     ; Port D Data Register
(1)       0 : =5                 DDRB:   equ     $05     ; Port B Data Direction Register
(1)       0 : =6                 DDRC:   equ     $06     ; Port C Data Direction Register
(1)       0 : =7                 DDRD:   equ     $07     ; Port D Data Direction Register
(1)       0 : =8                 MFTCSR: equ     $08     ; Multi-Function Timer Control/Status Register
(1)       0 : =9                 MFTCR:  equ     $09     ; Multi-Function Timer Counter Register
(1)       0 : =A                 TCR:    equ     $0A     ; 16-Bit Timer Control Register
(1)       0 : =B                 TSR:    equ     $0B     ; 16-Bit Timer Status Register
(1)       0 : =C                 ICR:    equ     $0C     ; 16-Bit Timer Input Capture Register
(1)       0 : =E                 OCR:    equ     $0E     ; 16-Bit Timer Output Compare Register
(1)       0 : =10                CNTR:   equ     $10     ; 16-Bit Timer Counter Register
(1)       0 : =12                ACNTR:  equ     $12     ; 16-Bit Timer Alternate Counter Register
(1)       0 : =14                SCBR:   equ     $14     ; Serial Communications Baud Rate Register
(1)       0 : =15                SCCR1:  equ     $15     ; Serial Communications Control Register 1
(1)       0 : =16                SCCR2:  equ     $16     ; Serial Communications Control Register 2
(1)       0 : =17                SCSR:   equ     $17     ; Serial Communications Status Register
(1)       0 : =18                SCDR:   equ     $18     ; Serial Communications Data Register
(1)       0 : =19                CNFGR:  equ     $19     ; Configuration Register
(1)       0 : =1A                EICSR:  equ     $1A     ; External Interrupt Control/Status Register
(1)       0 :                            
          0 :
          0 :                    ;;; MC6850 Asynchronous Communication Interface Adapter
          0 : =FFE0              ACIA:   equ     $FFE0
          0 :                            include "mc6850.inc"
(1)       0 :                    ;;; -*- mode: asm; mode: flyspell-prog; -*-
(1)       0 :
(1)       0 :                    ;;; MC6850
(1)       0 :                    ;;; Asynchronous Communication Interface Adapter
(1)       0 :
(1)       0 :                    ;;; Control register
(1)       0 : =FFE0              ACIA_control:   equ     ACIA+0
(1)       0 :                            ;; Counter Divider Select Bits
(1)       0 : =3                 CDS_gm:         equ     %11    ; Group mask
(1)       0 : =0                 CDS_DIV1_gc:    equ     %00000000 ; /1
(1)       0 : =1                 CDS_DIV16_gc:   equ     %00000001 ; /16
(1)       0 : =2                 CDS_DIV64_gc:   equ     %00000010 ; /64
(1)       0 : =3                 CDS_RESET_gc:   equ     %00000011 ; Master Reset
(1)       0 :                            ;; Word Select Bits
(1)       0 : =1C                WSB_gm:         equ     %00011100 ; Group mask
(1)       0 : =0                 WSB_7E2_gc:     equ     %00000000 ; 7 Bits + Even Parity + 2 Stop Bits
(1)       0 : =4                 WSB_7O2_gc:     equ     %00000100 ; 7 bits + Odd Parity  + 2 Stop Bits
(1)       0 : =8                 WSB_7E1_gc:     equ     %00001000 ; 7 bits + Even Parity + 1 Stop Bits
(1)       0 : =C                 WSB_7O1_gc:     equ     %00001100 ; 7 bits + Odd Parity  + 1 Stop Bits
(1)       0 : =10                WSB_8N2_gc:     equ     %00010000 ; 8 bits + No Parity   + 2 Stop Bits
(1)       0 : =14                WSB_8N1_gc:     equ     %00010100 ; 8 bits + No Parity   + 1 Stop Bits
(1)       0 : =18                WSB_8E1_gc:     equ     %00011000 ; 8 bits + Even Parity + 1 Stop Bits
(1)       0 : =1C                WSB_8O1_gc:     equ     %00011100 ; 8 bits + Odd Parity  + 1 Stop Bits
(1)       0 :                            ;; Transmit Control Bits
(1)       0 : =60                TCB_gm:         equ     %01100000 ; Group mask
(1)       0 : =0                 TCB_DI_gc:      equ     %00000000 ; RTS=Low,  Tx Interrupt Disabled
(1)       0 : =20                TCB_EI_gc:      equ     %00100000 ; RTS=Low,  Tx Interrupt Enabled
(1)       0 : =40                TCB_RTS_gc:     equ     %01000000 ; RTS=High, Tx Interrupt Disabled
(1)       0 : =60                TCB_BREAK_gc:   equ     %01100000 ; RTS=Low,  Tx Interrupt Disabled
(1)       0 :                                                      ; Transmit Break Level
(1)       0 : =80                RIEB_bm:        equ     %10000000 ; Receive Interrupt Enable Bit mask
(1)       0 :
(1)       0 :                    ;;; Status register
(1)       0 : =FFE0              ACIA_status:    equ     ACIA+0
(1)       0 : =1                 RDRF_bm:        equ     %00000001 ; Receive Data Register Full
(1)       0 : =2                 TDRE_bm:        equ     %00000010 ; Transmit Data Register Empty
(1)       0 : =4                 DCDF_bm:        equ     %00000100 ; Data Carrier Detect Flag
(1)       0 : =8                 CTSF_bm:        equ     %00001000 ; Clear To Send Flag
(1)       0 : =10                FERR_bm:        equ     %00010000 ; Frame Error Flag
(1)       0 : =20                OVRN_bm:        equ     %00100000 ; Receiver Overrun Flag
(1)       0 : =40                PERR_bm:        equ     %01000000 ; Parity Error Flag
(1)       0 : =80                IRQF_bm:        equ     %10000000 ; Interrupt Request Flag
(1)       0 :
(1)       0 :                    ;;; Data register
(1)       0 : =FFE1              ACIA_data:      equ     ACIA+1          ; Data register
          0 :
          0 : =10                rx_queue_size:  equ     16
          0 : =20                tx_queue_size:  equ     32
          0 : =94                RX_INT_TX_NO:   equ     WSB_8N1_gc|RIEB_bm
          0 : =B4                RX_INT_TX_INT:  equ     WSB_8N1_gc|RIEB_bm|TCB_EI_gc
          0 :
         10 :                            org     $10
         10 :                    save_a: rmb     1
         11 :                    save_x: rmb     1
         12 :                    rx_queue:
         12 :                            rmb     rx_queue_size
         22 :                    tx_queue:
         22 :                            rmb     tx_queue_size
         42 :
         42 :                    ;;; Working space for mandelbrot.inc
         42 : =32                F:      equ     50
         42 :                    vC:     rmb     2
         44 :                    vD:     rmb     2
         46 :                    vA:     rmb     2
         48 :                    vB:     rmb     2
         4A :                    vS:     rmb     2
         4C :                    vP:     rmb     2
         4E :                    vQ:     rmb     2
         50 :                    vY:     rmb     1
         51 :                    vX:     rmb     1
         52 :                    vI:     rmb     1
         53 :
         53 :                    ;;; Working space for arith.inc
         53 :                    R0:
         53 :                    R0H:    rmb     1
         54 :                    R0L:    rmb     1
         55 :                    R1:
         55 :                    R1H:    rmb     1
         56 :                    R1L:    rmb     1
         57 :                    R2:
         57 :                    R2H:    rmb     1
         58 :                    R2L:    rmb     1
         59 :                    arith_work:
         59 :                            rmb     1
         5A :                    SP:     rmb     1
        100 :                            org     $0100
        100 :                    stack:  rmb     200
        1C8 :
       FFFA :                            org     VEC_IRQ
       FFFA : 06 45                      fdb     isr_irq
       FFFC :
       FFFC :                            org     VEC_SWI
       FFFC : FF FC                      fdb     VEC_SWI         ; halt to system
       FFFE :
       FFFE :                            org     VEC_RESET
       FFFE : 02 00                      fdb     initialize
      10000 :
        200 :                            org     $0200
        200 :                    initialize:
        200 : AE 12                      ldx     #rx_queue
        202 : A6 10                      lda     #rx_queue_size
        204 : CD 05 ED                   jsr     queue_init
        207 : AE 22                      ldx     #tx_queue
        209 : A6 20                      lda     #tx_queue_size
        20B : CD 05 ED                   jsr     queue_init
        20E :                            ;; initialize ACIA
        20E : A6 03                      lda     #CDS_RESET_gc   ; master reset
        210 : C7 FF E0                   sta     ACIA_control
        213 : A6 94                      lda     #RX_INT_TX_NO
        215 : C7 FF E0                   sta     ACIA_control
        218 : 9A                         cli                     ; enable IRQ
        219 :
        219 : 3F 5A                      clr     SP
        21B :                    loop:
        21B : CD 02 5E                   jsr     mandelbrot
        21E : CD 02 2F                   jsr     newline
        221 : 20 F8                      bra     loop
        223 :
        223 :                    ;;; Get character
        223 :                    ;;; @clobber X
        223 :                    ;;; @return A
        223 :                    ;;; @return CC.C 0 if no char received
        223 :                    getchar:
        223 : AE 12                      ldx     #rx_queue
        225 : 9B                         sei                     ; disable IRQ
        226 : CD 06 24                   jsr     queue_remove
        229 : 9A                         cli                     ; enable IRQ
        22A : 81                         rts
        22B :
        22B :                    ;;; Put character
        22B :                    ;;; @param A
        22B :                    ;;; @clobber A
        22B :                    putspace:
        22B : A6 20                      lda     #' '
        22D : 20 06                      bra     putchar
        22F :                    newline:
        22F : A6 0D                      lda     #$0D
        231 : AD 02                      bsr     putchar
        233 : A6 0A                      lda     #$0A
        235 :                    putchar:
        235 : BF 11                      stx     save_x          ; save X
        237 : AE 22                      ldx     #tx_queue
        239 :                    putchar_retry:
        239 : 9B                         sei                     ; disable IRQ
        23A : CD 05 F9                   jsr     queue_add
        23D : 9A                         cli                     ; enable IRQ
        23E : 24 F9                      bcc     putchar_retry   ; branch if queue is full
        240 : A6 B4                      lda     #RX_INT_TX_INT  ; enable Tx interrupt
        242 : C7 FF E0                   sta     ACIA_control
        245 :                    putchar_exit:
        245 : BE 11                      ldx     save_x          ; restore X
        247 : 81                         rts
        248 :
        248 :                            include "mandelbrot.inc"
(1)     248 :                    ;;; -*- mode: asm; mode: flyspell-prog; -*-
(1)     248 :                    ;;; Print variable: "A=variable "
(1)     248 :                    ;;; @param R0 variable
(1)     248 :                    ;;; @param A variable letter
(1)     248 :                    ;;; @clobber R0
(1)     248 :                    print:
(1)     248 : CD 02 35                   jsr     putchar         ; print variable letter
(1)     24B : A6 3D                      lda     #'='
(1)     24D : CD 02 35                   jsr     putchar         ; '='
(1)     250 : CD 04 75                   jsr     print_int16
(1)     253 : CC 02 2B                   jmp     putspace
(1)     256 :
(1)     256 :                    ;;; Load 8 bit variable
(1)     256 :                    ;;; @param X variable
(1)     256 :                    ;;; @return X:A value
(1)     256 :                    load_8bit:
(1)     256 : F6                         lda     0,X
(1)     257 : 2A 03                      bpl     load_8bit_plus
(1)     259 : AE FF                      ldx     #-1
(1)     25B : 81                         rts
(1)     25C :                    load_8bit_plus:
(1)     25C : 5F                         clrx
(1)     25D : 81                         rts
(1)     25E :
(1)     25E :                    mandelbrot:
(1)     25E : A6 F4                      lda     #-12
(1)     260 : B7 50                      sta     vY              ; Y=-12
(1)     262 :                    loop_y:
(1)     262 : A6 CF                      lda     #-49
(1)     264 : B7 51                      sta     vX              ; X=-49
(1)     266 :                    loop_x:
(1)     266 : AE 51                      ldx     #vX
(1)     268 : CD 02 56                   jsr     load_8bit
(1)     26B : CD 04 D4                   jsr     set_R1          ; R1=X
(1)     26E : 5F                         clrx
(1)     26F : A6 E5                      lda     #229
(1)     271 : CD 04 D9                   jsr     set_R2
(1)     274 : CD 05 5A                   jsr     mul16           ; R0=X*229
(1)     277 : AE 55                      ldx     #R1
(1)     279 : CD 04 F6                   jsr     store_R0
(1)     27C : 5F                         clrx
(1)     27D : A6 64                      lda     #100
(1)     27F : CD 04 D9                   jsr     set_R2
(1)     282 : CD 05 C5                   jsr     div16           ; R0=X*229/100
(1)     285 : AE 42                      ldx     #vC
(1)     287 : CD 04 F6                   jsr     store_R0        ; C=X*229/100
(1)     28A : AE 46                      ldx     #vA
(1)     28C : CD 04 F6                   jsr     store_R0        ; A=C
(1)     28F : AE 50                      ldx     #vY
(1)     291 : CD 02 56                   jsr     load_8bit
(1)     294 : CD 04 D4                   jsr     set_R1          ; R1=Y
(1)     297 : AE 01                      ldx     #416>>8
(1)     299 : A6 A0                      lda     #416&255
(1)     29B : CD 04 D9                   jsr     set_R2
(1)     29E : CD 05 5A                   jsr     mul16           ; R0=Y*416
(1)     2A1 : AE 55                      ldx     #R1
(1)     2A3 : CD 04 F6                   jsr     store_R0
(1)     2A6 : 5F                         clrx
(1)     2A7 : A6 64                      lda     #100
(1)     2A9 : CD 04 D9                   jsr     set_R2
(1)     2AC : CD 05 C5                   jsr     div16           ; R0=Y*416/100
(1)     2AF : AE 44                      ldx     #vD
(1)     2B1 : CD 04 F6                   jsr     store_R0        ; D=Y*416/100
(1)     2B4 : AE 48                      ldx     #vB
(1)     2B6 : CD 04 F6                   jsr     store_R0        ; B=D
(1)     2B9 : 3F 52                      clr     vI              ; I=0
(1)     2BB :
(1)     2BB :                            ;; ldx     #vY
(1)     2BB :                            ;; jsr     load_8bit
(1)     2BB :                            ;; jsr     set_R0          ; Y
(1)     2BB :                            ;; lda     #'Y'
(1)     2BB :                            ;; jsr     print
(1)     2BB :                            ;; ldx     #vX
(1)     2BB :                            ;; jsr     load_8bit
(1)     2BB :                            ;; jsr     set_R0          ; X
(1)     2BB :                            ;; lda     #'X'
(1)     2BB :                            ;; jsr     print
(1)     2BB :                            ;; ldx     #vC
(1)     2BB :                            ;; jsr     load_R0         ; C
(1)     2BB :                            ;; lda     #'C'
(1)     2BB :                            ;; jsr     print
(1)     2BB :                            ;; ldx     #vD
(1)     2BB :                            ;; jsr     load_R0         ; D
(1)     2BB :                            ;; lda     #'D'
(1)     2BB :                            ;; jsr     print
(1)     2BB :                            ;; jsr     newline
(1)     2BB :
(1)     2BB :                    loop_i:
(1)     2BB : AE 48                      ldx     #vB
(1)     2BD : CD 04 E6                   jsr     load_R1         ; R1=B
(1)     2C0 : 5F                         clrx
(1)     2C1 : A6 32                      lda     #F
(1)     2C3 : CD 04 D9                   jsr     set_R2          ; R2=F
(1)     2C6 : CD 05 C5                   jsr     div16           ; R0=B/F
(1)     2C9 : AE 4E                      ldx     #vQ
(1)     2CB : CD 04 F6                   jsr     store_R0        ; Q=B/F
(1)     2CE : AE 55                      ldx     #R1
(1)     2D0 : CD 04 F6                   jsr     store_R0        ; R1=Q
(1)     2D3 : 5F                         clrx
(1)     2D4 : A6 32                      lda     #F
(1)     2D6 : CD 04 D9                   jsr     set_R2          ; R2=F
(1)     2D9 : CD 05 5A                   jsr     mul16           ; R0=Q*F
(1)     2DC : AE 57                      ldx     #R2
(1)     2DE : CD 04 F6                   jsr     store_R0        ; R2=Q*F
(1)     2E1 : AE 48                      ldx     #vB
(1)     2E3 : CD 04 E6                   jsr     load_R1         ; R1=B
(1)     2E6 : CD 05 0B                   jsr     sub16           ; R0=B-Q*F
(1)     2E9 : AE 4A                      ldx     #vS
(1)     2EB : CD 04 F6                   jsr     store_R0        ; S=B-Q*F
(1)     2EE : AE 46                      ldx     #vA
(1)     2F0 : CD 04 E6                   jsr     load_R1         ; R1=A
(1)     2F3 : CD 04 EE                   jsr     load_R2         ; R2=A
(1)     2F6 : CD 05 5A                   jsr     mul16           ; R0=A*A
(1)     2F9 : AE 53                      ldx     #R0
(1)     2FB : CD 04 94                   jsr     push_RX         ; push A*A
(1)     2FE : AE 48                      ldx     #vB
(1)     300 : CD 04 E6                   jsr     load_R1         ; R1=B
(1)     303 : CD 04 EE                   jsr     load_R2         ; R2=B
(1)     306 : CD 05 5A                   jsr     mul16           ; R0=B*B
(1)     309 : AE 57                      ldx     #R2
(1)     30B : CD 04 F6                   jsr     store_R0        ; R2=B*B
(1)     30E : AE 55                      ldx     #R1
(1)     310 : CD 04 AC                   jsr     pop_RX          ; R1=A*A
(1)     313 : CD 05 0B                   jsr     sub16           ; R0=A*A-B*B
(1)     316 : AE 55                      ldx     #R1
(1)     318 : CD 04 F6                   jsr     store_R0        ; R1=A*A-B*B
(1)     31B : 5F                         clrx
(1)     31C : A6 32                      lda     #F
(1)     31E : CD 04 D9                   jsr     set_R2
(1)     321 : CD 05 C5                   jsr     div16           ; R0=(A*A-B*B)/F
(1)     324 : AE 55                      ldx     #R1
(1)     326 : CD 04 F6                   jsr     store_R0        ; R1=(A*A-B*B)/F
(1)     329 : AE 42                      ldx     #vC
(1)     32B : CD 04 EE                   jsr     load_R2         ; R2=C
(1)     32E : CD 04 FE                   jsr     add16           ; R0=(A*A-B*B)/F+C
(1)     331 : AE 53                      ldx     #R0
(1)     333 : CD 04 94                   jsr     push_RX         ; push (A*A-B*B)/F+C
(1)     336 : AE 46                      ldx     #vA
(1)     338 : CD 04 E6                   jsr     load_R1         ; R1=A
(1)     33B : AE 4E                      ldx     #vQ
(1)     33D : CD 04 EE                   jsr     load_R2         ; R2=Q
(1)     340 : CD 05 5A                   jsr     mul16           ; R0=A*Q
(1)     343 : AE 53                      ldx     #R0
(1)     345 : CD 04 94                   jsr     push_RX         ; push A*Q
(1)     348 : AE 46                      ldx     #vA
(1)     34A : CD 04 E6                   jsr     load_R1         ; R1=A
(1)     34D : AE 4A                      ldx     #vS
(1)     34F : CD 04 EE                   jsr     load_R2         ; R2=S
(1)     352 : CD 05 5A                   jsr     mul16           ; R0=A*S
(1)     355 : AE 55                      ldx     #R1
(1)     357 : CD 04 F6                   jsr     store_R0        ; R1=A*S
(1)     35A : 5F                         clrx
(1)     35B : A6 32                      lda     #F
(1)     35D : CD 04 D9                   jsr     set_R2
(1)     360 : CD 05 C5                   jsr     div16           ; R0=A*S/F
(1)     363 : AE 57                      ldx     #R2
(1)     365 : CD 04 F6                   jsr     store_R0        ; R2=A*S/F
(1)     368 : AE 55                      ldx     #R1
(1)     36A : CD 04 AC                   jsr     pop_RX          ; R1=A*Q
(1)     36D : CD 04 FE                   jsr     add16           ; R0=A*Q+A*S/F
(1)     370 : AE 55                      ldx     #R1
(1)     372 : CD 04 F6                   jsr     store_R0        ; R1=A*Q+A*S/F
(1)     375 : AE 57                      ldx     #R2
(1)     377 : CD 04 F6                   jsr     store_R0        ; R2=A*Q+A*S/F
(1)     37A : CD 04 FE                   jsr     add16           ; R0=2*(A*Q+A*S/F)
(1)     37D : AE 55                      ldx     #R1
(1)     37F : CD 04 F6                   jsr     store_R0        ; R1=2*(A*Q+A*S/F)
(1)     382 : AE 44                      ldx     #vD
(1)     384 : CD 04 EE                   jsr     load_R2         ; R2=D
(1)     387 : CD 04 FE                   jsr     add16           ; R0=2*(A*Q+A*S/F)+D
(1)     38A : AE 48                      ldx     #vB
(1)     38C : CD 04 F6                   jsr     store_R0        ; B=2*(A*Q+A*S/F)+D
(1)     38F : AE 53                      ldx     #R0
(1)     391 : CD 04 AC                   jsr     pop_RX          ; R0=(A*A-B*B)/F+C
(1)     394 : AE 46                      ldx     #vA
(1)     396 : CD 04 F6                   jsr     store_R0        ; A=(A*A-B*B)/F+C
(1)     399 : AE 55                      ldx     #R1
(1)     39B : CD 04 F6                   jsr     store_R0        ; R1=A
(1)     39E : 5F                         clrx
(1)     39F : A6 32                      lda     #F
(1)     3A1 : CD 04 D9                   jsr     set_R2          ; R2=F
(1)     3A4 : CD 05 C5                   jsr     div16           ; R0=A/F
(1)     3A7 : AE 4C                      ldx     #vP
(1)     3A9 : CD 04 F6                   jsr     store_R0        ; P=A/F
(1)     3AC : AE 48                      ldx     #vB
(1)     3AE : CD 04 E6                   jsr     load_R1         ; R1=B
(1)     3B1 : 5F                         clrx
(1)     3B2 : A6 32                      lda     #F
(1)     3B4 : CD 04 D9                   jsr     set_R2          ; R2=F
(1)     3B7 : CD 05 C5                   jsr     div16           ; R0=B/F
(1)     3BA : AE 4E                      ldx     #vQ
(1)     3BC : CD 04 F6                   jsr     store_R0        ; Q=B/F
(1)     3BF :
(1)     3BF :                            ;; jsr     putspace
(1)     3BF :                            ;; ldx     #vI
(1)     3BF :                            ;; jsr     load_8bit
(1)     3BF :                            ;; jsr     set_R0          ; I
(1)     3BF :                            ;; lda     #'I'
(1)     3BF :                            ;; jsr     print
(1)     3BF :                            ;; ldx     #vA
(1)     3BF :                            ;; jsr     load_R0         ; A
(1)     3BF :                            ;; lda     #'A'
(1)     3BF :                            ;; jsr     print
(1)     3BF :                            ;; ldx     #vB
(1)     3BF :                            ;; jsr     load_R0         ; B
(1)     3BF :                            ;; lda     #'B'
(1)     3BF :                            ;; jsr     print
(1)     3BF :                            ;; ldx     #vP
(1)     3BF :                            ;; jsr     load_R0         ; P
(1)     3BF :                            ;; lda     #'P'
(1)     3BF :                            ;; jsr     print
(1)     3BF :                            ;; ldx     #vQ
(1)     3BF :                            ;; jsr     load_R0         ; Q
(1)     3BF :                            ;; lda     #'Q'
(1)     3BF :                            ;; jsr     print
(1)     3BF :                            ;; jsr     newline
(1)     3BF :
(1)     3BF : AE 4C                      ldx     #vP
(1)     3C1 : CD 04 E6                   jsr     load_R1         ; R1=P
(1)     3C4 : CD 04 EE                   jsr     load_R2         ; R2=P
(1)     3C7 : CD 05 5A                   jsr     mul16           ; R0=P*P
(1)     3CA : AE 53                      ldx     #R0
(1)     3CC : CD 04 94                   jsr     push_RX         ; push P*P
(1)     3CF : AE 4E                      ldx     #vQ
(1)     3D1 : CD 04 E6                   jsr     load_R1         ; R1=Q
(1)     3D4 : CD 04 EE                   jsr     load_R2         ; R2=Q
(1)     3D7 : CD 05 5A                   jsr     mul16           ; R0=Q*Q
(1)     3DA : AE 55                      ldx     #R1
(1)     3DC : CD 04 F6                   jsr     store_R0        ; R1=Q*Q
(1)     3DF : AE 57                      ldx     #R2
(1)     3E1 : CD 04 AC                   jsr     pop_RX          ; R2=P*P
(1)     3E4 : CD 04 FE                   jsr     add16           ; R0=Q*Q+P*P
(1)     3E7 : AE 57                      ldx     #R2
(1)     3E9 : CD 04 F6                   jsr     store_R0        ; R2=Q*Q+P*P
(1)     3EC : 5F                         clrx
(1)     3ED : A6 04                      lda     #4
(1)     3EF : CD 04 D4                   jsr     set_R1          ; R1=4
(1)     3F2 : CD 05 18                   jsr     cmp16           ; compare 4 and Q*Q+P*P
(1)     3F5 : 2B 0F                      bmi     print_i         ; if 4<P*P+Q*Q
(1)     3F7 : 3C 52                      inc     vI              ; I+=1
(1)     3F9 : B6 52                      lda     vI
(1)     3FB : A1 10                      cmp     #16
(1)     3FD : 2A 03                      bpl     print_space
(1)     3FF : CC 02 BB                   jmp     loop_i          ; if I<16
(1)     402 :                    print_space:
(1)     402 : A6 20                      lda     #' '
(1)     404 : 20 0C                      bra     print_char
(1)     406 :                    print_i:
(1)     406 : B6 52                      lda     vI
(1)     408 : A0 0A                      sub     #10
(1)     40A : 2A 04                      bpl     print_i2       ; if I>=10
(1)     40C : AB 3A                      add     #10+'0'
(1)     40E : 20 02                      bra     print_char
(1)     410 :                    print_i2:
(1)     410 : AB 41                      add     #'A'
(1)     412 :                    print_char:
(1)     412 :                            ;; sta     arith_work
(1)     412 :                            ;; lda     #'@'
(1)     412 :                            ;; jsr     putchar
(1)     412 :                            ;; lda     #'='
(1)     412 :                            ;; jsr     putchar
(1)     412 :                            ;; lda     arith_work
(1)     412 :                            ;; jsr     putchar
(1)     412 :                            ;; jsr     newline
(1)     412 :
(1)     412 : CD 02 35                   jsr     putchar
(1)     415 : CD 02 23                   jsr     getchar
(1)     418 : 24 04                      bcc     next_x
(1)     41A : 4D                         tsta
(1)     41B : 26 01                      bne     next_x
(1)     41D : 83                         swi                     ; halt to system
(1)     41E :                    next_x: 
(1)     41E : 3C 51                      inc     vX              ; X+=1
(1)     420 : B6 51                      lda     vX
(1)     422 : A1 1E                      cmp     #30
(1)     424 : 2A 03                      bpl     next_y
(1)     426 : CC 02 66                   jmp     loop_x          ; if X<30
(1)     429 :                    next_y:
(1)     429 : CD 02 2F                   jsr     newline
(1)     42C : 3C 50                      inc     vY              ; Y+=1
(1)     42E : B6 50                      lda     vY
(1)     430 : A1 0D                      cmp     #13
(1)     432 : 2A 03                      bpl     mandelbrot_end
(1)     434 : CC 02 62                   jmp     loop_y          ; if Y<13
(1)     437 :                    mandelbrot_end:
(1)     437 : 81                         rts
        438 :                            include "arith.inc"
(1)     438 :                    ;;; -*- mode: asm; mode: flyspell-prog; -*-
(1)     438 :                    ;;; Print unsigned 16-bit integer as decimal
(1)     438 :                    ;;; @param R0 value
(1)     438 :                    ;;; @clobber A X R0 R1 R2
(1)     438 :                    print_uint16:
(1)     438 : 5F                         clrx
(1)     439 :                    print_uint16_loop:
(1)     439 : B6 53                      lda     R0H
(1)     43B : B7 55                      sta     R1H
(1)     43D : B6 54                      lda     R0L
(1)     43F : B7 56                      sta     R1L             ; dividend = value
(1)     441 : BA 53                      ora     R0H
(1)     443 : 27 13                      beq     print_uint16_zero ; branch if value == 0
(1)     445 : 3F 57                      clr     R2H
(1)     447 : A6 0A                      lda     #10
(1)     449 : B7 58                      sta     R2L             ; divisor=10
(1)     44B : CD 05 7E                   jsr     udiv16          ; R0=value/10
(1)     44E : B6 56                      lda     R1L
(1)     450 : AA 30                      ora     #'0'
(1)     452 : D7 04 6D                   sta     print_uint16_buf,x
(1)     455 : 5C                         incx
(1)     456 : 20 E1                      bra     print_uint16_loop
(1)     458 :                    print_uint16_zero:
(1)     458 : 5D                         tstx
(1)     459 : 26 05                      bne     print_uint16_print
(1)     45B : A6 30                      lda     #'0'
(1)     45D : CC 02 35                   jmp     putchar
(1)     460 :                    print_uint16_print:
(1)     460 : 5A                         decx
(1)     461 : D6 04 6D                   lda     print_uint16_buf,x
(1)     464 : AA 30                      ora     #'0'
(1)     466 : CD 02 35                   jsr     putchar
(1)     469 : 5D                         tstx
(1)     46A : 26 F4                      bne     print_uint16_print
(1)     46C : 81                         rts
(1)     46D :                    print_uint16_buf:
(1)     46D :                            rmb     8
(1)     475 :
(1)     475 :                    ;;; Print signed 16-bit integer as decimal
(1)     475 :                    ;;; @param R0 value
(1)     475 :                    ;;; @clobber A X R0
(1)     475 :                    print_int16:
(1)     475 : AE 55                      ldx     #R1
(1)     477 : AD 1B                      bsr     push_RX         ; push R1
(1)     479 : AE 57                      ldx     #R2
(1)     47B : AD 17                      bsr     push_RX         ; push R2
(1)     47D : B6 53                      lda     R0H
(1)     47F : 2A 09                      bpl     print_int16_print
(1)     481 : A6 2D                      lda     #'-'
(1)     483 : CD 02 35                   jsr     putchar
(1)     486 : AE 53                      ldx     #R0
(1)     488 : AD 3C                      bsr     negate_RX
(1)     48A :                    print_int16_print:
(1)     48A : AD AC                      bsr     print_uint16
(1)     48C : AE 57                      ldx     #R2
(1)     48E : AD 1C                      bsr     pop_RX          ; pop R2
(1)     490 : AE 55                      ldx     #R1
(1)     492 : 20 18                      bra     pop_RX          ; pop R1
(1)     494 :
(1)     494 :                    ;;; Push register
(1)     494 :                    ;;; @param X register
(1)     494 :                    ;;; @clobber A
(1)     494 :                    push_RX:
(1)     494 : BF 59                      stx     arith_work      ; save X
(1)     496 : F6                         lda     0,X             ; high(register)
(1)     497 : BE 5A                      ldx     SP
(1)     499 : D7 01 00                   sta     stack,X         ; push high(register)
(1)     49C : BE 59                      ldx     arith_work
(1)     49E : E6 01                      lda     1,X             ; low(register)
(1)     4A0 : BE 5A                      ldx     SP
(1)     4A2 : D7 01 01                   sta     stack+1,X       ; push low(register)
(1)     4A5 : 5C                         incx
(1)     4A6 : 5C                         incx
(1)     4A7 : BF 5A                      stx     SP              ; update stack pointer
(1)     4A9 : BE 59                      ldx     arith_work      ; restore X
(1)     4AB : 81                         rts
(1)     4AC :
(1)     4AC :                    ;;; Pop register
(1)     4AC :                    ;;; @param X register
(1)     4AC :                    ;;; @clobber A
(1)     4AC :                    pop_RX:
(1)     4AC : BF 59                      stx     arith_work      ; save X
(1)     4AE : BE 5A                      ldx     SP
(1)     4B0 : 5A                         decx
(1)     4B1 : 5A                         decx
(1)     4B2 : BF 5A                      stx     SP              ; update stack pointer
(1)     4B4 : D6 01 00                   lda     stack,X         ; pop high(register)
(1)     4B7 : BE 59                      ldx     arith_work
(1)     4B9 : F7                         sta     0,X             ; high(register)
(1)     4BA : BE 5A                      ldx     SP
(1)     4BC : D6 01 01                   lda     stack+1,X       ; pop low(register)
(1)     4BF : BE 5A                      ldx     SP
(1)     4C1 : BE 59                      ldx     arith_work      ; restore X
(1)     4C3 : E7 01                      sta     1,X             ; low(register)
(1)     4C5 : 81                         rts
(1)     4C6 :
(1)     4C6 :                    ;;; Negate RX
(1)     4C6 :                    ;;; @param X register
(1)     4C6 :                    negate_RX:
(1)     4C6 : 4F                         clra
(1)     4C7 : E0 01                      sub     1,x
(1)     4C9 : E7 01                      sta     1,x
(1)     4CB : 4F                         clra
(1)     4CC : F2                         sbc     0,x
(1)     4CD : F7                         sta     0,x
(1)     4CE : 81                         rts
(1)     4CF :
(1)     4CF :                    ;;; Set value to R0
(1)     4CF :                    ;;; @param X high(value)
(1)     4CF :                    ;;; @param A low(value)
(1)     4CF :                    set_R0:
(1)     4CF : BF 53                      stx     R0H
(1)     4D1 : B7 54                      sta     R0L
(1)     4D3 : 81                         rts
(1)     4D4 :
(1)     4D4 :                    ;;; Set value to R1
(1)     4D4 :                    ;;; @param X high(value)
(1)     4D4 :                    ;;; @param A low(value)
(1)     4D4 :                    set_R1:
(1)     4D4 : BF 55                      stx     R1H
(1)     4D6 : B7 56                      sta     R1L
(1)     4D8 : 81                         rts
(1)     4D9 :
(1)     4D9 :                    ;;; Set value to R2
(1)     4D9 :                    ;;; @param X high(value)
(1)     4D9 :                    ;;; @param A low(value)
(1)     4D9 :                    set_R2:
(1)     4D9 : BF 57                      stx     R2H
(1)     4DB : B7 58                      sta     R2L
(1)     4DD : 81                         rts
(1)     4DE :
(1)     4DE :                    ;;; Load register to R0
(1)     4DE :                    ;;; @param X register
(1)     4DE :                    ;;; @clobber A
(1)     4DE :                    load_R0:
(1)     4DE : F6                         lda     0,x
(1)     4DF : B7 53                      sta     R0H
(1)     4E1 : E6 01                      lda     1,x
(1)     4E3 : B7 54                      sta     R0L
(1)     4E5 : 81                         rts
(1)     4E6 :
(1)     4E6 :                    ;;; Load register to R1
(1)     4E6 :                    ;;; @param X register
(1)     4E6 :                    ;;; @clobber A
(1)     4E6 :                    load_R1:
(1)     4E6 : F6                         lda     0,x
(1)     4E7 : B7 55                      sta     R1H
(1)     4E9 : E6 01                      lda     1,x
(1)     4EB : B7 56                      sta     R1L
(1)     4ED : 81                         rts
(1)     4EE :
(1)     4EE :                    ;;; Load register to R2
(1)     4EE :                    ;;; @param X register
(1)     4EE :                    ;;; @clobber A
(1)     4EE :                    load_R2:
(1)     4EE : F6                         lda     0,x
(1)     4EF : B7 57                      sta     R2H
(1)     4F1 : E6 01                      lda     1,x
(1)     4F3 : B7 58                      sta     R2L
(1)     4F5 : 81                         rts
(1)     4F6 :
(1)     4F6 :                    ;;; store R0 to register
(1)     4F6 :                    ;;; @param X register
(1)     4F6 :                    ;;; @clobber A
(1)     4F6 :                    store_R0:
(1)     4F6 : B6 53                      lda     R0H
(1)     4F8 : F7                         sta     0,x
(1)     4F9 : B6 54                      lda     R0L
(1)     4FB : E7 01                      sta     1,x
(1)     4FD : 81                         rts
(1)     4FE :
(1)     4FE :                    ;;; Addition: R0 = R1 + R2
(1)     4FE :                    ;;; @clobber A
(1)     4FE :                    add16:
(1)     4FE : B6 56                      lda     R1L
(1)     500 : BB 58                      add     R2L
(1)     502 : B7 54                      sta     R0L
(1)     504 : B6 55                      lda     R1H
(1)     506 : B9 57                      adc     R2H
(1)     508 : B7 53                      sta     R0H
(1)     50A : 81                         rts
(1)     50B :
(1)     50B :                    ;;; Subtraction: R0 = R1 + R2
(1)     50B :                    ;;; @clobber A
(1)     50B :                    sub16:
(1)     50B : B6 56                      lda     R1L
(1)     50D : B0 58                      sub     R2L
(1)     50F : B7 54                      sta     R0L
(1)     511 : B6 55                      lda     R1H
(1)     513 : B2 57                      sbc     R2H
(1)     515 : B7 53                      sta     R0H
(1)     517 : 81                         rts
(1)     518 :
(1)     518 :                    ;;; Signed compare R0=sign(R1-R2)
(1)     518 :                    ;;; @return R0=A=0;  BEQ (minuend == subtrahend)
(1)     518 :                    ;;;         R0=A=1;  BPL (minuend > subtrahend)
(1)     518 :                    ;;;         R0=A=-1; BMI (minuend < subtrahend)
(1)     518 :                    ;;; @clobber A
(1)     518 :                    cmp16:
(1)     518 : AD F1                      bsr     sub16
(1)     51A : B6 53                      lda     R0H
(1)     51C : BA 54                      ora     R0L
(1)     51E : 27 1A                      beq     cmp16_end       ; return with R0=0
(1)     520 : B6 53                      lda     R0H
(1)     522 : B8 55                      eor     R1H
(1)     524 : B7 54                      sta     R0L             ; R0L=(minuend-subtrahend)^minuend
(1)     526 : B6 55                      lda     R1H
(1)     528 : B8 57                      eor     R2H             ; minuend^subtrahend
(1)     52A : B4 54                      and     R0L             ; overflow flag
(1)     52C : B8 53                      eor     R0H
(1)     52E : 2B 06                      bmi     cmp16_lt
(1)     530 :                    cmp16_gt:
(1)     530 : 3F 53                      clr     R0H
(1)     532 : A6 01                      lda     #1
(1)     534 : 20 04                      bra     cmp16_end
(1)     536 :                    cmp16_lt:
(1)     536 : A6 FF                      lda     #-1
(1)     538 : B7 53                      sta     R0H
(1)     53A :                    cmp16_end:
(1)     53A : B7 54                      sta     R0L
(1)     53C : 81                         rts
(1)     53D :
(1)     53D :                    ;;; Unsigned multiplication: result = multiplicand * multiplier
(1)     53D :                    ;;; @param R1 multiplicand
(1)     53D :                    ;;; @param R2 multiplier
(1)     53D :                    ;;; @return R0 result
(1)     53D :                    umul16:
(1)     53D : B6 57                      lda     R2H             ; A=high(multiplier)
(1)     53F : BE 56                      ldx     R1L             ; X=low(multiplicand)
(1)     541 : 42                         mul                     ; X:A=low(multiplicand)*high(multiplier)
(1)     542 : B7 53                      sta     R0H             ; high(result)=A
(1)     544 : B6 58                      lda     R2L             ; A=low(multiplier)
(1)     546 : BE 55                      ldx     R1H             ; X=high(multiplicand)
(1)     548 : 42                         mul                     ; X:A=high(multiplicand)*low(multiplier)
(1)     549 : BB 53                      add     R0H
(1)     54B : B7 53                      sta     R0H             ; high(result)+=A
(1)     54D : B6 58                      lda     R2L             ; A=low(multiplier)
(1)     54F : BE 56                      ldx     R1L             ; X=low(multiplicand)
(1)     551 : 42                         mul                     ; X:A=result
(1)     552 : B7 54                      sta     R0L             ; low(result)=A
(1)     554 : 9F                         txa
(1)     555 : BB 53                      add     R0H
(1)     557 : B7 53                      sta     R0H             ; high(result)+=X
(1)     559 : 81                         rts
(1)     55A :
(1)     55A :                    ;;; Multiply; result = multiplicand * multiplier
(1)     55A :                    ;;; @param R1 multiplicand
(1)     55A :                    ;;; @param R2 multiplier
(1)     55A :                    ;;; @return R0 result
(1)     55A :                    ;;; @clobber R1 R2
(1)     55A :                    mul16:
(1)     55A : B6 55                      lda     R1H
(1)     55C : B8 57                      eor     R2H
(1)     55E : B7 59                      sta     arith_work      ; save hi(multiplicand^multiplier)
(1)     560 : B6 57                      lda     R2H             ; A=hi(multiplier)
(1)     562 : 2A 05                      bpl     mul16_multiplicand
(1)     564 : AE 57                      ldx     #R2
(1)     566 : CD 04 C6                   jsr     negate_RX       ; negate multiplier
(1)     569 :                    mul16_multiplicand:
(1)     569 : B6 55                      lda     R1H             ; A=hi(multiplicand)
(1)     56B : 2A 05                      bpl     mul16_multiply
(1)     56D : AE 55                      ldx     #R1
(1)     56F : CD 04 C6                   jsr     negate_RX       ; negate multiplicand
(1)     572 :                    mul16_multiply:
(1)     572 : AD C9                      bsr     umul16          ; R0=result
(1)     574 : B6 59                      lda     arith_work      ; A=(multiplicand^multiplier)
(1)     576 : 2A 05                      bpl     mul16_end
(1)     578 : AE 53                      ldx     #R0
(1)     57A : CD 04 C6                   jsr     negate_RX       ; negate result
(1)     57D :                    mul16_end:
(1)     57D : 81                         rts
(1)     57E :
(1)     57E :                    ;;; Unsigned division: dividend / divisor = quotient ... remainder
(1)     57E :                    ;;; @praram R1 dividend
(1)     57E :                    ;;; @praram R2 divisor
(1)     57E :                    ;;; @return R0 quotient
(1)     57E :                    ;;; @return R1 remainder
(1)     57E :                    ;;; @clobber R2
(1)     57E :                    udiv16:
(1)     57E : B6 57                      lda     R2H
(1)     580 : BA 58                      ora     R2L
(1)     582 : 27 40                      beq     udiv16_end      ; branch if R2==0
(1)     584 : A6 01                      lda     #1              ; A=bits
(1)     586 : B7 59                      sta     arith_work      ; bits=1
(1)     588 : 20 06                      bra     udiv16_prep
(1)     58A :                    udiv16_prep_loop:
(1)     58A : 38 58                      lsl     R2L
(1)     58C : 39 57                      rol     R2H             ; divisor <<= 1
(1)     58E : 3C 59                      inc     arith_work      ; ++bits
(1)     590 :                    udiv16_prep:
(1)     590 : B6 57                      lda     R2H
(1)     592 : 2A F6                      bpl     udiv16_prep_loop ; while msb(divisor) == 0
(1)     594 : 3F 53                      clr     R0H
(1)     596 : 3F 54                      clr     R0L             ; quotient=0
(1)     598 : 20 08                      bra     udiv16_enter_loop
(1)     59A :                    udiv16_loop:
(1)     59A : 34 57                      lsr     R2H
(1)     59C : 36 58                      ror     R2L             ; divisor >>= 1
(1)     59E : 38 54                      lsl     R0L
(1)     5A0 : 39 53                      rol     R0H             ; quotient <<= 1
(1)     5A2 :                    udiv16_enter_loop:
(1)     5A2 : B6 56                      lda     R1L
(1)     5A4 : B0 58                      sub     R2L
(1)     5A6 : B7 56                      sta     R1L
(1)     5A8 : B6 55                      lda     R1H
(1)     5AA : B2 57                      sbc     R2H
(1)     5AC : B7 55                      sta     R1H             ; dividend -= divisor
(1)     5AE : 25 04                      bcs     udiv16_readd
(1)     5B0 : 3C 54                      inc     R0L             ; quotient |= 1
(1)     5B2 : 20 0C                      bra     udiv16_next
(1)     5B4 :                    udiv16_readd:
(1)     5B4 : B6 56                      lda     R1L
(1)     5B6 : BB 58                      add     R2L
(1)     5B8 : B7 56                      sta     R1L
(1)     5BA : B6 55                      lda     R1H
(1)     5BC : B9 57                      adc     R2H
(1)     5BE : B7 55                      sta     R1H             ; dividend += divisor
(1)     5C0 :                    udiv16_next:
(1)     5C0 : 3A 59                      dec     arith_work      ; --bits
(1)     5C2 : 26 D6                      bne     udiv16_loop     ; while bits != 0
(1)     5C4 :                    udiv16_end:
(1)     5C4 : 81                         rts
(1)     5C5 :
(1)     5C5 :                    ;;; Division; dividend / divisor = quotient ... remainder
(1)     5C5 :                    ;;; @param R1 dividend
(1)     5C5 :                    ;;; @param R2 divisor
(1)     5C5 :                    ;;; @return R0 quotient
(1)     5C5 :                    ;;; @return R1 remainder
(1)     5C5 :                    ;;; @clobber R2
(1)     5C5 :                    div16:
(1)     5C5 : B6 55                      lda     R1H
(1)     5C7 : B8 57                      eor     R2H
(1)     5C9 : C7 05 EC                   sta     div16_sign      ; save hi(dividend^divisor)
(1)     5CC : B6 57                      lda     R2H             ; A=hi(divisor)
(1)     5CE : 2A 05                      bpl     div16_dividend
(1)     5D0 : AE 57                      ldx     #R2
(1)     5D2 : CD 04 C6                   jsr     negate_RX       ; negate divisor
(1)     5D5 :                    div16_dividend:
(1)     5D5 : B6 55                      lda     R1H             ; A=hi(dividend)
(1)     5D7 : 2A 05                      bpl     div16_divide
(1)     5D9 : AE 55                      ldx     #R1
(1)     5DB : CD 04 C6                   jsr     negate_RX       ; negate dividend
(1)     5DE :                    div16_divide:
(1)     5DE : CD 05 7E                   jsr     udiv16          ; R0=quotient
(1)     5E1 : C6 05 EC                   lda     div16_sign      ; A=(dividend^divisor)
(1)     5E4 : 2A 05                      bpl     div16_end
(1)     5E6 : AE 53                      ldx     #R0
(1)     5E8 : CD 04 C6                   jsr     negate_RX       ; negate result
(1)     5EB :                    div16_end:
(1)     5EB : 81                         rts
(1)     5EC :                    div16_sign:
(1)     5EC :                            rmb     1
        5ED :                            include "queue.inc"
(1)     5ED :                    ;;; [queue] queue structure
(1)     5ED : =0                 queue_len:      equ     0       ; queue length
(1)     5ED : =1                 queue_size:     equ     1       ; buffer size
(1)     5ED : =2                 queue_put:      equ     2       ; queue put index
(1)     5ED : =3                 queue_get:      equ     3       ; queue get index
(1)     5ED : =4                 queue_buf:      equ     4       ; buffer start offset
(1)     5ED :
(1)     5ED :                    ;;; [queue] Initialize queue
(1)     5ED :                    ;;; @param X queue work space pointer
(1)     5ED :                    ;;; @param A queue work space size
(1)     5ED :                    ;;; @clobber A
(1)     5ED :                    queue_init:
(1)     5ED : 7F                         clr     queue_len,x
(1)     5EE : 6F 02                      clr     queue_put,x
(1)     5F0 : 6F 03                      clr     queue_get,x
(1)     5F2 : A0 04                      sub     #queue_buf
(1)     5F4 : E7 01                      sta     queue_size,x
(1)     5F6 : 81                         rts
(1)     5F7 :
(1)     5F7 :                    ;;; [queue] Add an element to queue
(1)     5F7 :                    ;;; @param X queue work space pointer
(1)     5F7 :                    ;;; @param A an element
(1)     5F7 :                    ;;; @return CC.C 0 if queue is full
(1)     5F7 :                    queue_add_X:
(1)     5F7 :                            rmb     1               ; save X
(1)     5F8 :                    queue_add_A:
(1)     5F8 :                            rmb     1               ; save X
(1)     5F9 :                    queue_add:
(1)     5F9 : C7 05 F8                   sta     queue_add_A     ; save A
(1)     5FC : F6                         lda     queue_len,x
(1)     5FD : E1 01                      cmp     queue_size,x
(1)     5FF : 24 1E                      bhs     queue_add_return ; carry is cleared
(1)     601 : 7C                         inc     queue_len,x      ; increment queue length
(1)     602 : E6 02                      lda     queue_put,x      ; 8 bits offset
(1)     604 : 4C                         inca
(1)     605 : E7 02                      sta     queue_put,x     ; update put pointer
(1)     607 : E1 01                      cmp     queue_size,x
(1)     609 : 25 02                      blo     queue_add_elem
(1)     60B : 6F 02                      clr     queue_put,x
(1)     60D :                    queue_add_elem:
(1)     60D : 4A                         deca                    ; restore put pointer
(1)     60E : AB 04                      add     #queue_buf
(1)     610 : CF 05 F7                   stx     queue_add_X     ; save X
(1)     613 : CB 05 F7                   add     queue_add_X
(1)     616 : 97                         tax
(1)     617 : C6 05 F8                   lda     queue_add_A
(1)     61A : F7                         sta     ,x              ; put element
(1)     61B : CE 05 F7                   ldx     queue_add_X     ; restore X
(1)     61E : 99                         sec                     ; set carry
(1)     61F :                    queue_add_return:
(1)     61F : C6 05 F8                   lda     queue_add_A     ; restore A
(1)     622 : 81                         rts
(1)     623 :
(1)     623 :                    ;;; [queue] Remove an element from queue
(1)     623 :                    ;;; @param X queue work space pointer
(1)     623 :                    ;;; @return A an element
(1)     623 :                    ;;; @return CC.C 0 if queue is empty
(1)     623 :                    queue_remove_X:
(1)     623 :                            rmb     1
(1)     624 :                    queue_remove:
(1)     624 : 7D                         tst     queue_len,x
(1)     625 : 26 02                      bne     queue_remove_has_elem
(1)     627 : 98                         clc                     ; clear carry
(1)     628 : 81                         rts
(1)     629 :                    queue_remove_has_elem:
(1)     629 : 7A                         dec     queue_len,x     ; decrement queue length
(1)     62A : E6 03                      lda     queue_get,x     ; 8 bits offset
(1)     62C : 4C                         inca
(1)     62D : E7 03                      sta     queue_get,x     ; update get pointer
(1)     62F : E1 01                      cmp     queue_size,x
(1)     631 : 25 02                      blo     queue_remove_elem
(1)     633 : 6F 03                      clr     queue_get,x
(1)     635 :                    queue_remove_elem:
(1)     635 : 4A                         deca                    ; restore get pointer
(1)     636 : AB 04                      add     #queue_buf
(1)     638 : CF 06 23                   stx     queue_remove_X  ; save X
(1)     63B : CB 06 23                   add     queue_remove_X
(1)     63E : 97                         tax
(1)     63F : F6                         lda     ,x              ; get element
(1)     640 : CE 06 23                   ldx     queue_remove_X  ; restore X
(1)     643 : 99                         sec                     ; set carry
(1)     644 :                    queue_remove_return:
(1)     644 : 81                         rts
(1)     645 :
(1)     645 :                    ;;; Local Variables:
(1)     645 :                    ;;; mode: asm
(1)     645 :                    ;;; End:
(1)     645 :                    ;;; vim: set ft=asm et ts=4 sw=4:
        645 :
        645 :                    isr_irq:
        645 : C6 FF E0                   lda     ACIA_status
        648 : A5 80                      bit     #IRQF_bm
        64A : 27 20                      beq     isr_irq_exit
        64C : C6 FF E0                   lda     ACIA_status
        64F : A5 01                      bit     #RDRF_bm
        651 : 27 08                      beq     isr_irq_send
        653 : C6 FF E1                   lda     ACIA_data       ; receive character
        656 : AE 12                      ldx     #rx_queue
        658 : CD 05 F9                   jsr     queue_add
        65B :                    isr_irq_send:
        65B : C6 FF E0                   lda     ACIA_status
        65E : A5 02                      bit     #TDRE_bm
        660 : 27 0A                      beq     isr_irq_exit
        662 : AE 22                      ldx     #tx_queue
        664 : CD 06 24                   jsr     queue_remove
        667 : 24 04                      bcc     isr_irq_send_empty
        669 : C7 FF E1                   sta     ACIA_data       ; send character
        66C :                    isr_irq_exit:
        66C : 80                         rti
        66D :                    isr_irq_send_empty:
        66D : A6 94                      lda     #RX_INT_TX_NO
        66F : C7 FF E0                   sta     ACIA_control    ; disable Tx interrupt
        672 : 80                         rti
