          0 :                    ;;; -*- mode: asm; mode: flyspell-prog; -*-
          0 :                            cpu     tms7000
          0 :                            include "tms70c02.inc"
(1)       0 :                            *** -*- mode: asm; mode: flyspell-prog; -*-
(1)       0 :                            *** TMS70C02
(1)       0 :                            include "tms7000.inc"
(2)       0 :                            *** -*- mode: asm; mode: flyspell-prog; -*-
(2)       0 :                            *** TMS7000
(2)       0 :                            *** Status Register
(2)       0 : =80                ST_CARRY:       equ  ?10000000  set to 1 if carry occurred
(2)       0 : =40                ST_NEGATIVE:    equ  ?01000000  set to 1 if result is negative
(2)       0 : =20                ST_ZERO:        equ  ?00100000  set to 1 if result is zero
(2)       0 : =10                ST_INT:         equ  ?00010000  if 1, interrupt is enabled
(2)       0 :                            *** Vector
(2)       0 : =FFF8              VEC_INT3:       equ     >FFF8   #INT3 interrupt
(2)       0 : =FFFC              VEC_INT1:       equ     >FFFC   #INT1 interrupt
(2)       0 : =FFFE              VEC_RESET:      equ     >FFFE   #RESET vector
(2)       0 :                            *** Trap Vector
(2)       0 : =FFFE              VEC_TRAP0:      equ     >FFFE
(2)       0 : =FFFC              VEC_TRAP1:      equ     >FFFC
(2)       0 : =FFFA              VEC_TRAP2:      equ     >FFFA
(2)       0 : =FFF8              VEC_TRAP3:      equ     >FFF8
(2)       0 : =FFF6              VEC_TRAP4:      equ     >FFF6
(2)       0 : =FFF4              VEC_TRAP5:      equ     >FFF4
(2)       0 : =FFF2              VEC_TRAP6:      equ     >FFF2
(2)       0 : =FFF0              VEC_TRAP7:      equ     >FFF0
(2)       0 : =FFEE              VEC_TRAP8:      equ     >FFEE
(2)       0 : =FFEC              VEC_TRAP9:      equ     >FFEC
(2)       0 : =FFEA              VEC_TRAP10:     equ     >FFEA
(2)       0 : =FFE8              VEC_TRAP11:     equ     >FFE8
(2)       0 : =FFE6              VEC_TRAP12:     equ     >FFE6
(2)       0 : =FFE4              VEC_TRAP13:     equ     >FFE4
(2)       0 : =FFE2              VEC_TRAP14:     equ     >FFE2
(2)       0 : =FFE0              VEC_TRAP15:     equ     >FFE0
(2)       0 : =FFDE              VEC_TRAP16:     equ     >FFDE
(2)       0 : =FFDC              VEC_TRAP17:     equ     >FFDC
(2)       0 : =FFDA              VEC_TRAP18:     equ     >FFDA
(2)       0 : =FFD8              VEC_TRAP19:     equ     >FFD8
(2)       0 : =FFD6              VEC_TRAP20:     equ     >FFD6
(2)       0 : =FFD4              VEC_TRAP21:     equ     >FFD4
(2)       0 : =FFD2              VEC_TRAP22:     equ     >FFD2
(2)       0 : =FFD0              VEC_TRAP23:     equ     >FFD0
(2)       0 :                            *** Internal Peripherals
(2)       0 : =100               IOCNT0: equ     >0100   I/O Control register
(2)       0 : =C0                MEMMODE_gm:     equ     ?11000000       Memory mode
(2)       0 :                            * 0=Single Chip, 1=Peripheral Expansion, 2=Full Expansion
(2)       0 : =20                INT3_F: equ     ?00100000       #INT3 flag
(2)       0 : =10                INT3_E: equ     ?00010000       #INT3 enable
(2)       0 : =2                 INT1_F: equ     ?00000010       #INT1 flag
(2)       0 : =1                 INT1_E: equ     ?00000001       #INT1 enable
(2)       0 :                            *** I/O Ports
(2)       0 : =104               APORT:  equ     >0104   Port A data
(2)       0 : =106               BPORT:  equ     >0106   Port B data
(2)       0 : =108               CPORT:  equ     >0108   Port C data
(2)       0 : =109               CDDR:   equ     >0109   Port C data direction register
(2)       0 : =10A               DPORT:  equ     >010A   Port D data
(2)       0 : =10B               DDDR:   equ     >010B   Port D data direction register
(1)       0 :                            include "tms700x_serial.inc"
(2)       0 :                            *** -*- mode: asm; mode: flyspell-prog; -*-
(2)       0 :                            *** Serial Port (TMS7001/TMS7002/TMS70C02)
(2)       0 : =FFF6              VEC_INT4:       equ     >FFF6   Serial port
(2)       0 :                            ** IOCNT1
(2)       0 : =2                 INT4_F: equ     ?0010   INT4 flag
(2)       0 : =1                 INT4_E: equ     ?0001   INT4 enable
(2)       0 :                            ** SMODE
(2)       0 : =80                STOP_bm:        equ     ?10000000       1=2 stop bits. 0=1 stop bits
(2)       0 : =40                CMODE_bm:       equ     ?01000000       1=Communication mode, 0=Serial I/O mode
(2)       0 : =20                PEVEN_bm:       equ     ?00100000       1=Even parity, 0=Odd parity
(2)       0 : =10                PEN_bm:         equ     ?00010000       1=Parity enable, 0=Parity disable
(2)       0 : =C                 CHAR8_bm:       equ     ?00001100       3=8 bits/char
(2)       0 : =2                 ASYNC_bm:       equ     ?00000010       1=Asynchronous, 0=Synchronous
(2)       0 : =1                 MULTI_bm:       equ     ?00000001       1=Intel protocol, 0-Motorola protocol
(2)       0 :                            ** SCTL0
(2)       0 : =40                UR_bm:          equ     ?01000000       1=Reset serial port
(2)       0 : =10                ER_bm:          equ     ?00010000       1=Reset error flags
(2)       0 : =4                 RXEN_bm:        equ     ?00000100       1=Receiver enable, 0=A5 is GPIO
(2)       0 : =2                 SCLKEN_bm:      equ     ?00000010       1=A4 is SCLK, 0=A4 is GPIO (TMS70C02 only)
(2)       0 : =1                 TXEN_bm:        equ     ?00000001       1=Transmitter enable, 0=Transmitter disable
(2)       0 :                            ** SSTAT
(2)       0 : =40                BFKDR_bm:       equ     ?01000000       1=Break detect
(2)       0 : =20                FE_bm:          equ     ?00100000       1=Framing error
(2)       0 : =10                OE_bm:          equ     ?00010000       1=Overrun error
(2)       0 : =8                 PE_bm:          equ     ?00001000       1=Parity error
(2)       0 : =4                 TXE_bm:         equ     ?00000100       1=Transmitter empty
(2)       0 : =2                 RXRDY_bm:       equ     ?00000010       1=RXBUF ready with new character
(2)       0 : =1                 TXRDY_bm:       equ     ?00000001       1=TXBYF ready for character
(2)       0 :                            ** SCTL1
(2)       0 : =80                T3RUN_bm:       equ     ?10000000       1=Start Timer 3 (TMS7002/TMS70C02 only)
(2)       0 : =40                CLK_bm:         equ     ?01000000       1=Internal SCLK from Timer3, 0=SCLK
(2)       0 : =4                 T3ENB_bm:       equ     ?00000100       1=Enable T3 to set INT4 flag
(2)       0 : =3                 PRE3_bm:        equ     ?00000011       Prescaler reload reg PR
(1)       0 :                            *** Internal Peripherals
(1)       0 : =105               ADDR:   equ     >0105   Port A data direction register
(1)       0 : =102               IOCNT1: equ     >0102   I/O control register 1
(1)       0 : =101               IOCNT2: equ     >0101   I/O control register 2
(1)       0 : =20                INT3_EDGE:      equ     ?100000         #INT3 1=edge sense, 0=level sense
(1)       0 : =10                INT3_POL:       equ     ?010000         #INT3 polarity 1=high/raising, 0=low/falling
(1)       0 : =2                 INT1_EDGE:      equ     ?000010         #INT1 1=edge sense, 0=level sense
(1)       0 : =1                 INT1_POL:       equ     ?000001         #INT1 polarity 1=high/raising, 0=low/falling
(1)       0 :                            *** Timer 1
(1)       0 : =10C               T1MSDATA:       equ     >010C
(1)       0 : =10D               T1LSDATA:       equ     >010D
(1)       0 : =10E               T1CTL1:         equ     >010E
(1)       0 : =40                T1_OUT:         equ     ?01000000       1=toggle B1
(1)       0 : =10F               T1CTL0:         equ     >010F
(1)       0 : =80                T1_START:       equ     ?10000000       1=Reload, 0=Stop
(1)       0 : =40                T1_SOURCE:      equ     ?01000000       1=External A7, 0=fosc/16
(1)       0 : =20                T1_HALT:        equ     ?00100000       1=Halt during idle
(1)       0 :                            *** TImer 2
(1)       0 : =110               T2MSDATA:       equ     >0110
(1)       0 : =111               T2LSDATA:       equ     >0111
(1)       0 : =112               T2CTL1:         equ     >0112
(1)       0 : =80                T2_CASCADE:     equ     ?10000000       1=source is Timer 1
(1)       0 : =40                T2_OUT:         equ     ?01000000       1=toggle B0
(1)       0 : =113               T2CTL0:         equ     >0113
(1)       0 : =80                T2_START:       equ     ?10000000       1=Reload, 0=Stop
(1)       0 : =40                T2_SOURCE:      equ     ?01000000       1=External A6, 0=fosc/4
(1)       0 : =20                T2_HALT:        equ     ?00100000       1=Halt during idle
(1)       0 :                            *** Serial Port
(1)       0 :                            *** - SCTL0 has SCLK enable
(1)       0 :                            *** - SCTL1 has start/stop bit of Timer 3
(1)       0 :                            *** - Serial baud-rate is doubled than TMS7001
(1)       0 :                            *** - #INT1 and #INT3 can be level active
(1)       0 :                            *** - No /4 clock option
(1)       0 : =114               SMODE:  equ     >0114   Serial mode
(1)       0 : =115               SCTL0:  equ     >0115   Serial control 0
(1)       0 : =116               SSTAT:  equ     >0116   Serial status register (read only)
(1)       0 : =117               T3DATA: equ     >0117   Timer 3 data
(1)       0 : =118               SCTL1:  equ     >0118   Serial control
(1)       0 : =119               RXBUF:  equ     >0119   Receive buffer
(1)       0 : =11A               TXBUF:  equ     >011A   Transmitter buffer
          0 :                            include "serial.inc"
(1)       0 :                    ;;; -*- mode: asm; mode: flyspell-prog; -*-
(1)    FFFE :                            org     VEC_RESET
(1)    FFFE : 10 00                      data    initialize
(1)   10000 :
(1)    1000 :                            org     >1000
(1)    1000 :                    initialize:
(1)    1000 : A4 08 06                   orp     %?1000, BPORT                   Pass through TXD (PB3=1)
(1)    1003 : A2 00 14                   movp    %0, SMODE                       Select SCTL0
(1)    1006 : A2 40 15                   movp    %UR_bm, SCTL0                   Select SMODE by reset
(1)    1009 : A2 4E 14                   movp    %CMODE_bm|CHAR8_bm|ASYNC_bm, SMODE       8 bits asynchronous
(1)    100C : A2 05 15                   movp    %RXEN_bm|TXEN_bm, SCTL0         Rx/Tx enable
(1)    100F : A2 0C 17                   movp    %12, T3DATA                     9600 bps (TR)
(1)    1012 : A2 C0 18                   movp    %CLK_bm|T3RUN_bm, SCTL1         Enable internal clock, PR=0
(1)    1015 :
(1)    1015 : 8E 10 27           loop:   call    @getchar
(1)    1018 : B0                         tsta
(1)    1019 : E2 0B                      jeq     halt_to_system
(1)    101B : 8E 10 2E           echo:   call    @putchar
(1)    101E : 2D 0D                      cmp     %>0D, A
(1)    1020 : E6 F3                      jne     loop
(1)    1022 : 22 0A                      mov     %>0A, A
(1)    1024 : E0 F5                      jmp     echo
(1)    1026 :                    halt_to_system:
(1)    1026 : 01                         idle
(1)    1027 :
(1)    1027 :                    getchar:
(1)    1027 : A7 02 16 FC                btjzp   %RXRDY_bm, SSTAT, getchar
(1)    102B : 80 19                      movp    RXBUF, A
(1)    102D : 0A                         rets
(1)    102E :
(1)    102E :                    putchar:
(1)    102E : A7 01 16 FC                btjzp   %TXRDY_bm, SSTAT, putchar
(1)    1032 : 82 1A                      movp    A, TXBUF
(1)    1034 : 0A                         rets
