          0 :                    *** -*- mode: asm; mode: flyspell-prog; -*-
          0 :                            include "mn1610.inc"
(1)       0 :                    *** -*- mode: asm; mode: flyspell-prog; -*-
(1)       0 :                    *** MN1610
(1)       0 :                            cpu     mn1610
(1)       0 :                    *** Status Register
(1)       0 : =0                 STR_E:          equ     0       Extension
(1)       0 : =2                 STR_OV:         equ     2       Overflow
(1)       0 : =5                 STR_IRQ0:       equ     5       IRQ0 Mask
(1)       0 : =6                 STR_IRQ1:       equ     6       IRQ1 Mask
(1)       0 : =7                 STR_IRQ2:       equ     7       IRQ2 Mask
(1)       0 :                    *** Interrupt vector and save area
(1)       0 : =0                 OPSW0:          equ     X'0000' IRQ0 old STR:IC
(1)       0 : =2                 OPSW1:          equ     X'0002' IRQ1 old STR:IC
(1)       0 : =4                 OPSW2:          equ     X'0004' IRQ2 old STR:IC
(1)       0 : =6                 OPSW3:          equ     X'0006'
(1)       0 : =100               NPSW0:          equ     X'0100' IRQ0 vector STR:IC
(1)       0 : =102               NPSW1:          equ     X'0102' IRQ1 vector STR:IC
(1)       0 : =104               NPSW2:          equ     X'0104' IRQ2 vector STR:IC
(1)       0 : =106               NPSW3:          equ     X'0106'
(1)       0 :                    *** Reset PSW (see debugger RegsMn1613::reset)
(1)       0 : =108               RESET_PSW:      equ     X'0108'
(1)       0 :                    *** Zero page
(1)       0 : =8                 ZERO_PAGE:      equ     X'0008'
(1)       0 :
(1)       0 :                    hi:     function        v, (v >> 8)
(1)       0 :                    lo:     function        v, (v & X'FF')
          0 :                    *** i8251 Universal Synchronous/Asynchronous Receiver/Transmitter
          0 : =80                USART:          equ     X'80'
          0 : =80                USARTD:         equ     USART+0 Data register
          0 : =81                USARTS:         equ     USART+1 Status register
          0 : =81                USARTC:         equ     USART+1 Control register
          0 : =82                USARTRV:        equ     USART+2 Receive interrupt vector (NPSWx)
          0 : =83                USARTTV:        equ     USART+3 Transmit interrupt vector (NPSWx)
          0 :                            include "i8251.inc"
(1)       0 :                    *** -*- mode: asm; mode: flyspell-prog; -*-
(1)       0 :                    *** i8251 USART device emulator.
(1)       0 : =6                 MODE_STOP_gp:   equ     6
(1)       0 : =C0                MODE_STOP_gm:   equ     11000000B
(1)       0 : =40                MODE_STOP1_gc:  equ     (1 << MODE_STOP_gp)
(1)       0 : =80                MODE_STOP15_gc: equ     (2 << MODE_STOP_gp)
(1)       0 : =C0                MODE_STOP2_gc:  equ     (3 << MODE_STOP_gp)
(1)       0 : =20                MODE_EVEN_bm:   equ     00100000B
(1)       0 : =10                MODE_PARITY_bm: equ     00010000B
(1)       0 : =2                 MODE_LEN_gp:    equ     2
(1)       0 : =C                 MODE_LEN_gm:    equ     00001100B
(1)       0 : =0                 MODE_LEN5_gc:   equ     (0 << MODE_LEN_gp)
(1)       0 : =4                 MODE_LEN6_gc:   equ     (1 << MODE_LEN_gp)
(1)       0 : =8                 MODE_LEN7_gc:   equ     (2 << MODE_LEN_gp)
(1)       0 : =C                 MODE_LEN8_gc:   equ     (3 << MODE_LEN_gp)
(1)       0 : =0                 MODE_BAUD_gp:   equ     0
(1)       0 : =3                 MODE_BAUD_gm:   equ     00000011B
(1)       0 : =1                 MODE_BAUD_X1:   equ     (1 << MODE_BAUD_gp)
(1)       0 : =2                 MODE_BAUD_X16:  equ     (2 << MODE_BAUD_gp)
(1)       0 : =3                 MODE_BAUD_X64:  equ     (3 << MODE_BAUD_gp)
(1)       0 :                    *** Bit Definition of command register
(1)       0 : =80                CMD_EH_bm:      equ     10000000B   Enter hunt mode
(1)       0 : =40                CMD_IR_bm:      equ     01000000B   Internal Reset
(1)       0 : =20                CMD_RTS_bm:     equ     00100000B   Request To Send
(1)       0 : =10                CMD_ER_bm:      equ     00010000B   Error Reset
(1)       0 : =8                 CMD_SBRK_bm:    equ     00001000B   Send Break
(1)       0 : =4                 CMD_RxEN_bm:    equ     00000100B   Receive Enable
(1)       0 : =2                 CMD_DTR_bm:     equ     00000010B   Data Terminal Ready
(1)       0 : =1                 CMD_TxEN_bm:    equ     00000001B   Transmit enable
(1)       0 :                    *** Bit definition of status register
(1)       0 : =8                 ST_DSR_bp:      equ     8       Data Set Ready
(1)       0 : =9                 ST_BRK_bp:      equ     9       BREAK detected
(1)       0 : =A                 ST_FE_bp:       equ     10      Framing Error
(1)       0 : =B                 ST_OE_bp:       equ     11      Overrun Error
(1)       0 : =C                 ST_PE_bp:       equ     12      Parity Error
(1)       0 : =D                 ST_TxEMPTY_bp:  equ     13      Transmitter empty
(1)       0 : =E                 ST_RxRDY_bp:    equ     14      Receiver ready
(1)       0 : =F                 ST_TxRDY_bp:    equ     15      Transmitter ready
          0 :                    * Async 1stop 8data x16
          0 : =4E                ASYNC_MODE:     equ     MODE_STOP1_gc|MODE_LEN8_gc|MODE_BAUD_X16
          0 :                    * RTS/DTR, error reset, Rx enable, Tx enable
          0 : =37                RX_EN_TX_EN:    equ     CMD_RTS_bm|CMD_DTR_bm|CMD_ER_bm|CMD_RxEN_bm|CMD_TxEN_bm
          0 : =36                RX_EN_TX_DIS:   equ     CMD_RTS_bm|CMD_DTR_bm|CMD_ER_bm|CMD_RxEN_bm
          0 :
        108 :                            loc     RESET_PSW
        108 : 0000                       dc      X'0000'         STR: Disable interrupt
        109 : 0200                       dc      initialize      IC
        10A :
        102 :                            loc     NPSW1
        102 : 0000                       dc      X'0000'
        103 : 02A2                       dc      irq1_isr
        104 :
        104 :                            loc     NPSW2
        104 : 0000                       dc      X'0000'
        105 : 02AF                       dc      irq2_isr
        106 :
       2000 :                            loc     X'2000'
       2000 : =80                rx_queue_size:  equ     128
       2000 :                    rx_queue:
       2000 :                            ds      rx_queue_size
       2080 : =80                tx_queue_size:  equ     128
       2080 :                    tx_queue:
       2080 :                            ds      tx_queue_size
       2100 :
        200 :                            loc     X'0200'
        200 : =1FF               stack:  equ     *-1
        200 :                    initialize:
        200 : 0D01                       mvi     SP, hi(stack)
        201 : 750D                       bswp    SP, SP
        202 : 0DFF                       mvi     SP, lo(stack)
        203 : 6000                       eor     R0, R0
        204 : 0880                       mvi     R0, rx_queue_size
        205 : 0B20                       mvi     X0, hi(rx_queue)
        206 : 730B                       bswp    X0, X0
        207 : 0B00                       mvi     X0, lo(rx_queue)
        208 : 8F64                       bal     queue_init
        209 : 6000                       eor     R0, R0
        20A : 0880                       mvi     R0, tx_queue_size
        20B : 0B20                       mvi     X0, hi(tx_queue)
        20C : 730B                       bswp    X0, X0
        20D : 0B80                       mvi     X0, lo(tx_queue)
        20E : 8F5E                       bal     queue_init
        20F : 8F02                       bal     init_usart
        210 : CF14                       b       loop
        211 :
        211 :                    init_usart:
        211 :                            * Initialize USART
        211 : 6000                       eor     R0, R0          R0=0
        212 : 1081                       wt      R0, USARTC
        213 : 1081                       wt      R0, USARTC
        214 : 1081                       wt      R0, USARTC      Safest way to sync mode
        215 : 0840                       mvi     R0, CMD_IR_bm
        216 : 1081                       wt      R0, USARTC      Reset
        217 : 7808                       mv      R0, R0          delay
        218 : 7808                       mv      R0, R0          delay
        219 : 084E                       mvi     R0, ASYNC_MODE
        21A : 1081                       wt      R0, USARTC
        21B : 7808                       mv      R0, R0          delay
        21C : 7808                       mv      R0, R0          delay
        21D : 0836                       mvi     R0, RX_EN_TX_DIS
        21E : 1081                       wt      R0, USARTC      Enable Rx, Disable Tx
        21F : 0803                       mvi     R0, OPSW1+1     Use IRQ1 for Rx interrupt
        220 : 1082                       wt      R0, USARTRV
        221 : 0805                       mvi     R0, OPSW2+1     Use IRQ2 for Tx interrupt
        222 : 1083                       wt      R0, USARTTV
        223 : 2003                       ret
        224 :
        224 : 8F0D               loop:   bal     getchar
        225 : 6058                       or      R0, R0, nz      Skip if R0!=0
        226 : 2000                       h                       Halt to system
        227 : 7908                       mv      R1, R0
        228 : 8F36                       bal     putchar
        229 : 0820                       mvi     R0, ' '
        22A : 8F34                       bal     putchar
        22B : 8F10                       bal     put_hex8
        22C : 0820                       mvi     R0, ' '
        22D : 8F31                       bal     putchar
        22E : 8F21                       bal     put_bin8
        22F : 8F2C                       bal     newline
        230 : CFF4                       b       loop
        231 :
        231 :                    getchar:
        231 : 2301                       push    X0
        232 : 0B20                       mvi     X0, hi(rx_queue)
        233 : 730B                       bswp    X0, X0
        234 : 0B00                       mvi     X0, lo(rx_queue)
        235 :                    getchar_wait:
        235 : 3606                       rbit    STR, STR_IRQ1           Disable IRQ1
        236 : 8F57                       bal     queue_remove
        237 : 3E96                       sbit    STR, STR_IRQ1, enz      Enable IRQ1, skip if E=1
        238 : CFFD                       b       getchar_wait
        239 : 2302                       pop     X0
        23A : 2003                       ret
        23B :
        23B :                    put_hex8:
        23B : 0830                       mvi     R0, '0'
        23C : 8F22                       bal     putchar
        23D : 0878                       mvi     R0, 'x'
        23E : 8F20                       bal     putchar
        23F : 7001                       dswp    R0, R1
        240 : 7008                       bswp    R0, R0
        241 : 8F02                       bal     put_hex4
        242 : 7809                       mv      R0, R1
        243 :                    put_hex4:
        243 : 2101                       push    R1
        244 : 090F                       mvi     R1, X'0F'
        245 : 6809                       and     R0, R1
        246 : 090A                       mvi     R1, 10
        247 : 50E1                       cb      R0, R1, lpz     skip if R0>=10
        248 : CF03                       b       put_hex4_dec
        249 : 0941                       mvi     R1, 'A'
        24A : 401A                       si      R0, 10, skp
        24B :                    put_hex4_dec:
        24B : 0930                       mvi     R1, '0'
        24C : 5809                       a       R0, R1
        24D : 2102                       pop     R1
        24E : CF10                       b       putchar
        24F :
        24F :                    put_bin8:
        24F : 0830                       mvi     R0, '0'
        250 : 8F0E                       bal     putchar
        251 : 0862                       mvi     R0, 'b'
        252 : 8F0C                       bal     putchar
        253 : 8F01                       bal     put_bin4
        254 :                    put_bin4:
        254 : 8F01                       bal     put_bin2
        255 :                    put_bin2:
        255 : 8F01                       bal     put_bin1
        256 :                    put_bin1:
        256 : 210D                       sl      R1, re          R1<<=1
        257 : 0830                       mvi     R0, '0'
        258 : 2947                       tbit    R1, 7, z        skip if lsb(hi(R1))=0
        259 : 0831                       mvi     R0, '1'
        25A : CF04                       b       putchar
        25B :
        25B :                    newline:
        25B : 080D                       mvi     R0, X'0D'
        25C : 8F02                       bal     putchar
        25D : 080A                       mvi     R0, X'0A'
        25E :                    putchar:
        25E : 2001                       push    R0
        25F : 2301                       push    X0
        260 : 0B20                       mvi     X0, hi(tx_queue)
        261 : 730B                       bswp    X0, X0
        262 : 0B80                       mvi     X0, lo(tx_queue)
        263 :                    putchar_retry:
        263 : 3607                       rbit    STR, STR_IRQ2           Disable IRQ2
        264 : 8F15                       bal     queue_add
        265 : 3E97                       sbit    STR, STR_IRQ2, enz      Enable IRQ2, skip if E=1
        266 : CFFD                       b       putchar_retry
        267 : 0837                       mvi     R0, RX_EN_TX_EN
        268 : 1081                       wt      R0, USARTC              Enable Rx/Tx
        269 : 2302                       pop     X0
        26A : 2002                       pop     R0
        26B : 2003                       ret
        26C :
        26C :                            include "queue.inc"
(1)     26C :                    *** -*- mode: asm; mode: flying-spell; -*-
(1)     26C :                    *** [queue] queue structure
(1)     26C : =0                 queue_len:      equ     0       ; queue length
(1)     26C : =1                 queue_size:     equ     1       ; buffer size
(1)     26C : =2                 queue_put:      equ     2       ; queue put index
(1)     26C : =3                 queue_get:      equ     3       ; queue get index
(1)     26C : =4                 queue_buf:      equ     4       ; buffer start offset
(1)     26C :
(1)     26C :                    *** [queue] Initialize queue
(1)     26C :                    *** @param X0 queue work space pointer
(1)     26C :                    *** @param R0 queue work space size
(1)     26C :                    *** @clobber R0
(1)     26C :                    queue_init:
(1)     26C : 2101                       push    R1
(1)     26D : 6101                       eor     R1, R1          clear R1
(1)     26E : A100                       st      R1, queue_len(X0)       clear queue_len
(1)     26F : 4004                       si      R0, queue_buf
(1)     270 : A001                       st      R0, queue_size(X0)      set queue_size
(1)     271 : A102                       st      R1, queue_put(X0)       clear queue_put
(1)     272 : A103                       st      R1, queue_get(X0)       clear queue_put
(1)     273 :                    queue_init_loop:
(1)     273 : A104                       st      R1, queue_buf(X0)
(1)     274 : 4B01                       ai      X0, 1
(1)     275 : 4041                       si      R0, 1, z
(1)     276 : CFFD                       b       queue_init_loop
(1)     277 : 2102                       pop     R1
(1)     278 : 2003                       ret
(1)     279 :
(1)     279 :                    *** [queue] Add an element to queue
(1)     279 :                    *** @param X0 queue work space pointer
(1)     279 :                    *** @param R0 an element
(1)     279 :                    *** @return ST.E 0 if queue is full
(1)     279 :                    queue_add:
(1)     279 : 2101                       push    R1
(1)     27A : 2201                       push    R2
(1)     27B : E100                       l       R1, queue_len(X0)
(1)     27C : E201                       l       R2, queue_size(X0)      R2=queue_size
(1)     27D : 51FA                       c       R1, R2, lm              skip if queue_len < queue_size
(1)     27E : CF0B                       b       queue_add_return
(1)     27F : E102                       l       R1, queue_put(X0)
(1)     280 : 5B09                       a       X0, R1                  X0=&queu_buf[queue_put]
(1)     281 : A004                       st      R0, queue_buf(X0)       store element
(1)     282 : 5B01                       s       X0, R1                  restore X0
(1)     283 : 4901                       ai      R1, 1                   queue_put+=1
(1)     284 : 51FA                       c       R1, R2, lm              skip if queue_len < queue_size
(1)     285 : 6101                       eor     R1, R1                  R1=0
(1)     286 : A102                       st      R1, queue_put(X0)       update queue_len
(1)     287 : E600                       ims     queue_len(X0)           queue_len+=1
(1)     288 : 3E10                       sbit    STR, STR_E, skp         ST.E=1, then skip
(1)     289 :                    queue_add_return:
(1)     289 : 3600                       rbit    STR, STR_E              ST_E=0
(1)     28A : 2202                       pop     R2
(1)     28B : 2102                       pop     R1
(1)     28C : 2003                       ret
(1)     28D :
(1)     28D :                    *** [queue] Remove an element from queue
(1)     28D :                    *** @param X0 queue work space pointer
(1)     28D :                    *** @return R0 an element
(1)     28D :                    *** @return ST.E 0 if queue is empty
(1)     28D :                    queue_remove:
(1)     28D : 2101                       push    R1
(1)     28E : E100                       l       R1, queue_len(X0)
(1)     28F : 6159                       or      R1, R1, nz              skip if queue_len != 0
(1)     290 : CF0F                       b       queue_remove_return
(1)     291 : E103                       l       R1, queue_get(X0)
(1)     292 : 5B09                       a       X0, R1                  X0=&queue_buf[queue_get]
(1)     293 : E004                       l       R0, queue_buf(X0)       remove element
(1)     294 : 5B01                       s       X0, R1                  restore X0
(1)     295 : 4901                       ai      R1, 1                   queue_get+=1
(1)     296 : 2201                       push    R2
(1)     297 : E201                       l       R2, queue_size(X0)      R2=queue_size
(1)     298 : 51FA                       c       R1, R2, lm              skip if queue_get
(1)     299 : 6101                       eor     R1, R1                  R1=0
(1)     29A : A103                       st      R1, queue_get(X0)       update queue_get
(1)     29B : 2202                       pop     R2
(1)     29C : A600                       dms     queue_len(X0)           queue_len-=1
(1)     29D : 7808                       mv      R0, R0                  nop
(1)     29E : 3E10                       sbit    STR, STR_E, skp         ST.E=1, then skip
(1)     29F :                    queue_remove_return:
(1)     29F : 3600                       rbit    STR, STR_E              ST.E=0
(1)     2A0 : 2102                       pop     R1
(1)     2A1 : 2003                       ret
        2A2 :
        2A2 :                    irq1_isr:
        2A2 : 2001                       push    R0
        2A3 : 2301                       push    X0
        2A4 : 1881                       rd      R0, USARTS
        2A5 : 285E                       tbit    R0, ST_RxRDY_bp, nz     Skip if RxRDY=1
        2A6 : CF06                       b       irq1_isr_exit
        2A7 : 1880                       rd      R0, USARTD              Receive character
        2A8 : 0B20                       mvi     X0, hi(rx_queue)
        2A9 : 730B                       bswp    X0, X0
        2AA : 0B00                       mvi     X0, lo(rx_queue)
        2AB : 8FCE                       bal     queue_add               Add to Rx queue
        2AC :                    irq1_isr_exit:
        2AC : 2302                       pop     X0
        2AD : 2002                       pop     R0
        2AE : 2005                       lpsw    1               Return from interrupt
        2AF :
        2AF :                    irq2_isr:
        2AF : 2001                       push    R0
        2B0 : 2301                       push    X0
        2B1 : 1881                       rd      R0, USARTS
        2B2 : 285F                       tbit    R0, ST_TxRDY_bp, nz     Skip if TxRDY=1
        2B3 : CF08                       b       irq2_isr_exit
        2B4 : 0B20                       mvi     X0, hi(tx_queue)
        2B5 : 730B                       bswp    X0, X0
        2B6 : 0B80                       mvi     X0, lo(tx_queue)
        2B7 : 8FD6                       bal     queue_remove    Remove from Tx queue
        2B8 : 7898                       mv      R0, R0, enz     Skip if ST.E=1
        2B9 : CF05                       b       irq2_isr_empty
        2BA : 1080                       wt      R0, USARTD      Transmit charater
        2BB :                    irq2_isr_exit:
        2BB : 2302                       pop     X0
        2BC : 2002                       pop     R0
        2BD : 2006                       lpsw    2               Return from interrupt
        2BE :                    irq2_isr_empty:
        2BE : 0836                       mvi     R0, RX_EN_TX_DIS
        2BF : 1081                       wt      R0, USARTC      Disable Tx
        2C0 : CFFB                       b       irq2_isr_exit
