          0 :                    *** -*- mode: asm; mode: flyspell-prog; -*-
          0 :                            include "tms9900.inc"
(1)       0 :                    *** -*- mode: asm; mode: flyspell-prog; -*-
(1)       0 :                            *** TMS9900
(1)       0 :                            cpu     tms9900
(1)       0 :                            *** Status Register
(1)       0 : =8000              ST_LGT:         equ     ?1000000000000000 ; Logical Greater Than
(1)       0 : =4000              ST_AGT:         equ     ?0100000000000000 ; Arithmetic Greater Than
(1)       0 : =2000              ST_EQ:          equ     ?0010000000000000 ; Equal
(1)       0 : =1000              ST_C:           equ     ?0001000000000000 ; Carry
(1)       0 : =800               ST_OV:          equ     ?0000100000000000 ; Overflow
(1)       0 : =400               ST_OP:          equ     ?0000010000000000 ; Parity
(1)       0 : =200               ST_X:           equ     ?0000001000000000 ; XOP
(1)       0 : =F                 ST_INT_gm:      equ     ?0000000000001111 ; Interrupt mask
(1)       0 :                            *** Vector
(1)       0 : =0                 VEC_RESET:      equ     >0000   ; Reset
(1)       0 : =4                 VEC_INT1:       equ     >0004   ; INT1
(1)       0 : =10                VEC_INT4:       equ     >0010   ; INT4
(1)       0 : =40                VEC_XOP0:       equ     >0040   ; XOP 0
(1)       0 : =44                VEC_XOP1:       equ     >0044   ; XOP 1
(1)       0 : =48                VEC_XOP2:       equ     >0048   ; XOP 2
(1)       0 : =4C                VEC_XOP3:       equ     >004C   ; XOP 3
(1)       0 : =50                VEC_XOP4:       equ     >0050   ; XOP 4
(1)       0 : =54                VEC_XOP5:       equ     >0054   ; XOP 5
(1)       0 : =58                VEC_XOP6:       equ     >0058   ; XOP 6
(1)       0 : =5C                VEC_XOP7:       equ     >005C   ; XOP 7
(1)       0 : =60                VEC_XOP8:       equ     >0060   ; XOP 8
(1)       0 : =64                VEC_XOP9:       equ     >0064   ; XOP 9
(1)       0 : =68                VEC_XOP10       equ     >0068   ; XOP 10
(1)       0 : =6C                VEC_XOP11:      equ     >006C   ; XOP 11
(1)       0 : =70                VEC_XOP12:      equ     >0070   ; XOP 12
(1)       0 : =74                VEC_XOP13:      equ     >0074   ; XOP 13
(1)       0 : =78                VEC_XOP14:      equ     >0078   ; XOP 14
(1)       0 : =7C                VEC_XOP15:      equ     >007C   ; XOP 15
          0 :
          0 :                            *** MC6850 Asynchronous Communication Interface Adapter
          0 : =80                ACIA:   equ     >0080
          0 :                            include "mc6850.inc"
(1)       0 :                    *** -*- mode: asm; mode: flyspell-prog; -*-
(1)       0 :                            *** MC6850
(1)       0 :                            *** Asynchronous Communication Interface Adapter
(1)       0 : =80                ACIA_control:   equ     ACIA+0
(1)       0 : =80                ACIA_status:    equ     ACIA+0
(1)       0 : =82                ACIA_data:      equ     ACIA+2
(1)       0 : =84                ACIA_intr:      equ     ACIA+4
(1)       0 :                            **  Counter Divider Select Bits
(1)       0 : =3                 CDS_gm:         equ     ?11             Group mask
(1)       0 : =0                 CDS_DIV1_gc:    equ     ?00000000       /1
(1)       0 : =0                 CDS_DIV16_gc:   equ     ?00000001       /16
(1)       0 : =0                 CDS_DIV64_gc:   equ     ?00000010       /64
(1)       0 : =3                 CDS_RESET_gc:   equ     ?00000011       Master Reset
(1)       0 :                            **  Word Select Bits
(1)       0 : =1C                WSB_gm:         equ     ?00011100       Group mask
(1)       0 : =0                 WSB_7E2_gc:     equ     ?00000000       7 Bits + Even Parity + 2 Stop Bits
(1)       0 : =4                 WSB_7O2_gc:     equ     ?00000100       7 bits + Odd Parity  + 2 Stop Bits
(1)       0 : =8                 WSB_7E1_gc:     equ     ?00001000       7 bits + Even Parity + 1 Stop Bits
(1)       0 : =C                 WSB_7O1_gc:     equ     ?00001100       7 bits + Odd Parity  + 1 Stop Bits
(1)       0 : =10                WSB_8N2_gc:     equ     ?00010000       8 bits + No Parity   + 2 Stop Bits
(1)       0 : =14                WSB_8N1_gc:     equ     ?00010100       8 bits + No Parity   + 1 Stop Bits
(1)       0 : =18                WSB_8E1_gc:     equ     ?00011000       8 bits + Even Parity + 1 Stop Bits
(1)       0 : =1C                WSB_8O1_gc:     equ     ?00011100       8 bits + Odd Parity  + 1 Stop Bits
(1)       0 :                            **  Transmit Control Bits
(1)       0 : =60                TCB_gm:         equ     ?01100000       Group mask
(1)       0 : =0                 TCB_DI_gc:      equ     ?00000000       RTS=Low,  Tx Interrupt Disabled
(1)       0 : =20                TCB_EI_gc:      equ     ?00100000       RTS=Low,  Tx Interrupt Enabled
(1)       0 : =40                TCB_RTS_gc:     equ     ?01000000       RTS=High, Tx Interrupt Disabled
(1)       0 : =60                TCB_BREAK_gc:   equ     ?01100000       RTS=Low,  Tx Interrupt Disabled
(1)       0 :                            *                               Transmit Break Level
(1)       0 : =80                RIEB_bm:        equ     ?10000000       Receive Interrupt Enable Bit mask
(1)       0 :                            *** Status register
(1)       0 : =1                 RDRF_bm:        equ     ?00000001       Receive Data Register Full
(1)       0 : =2                 TDRE_bm:        equ     ?00000010       Transmit Data Register Empty
(1)       0 : =4                 DCDF_bm:        equ     ?00000100       Data Carrier Detect Flag
(1)       0 : =8                 CTSF_bm:        equ     ?00001000       Clear To Send Flag
(1)       0 : =10                FERR_bm:        equ     ?00010000       Frame Error Flag
(1)       0 : =20                OVRN_bm:        equ     ?00100000       Receiver Overrun Flag
(1)       0 : =40                PERR_bm:        equ     ?01000000       Parity Error Flag
(1)       0 : =80                IRQF_bm:        equ     ?10000000       Interrupt Request Flag
          0 :
          0 :                            org     VEC_RESET
          0 : 0100                       data    workspace
          2 : 0200                       data    initialize
          4 :
         7C :                            org     VEC_XOP15
         7C : 007C                       data    VEC_XOP15       to halt system
         7E : 007C                       data    VEC_XOP15
         80 :
        100 :                            org     >0100
        100 :                    workspace:
        100 :                            bss     2*16
        120 :
        120 :                    hibyte: function v,(v)*256      Hi byte constant
        120 :
        200 :                            org     >0200
        200 :                    initialize:
        200 :                            * Initialize ACIA
        200 : 0200 0300                  li      R0, hibyte(CDS_RESET_gc)
        204 : D800 0080                  movb    R0, @ACIA_control       Master reset
        208 : 0200 1400                  li      R0, hibyte(WSB_8N1_gc)
        20C : D800 0080                  movb    R0, @ACIA_control       8 bits + No Parity + 1 Stop Bits
        210 :
        210 : 06A0 022A          loop:   bl      @getchar
        214 : E000                       soc     R0, R0
        216 : 1308                       jeq     halt_to_system
        218 : 06A0 023A          echo:   bl      @putchar
        21C : 0280 0D00                  ci      R0, hibyte(>0D) Cariage Return
        220 : 16F7                       jne     loop
        222 : 0200 0A00                  li      R0, hibyte(>0A) Newline
        226 : 10F8                       jmp     echo
        228 :                    halt_to_system:
        228 : 2FCF                       xop     R15,15
        22A :
        22A :                    getchar:
        22A : D020 0080                  movb    @ACIA_status, R0
        22E : 0240 0100                  andi    R0, hibyte(RDRF_bm)
        232 : 13FB                       jeq     getchar
        234 : D020 0082                  movb    @ACIA_data, R0  LSB is cleared by andi
        238 : 045B                       rt
        23A :
        23A :                    putchar:
        23A : D060 0080                  movb    @ACIA_status, R1
        23E : 0241 0200                  andi    R1, hibyte(TDRE_bm)
        242 : 13FB                       jeq     putchar
        244 : D800 0082                  movb    R0, @ACIA_data
        248 : 045B                       rt
