          0 :                    ;;; -*- mode: asm; mode: flyspell-prog; -*-
          0 :                            cpu     1804A
          0 :                            option  "smart-branch", "on"
          0 :                            include "cdp1802.inc"
(1)       0 :                    ;;; -*- mode: asm; mode: flyspell-prog; -*-
(1)       0 :
(1)       0 :                    ;;; CDP1802 register alias
(1)       0 : =0                 R0:     equ     0
(1)       0 : =1                 R1:     equ     1
(1)       0 : =2                 R2:     equ     2
(1)       0 : =3                 R3:     equ     3
(1)       0 : =4                 R4:     equ     4
(1)       0 : =5                 R5:     equ     5
(1)       0 : =6                 R6:     equ     6
(1)       0 : =7                 R7:     equ     7
(1)       0 : =8                 R8:     equ     8
(1)       0 : =9                 R9:     equ     9
(1)       0 : =A                 R10:    equ     10
(1)       0 : =B                 R11:    equ     11
(1)       0 : =C                 R12:    equ     12
(1)       0 : =D                 R13:    equ     13
(1)       0 : =E                 R14:    equ     14
(1)       0 : =F                 R15:    equ     15
(1)       0 :
(1)       0 :                    ;;; Transfer locations
(1)       0 : =0                 ORG_RESET:      equ     0000H   ; Reset transfer location
          0 :
          0 :                            org     ORG_RESET
          0 : 71                         dis                     ; disable interrupt
          1 : 00                         dc      X'00'           ; X:P=0:0
          2 : 30 04                      br      scrt_init
          4 :                            include "scrt.inc"
(1)       4 :                    ;;; -*- mode: asm; mode: flyspell-prog; -*-
(1)       4 :
(1)       4 :                    ;;; Standard Call and Return Technique
(1)       4 :                    ;;; R0: DMA pointer
(1)       4 :                    ;;; R1: Program counter for Interrupt routine
(1)       4 :                    ;;; R2: Stack pointer
(1)       4 :                    ;;; R3: Program counter
(1)       4 :                    ;;; R4: Link register, pointer to the return location and arguments
(1)       4 :                    ;;;     passed by the calling program
(1)       4 :
(1)       4 :                    ;;; Call subroutine
(1)       4 :                    ;;;   SCAL R4, subroutine
(1)       4 :                    ;;;   DC   arguments...
(1)       4 :                    ;;; Subroutine return
(1)       4 :                    ;;;   SRET R4
(1)       4 :                    ;;; Return from interrupt
(1)       4 :                    ;;;   SEP R1
(1)       4 :
(1)       4 :                    ;;; Initialize for SCRT, P=0
(1)       4 :                    ;;; @param P!=3
(1)       4 :                    ;;; @param stack top address of stack
(1)       4 :                    ;;; @param main start address of main routine
(1)       4 :                    ;;; @return P=3
(1)       4 :                    ;;; @return R1=scrt_isr
(1)       4 :                    ;;; @return R2=stack
(1)       4 :                    ;;; @return R3=main
(1)       4 :                    ;;; @clobber D, R15
(1)       4 :                    scrt_init:
(1)       4 : 68 C3 00 09                rldi    R3, scrt_start
(1)       8 : D3                         sep     R3              ; P=3
(1)       9 :                    scrt_start:
(1)       9 : 68 C1 00 1E                rldi    R1, scrt_isr    ; setup interrupt
(1)       D : E2                         sex     R2
(1)       E : 68 C2 0F FF                rldi    R2, stack       ; setup stack
(1)      12 : C0 01 00                   br      main            ; goto main with P=3
(1)      15 :
(1)      15 :                    ;;; Interrupt exit entry P=1
(1)      15 :                    ;;;  (Come here by SEP R1)
(1)      15 :                    scrt_isr_exit:
(1)      15 : 60                         irx
(1)      16 : 68 63                      rlxa    R3              ; pop program counter R3
(1)      18 : 68 6F                      rlxa    R15             ; pop scratch pad register R15
(1)      1A : 72                         ldxa                    ; pop DF into D:MSB
(1)      1B : FE                         shl                     ; restore DF
(1)      1C : 72                         ldxa                    ; pop D
(1)      1D : 70                         ret                     ; restore X,P IE=1
(1)      1E :                            ;; R1 points scrt_isr
(1)      1E :                    ;;; CDP1802 interrupt entry, X=2, P=1, IE=0
(1)      1E :                    ;;; @unchanged D, DF, X, P, R3, R15
(1)      1E :                    scrt_isr:
(1)      1E :                            ;; R2[0] must be preserved because it may be in the pop process
(1)      1E : 22                         dec     R2
(1)      1F : 78                         sav                     ; push X,P
(1)      20 : 22                         dec     R2
(1)      21 : 73                         stxd                    ; push D
(1)      22 : 76                         shrc                    ; MSB of D=DF
(1)      23 : 73                         stxd                    ; push DF
(1)      24 : 68 AF                      rsxd    R15             ; push scratch pad register R15
(1)      26 : 68 A3                      rsxd    R3              ; push program counter R3
(1)      28 : 68 C3 01 E1                rldi    R3, isr
(1)      2C : D3                         sep     R3              ; call interrupt service routine with P=3
(1)      2D : 30 15                      br      scrt_isr_exit   ; return from isr by SEP R1
         2F :
         2F :                    ;;; MC6850 Asynchronous Communication Interface Adapter
         2F : =4                 ACIA:   equ     4
         2F :                            include "mc6850.inc"
(1)      2F :                    ;;; -*- mode: asm; mode: flyspell-prog; -*-
(1)      2F :
(1)      2F :                    ;;; MC6850
(1)      2F :                    ;;; Asynchronous Communication Interface Adapter
(1)      2F :
(1)      2F :                    ;;; Control register
(1)      2F : =4                 ACIA_control:   equ     ACIA+0
(1)      2F :                            ;; Counter Divider Select Bits
(1)      2F : =3                 CDS_gm:         equ     11b    ; Group mask
(1)      2F : =0                 CDS_DIV1_gc:    equ     00000000B ; /1
(1)      2F : =1                 CDS_DIV16_gc:   equ     00000001B ; /16
(1)      2F : =2                 CDS_DIV64_gc:   equ     00000010B ; /64
(1)      2F : =3                 CDS_RESET_gc:   equ     00000011B ; Master Reset
(1)      2F :                            ;; Word Select Bits
(1)      2F : =1C                WSB_gm:         equ     00011100B ; Group mask
(1)      2F : =0                 WSB_7E2_gc:     equ     00000000B ; 7 Bits + Even Parity + 2 Stop Bits
(1)      2F : =4                 WSB_7O2_gc:     equ     00000100B ; 7 bits + Odd Parity  + 2 Stop Bits
(1)      2F : =8                 WSB_7E1_gc:     equ     00001000B ; 7 bits + Even Parity + 1 Stop Bits
(1)      2F : =C                 WSB_7O1_gc:     equ     00001100B ; 7 bits + Odd Parity  + 1 Stop Bits
(1)      2F : =10                WSB_8N2_gc:     equ     00010000B ; 8 bits + No Parity   + 2 Stop Bits
(1)      2F : =14                WSB_8N1_gc:     equ     00010100B ; 8 bits + No Parity   + 1 Stop Bits
(1)      2F : =18                WSB_8E1_gc:     equ     00011000B ; 8 bits + Even Parity + 1 Stop Bits
(1)      2F : =1C                WSB_8O1_gc:     equ     00011100B ; 8 bits + Odd Parity  + 1 Stop Bits
(1)      2F :                            ;; Transmit Control Bits
(1)      2F : =60                TCB_gm:         equ     01100000B ; Group mask
(1)      2F : =0                 TCB_DI_gc:      equ     00000000B ; RTS=Low,  Tx Interrupt Disabled
(1)      2F : =20                TCB_EI_gc:      equ     00100000B ; RTS=Low,  Tx Interrupt Enabled
(1)      2F : =40                TCB_RTS_gc:     equ     01000000B ; RTS=High, Tx Interrupt Disabled
(1)      2F : =60                TCB_BREAK_gc:   equ     01100000B ; RTS=Low,  Tx Interrupt Disabled
(1)      2F :                                                      ; Transmit Break Level
(1)      2F : =80                RIEB_bm:        equ     10000000B ; Receive Interrupt Enable Bit mask
(1)      2F :
(1)      2F :                    ;;; Status register
(1)      2F : =4                 ACIA_status:    equ     ACIA+0
(1)      2F : =1                 RDRF_bm:        equ     00000001B ; Receive Data Register Full
(1)      2F : =2                 TDRE_bm:        equ     00000010B ; Transmit Data Register Empty
(1)      2F : =4                 DCDF_bm:        equ     00000100B ; Data Carrier Detect Flag
(1)      2F : =8                 CTSF_bm:        equ     00001000B ; Clear To Send Flag
(1)      2F : =10                FERR_bm:        equ     00010000B ; Frame Error Flag
(1)      2F : =20                OVRN_bm:        equ     00100000B ; Receiver Overrun Flag
(1)      2F : =40                PERR_bm:        equ     01000000B ; Parity Error Flag
(1)      2F : =80                IRQF_bm:        equ     10000000B ; Interrupt Request Flag
(1)      2F :
(1)      2F :                    ;;; Data register
(1)      2F : =5                 ACIA_data:      equ     ACIA+1          ; Data register
         2F : =94                RX_INT_TX_NO:   equ     WSB_8N1_gc|RIEB_bm
         2F :
       2000 :                            org     X'2000'
       2000 :
       2000 : =80                rx_queue_size:  equ     128
       2000 :                    rx_queue:
       2080 :                            org     *+rx_queue_size
       2080 :
       2080 :
       2080 : =FFF               stack:  equ     X'1000'-1
       2080 :
        100 :                            org     X'0100'
        100 :                    main:
        100 : 68 84 01 51                scal    R4, queue_init  ; call queue_init
        104 : 20 00                      dc      A(rx_queue)
        106 : 80                         dc      rx_queue_size
        107 :                            ;; initialize ACIA
        107 : 68 C8 01 14                rldi    R8, ACIA_config
        10B : E8                         sex     R8              ; R8 for out
        10C : 64                         out     ACIA_control    ; Master reset
        10D : 64                         out     ACIA_control    ; Set mode
        10E : E3                         sex     R3
        10F : 70                         ret
        110 : 33                         dc      X'33'           ; enable interrupt
        111 : E2                         sex     R2
        112 : 30 16                      br      loop
        114 :
        114 :                    ACIA_config:
        114 : 03                         dc      CDS_RESET_gc    ; Master reset
        115 : 94                         dc      RX_INT_TX_NO
        116 :
        116 :                    loop:
        116 : E3                         sex     R3
        117 : 71                         dis                     ; disable interrupt
        118 : 33                         dc      X'33'           ; X=3, P=3
        119 : E2                         sex     R2
        11A : 68 84 01 A9                scal    R4, queue_remove ; call queue_remove
        11E : 20 00                      dc      A(rx_queue)
        120 : E3                         sex     R3
        121 : 70                         ret                     ; enable interrupt
        122 : 33                         dc      X'33'
        123 : E2                         sex     R2
        124 : 32 16                      bz      loop            ; branch if queue is empty
        126 : 87                         glo     R7
        127 : 32 37                      bz      halt_to_system
        129 :                    echo:
        129 : 68 84 01 39                scal    R4, putchar
        12D : 87                         glo     R7
        12E : FB 0D                      xri     X'0D'           ; carriage return
        130 : 3A 16                      bnz     loop
        132 : F8 0A                      ldi     X'0A'           ; newline
        134 : A7                         plo     R7
        135 : 30 29                      br      echo
        137 :                    halt_to_system:
        137 : 00                         idl
        138 :
        138 :                    ;;; @param D char
        138 :                    ;;; @unchanged D
        138 :                    ;;; @clobber R15
        138 :                    putchar_char:
        138 : 00                         dc      0
        139 :                    putchar:
        139 : AF                         plo     R15             ; save D to R15.0
        13A : 68 A8                      rsxd    R8              ; save R8
        13C : 68 C8 01 38                rldi    R8, putchar_char
        140 : E8                         sex     R8              ; R8 for inp/out
        141 :                    putchar_loop:
        141 : 6C                         inp     ACIA_status
        142 : FA 02                      ani     TDRE_bm
        144 : 32 41                      bz      putchar_loop
        146 : 8F                         glo     R15             ; restore D
        147 : 58                         str     R8              ; send char
        148 : 65                         out     ACIA_data
        149 :                            ;;
        149 : E2                         sex     R2
        14A : 60                         irx
        14B : 68 68                      rlxa    R8              ; restore R8
        14D : 22                         dec     R2
        14E : 8F                         glo     R15             ; restore D
        14F : 68 94                      sret    R4
        151 :
        151 :                            include "queue.inc"
(1)     151 :                    ;;; -*- mode: asm; mode: flyspell-prog; -*-
(1)     151 :                    ;;; [queue] queue structure
(1)     151 : =0                 queue_len:      equ     0       ; queue length
(1)     151 : =1                 queue_size:     equ     1       ; buffer size
(1)     151 : =2                 queue_put:      equ     2       ; queue put index
(1)     151 : =3                 queue_get:      equ     3       ; queue get index
(1)     151 : =4                 queue_buf:      equ     4       ; buffer start offset
(1)     151 :
(1)     151 :                    ;;; [queue] Initialize queue
(1)     151 :                    ;;; @param R4+0 queue work space pointer
(1)     151 :                    ;;; @param R4+2 queue work space size
(1)     151 :                    ;;; @clobber D, R15
(1)     151 :                    queue_init:
(1)     151 : 68 AE                      rsxd    R14             ; save R14
(1)     153 : E4                         sex     R4
(1)     154 : 68 6F                      rlxa    R15             ; R15=queue space pointer
(1)     156 : F8 00                      ldi     0
(1)     158 : 5F                         str     R15             ; clear queue_len
(1)     159 : 1F                         inc     R15
(1)     15A : 44                         lda     R4              ; queue space size
(1)     15B : FF 04                      smi     queue_buf       ; calculate queue size
(1)     15D : 5F                         str     R15             ; store queue_size
(1)     15E : FC 02                      adi     2               ; for queue_put and queue_get
(1)     160 : AE                         plo     R14             ; R14.0: byte counter
(1)     161 : F8 00                      ldi     0
(1)     163 : BE                         phi     R14
(1)     164 :                    queue_init_clear:
(1)     164 : 1F                         inc     R15
(1)     165 : 5F                         str     R15             ; clear memory
(1)     166 : 68 2E 01 64                dbnz    R14, queue_init_clear
(1)     16A : E2                         sex     R2
(1)     16B : 60                         irx
(1)     16C : 68 6E                      rlxa    R14             ; restore R14
(1)     16E : 22                         dec     R2
(1)     16F : 68 94                      sret    R4
(1)     171 :
(1)     171 :                    ;;; [queue] Add an element to queue
(1)     171 :                    ;;; @param R4+0 queue work space pointer
(1)     171 :                    ;;; @param R7.0 an element
(1)     171 :                    ;;; @return D 0 if queue is full
(1)     171 :                    queue_add:
(1)     171 : 68 AE                      rsxd    R14             ; save R14
(1)     173 : E4                         sex     R4
(1)     174 : 68 6F                      rlxa    R15             ; R15=queue space pointer
(1)     176 : EF                         sex     R15
(1)     177 : 72                         ldxa                    ; load queue_len
(1)     178 : F3                         xor                     ; queue_len ^ queue_size
(1)     179 : 32 A0                      bz      queue_add_return ; branch if D=0
(1)     17B : 2F                         dec     R15
(1)     17C : 8F                         glo     R15
(1)     17D : FC 04                      adi     queue_buf
(1)     17F : AE                         plo     R14
(1)     180 : 9F                         ghi     R15
(1)     181 : 7C 00                      adci    0
(1)     183 : BE                         phi     R14             ; R14=&queue_buf[0]
(1)     184 : 0F                         ldn     R15
(1)     185 : FC 01                      adi     1
(1)     187 : 5F                         str     R15             ; queue_len++
(1)     188 : 8E                         glo     R14
(1)     189 : 1F                         inc     R15
(1)     18A : 1F                         inc     R15
(1)     18B : EF                         sex     R15
(1)     18C : F4                         add                     ; add queue_put
(1)     18D : AE                         plo     R14
(1)     18E : 9E                         ghi     R14
(1)     18F : 7C 00                      adci    0
(1)     191 : BE                         phi     R14             ; R14=&queue_buf[queue_put]
(1)     192 : 87                         glo     R7              ; R7.0=an element
(1)     193 : 5E                         str     R14             ; store an element
(1)     194 : 0F                         ldn     R15             ; load queue_put
(1)     195 : FC 01                      adi     1
(1)     197 : 5F                         str     R15             ; update queue_put
(1)     198 : 2F                         dec     R15
(1)     199 : F3                         xor                      ; queue_put ^ queue_size
(1)     19A : 3A A0                      bnz     queue_add_return ; branch if D!=0
(1)     19C : 1F                         inc     R15
(1)     19D : 5F                         str     R15             ; queue_put=0
(1)     19E : F8 01                      ldi     1
(1)     1A0 :                    queue_add_return:
(1)     1A0 : AF                         plo     R15             ; return flag
(1)     1A1 : E2                         sex     R2
(1)     1A2 : 60                         irx
(1)     1A3 : 68 6E                      rlxa    R14             ; restore R14
(1)     1A5 : 22                         dec     R2
(1)     1A6 : 8F                         glo     R15
(1)     1A7 : 68 94                      sret    R4
(1)     1A9 :
(1)     1A9 :                    ;;; [queue] Remove an element from queue
(1)     1A9 :                    ;;; @param R4+0 queue work space pointer
(1)     1A9 :                    ;;; @return R7.0 an element
(1)     1A9 :                    ;;; @return D 0 if queue is empty
(1)     1A9 :                    ;;; @clobber R15
(1)     1A9 :                    queue_remove:
(1)     1A9 : 68 AE                      rsxd    R14             ; save R14
(1)     1AB : E4                         sex     R4
(1)     1AC : 68 6F                      rlxa    R15                 ; R15=queue space pointer
(1)     1AE : 0F                         ldn     R15                 ; load queue_len
(1)     1AF : 32 D7                      bz      queue_remove_return ; branch if D=0
(1)     1B1 : FF 01                      smi     1
(1)     1B3 : 5F                         str     R15             ; queue_len--
(1)     1B4 : 8F                         glo     R15
(1)     1B5 : FC 04                      adi     queue_buf
(1)     1B7 : AE                         plo     R14
(1)     1B8 : 9F                         ghi     R15
(1)     1B9 : 7C 00                      adci    0
(1)     1BB : BE                         phi     R14             ; R14=&queue_buf[0]
(1)     1BC : 8E                         glo     R14
(1)     1BD : 1F                         inc     R15
(1)     1BE : 1F                         inc     R15
(1)     1BF : 1F                         inc     R15
(1)     1C0 : EF                         sex     R15
(1)     1C1 : F4                         add                     ; add queue_get
(1)     1C2 : AE                         plo     R14
(1)     1C3 : 9E                         ghi     R14
(1)     1C4 : 7C 00                      adci    0
(1)     1C6 : BE                         phi     R14             ; R14=&queue_buf[queue_get]
(1)     1C7 : 0E                         ldn     R14             ; load an alement
(1)     1C8 : A7                         plo     R7              ; R7.0=an element
(1)     1C9 : 0F                         ldn     R15             ; load queue_get
(1)     1CA : FC 01                      adi     1
(1)     1CC : 5F                         str     R15             ; update queue_get
(1)     1CD : 2F                         dec     R15
(1)     1CE : 2F                         dec     R15
(1)     1CF : F3                         xor                     ; queue_get ^ queue_size
(1)     1D0 : 3A D7                      bnz     queue_remove_return ; brnach if D!=0
(1)     1D2 : 1F                         inc     R15
(1)     1D3 : 1F                         inc     R15
(1)     1D4 : 5F                         str     R15             ; queue_get=0
(1)     1D5 : F8 01                      ldi     1
(1)     1D7 :                    queue_remove_return:
(1)     1D7 : AF                         plo     R15             ; return flag
(1)     1D8 : E2                         sex     R2
(1)     1D9 : 60                         irx
(1)     1DA : 68 6E                      rlxa    R14             ; restore R14
(1)     1DC : 22                         dec     R2
(1)     1DD : 8F                         glo     R15             ; return flag
(1)     1DE : 68 94                      sret    R4
        1E0 :
        1E0 :                    ;;; From scrt_isr, P=3, X=2
        1E0 :                    isr_char:
        1E0 : 00                         dc      0
        1E1 :                    isr:
        1E1 : 87                         glo     R7
        1E2 : 73                         stxd                    ; save R7.0
        1E3 : 68 A8                      rsxd    R8              ; save R8
        1E5 : 68 C8 01 E0                rldi    R8, isr_char
        1E9 : E8                         sex     R8              ; R8 for inp
        1EA : 6C                         inp     ACIA_status
        1EB : FA 80                      ani     IRQF_bm
        1ED : 32 FD                      bz      isr_exit        ; no interrupt
        1EF :                    isr_receive:
        1EF : 6C                         inp     ACIA_status
        1F0 : FA 01                      ani     RDRF_bm
        1F2 : 32 FD                      bz      isr_exit        ; no data is received
        1F4 : 6D                         inp     ACIA_data
        1F5 : A7                         plo     R7
        1F6 : E2                         sex     R2
        1F7 : 68 84 01 71                scal    R4, queue_add
        1FB : 20 00                      dc      A(rx_queue)
        1FD :                    isr_exit:
        1FD : E2                         sex     R2
        1FE : 60                         irx
        1FF : 68 68                      rlxa    R8              ; restore R8
        201 : F0                         ldx                     ; restore R7.0
        202 : A7                         plo     R7
        203 : D1                         sep     R1              ; return to scrt_isr
