          0 :                    ;;; -*- mode: asm; mode: flyspell-prog; -*-
          0 :                            include "im6100.inc"
(1)       0 :                    ;;; -*- mode: asm; mode: flyspell-prog; -*-
(1)       0 :                            cpu     6100
(1)       0 :                            include "pdp8.inc"
(2)       0 :                    ;;; -*- mode: asm; mode: flyspell-prog; -*-
(2)       0 :                    /// Origin
(2)       0 : =0                 PC_INTR         =       0000    // PC saved on interrupt
(2)       0 : =1                 ORG_INTR        =       0001    // Interrupt origin
(2)       0 : =7777              ORG_RESET       =       7777    // Reset origin
(2)       0 : =10                AUTO_INDEX      =       0010    // Auto pre-increment pointers
(2)       0 : =20                PAGE0           =       0020
(2)       0 :                    /// FLAGS; RTF, GTF
(2)       0 : =4000              FLAGS_LINK      =       4000    // Link flag
(2)       0 : =200               FLAGS_IEFF      =       0200    // Interrupt enable flip-flop
(1)       0 :                    /// FLAGS; RTF, GTF
(1)       0 : =1000              FLAGS_INTREQ    =       1000    // INTREQ line
          0 :                    /// MC6850 Asynchronous Communication Interface Adapter
          0 :                            include "mc6850.inc"
(1)       0 :                    /// -*- mode: asm; mode: flyspell-prog; -*-
(1)       0 :                    /// MC6850
(1)       0 :                    /// Asynchronous Communication Interface Adapter
(1)       0 : =0                 ACIA_status     = 0
(1)       0 : =4                 ACIA_control    = 4
(1)       0 : =1                 ACIA_receive    = 1
(1)       0 : =5                 ACIA_transmit   = 5
(1)       0 :                    //  Counter Divider Select Bits
(1)       0 : =3                 CDS_gm          =       011B    / Group mask
(1)       0 : =0                 CDS_DIV1_gc     =       000B    / /1
(1)       0 : =1                 CDS_DIV16_gc    =       001B    / /16
(1)       0 : =2                 CDS_DIV64_gc    =       010B    / /64
(1)       0 : =3                 CDS_RESET_gc    =       011B    / Master Reset
(1)       0 :                    //  Word Select Bits
(1)       0 : =34                WSB_gm          =       011100B / Group mask
(1)       0 : =0                 WSB_7E2_gc      =       000000B / 7 Bits + Even Parity + 2 Stop Bits
(1)       0 : =4                 WSB_7O2_gc      =       000100B / 7 bits + Odd Parity  + 2 Stop Bits
(1)       0 : =10                WSB_7E1_gc      =       001000B / 7 bits + Even Parity + 1 Stop Bits
(1)       0 : =14                WSB_7O1_gc      =       001100B / 7 bits + Odd Parity  + 1 Stop Bits
(1)       0 : =20                WSB_8N2_gc      =       010000B / 8 bits + No Parity   + 2 Stop Bits
(1)       0 : =24                WSB_8N1_gc      =       010100B / 8 bits + No Parity   + 1 Stop Bits
(1)       0 : =30                WSB_8E1_gc      =       011000B / 8 bits + Even Parity + 1 Stop Bits
(1)       0 : =34                WSB_8O1_gc      =       011100B / 8 bits + Odd Parity  + 1 Stop Bits
(1)       0 :                    //  Transmit Control Bits
(1)       0 : =140               TCB_gm          =     01100000B / Group mask
(1)       0 : =0                 TCB_DI_gc       =     00000000B / RTS=Low,  Tx Interrupt Disabled
(1)       0 : =40                TCB_EI_gc       =     00100000B / RTS=Low,  Tx Interrupt Enabled
(1)       0 : =100               TCB_RTS_gc      =     01000000B / RTS=High, Tx Interrupt Disabled
(1)       0 : =140               TCB_BREAK_gc    =     01100000B / RTS=Low,  Tx Interrupt Disabled
(1)       0 :                                                    / Transmit Break Level
(1)       0 : =200               RIEB_bm         =     10000000B / Receive Interrupt Enable Bit mask
(1)       0 :                    /// Status register
(1)       0 : =1                 RDRF_bm         =     00000001B / Receive Data Register Full
(1)       0 : =2                 TDRE_bm         =     00000010B / Transmit Data Register Empty
(1)       0 : =4                 DCDF_bm         =     00000100B / Data Carrier Detect Flag
(1)       0 : =10                CTSF_bm         =     00001000B / Clear To Send Flag
(1)       0 : =20                FERR_bm         =     00010000B / Frame Error Flag
(1)       0 : =40                OVRN_bm         =     00100000B / Receiver Overrun Flag
(1)       0 : =100               PERR_bm         =     01000000B / Parity Error Flag
(1)       0 : =200               IRQF_bm         =     10000000B / Interrupt Request Flag
          0 : =7                 ACIA    = 07
          0 :
        200 :                            page    1
        200 :                    initialize,
        200 :                            // Initialize ACIA
        200 : 7200                       cla
        201 : 1206                       tad     ACIA_config
        202 : 6074                       iot     ACIA ACIA_control
        203 : 1207                       tad     RX_NO_TX_NO
        204 : 6074                       iot     ACIA ACIA_control
        205 : 5210                       jmp     loop
        206 : 0003               ACIA_config,    CDS_RESET_gc
        207 : 0024               RX_NO_TX_NO,    WSB_8N1_gc
        210 :
        210 :                    loop,
        210 : 4225                       jms     getchar
        211 : 7450                       sna                     / Skip if AC != 0
        212 : 5222                       jmp     halt_to_system
        213 :                    echo,
        213 : 4236                       jms     putchar
        214 : 7041                       cia                     / negate AC
        215 : 1223                       tad     char_CR         / '\r' - AC
        216 : 7440                       sza                     / Skip if AC == 0
        217 : 5210                       jmp     loop
        220 : 1224                       tad     char_LF
        221 : 5213                       jmp     echo
        222 :                    halt_to_system,
        222 : 7402                       hlt
        223 : 0015               char_CR,        015             / Carriage return
        224 : 0012               char_LF,        012             / Line feed
        225 :
        225 : 0000               getchar,        .-.
        226 : 7200                       cla
        227 :                    getchar_loop,
        227 : 6070                       iot     ACIA ACIA_status
        230 : 0235                       and     bit_receive
        231 : 7650                       sna cla                 / Skip if AC != 0
        232 : 5227                       jmp     getchar_loop
        233 : 6071                       iot     ACIA ACIA_receive
        234 : 5625                       jmp     I getchar
        235 : 0001               bit_receive,    RDRF_bm
        236 :
        236 : 0000               putchar,        .-.
        237 : 3250                       dca     putchar_char    / Save character
        240 :                    putchar_loop,
        240 : 6070                       iot     ACIA ACIA_status
        241 : 0251                       and     bit_transmit
        242 : 7650                       sna cla                 / Skip if AC != 0
        243 : 5240                       jmp     putchar_loop
        244 : 1250                       tad     putchar_char    / Restore character
        245 : 6075                       iot     ACIA ACIA_transmit
        246 : 1250                       tad     putchar_char
        247 : 5636                       jmp     I putchar
        250 : 0000               putchar_char,   0
        251 : 0002               bit_transmit,   TDRE_bm
        252 :
       7776 :                            *ORG_RESET-1
       7776 : 0200                       initialize
       7777 : 5776                       jmp     I .-1
      10000 :
