          0 :                    ;;; -*- mode: asm; mode: flyspell-prog; -*-
          0 :                            include "im6100.inc"
(1)       0 :                    ;;; -*- mode: asm; mode: flyspell-prog; -*-
(1)       0 :                            cpu     6100
(1)       0 :                            include "pdp8.inc"
(2)       0 :                    ;;; -*- mode: asm; mode: flyspell-prog; -*-
(2)       0 :                    /// Origin
(2)       0 : =0                 PC_INTR         =       0000    // PC saved on interrupt
(2)       0 : =1                 ORG_INTR        =       0001    // Interrupt origin
(2)       0 : =7777              ORG_RESET       =       7777    // Reset origin
(2)       0 : =10                AUTO_INDEX      =       0010    // Auto pre-increment pointers
(2)       0 : =20                PAGE0           =       0020
(2)       0 :                    /// FLAGS; RTF, GTF
(2)       0 : =4000              FLAGS_LINK      =       4000    // Link flag
(2)       0 : =200               FLAGS_IEFF      =       0200    // Interrupt enable flip-flop
(2)       0 :
(2)       0 :                            
(1)       0 :                    /// FLAGS; RTF, GTF
(1)       0 : =1000              FLAGS_INTREQ    =       1000    // INTREQ line
(1)       0 :
(1)       0 :                            
          0 :                    /// MC6850 Asynchronous Communication Interface Adapter
          0 : =7                 ACIA    = 07
          0 :                            include "mc6850.inc"
(1)       0 :                    /// -*- mode: asm; mode: flyspell-prog; -*-
(1)       0 :                    /// MC6850
(1)       0 :                    /// Asynchronous Communication Interface Adapter
(1)       0 : =0                 ACIA_status     = 0
(1)       0 : =4                 ACIA_control    = 4
(1)       0 : =1                 ACIA_receive    = 1
(1)       0 : =5                 ACIA_transmit   = 5
(1)       0 :                    //  Counter Divider Select Bits
(1)       0 : =3                 CDS_gm          =       011B    / Group mask
(1)       0 : =0                 CDS_DIV1_gc     =       000B    / /1
(1)       0 : =1                 CDS_DIV16_gc    =       001B    / /16
(1)       0 : =2                 CDS_DIV64_gc    =       010B    / /64
(1)       0 : =3                 CDS_RESET_gc    =       011B    / Master Reset
(1)       0 :                    //  Word Select Bits
(1)       0 : =34                WSB_gm          =       011100B / Group mask
(1)       0 : =0                 WSB_7E2_gc      =       000000B / 7 Bits + Even Parity + 2 Stop Bits
(1)       0 : =4                 WSB_7O2_gc      =       000100B / 7 bits + Odd Parity  + 2 Stop Bits
(1)       0 : =10                WSB_7E1_gc      =       001000B / 7 bits + Even Parity + 1 Stop Bits
(1)       0 : =14                WSB_7O1_gc      =       001100B / 7 bits + Odd Parity  + 1 Stop Bits
(1)       0 : =20                WSB_8N2_gc      =       010000B / 8 bits + No Parity   + 2 Stop Bits
(1)       0 : =24                WSB_8N1_gc      =       010100B / 8 bits + No Parity   + 1 Stop Bits
(1)       0 : =30                WSB_8E1_gc      =       011000B / 8 bits + Even Parity + 1 Stop Bits
(1)       0 : =34                WSB_8O1_gc      =       011100B / 8 bits + Odd Parity  + 1 Stop Bits
(1)       0 :                    //  Transmit Control Bits
(1)       0 : =140               TCB_gm          =     01100000B / Group mask
(1)       0 : =0                 TCB_DI_gc       =     00000000B / RTS=Low,  Tx Interrupt Disabled
(1)       0 : =40                TCB_EI_gc       =     00100000B / RTS=Low,  Tx Interrupt Enabled
(1)       0 : =100               TCB_RTS_gc      =     01000000B / RTS=High, Tx Interrupt Disabled
(1)       0 : =140               TCB_BREAK_gc    =     01100000B / RTS=Low,  Tx Interrupt Disabled
(1)       0 :                                                    / Transmit Break Level
(1)       0 : =200               RIEB_bm         =     10000000B / Receive Interrupt Enable Bit mask
(1)       0 :                    /// Status register
(1)       0 : =1                 RDRF_bm         =     00000001B / Receive Data Register Full
(1)       0 : =2                 TDRE_bm         =     00000010B / Transmit Data Register Empty
(1)       0 : =4                 DCDF_bm         =     00000100B / Data Carrier Detect Flag
(1)       0 : =10                CTSF_bm         =     00001000B / Clear To Send Flag
(1)       0 : =20                FERR_bm         =     00010000B / Frame Error Flag
(1)       0 : =40                OVRN_bm         =     00100000B / Receiver Overrun Flag
(1)       0 : =100               PERR_bm         =     01000000B / Parity Error Flag
(1)       0 : =200               IRQF_bm         =     10000000B / Interrupt Request Flag
          0 :
       4000 :                            *4000
       4000 : =40                rx_queue_size = 40              / 32 words
       4000 :                    rx_queue,
       4040 :                            *.+rx_queue_size
       4040 : =40                tx_queue_size = 40              / 32 words
       4040 :                    tx_queue,
       4100 :                            *.+tx_queue_size
       4100 :
          1 :                            *ORG_INTR
          1 : 5402                       jmp     I .+1
          2 : 2004                       isr
          3 :
       7776 :                            *ORG_RESET-1
       7776 : 0200                       initialize
       7777 : 5776                       jmp     I .-1
      10000 :
         20 :                            *PAGE0
         20 : 0400               I_queue_init,   queue_init
         21 : 0424               I_queue_add,    queue_add
         22 : 0471               I_queue_remove, queue_remove
         23 : 0263               I_getchar,      getchar
         24 : 0243               I_putchar,      putchar        
         25 : 0223               I_putspace,     putspace
         26 : 0231               I_newline,      newline
         27 : 0600               I_set12,        set12
         30 : 0613               I_set24,        set24
         31 : 0624               I_load12,       load12
         32 : 0640               I_load24,       load24
         33 : 0653               I_store24,      store24
         34 : 0666               I_add24,        add24
         35 : 0704               I_sub24,        sub24
         36 : 1200               I_neg24,        neg24
         37 : 1121               I_mul24,        mul24
         40 : 1220               I_div12,        div12
         41 : 1260               I_udiv24,       udiv24
         42 : 1001               I_print_int24,  print_int24
         43 : 1713               I_debug,        debug
         44 :                            
         44 : 0000               arith_ptr,      0       / arithmetic routine work
         45 :                    R0,                     / 24-bit arithmetic accumulator
         45 : 0000               R0L,            0
         46 : 0000               R0H,            0
         47 :                    R1,                     / 24-bit arithmetic operand 1
         47 : 0000               R1L,            0
         50 : 0000               R1H,            0
         51 :                    R2,                     / 24-bit arithmetic operand 2
         51 : 0000               R2L,            0
         52 : 0000               R2H,            0
         53 :
        200 :                            page    1
        200 :                    initialize,
        200 : 7200                       cla
        201 : 1217                       tad     rx_size
        202 : 4420                       jms     I I_queue_init
        203 : 4000                       rx_queue
        204 : 1220                       tad     tx_size
        205 : 4420                       jms     I I_queue_init
        206 : 4040                       tx_queue
        207 :                            // Initialize ACIA
        207 : 1221                       tad     ACIA_config
        210 : 6074                       iot     ACIA ACIA_control
        211 : 1222                       tad     RX_INT_TX_INT
        212 : 6074                       iot     ACIA ACIA_control
        213 :
        213 :                    loop,
        213 : 4616                       jms     I I_mandelbrot
        214 : 4426                       jms     I I_newline
        215 : 5213                       jmp     loop
        216 : 1434               I_mandelbrot,   mandelbrot
        217 :
        217 : 0040               rx_size,        rx_queue_size
        220 : 0040               tx_size,        tx_queue_size
        221 : 0003               ACIA_config,    CDS_RESET_gc
        222 : 0264               RX_INT_TX_INT,  WSB_8N1_gc|RIEB_bm|TCB_EI_gc
        223 :
        223 :                    /// Print space
        223 :                    /// @clobber AC
        223 : 0000               putspace,       .-.
        224 : 7200                       cla
        225 : 1230                       tad     char_space
        226 : 4424                       jms     I I_putchar
        227 : 5623                       jmp     I putspace
        230 : 0040               char_space,     040             / char ' '
        231 :
        231 :                    /// Print new line
        231 :                    /// @clobber AC
        231 : 0000               newline,        .-.
        232 : 7200                       cla
        233 : 1241                       tad     char_CR
        234 : 4424                       jms     I I_putchar
        235 : 7200                       cla
        236 : 1242                       tad     char_LF
        237 : 4424                       jms     I I_putchar
        240 : 5631                       jmp     I newline
        241 : 0015               char_CR,        015             / Carriage return
        242 : 0012               char_LF,        012             / Line feed
        243 :
        243 :                    /// Print character
        243 :                    /// @param AC character
        243 : 0000               putchar,        .-.
        244 : 3261                       dca     putchar_char    / Save character
        245 : 1261                       tad     putchar_char
        246 :                    putchar_loop,
        246 : 6002                       iof
        247 : 4421                       jms     I I_queue_add
        250 : 4040                       tx_queue
        251 : 6001                       ion
        252 : 7420                       snl                     / Skip if L=1
        253 : 5246                       jmp     putchar_loop    / tx_queue is full
        254 : 7200                       cla
        255 : 1262                       tad     ENABLE_TX_INT   / Enable Tx interrupt
        256 : 6074                       iot     ACIA ACIA_control
        257 : 1261                       tad     putchar_char    / Restore character
        260 : 5643                       jmp     I putchar       / Return
        261 : 0000               putchar_char,   0
        262 : 0264               ENABLE_TX_INT,  WSB_8N1_gc|RIEB_bm|TCB_EI_gc
        263 :
        263 :                    /// Read character
        263 :                    /// @return AC character
        263 : 0000               getchar,        .-.
        264 : 6002                       iof                     / Disable interrupt
        265 : 4422                       jms     I I_queue_remove
        266 : 4000                       rx_queue
        267 : 6001                       ion                     / Enable interrupt
        270 : 5663                       jmp     I getchar       / Return
        271 :
        271 :                            include "queue.inc"
(1)     271 :                    /// -*- mode: asm; mode: flyspell-prog; -*-
(1)     271 :
(1)     400 :                            page
(1)     400 :
(1)     400 :                    /// [queue] queue structure
(1)     400 :                    //queue_size      =       0       / negative buffer size
(1)     400 :                    //queue_len       =       1       / queue length
(1)     400 :                    //queue_put       =       2       / queue put index
(1)     400 :                    //queue_get       =       3       / queue get index
(1)     400 :                    //queue_buf       =       4       / buffer start offset
(1)     400 :
(1)     400 :                    /// [queue] Initialize queue
(1)     400 :                    /// @param (PC+1) queue work space pointer
(1)     400 :                    /// @param AC queue work space size
(1)     400 :                    /// @return AC=0
(1)     400 :                    /// @clobber AC
(1)     400 : 0000               queue_init, .-.                 / parameter address
(1)     401 : 1223                       tad     queue_work_size / subtract queue work space
(1)     402 : 7041                       cia                     / AC=-size
(1)     403 : 3264                       dca     queue_tmp       / queue_tmp = -size
(1)     404 : 1600                       tad     I queue_init    / load queue work space pointer
(1)     405 : 2200                       isz     queue_init      / point return address
(1)     406 : 3265                       dca     queue_ptr       / &queue_size
(1)     407 : 1264                       tad     queue_tmp       / AC=-size
(1)     410 : 3665                       dca     I queue_ptr     / queue_size = -size
(1)     411 : 2265                       isz     queue_ptr       / &queue_len
(1)     412 : 1264                       tad     queue_tmp       / -size
(1)     413 : 1223                       tad     queue_work_size / -queue work space
(1)     414 : 7001                       iac                     / offset queue_size
(1)     415 : 3264                       dca     queue_tmp       / counter
(1)     416 :                    queue_init_clear,
(1)     416 : 3665                       dca     I queue_ptr     / *queue_ptr = 0
(1)     417 : 2265                       isz     queue_ptr
(1)     420 : 2264                       isz     queue_tmp
(1)     421 : 5216                       jmp     queue_init_clear
(1)     422 : 5600                       jmp     I queue_init    / return, AC=0
(1)     423 : 7774               queue_work_size,        -4
(1)     424 :
(1)     424 :                    /// [queue] Add an element to queue
(1)     424 :                    /// @param (PC+1) queue work space pointer
(1)     424 :                    /// @param AC an element
(1)     424 :                    /// @return L 0 if queue is full
(1)     424 : 0000               queue_add, .-.                  / parameter/return address
(1)     425 : 3266                       dca     queue_element   / save element
(1)     426 : 1624                       tad     I queue_add     / load queue work space pointer
(1)     427 : 2224                       isz     queue_add       / point to return address
(1)     430 : 3265                       dca     queue_ptr       / &queue_size
(1)     431 : 1665                       tad     I queue_ptr     / AC=-queue_size
(1)     432 : 3264                       dca     queue_tmp       / queue_tmp = -queue_size
(1)     433 : 1264                       tad     queue_tmp       / AC=-queue_size
(1)     434 : 2265                       isz     queue_ptr       / &queue_len
(1)     435 : 1665                       tad     I queue_ptr     / AC=queue_len-queue_size
(1)     436 : 7500                       sma                     / skip if queue_len < queue_size
(1)     437 : 5261                       jmp     queue_add_full
(1)     440 : 2665                       isz     I queue_ptr     / queue_len++
(1)     441 : 2265                       isz     queue_ptr       / &queue_put
(1)     442 : 7200                       cla
(1)     443 : 1665                       tad     I queue_ptr     / AC=queue_put
(1)     444 : 7001                       iac                     / offset queue_put
(1)     445 : 7001                       iac                     / offset queue_get
(1)     446 : 1265                       tad     queue_ptr       / AC=&queue_buf[queue_put]
(1)     447 : 3267                       dca     queue_buf
(1)     450 : 1266                       tad     queue_element   / AC=restore element
(1)     451 : 3667                       dca     I queue_buf     / queue_buf[queue_put]=queue_element
(1)     452 : 2665                       isz     I queue_ptr     / queue_put++
(1)     453 : 1665                       tad     I queue_ptr     / AC=queue_put
(1)     454 : 1264                       tad     queue_tmp       / AC=queue_put-queue_size
(1)     455 : 7700                       sma cla                 / skip if queue_put < queue_size, AC=0
(1)     456 : 3665                       dca     I queue_ptr     / queue_put = 0
(1)     457 : 7320                       stl cla                 / L=1, AC=0
(1)     460 : 7410                       skp
(1)     461 :                    queue_add_full,
(1)     461 : 7300                       cll cla                 / L=0, AC=0
(1)     462 : 1266                       tad     queue_element   / restore
(1)     463 : 5624                       jmp     I queue_add     / return
(1)     464 :
(1)     464 : 0000               queue_tmp,      0
(1)     465 : 0000               queue_ptr,      0               / pointer to queue work space
(1)     466 : 0000               queue_element,  0
(1)     467 : 0000               queue_buf,      0               / pointer to element
(1)     470 : 7777               queue_minus1,   -1              / const -1
(1)     471 :
(1)     471 :                    /// [queue] Remove an element from queue
(1)     471 :                    /// @param (PC+1) queue work space pointer
(1)     471 :                    /// @return AC an element, 0 if empty
(1)     471 :                    /// @return L 0 if queue is empty
(1)     471 : 0000               queue_remove, .-.               / parameter/return address
(1)     472 : 7200                       cla
(1)     473 : 1671                       tad     I queue_remove  / load queue work space pointer
(1)     474 : 2271                       isz     queue_remove    / point to return address
(1)     475 : 3265                       dca     queue_ptr       / &queue_size
(1)     476 : 1665                       tad     I queue_ptr     / -queue_size
(1)     477 : 3264                       dca     queue_tmp       / queue_tmp = -queue_size
(1)     500 : 2265                       isz     queue_ptr       / &queue_len
(1)     501 : 1665                       tad     I queue_ptr     / AC=queue_len
(1)     502 : 7450                       sna                     / skip if queue_len != 0
(1)     503 : 5326                       jmp     queue_remove_empty
(1)     504 : 1270                       tad     queue_minus1    / AC=queue_len-1
(1)     505 : 3665                       dca     I queue_ptr     / queue_len--
(1)     506 : 2265                       isz     queue_ptr       / &queue_put
(1)     507 : 2265                       isz     queue_ptr       / &queue_get
(1)     510 : 1665                       tad     I queue_ptr     / AC=queue_get
(1)     511 : 7001                       iac                     / offset queue_get
(1)     512 : 1265                       tad     queue_ptr       / AC=&queue_buf[queue_get]
(1)     513 : 3267                       dca     queue_buf
(1)     514 : 1667                       tad     I queue_buf     / AC=queue_buf[queue_get]
(1)     515 : 3266                       dca     queue_element   / save element
(1)     516 : 2665                       isz     I queue_ptr     / queue_get
(1)     517 : 1665                       tad     I queue_ptr     / AC=queue_get
(1)     520 : 1264                       tad     queue_tmp       / AC=queue_get-queue_size
(1)     521 : 7700                       sma cla                 / skip if queue_get < queue_size, AC=0
(1)     522 : 3665                       dca     I queue_ptr     / queue_get = 0
(1)     523 : 7320                       stl cla                 / L=1 AC=0
(1)     524 : 1266                       tad     queue_element   / restore element
(1)     525 : 5671                       jmp     I queue_remove  / return
(1)     526 :                    queue_remove_empty,
(1)     526 : 7300                       cll cla                 / L=0 AC=0
(1)     527 : 5671                       jmp     I queue_remove  / return
        530 :
        600 :                            page
        600 :                            include "arith.inc"
(1)     600 :                    /// -*- mode: asm; mode: flyspell-prog; -*-
(1)     600 :
(1)     600 :                    /// Set 12-bit immediate value to destination
(1)     600 :                    /// @param (PC+1) 12-bit immediate value
(1)     600 :                    /// @param (PC+2) destination address
(1)     600 :                    /// @return AC=0
(1)     600 : 0000               set12,          .-.
(1)     601 : 7200                       cla
(1)     602 : 1600                       tad     I set12         / immediate value
(1)     603 : 2200                       isz     set12           / advance to destination address
(1)     604 : 3045                       dca     R0L             / save value
(1)     605 : 1600                       tad     I set12         / destination address
(1)     606 : 2200                       isz     set12           / advance to return address
(1)     607 : 3044                       dca     arith_ptr       / pointer to destination
(1)     610 : 1045                       tad     R0L             / restore value
(1)     611 : 3444                       dca     I arith_ptr     / store value to destination
(1)     612 : 5600                       jmp     I set12         / return, AC=0
(1)     613 :
(1)     613 :                    /// Set 24-bit immediate value to R0
(1)     613 :                    /// @param (PC+1) low 12 bit value
(1)     613 :                    /// @param (PC+2) high 12-bit value
(1)     613 :                    /// @return AC=0
(1)     613 : 0000               set24,          .-.
(1)     614 : 7200                       cla
(1)     615 : 1613                       tad     I set24         / AC=low(value)
(1)     616 : 3045                       dca     R0L             / store low(R0)
(1)     617 : 2213                       isz     set24           / advance to high(value)
(1)     620 : 1613                       tad     I set24         / AC=high(value)
(1)     621 : 3046                       dca     R0H             / store high(R0), AC=0
(1)     622 : 2213                       isz     set24           / advance to return address
(1)     623 : 5613                       jmp     I set24         / return, AC=0
(1)     624 :
(1)     624 :                    /// Load 12-bit data to R0 with sign extend
(1)     624 :                    /// @param (PC+1) source address
(1)     624 :                    /// @return R0 24-bit sign extended value
(1)     624 :                    /// @return AC=0
(1)     624 : 0000               load12,         .-.
(1)     625 : 7200                       cla
(1)     626 : 1624                       tad     I load12        / source address
(1)     627 : 2224                       isz     load12          / advance to return address
(1)     630 : 3044                       dca     arith_ptr       / pointer to source
(1)     631 : 1444                       tad     I arith_ptr     / 12-bit value
(1)     632 : 3045                       dca     R0L             / store low(R0)
(1)     633 : 1045                       tad     R0L
(1)     634 : 7710                       spa cla                 / Skip if R0L >= 0, AC=0
(1)     635 : 7240                       sta                     / AC=-1
(1)     636 : 3046                       dca     R0H             / store high(R0)
(1)     637 : 5624                       jmp     I load12        / return, AC=0
(1)     640 :
(1)     640 :                    /// Load 24-bit data to R0
(1)     640 :                    /// @param (PC+1) source address
(1)     640 :                    /// @return AC=0
(1)     640 : 0000               load24,         .-.
(1)     641 : 7200                       cla
(1)     642 : 1640                       tad     I load24        / source address
(1)     643 : 2240                       isz     load24          / advance to return address
(1)     644 : 3044                       dca     arith_ptr       / pointer to low(source)
(1)     645 : 1444                       tad     I arith_ptr     / AC=low(source)
(1)     646 : 3045                       dca     R0L             / store low(R0)
(1)     647 : 2044                       isz     arith_ptr       / advance to high(source)
(1)     650 : 1444                       tad     I arith_ptr     / AC=high(source)
(1)     651 : 3046                       dca     R0H             / store high(R0), AC=0
(1)     652 : 5640                       jmp     I load24        / return
(1)     653 :
(1)     653 :                    /// Store 24-bit data from R0
(1)     653 :                    /// @param (PC+1) destination address
(1)     653 :                    /// @return AC=0
(1)     653 : 0000               store24,         .-.
(1)     654 : 7200                       cla
(1)     655 : 1653                       tad     I store24       / destination address
(1)     656 : 2253                       isz     store24         / advance to return address
(1)     657 : 3044                       dca     arith_ptr       / pointer to low(destination)
(1)     660 : 1045                       tad     R0L             / load low(R0)
(1)     661 : 3444                       dca     I arith_ptr     / store low(destination)
(1)     662 : 1046                       tad     R0H             / load high(R0)
(1)     663 : 2044                       isz     arith_ptr       / advance to high(destination)
(1)     664 : 3444                       dca     I arith_ptr     / store high(destination), AC=0
(1)     665 : 5653                       jmp     I store24       / return
(1)     666 :
(1)     666 :                    /// 24-bit addition; R0 += source
(1)     666 :                    /// @param (PC+1) source address
(1)     666 :                    /// @return AC=0
(1)     666 : 0000               add24,          .-.
(1)     667 : 7300                       cla cll                 / AC=0 L=0
(1)     670 : 1666                       tad     I add24        / source address
(1)     671 : 2266                       isz     add24           / advance to return address
(1)     672 : 3044                       dca     arith_ptr       / pointer to low(source)
(1)     673 : 1045                       tad     R0L             / AC=low(R0) L=0
(1)     674 : 1444                       tad     I arith_ptr     / add low(source)
(1)     675 : 3045                       dca     R0L             / store low(R0)
(1)     676 : 7004                       ral                     / AC=carry L=0
(1)     677 : 1046                       tad     R0H             / AC=high(R0)+carry
(1)     700 : 2044                       isz     arith_ptr       / advance to high(source)
(1)     701 : 1444                       tad     I arith_ptr     / add high(source)
(1)     702 : 3046                       dca     R0H             / store high(R0), AC=0
(1)     703 : 5666                       jmp     I add24         / return
(1)     704 :
(1)     704 :                    /// 24-bit subtraction; R0 -= source
(1)     704 :                    /// @param (PC+1) source address
(1)     704 :                    /// @return AC=0
(1)     704 :                    /// @return L=0 if borrow
(1)     704 : 0000               sub24,          .-.
(1)     705 : 7200                       cla
(1)     706 : 1704                       tad     I sub24         / source address
(1)     707 : 2304                       isz     sub24           / advance to return address
(1)     710 : 3044                       dca     arith_ptr       / pointer to low(source)
(1)     711 : 1444                       tad     I arith_ptr     / AC=low(source)
(1)     712 : 7161                       stl cia                 / negate to form 13-bit negative
(1)     713 : 1045                       tad     R0L             / AC=low(R0)-low(source)
(1)     714 : 3045                       dca     R0L             / L=0 if borrowed
(1)     715 : 7004                       ral                     / propagate complemented borrow
(1)     716 : 2044                       isz     arith_ptr       / advance to high(source)
(1)     717 : 1444                       tad     I arith_ptr     / AC=high(source)
(1)     720 : 7061                       cia cml                 / form 13-bit negative
(1)     721 : 1046                       tad     R0H             / add high(R0)
(1)     722 : 3046                       dca     R0H             / store high(R0), AC=0
(1)     723 : 5704                       jmp     I sub24         / return
(1)     724 :
(1)    1000 :                            page
(1)    1000 :
(1)    1000 :                    /// Print signed 24-bit integer as decimal
(1)    1000 :                    /// @param R0 value
(1)    1000 :                    /// @return AC=0
(1)    1000 :                    /// @clobber R0 R1 R2
(1)    1000 : 0055               char_minus,     055             / '-'
(1)    1001 : 0000               print_int24,    .-.
(1)    1002 : 7200                       cla
(1)    1003 : 1046                       tad     R0H
(1)    1004 : 7700                       sma cla                 / Skip if R0 < 0, AC=0
(1)    1005 : 5212                       jmp     print_uint24
(1)    1006 : 1200                       tad     char_minus
(1)    1007 : 4424                       jms     I I_putchar     / print '-'
(1)    1010 : 4436                       jms     I I_neg24
(1)    1011 : 0045                       R0                      / negate R0
(1)    1012 :                    print_uint24,
(1)    1012 : 3650                       dca     I print_uint24_ptr      / *ptr++ = EOS
(1)    1013 : 2250                       isz     print_uint24_ptr
(1)    1014 :                    print_uint24_loop,              / AC=0
(1)    1014 : 1045                       tad     R0L
(1)    1015 : 3047                       dca     R1L
(1)    1016 : 1046                       tad     R0H
(1)    1017 : 3050                       dca     R1H             / R1 = R0 (dividend)
(1)    1020 : 1247                       tad     const_10
(1)    1021 : 3051                       dca     R2L
(1)    1022 : 3052                       dca     R2H             / R2 = 10 (divisor)
(1)    1023 : 4441                       jms     I I_udiv24      / R0=value/10, AC=0
(1)    1024 : 1047                       tad     R1L             / remainder
(1)    1025 : 1246                       tad     char_0          / '0'
(1)    1026 : 3650                       dca     I print_uint24_ptr      / store 'digit'
(1)    1027 : 2250                       isz     print_uint24_ptr        / advance ptr
(1)    1030 : 1045                       tad     R0L             / low(quotient)
(1)    1031 : 7640                       sza cla                 / Skip if low(quotient) == 0, AC=0
(1)    1032 : 5214                       jmp     print_uint24_loop       / while quotient != 0
(1)    1033 : 1046                       tad     R0H             / high(quotient)
(1)    1034 : 7640                       sza cla                 / Skip if high(quotient) == 0, AC=0
(1)    1035 : 5214                       jmp     print_uint24_loop       / while quotient != 0
(1)    1036 :                    print_uint24_print,
(1)    1036 : 7240                       sta                     / AC=-1
(1)    1037 : 1250                       tad     print_uint24_ptr        / --ptr
(1)    1040 : 3250                       dca     print_uint24_ptr
(1)    1041 : 1650                       tad     I print_uint24_ptr      / AC=*ptr
(1)    1042 : 7450                       sna                     / Skip if not EOS
(1)    1043 : 5601                       jmp     I print_int24   / return, AC=0, ptr=buf
(1)    1044 : 4424                       jms     I I_putchar     / print 'digit'
(1)    1045 : 5236                       jmp     print_uint24_print
(1)    1046 :
(1)    1046 : 0060               char_0,         060             / char '0'
(1)    1047 : 0012               const_10,       012             / const 10
(1)    1050 :                    print_uint24_ptr,
(1)    1050 : 1051                       print_uint24_buf        / string pointer
(1)    1051 :                    print_uint24_buf,               / buffer, UINT24_MAX=16777215
(1)    1062 :                            *(.+11)                 / 9 words (8 chars + EOS)
(1)    1062 :
(1)    1062 :                    /// Unsigned 24-bit multiply; product = multiplicand * multiplier
(1)    1062 :                    /// @param R1 multiplicand
(1)    1062 :                    /// @param R2 multiplier
(1)    1062 :                    /// @return R0 product
(1)    1062 :                    /// @return AC=0
(1)    1062 :                    /// @clobber R1 R2
(1)    1062 : 0000               umul24,         .-.
(1)    1063 : 7200                       cla
(1)    1064 : 3045                       dca     R0L
(1)    1065 : 3046                       dca     R0H             / clear product
(1)    1066 : 5311                       jmp     umul24_check    / AC=0
(1)    1067 :                    umul24_loop,
(1)    1067 : 7300                       cla cll                 / AC=0 L=0
(1)    1070 : 1052                       tad     R2H
(1)    1071 : 7010                       rar
(1)    1072 : 3052                       dca     R2H
(1)    1073 : 1051                       tad     R2L
(1)    1074 : 7010                       rar
(1)    1075 : 3051                       dca     R2L             / multiplier >>= 1
(1)    1076 : 7420                       snl                     / Skip LSB=1
(1)    1077 : 5302                       jmp     umul24_next
(1)    1100 : 4434                       jms     I I_add24
(1)    1101 : 0047                       R1                      / product += multiplicand
(1)    1102 :                    umul24_next,
(1)    1102 : 7300                       cla cll                 / AC=0 L=0
(1)    1103 : 1047                       tad     R1L
(1)    1104 : 7004                       ral
(1)    1105 : 3047                       dca     R1L
(1)    1106 : 1050                       tad     R1H
(1)    1107 : 7004                       ral
(1)    1110 : 3050                       dca     R1H             / multiplicand <<= 1
(1)    1111 :                    umul24_check,
(1)    1111 : 1051                       tad     R2L             / low(multiplier)
(1)    1112 : 7640                       sza cla                 / Skip if low(multiplier) == 0, AC=0
(1)    1113 : 5267                       jmp     umul24_loop     / while until multiplier != 0
(1)    1114 : 1052                       tad     R2H             / high(multiplier)
(1)    1115 : 7640                       sza cla                 / Skip if high(multiplier) == 0, AC=0
(1)    1116 : 5267                       jmp     umul24_loop     / while until multiplier != 0
(1)    1117 : 5662                       jmp     I umul24        / return, AC=0
(1)    1120 :
(1)    1120 :                    /// Signed 24-bit multiply; R0 *= source
(1)    1120 :                    /// @param R0 multiplicand
(1)    1120 :                    /// @param (PC+1) multiplier source address
(1)    1120 :                    /// @return R0 product
(1)    1120 :                    /// @return AC=0
(1)    1120 :                    /// @clobber R1 R2
(1)    1120 : 0000               mul24_sign,     0
(1)    1121 : 0000               mul24,          .-.
(1)    1122 : 7200                       cla
(1)    1123 : 3320                       dca     mul24_sign      / clear sign
(1)    1124 : 1721                       tad     I mul24         / source address
(1)    1125 : 2321                       isz     mul24           / advance to return address
(1)    1126 : 3044                       dca     arith_ptr       / pointer to low(source)
(1)    1127 : 1444                       tad     I arith_ptr     / low(source)
(1)    1130 : 3051                       dca     R2L             / low(multiplier)
(1)    1131 : 2044                       isz     arith_ptr       / advance to high(source)
(1)    1132 : 1444                       tad     I arith_ptr     / high(source)
(1)    1133 : 3052                       dca     R2H             / high(multiplier)
(1)    1134 : 1052                       tad     R2H
(1)    1135 : 7700                       sma cla                 / skip if multiplier<0, AC=0
(1)    1136 : 5342                       jmp     mul24_multiplicand
(1)    1137 : 2320                       isz     mul24_sign      / sign++
(1)    1140 : 4436                       jms     I I_neg24       / negate multiplier
(1)    1141 : 0051                       R2
(1)    1142 :                    mul24_multiplicand,
(1)    1142 : 1045                       tad     R0L
(1)    1143 : 3047                       dca     R1L             / low(multiplicand)
(1)    1144 : 1046                       tad     R0H
(1)    1145 : 3050                       dca     R1H             / high(multiplicand)
(1)    1146 : 1050                       tad     R1H
(1)    1147 : 7500                       sma                     / skip if multiplicand<0
(1)    1150 : 5354                       jmp     mul24_multiply
(1)    1151 : 2320                       isz     mul24_sign      / sign++
(1)    1152 : 4436                       jms     I I_neg24       / negate multiplicand
(1)    1153 : 0047                       R1
(1)    1154 :                    mul24_multiply,
(1)    1154 : 4262                       jms     umul24          / R0 = R1 * R2
(1)    1155 : 1320                       tad     mul24_sign
(1)    1156 : 7010                       rar                     / L=LSB(sign)
(1)    1157 : 7620                       snl cla                 / Skip if L=1, AC=0
(1)    1160 : 5363                       jmp     mul24_return
(1)    1161 : 4436                       jms     I I_neg24
(1)    1162 : 0045                       R0                      / negate product
(1)    1163 :                    mul24_return,
(1)    1163 : 5721                       jmp     I mul24         / return
(1)    1164 :
(1)    1200 :                            page
(1)    1200 :
(1)    1200 :                    /// Negate 24-bit; source = -source
(1)    1200 :                    /// @param (PC+1) source address
(1)    1200 :                    /// @return AC=0
(1)    1200 : 0000               neg24,          .-.
(1)    1201 : 7200                       cla
(1)    1202 : 1600                       tad     I neg24         / source address
(1)    1203 : 2200                       isz     neg24           / advance to return address
(1)    1204 : 3044                       dca     arith_ptr       / pointer to low(source)
(1)    1205 : 1444                       tad     I arith_ptr     / low(source)
(1)    1206 : 7141                       cia cll                 / negate AC, L=1 if AC=0
(1)    1207 : 3444                       dca     I arith_ptr     / store low(source)
(1)    1210 : 2044                       isz     arith_ptr
(1)    1211 : 1444                       tad     I arith_ptr     / AC=high(source)
(1)    1212 : 7040                       cma                     / ~AC
(1)    1213 : 7430                       szl                     / skip if L=0
(1)    1214 : 7001                       iac                     / AC += L
(1)    1215 : 3444                       dca     I arith_ptr     / store high(source), AC=0
(1)    1216 : 5600                       jmp     I neg24         / return
(1)    1217 :
(1)    1217 :                    /// Signed 24bit/12-bit division; quotient = dividend / divisor ... remainder
(1)    1217 :                    /// @param R0 dividend
(1)    1217 :                    /// @param (PC+1) 12-bit divisor
(1)    1217 :                    /// @return R0 quotient
(1)    1217 :                    /// @return R1 remainder
(1)    1217 :                    /// @return AC=0
(1)    1217 :                    /// @clobber R2
(1)    1217 : 0000               div12_sign,     0
(1)    1220 : 0000               div12,          .-.
(1)    1221 : 7200                       cla
(1)    1222 : 3217                       dca     div12_sign      / clear sign
(1)    1223 : 1620                       tad     I div12
(1)    1224 : 2220                       isz     div12
(1)    1225 : 3044                       dca     arith_ptr
(1)    1226 : 1444                       tad     I arith_ptr     / AC=divisor
(1)    1227 : 7500                       sma                     / Skip if divisor < 0
(1)    1230 : 5233                       jmp     div12_divisor_plus
(1)    1231 : 2217                       isz     div12_sign      / sign++
(1)    1232 : 7041                       cia                     / negate divisor
(1)    1233 :                    div12_divisor_plus,
(1)    1233 : 3051                       dca     R2L             / R2L=|divisor|
(1)    1234 : 3052                       dca     R2H             / R2H=0
(1)    1235 : 1045                       tad     R0L
(1)    1236 : 3047                       dca     R1L             / R1=dividend
(1)    1237 : 1046                       tad     R0H
(1)    1240 : 3050                       dca     R1H
(1)    1241 : 1050                       tad     R1H
(1)    1242 : 7500                       sma                     / skip if R0H<0
(1)    1243 : 5247                       jmp     div12_divide
(1)    1244 : 2217                       isz     div12_sign      / sign++
(1)    1245 : 4436                       jms     I I_neg24       / negate dividend
(1)    1246 : 0047                       R1
(1)    1247 :                    div12_divide,
(1)    1247 : 4260                       jms     udiv24          / R0 = R1 / R2 ... R1
(1)    1250 : 1217                       tad     div12_sign
(1)    1251 : 7010                       rar                     / L=LSB(sign)
(1)    1252 : 7620                       snl cla                 / Skip if L=1, AC=0
(1)    1253 : 5256                       jmp     div12_return
(1)    1254 : 4436                       jms     I I_neg24
(1)    1255 : 0045                       R0                      / negate R0, AC=0
(1)    1256 :                    div12_return,
(1)    1256 : 5620                       jmp     I div12         / return, AC=0
(1)    1257 :
(1)    1257 :                    // Unsigned 24-bit division; quotient = dividend / divisor ... remainder
(1)    1257 :                    // @param R1 dividend
(1)    1257 :                    // @param R2 divisor
(1)    1257 :                    // @return R0 quotient
(1)    1257 :                    // @return R1 remainder
(1)    1257 :                    // @return AC=0
(1)    1257 :                    // @clobber R2
(1)    1257 : 0000               udiv24_bits,    0
(1)    1260 : 0000               udiv24,         .-.
(1)    1261 : 7200                       cla
(1)    1262 : 3045                       dca     R0L
(1)    1263 : 3046                       dca     R0H             / quitient = 0
(1)    1264 : 1051                       tad     R2L
(1)    1265 : 7440                       sza                     / skip low(divisor) == 0
(1)    1266 : 5273                       jmp     udiv24_setup
(1)    1267 : 1052                       tad     R2H
(1)    1270 : 7440                       sza                     / skip high(divisor) == 0
(1)    1271 : 5273                       jmp     udiv24_setup
(1)    1272 : 5660                       jmp     I udiv24        / return as divide by zero, AC=0
(1)    1273 :                    udiv24_setup,
(1)    1273 : 7201                       cla iac                 / AC=1
(1)    1274 : 3257                       dca     udiv24_bits     / bits=1
(1)    1275 : 5306                       jmp     udiv24_prep     / AC=0
(1)    1276 :                    udiv24_prep_loop,
(1)    1276 : 7300                       cla cll                 / AC=0 L=0
(1)    1277 : 1051                       tad     R2L
(1)    1300 : 7004                       ral
(1)    1301 : 3051                       dca     R2L
(1)    1302 : 1052                       tad     R2H
(1)    1303 : 7004                       ral
(1)    1304 : 3052                       dca     R2H             / divisor <<= 1, AC=0
(1)    1305 : 2257                       isz     udiv24_bits     / bits++
(1)    1306 :                    udiv24_prep,
(1)    1306 : 1052                       tad     R2H
(1)    1307 : 7700                       sma cla                 / skip if MSB(divisor)=1, AC=0
(1)    1310 : 5276                       jmp     udiv24_prep_loop        / while MSB(divisor)=0
(1)    1311 : 5331                       jmp     udiv24_enter_loop       / AC=0
(1)    1312 :                    udiv24_loop,
(1)    1312 : 3257                       dca     udiv24_bits
(1)    1313 : 7300                       cla cll                 / AC=0 L=0
(1)    1314 : 1052                       tad     R2H
(1)    1315 : 7010                       rar
(1)    1316 : 3052                       dca     R2H
(1)    1317 : 1051                       tad     R2L
(1)    1320 : 7010                       rar
(1)    1321 : 3051                       dca     R2L             / divisor >= 1
(1)    1322 : 7300                       cla cll                 / AC=0 L=0
(1)    1323 : 1045                       tad     R0L
(1)    1324 : 7004                       ral
(1)    1325 : 3045                       dca     R0L
(1)    1326 : 1046                       tad     R0H
(1)    1327 : 7004                       ral
(1)    1330 : 3046                       dca     R0H             / quotient <<= 1, LSB(quotient)=0
(1)    1331 :                    udiv24_enter_loop,
(1)    1331 : 1051                       tad     R2L             / low(divisor)
(1)    1332 : 7161                       stl cia                 / negate to form 13-bit negative
(1)    1333 : 1047                       tad     R1L             / low(dividend)
(1)    1334 : 3047                       dca     R1L             / dividend -= divisor
(1)    1335 : 7004                       ral                     / propagate complemented borrow
(1)    1336 : 1052                       tad     R2H             / high(divisor)
(1)    1337 : 7061                       cia cml                 / form 13-bit negative
(1)    1340 : 1050                       tad     R1H             / high(dividend)
(1)    1341 : 3050                       dca     R1H             / dividend -= divisor
(1)    1342 : 7430                       szl                     / skip if L=0 (no borrow)
(1)    1343 : 5346                       jmp     udiv24_readd    / if dividend < divisor
(1)    1344 : 2045                       isz     R0L             / LSB(quotient)=1
(1)    1345 : 5356                       jmp     udiv24_next
(1)    1346 :                    udiv24_readd,
(1)    1346 : 7300                       cla cll                 / AC=0 L=0
(1)    1347 : 1051                       tad     R2L             / low(divisor)
(1)    1350 : 1047                       tad     R1L             / low(dividend)
(1)    1351 : 3047                       dca     R1L             / dividend += divisor
(1)    1352 : 7004                       ral                     / AC=carry L=0
(1)    1353 : 1052                       tad     R2H             / high(divisor)
(1)    1354 : 1050                       tad     R1H             / high(dividend)
(1)    1355 : 3050                       dca     R1H             / dividend += divisor
(1)    1356 :                    udiv24_next,
(1)    1356 : 7240                       sta                     / AC=-1
(1)    1357 : 1257                       tad     udiv24_bits     / AC=bits-1
(1)    1360 : 7440                       sza                     / skip if bits == 0
(1)    1361 : 5312                       jmp     udiv24_loop     / while bits != 0
(1)    1362 : 5660                       jmp     I udiv24        / return, AC=0
       1363 :
       1400 :                            page
       1400 :                            include "mandelbrot.inc"
(1)    1400 :                    /// -*- mode: asm; mode: flyspell-prog* -*-
(1)    1400 :
(1)    1400 :                    /// Mandelbrot draw variables
(1)    1400 : 0000               vC,     0
(1)    1401 : 0000                       0
(1)    1402 : 0000               vD,     0
(1)    1403 : 0000                       0
(1)    1404 : 0000               vA,     0
(1)    1405 : 0000                       0
(1)    1406 : 0000               vB,     0
(1)    1407 : 0000                       0
(1)    1410 : 0000               vS,     0
(1)    1411 : 0000                       0
(1)    1412 : 0000               vP,     0
(1)    1413 : 0000                       0
(1)    1414 : 0000               vQ,     0
(1)    1415 : 0000                       0
(1)    1416 : 0000               vT,     0
(1)    1417 : 0000                       0
(1)    1420 : 0000               vTMP,   0
(1)    1421 : 0000                       0
(1)    1422 :
(1)    1422 :                            decimal
(1)    1422 : 7764               const_m12,      -12     / 12-bit constant -12
(1)    1423 : 7717               const_m49,      -49     / 12-bit constant -49
(1)    1424 :                    const_229,              / 24-bit constant 229
(1)    1424 : 0345                       229
(1)    1425 : 0000                       0
(1)    1426 : 0144               const_100,      100     / 12-bit constant 100
(1)    1427 :                    const_416,              / 24-bit constant 416
(1)    1427 : 0640                       416
(1)    1430 : 0000                       0
(1)    1431 :                    const_F,                / 12-bit/24-bit constant 50
(1)    1431 : 0062                       50
(1)    1432 : 0000                       0
(1)    1433 :                            octal
(1)    1433 :
(1)    1433 :                    mandelbrot_end,
(1)    1433 : 5634                       jmp     I mandelbrot
(1)    1434 : 0000               mandelbrot,     .-.
(1)    1435 : 4427                       jms     I I_set12       / Y=-12
(1)    1436 : 7764                       -14                     / const -12
(1)    1437 : 1664                       vY
(1)    1440 :                    loop_y,
(1)    1440 : 4427                       jms     I I_set12       / X=-49
(1)    1441 : 7717                       -61                     / const -49
(1)    1442 : 1663                       vX
(1)    1443 :                    loop_x,
(1)    1443 : 4431                       jms     I I_load12      / R0=X
(1)    1444 : 1663                       vX
(1)    1445 : 4437                       jms     I I_mul24       / R0=X*229
(1)    1446 : 1424                       const_229
(1)    1447 : 4440                       jms     I I_div12       / R0=X*229/100
(1)    1450 : 1426                       const_100
(1)    1451 : 4433                       jms     I I_store24     / C=X*229/100
(1)    1452 : 1400                       vC
(1)    1453 : 4433                       jms     I I_store24     / A=C
(1)    1454 : 1404                       vA
(1)    1455 : 4431                       jms     I I_load12      / R0=Y
(1)    1456 : 1664                       vY
(1)    1457 : 4437                       jms     I I_mul24
(1)    1460 : 1427                       const_416               / R0=Y*416
(1)    1461 : 4440                       jms     I I_div12 
(1)    1462 : 1426                       const_100               / R0=Y*416/100
(1)    1463 : 4433                       jms     I I_store24     / D=Y*416/100
(1)    1464 : 1402                       vD
(1)    1465 : 4433                       jms     I I_store24     / B=D
(1)    1466 : 1406                       vB
(1)    1467 : 4427                       jms     I I_set12       / I=0
(1)    1470 : 0000                       0
(1)    1471 : 1632                       vI
(1)    1472 :
(1)    1472 :                    /        jms     I I_load12      / R0=Y
(1)    1472 :                    /        vY
(1)    1472 :                    /        jms     I I_debug
(1)    1472 :                    /        131                     / char 'Y'
(1)    1472 :                    /        jms     I I_load12      / R0=X
(1)    1472 :                    /        vX
(1)    1472 :                    /        jms     I I_debug
(1)    1472 :                    /        130                     / char 'X'
(1)    1472 :                    /        jms     I I_load24      / R0=C
(1)    1472 :                    /        vC
(1)    1472 :                    /        jms     I I_debug
(1)    1472 :                    /        103                     / char 'C'
(1)    1472 :                    /        jms     I I_load24      / R0=D
(1)    1472 :                    /        vD
(1)    1472 :                    /        jms     I I_debug
(1)    1472 :                    /        104                     / char 'D'
(1)    1472 :                    /        jms     I I_newline
(1)    1472 :
(1)    1472 :                    loop_i,
(1)    1472 : 4432                       jms     I I_load24
(1)    1473 : 1406                       vB
(1)    1474 : 4440                       jms     I I_div12 
(1)    1475 : 1431                       const_F                 / R0=B/F
(1)    1476 : 4433                       jms     I I_store24     / Q=B/F
(1)    1477 : 1414                       vQ
(1)    1500 : 4436                       jms     I I_neg24       / R0=-Q
(1)    1501 : 1414                       vQ
(1)    1502 : 4437                       jms     I I_mul24       / R0=-Q*F
(1)    1503 : 1431                       const_F
(1)    1504 : 4434                       jms     I I_add24       / R0=B-Q*F
(1)    1505 : 1406                       vB
(1)    1506 : 4433                       jms     I I_store24     / S=B-B*F
(1)    1507 : 1410                       vS
(1)    1510 : 4432                       jms     I I_load24
(1)    1511 : 1406                       vB
(1)    1512 : 4437                       jms     I I_mul24       / R0=B*B
(1)    1513 : 1406                       vB
(1)    1514 : 4433                       jms     I I_store24
(1)    1515 : 1420                       vTMP                    / TMP=B*B
(1)    1516 : 4432                       jms     I I_load24
(1)    1517 : 1404                       vA
(1)    1520 : 4437                       jms     I I_mul24       / R0=A*A
(1)    1521 : 1404                       vA
(1)    1522 : 4435                       jms     I I_sub24       / R0=A*A-B*B
(1)    1523 : 1420                       vTMP
(1)    1524 : 4440                       jms     I I_div12       / R0=(A*A-B*B)/F
(1)    1525 : 1431                       const_F
(1)    1526 : 4434                       jms     I I_add24       / R0=(A*A-B*B)/F+C
(1)    1527 : 1400                       vC
(1)    1530 : 4433                       jms     I I_store24
(1)    1531 : 1420                       vTMP                    / TMP=(A*A-B*B)/F+C
(1)    1532 : 4432                       jms     I I_load24
(1)    1533 : 1404                       vA
(1)    1534 : 4437                       jms     I I_mul24       / R0=A*Q
(1)    1535 : 1414                       vQ
(1)    1536 : 4433                       jms     I I_store24
(1)    1537 : 1416                       vT                      / T=A*Q
(1)    1540 : 4432                       jms     I I_load24
(1)    1541 : 1404                       vA
(1)    1542 : 4437                       jms     I I_mul24       / R0=A*S
(1)    1543 : 1410                       vS
(1)    1544 : 4440                       jms     I I_div12       / R0=A*S/F
(1)    1545 : 1431                       const_F
(1)    1546 : 4434                       jms     I I_add24       / R0=A*Q+A*S/F
(1)    1547 : 1416                       vT
(1)    1550 : 4433                       jms     I I_store24     / T=A*Q+A*S/F
(1)    1551 : 1416                       vT
(1)    1552 : 4434                       jms     I I_add24       / R0=2*(A*Q+A*S/F)
(1)    1553 : 1416                       vT
(1)    1554 : 4434                       jms     I I_add24       / R0=2*(A*Q+A*S/F)+D
(1)    1555 : 1402                       vD
(1)    1556 : 4433                       jms     I I_store24     / B=2*(A*Q+A*S/F)+D
(1)    1557 : 1406                       vB
(1)    1560 : 4432                       jms     I I_load24
(1)    1561 : 1420                       vTMP
(1)    1562 : 4433                       jms     I I_store24     / A=(A*A-B*B)/F+C
(1)    1563 : 1404                       vA
(1)    1564 : 4440                       jms     I I_div12       / R0=A/F
(1)    1565 : 1431                       const_F
(1)    1566 : 4433                       jms     I I_store24     / P=A/F
(1)    1567 : 1412                       vP
(1)    1570 : 4437                       jms     I I_mul24       / R0=P*P
(1)    1571 : 1412                       vP
(1)    1572 : 4433                       jms     I I_store24     / T=P*P
(1)    1573 : 1416                       vT
(1)    1574 : 4432                       jms     I I_load24      / R0=B
(1)    1575 : 1406                       vB
(1)    1576 : 4440                       jms     I I_div12       / R0=B/F
(1)    1577 : 1431                       const_F
(1)    1600 : 4433                       jms     I I_store24     / Q=B/F
(1)    1601 : 1414                       vQ
(1)    1602 : 4437                       jms     I I_mul24       / R0=Q*Q
(1)    1603 : 1414                       vQ
(1)    1604 : 4434                       jms     I I_add24       / R0=P*P+Q*Q
(1)    1605 : 1416                       vT
(1)    1606 : 4433                       jms     I I_store24     / T=P*P+Q*Q
(1)    1607 : 1416                       vT
(1)    1610 :
(1)    1610 :                    /        jms     I I_putspace
(1)    1610 :                    /        jms     I I_load12      / R0=I
(1)    1610 :                    /        vI
(1)    1610 :                    /        jms     I I_debug
(1)    1610 :                    /        111                     / char 'I'
(1)    1610 :                    /        jms     I I_load24      / R0=A
(1)    1610 :                    /        vA
(1)    1610 :                    /        jms     I I_debug
(1)    1610 :                    /        101                     / char 'A'
(1)    1610 :                    /        jms     I I_load24      / R0=B
(1)    1610 :                    /        vB
(1)    1610 :                    /        jms     I I_debug
(1)    1610 :                    /        102                     / char 'B'
(1)    1610 :                    /        jms     I I_load24      / R0=P
(1)    1610 :                    /        vP
(1)    1610 :                    /        jms     I I_debug
(1)    1610 :                    /        120                     / char 'P'
(1)    1610 :                    /        jms     I I_load24      / R0=Q
(1)    1610 :                    /        vQ
(1)    1610 :                    /        jms     I I_debug
(1)    1610 :                    /        121                     / char 'Q'
(1)    1610 :                    /        jms     I I_load24      / R0=T
(1)    1610 :                    /        vT
(1)    1610 :                    /        jms     I I_debug
(1)    1610 :                    /        124                     / char 'T'
(1)    1610 :                    /        jms     I I_newline
(1)    1610 :
(1)    1610 : 4432                       jms     I I_load24
(1)    1611 : 1416                       vT                      / R0=T
(1)    1612 : 1046                       tad     R0H             / high(T>=0)
(1)    1613 : 7440                       sza                     / skip if high(T) == 0
(1)    1614 : 5242                       jmp     print_i
(1)    1615 : 1045                       tad     R0L             / low(T)
(1)    1616 : 1233                       tad     const_m5        / T-5
(1)    1617 : 7700                       sma cla                 / skip if T-5<0
(1)    1620 : 5242                       jmp     print_i         / if 4<T (T>=5)
(1)    1621 : 1232                       tad     vI
(1)    1622 : 7001                       iac
(1)    1623 : 3232                       dca     vI              / I+=1
(1)    1624 : 1232                       tad     vI
(1)    1625 : 1234                       tad     const_m16       / I-16
(1)    1626 : 7710                       spa cla                 / skip if I-16>=0
(1)    1627 : 5637                       jmp     I I_loop_i      / if I<16
(1)    1630 : 4425                       jms     I I_putspace    / print ' '
(1)    1631 : 5255                       jmp     check_break
(1)    1632 :
(1)    1632 : 0000               vI,             0
(1)    1633 :                            decimal
(1)    1633 : 7773               const_m5,       -5              / const -5
(1)    1634 : 7760               const_m16,      -16             / const -16
(1)    1635 : 7766               const_m10,      -10             / const -10
(1)    1636 : 7742               const_m30,      -30             / const -30
(1)    1637 :                            octal
(1)    1637 : 1472               I_loop_i,       loop_i
(1)    1640 : 0101               char_A,         101             / char 'A'
(1)    1641 : 0060               char_zero,      060             / char '0'
(1)    1642 :
(1)    1642 :                    print_i,
(1)    1642 : 7200                       cla
(1)    1643 : 1232                       tad     vI
(1)    1644 : 1235                       tad     const_m10       / I-10
(1)    1645 : 7510                       spa                     / if I>=10
(1)    1646 : 5251                       jmp     print_dec       / if I<10
(1)    1647 : 1240                       tad     char_A          / I-10+'A'
(1)    1650 : 5254                       jmp     print_char
(1)    1651 :                    print_dec,
(1)    1651 : 7200                       cla
(1)    1652 : 1232                       tad     vI
(1)    1653 : 1241                       tad     char_zero       / '0'
(1)    1654 :                    print_char,
(1)    1654 : 4424                       jms     I I_putchar
(1)    1655 :
(1)    1655 :                    /        dca     R1L             / save character
(1)    1655 :                    /        jms     I I_set24       / R0='@':'='
(1)    1655 :                    /        100                     / char '@'
(1)    1655 :                    /        075                     / char '='
(1)    1655 :                    /        tad     R0L
(1)    1655 :                    /        jms     I I_putchar     / print '@'
(1)    1655 :                    /        cla
(1)    1655 :                    /        tad     R0H
(1)    1655 :                    /        jms     I I_putchar     / print '='
(1)    1655 :                    /        cla
(1)    1655 :                    /        tad     R1L             / restore character
(1)    1655 :                    /        jms     I I_putchar     / print character
(1)    1655 :                    /        jms     I I_newline
(1)    1655 :
(1)    1655 :                    check_break,
(1)    1655 : 4423                       jms     I I_getchar
(1)    1656 : 7420                       snl                     / Skip if L=1
(1)    1657 : 5266                       jmp     next_x
(1)    1660 : 7440                       sza                     / Skip if AC=0
(1)    1661 : 5266                       jmp     next_x
(1)    1662 : 7402                       hlt                     / halt to system
(1)    1663 :
(1)    1663 : 0000               vX,             0
(1)    1664 : 0000               vY,             0
(1)    1665 :                            decimal
(1)    1665 : 7763               const_m13,      -13             / const -13
(1)    1666 :                            octal
(1)    1666 :
(1)    1666 :                    next_x,
(1)    1666 : 7200                       cla
(1)    1667 : 1263                       tad     vX
(1)    1670 : 7001                       iac
(1)    1671 : 3263                       dca     vX              / X+=1
(1)    1672 : 1263                       tad     vX
(1)    1673 : 1236                       tad     const_m30       / X-30
(1)    1674 : 7510                       spa                     / Skip if X-30>=0
(1)    1675 : 5710                       jmp     I I_loop_x      / if X<30
(1)    1676 :                    next_y,
(1)    1676 : 4426                       jms     I I_newline
(1)    1677 : 7200                       cla
(1)    1700 : 1264                       tad     vY
(1)    1701 : 7001                       iac
(1)    1702 : 3264                       dca     vY              / Y+=1
(1)    1703 : 1264                       tad     vY
(1)    1704 : 1265                       tad     const_m13       / Y-13
(1)    1705 : 7510                       spa                     / Skip if Y-13>=0
(1)    1706 : 5711                       jmp     I I_loop_y      / if Y<13
(1)    1707 : 5712                       jmp     I I_mandelbrot_end
(1)    1710 : 1443               I_loop_x,               loop_x
(1)    1711 : 1440               I_loop_y,               loop_y
(1)    1712 : 1433               I_mandelbrot_end,       mandelbrot_end
(1)    1713 :
(1)    1713 :                    /// Print variable: "name=R0 "
(1)    1713 :                    /// @param (PC+1) variable name
(1)    1713 :                    /// @return AC=0
(1)    1713 :                    /// @clobber AC R0 R1 R2
(1)    1713 : 0000               debug,          .-.
(1)    1714 : 7200                       cla
(1)    1715 : 1713                       tad     I debug         / AC=name
(1)    1716 : 2313                       isz     debug           / advance to return address
(1)    1717 : 4424                       jms     I I_putchar     / print 'name'
(1)    1720 : 7200                       cla
(1)    1721 : 1327                       tad     char_equal      / char '='
(1)    1722 : 4424                       jms     I I_putchar     / print '='
(1)    1723 : 4442                       jms     I I_print_int24 / print variable
(1)    1724 : 4425                       jms     I I_putspace    / print ' '
(1)    1725 : 7200                       cla                     / AC=0
(1)    1726 : 5713                       jmp     I debug         / return
(1)    1727 : 0075               char_equal,     075             / char '='
       1730 :
       2000 :                            page
       2000 :                    /// Interrupt service routine
       2000 : 0001               bit_receive,    RDRF_bm
       2001 : 0002               bit_transmit,   TDRE_bm
       2002 : 0000               isr_AC,         0
       2003 : 0000               isr_FLAGS,      0
       2004 :                    isr,
       2004 : 3202                       dca     isr_AC
       2005 : 6004                       gtf
       2006 : 3203                       dca     isr_FLAGS
       2007 : 6070                       iot     ACIA ACIA_status
       2010 : 0200                       and     bit_receive
       2011 : 7650                       sna cla                 / Skip if received data exists
       2012 : 5216                       jmp     isr_send
       2013 : 6071                       iot     ACIA ACIA_receive
       2014 : 4421                       jms     I I_queue_add
       2015 : 4000                       rx_queue
       2016 :                    isr_send,
       2016 : 7200                       cla
       2017 : 6070                       iot     ACIA ACIA_status
       2020 : 0201                       and     bit_transmit
       2021 : 7650                       sna cla                 / Skip if transmitter is ready
       2022 : 5230                       jmp     isr_exit
       2023 : 4422                       jms     I I_queue_remove
       2024 : 4040                       tx_queue
       2025 : 7420                       snl                     / Skip if L=1
       2026 : 5235                       jmp     isr_send_empty  / L=0 AC=0
       2027 : 6075                       iot     ACIA ACIA_transmit
       2030 :                    isr_exit,
       2030 : 1203                       tad     isr_FLAGS
       2031 : 6005                       rtf                     / Restore FLAGS
       2032 : 1202                       tad     isr_AC          / Restore AC
       2033 : 5400                       jmp     I PC_INTR       / Return
       2034 : 0224               DISABLE_TX_NO,   WSB_8N1_gc|RIEB_bm
       2035 :                    isr_send_empty,
       2035 : 1234                       tad     DISABLE_TX_NO
       2036 : 6074                       iot     ACIA ACIA_control
       2037 : 5230                       jmp     isr_exit
       2040 :
