          0 :                    ;;; -*- mode: asm; mode: flyspell-prog; -*-
          0 :                            cpu     6100
          0 :                            option  implicit-word, on
          0 :
          0 :                    ;;; Control panel space
          0 : =0                 pc = 0000                       ; PC
          0 : =1                 ac = 0001                       ; AC
          0 : =2                 mq = 0002                       ; MQ
          0 : =3                 flags = 0003                    ; FLAGS, AC0=LINK, AC4=IEFF
          0 :
       7777 :                            *7777
       7777 : 5200                       jmp     save
      10000 :
       7600 :                            *7600
       7600 :                    save,
       7600 : 3001                       dca     ac              ; Store AC
       7601 : 7701                       acl                     ; MQ->AC
       7602 : 3002                       dca     mq              ; Store MQ
       7603 : 6004                       gtf                     ; FLAGS->AC
       7604 : 3003                       dca     flags           ; Store AC
       7605 : 5200                       jmp     save
       7606 :
       7606 :                    restore,
       7606 : 7200                       cla
       7607 : 1002                       tad     mq              ; Load MQ
       7610 : 7501                       mqa                     ; AC->MQ
       7611 : 7200                       cla
       7612 : 1003                       tad     flags
       7613 : 7004                       ral                     ; AC0 -> LINK
       7614 : 7200                       cla
       7615 : 1001                       tad     ac              ; Load AC
       7616 : 6001                       ion                     ; IEFF=0
       7617 : 5400                       jmp     I pc            ;
       7620 :
       7620 :                    textASCII,
       7620 : 0324                       "T
       7621 : 0305                       "E
       7622 : 0330                       "X
       7623 : 0324                       "T
       7624 :                    textDEC,
       7624 : 2405 3024 0000             TEXT    /TEXT/
