          0 :                    ;;; -*- mode: asm; mode: flyspell-prog; -*-
          0 :                            cpu     1802
          0 :                            option  "smart-branch", "on"
          0 :                            include "cdp1802.inc"
(1)       0 :                    ;;; -*- mode: asm; mode: flyspell-prog; -*-
(1)       0 :
(1)       0 :                    ;;; CDP1802 register alias
(1)       0 : =0                 R0:     equ     0
(1)       0 : =1                 R1:     equ     1
(1)       0 : =2                 R2:     equ     2
(1)       0 : =3                 R3:     equ     3
(1)       0 : =4                 R4:     equ     4
(1)       0 : =5                 R5:     equ     5
(1)       0 : =6                 R6:     equ     6
(1)       0 : =7                 R7:     equ     7
(1)       0 : =8                 R8:     equ     8
(1)       0 : =9                 R9:     equ     9
(1)       0 : =A                 R10:    equ     10
(1)       0 : =B                 R11:    equ     11
(1)       0 : =C                 R12:    equ     12
(1)       0 : =D                 R13:    equ     13
(1)       0 : =E                 R14:    equ     14
(1)       0 : =F                 R15:    equ     15
(1)       0 :
(1)       0 :                    ;;; Transfer locations
(1)       0 : =0                 ORG_RESET:      equ     0000H   ; Reset transfer location
          0 :
          0 :                            org     ORG_RESET
          0 : 71                         dis                     ; disable interrupt
          1 : 00                         dc      X'00'           ; X:P=0:0
          2 : 30 04                      br      scrt_init
          4 :                            include "scrt.inc"
(1)       4 :                    ;;; -*- mode: asm; mode: flyspell-prog; -*-
(1)       4 :
(1)       4 :                    ;;; Standard Call and Return Technique
(1)       4 :                    ;;; R0: DMA pointer
(1)       4 :                    ;;; R1: Program counter for Interrupt routine
(1)       4 :                    ;;; R2: Stack pointer
(1)       4 :                    ;;; R3: Program counter
(1)       4 :                    ;;; R4: Link register, pointer to the return location and arguments
(1)       4 :                    ;;;     passed by the calling program
(1)       4 :                    ;;; R5: Dedicated program counter for CALL routine
(1)       4 :                    ;;; R6: Dedicated program counter for RETURN routine
(1)       4 :
(1)       4 :                    ;;; Call subroutine
(1)       4 :                    ;;;   SEP R5
(1)       4 :                    ;;;   DC  A(subroutine)
(1)       4 :                    ;;;   DC  arguments...
(1)       4 :                    ;;; Subroutine return
(1)       4 :                    ;;;   SEP R6
(1)       4 :                    ;;; Return from interrupt
(1)       4 :                    ;;;   SEP R1
(1)       4 :
(1)       4 :                    ;;; Initialize for SCRT, P=0
(1)       4 :                    ;;; @param P!=3
(1)       4 :                    ;;; @param stack top address of stack
(1)       4 :                    ;;; @param main start address of main routine
(1)       4 :                    ;;; @return P=3
(1)       4 :                    ;;; @return R1=scrt_isr
(1)       4 :                    ;;; @return R2=stack
(1)       4 :                    ;;; @return R3=main
(1)       4 :                    ;;; @return R5=scrt_call
(1)       4 :                    ;;; @return R6=scrt_return
(1)       4 :                    ;;; @clobber D, R15
(1)       4 :                    scrt_init:
(1)       4 : F8 00                      ldi     A.1(scrt_start)
(1)       6 : B3                         phi     R3
(1)       7 : F8 0B                      ldi     A.0(scrt_start)
(1)       9 : A3                         plo     R3
(1)       A : D3                         sep     R3              ; P=3
(1)       B :                    scrt_start:
(1)       B : F8 00                      ldi     A.1(scrt_init_tab)
(1)       D : BF                         phi     R15
(1)       E : F8 24                      ldi     A.0(scrt_init_tab)
(1)      10 : AF                         plo     R15
(1)      11 : 4F                         lda     R15             ; setup interrupt
(1)      12 : B1                         phi     R1
(1)      13 : 4F                         lda     R15
(1)      14 : A1                         plo     R1
(1)      15 : 4F                         lda     R15             ; setup stack
(1)      16 : B2                         phi     R2
(1)      17 : 4F                         lda     R15
(1)      18 : A2                         plo     R2
(1)      19 : 4F                         lda     R15             ; setup call
(1)      1A : B5                         phi     R5
(1)      1B : 4F                         lda     R15
(1)      1C : A5                         plo     R5
(1)      1D : 4F                         lda     R15             ; setup return
(1)      1E : B6                         phi     R6
(1)      1F : 4F                         lda     R15
(1)      20 : A6                         plo     R6
(1)      21 : C0 10 00                   br      main            ; goto main with P=3
(1)      24 :
(1)      24 :                    scrt_init_tab:
(1)      24 : 00 62                      dc      A(scrt_isr)     ; R1
(1)      26 : 0F FF                      dc      A(stack)        ; R2
(1)      28 : 00 2D                      dc      A(scrt_call)    ; R5
(1)      2A : 00 3F                      dc      A(scrt_return)  ; R6
(1)      2C :
(1)      2C :                    ;;; Call subroutine, P=5
(1)      2C :                    ;;; @param M(R3):M(R3+1) subroutine address
(1)      2C :                    ;;; @param M(R3+2) optional arguments, depending on a subroutine called.
(1)      2C :                    ;;; @return R4 points optional arguments
(1)      2C :                    ;;; @return M(R2) R4.1, R4.0
(1)      2C :                    ;;; @clobber R15.1, X
(1)      2C :                    ;;; @unchanged D, DF, IE, R0, R1, R7-R14, R15.0
(1)      2C :                    scrt_call_exit:
(1)      2C : D3                         sep     R3              ; go to subroutine
(1)      2D :                    scrt_call:
(1)      2D : BF                         phi     R15             ; save D to R15.1
(1)      2E : E2                         sex     R2              ; select stack
(1)      2F : 84                         glo     R4              ; push old link register R4
(1)      30 : 73                         stxd
(1)      31 : 94                         ghi     R4
(1)      32 : 73                         stxd
(1)      33 : 93                         ghi     R3              ; load link register
(1)      34 : B4                         phi     R4
(1)      35 : 83                         glo     R3
(1)      36 : A4                         plo     R4
(1)      37 : 44                         lda     R4              ; load the address of subroutine
(1)      38 : B3                         phi     R3
(1)      39 : 44                         lda     R4
(1)      3A : A3                         plo     R3              ; R3=subroutine address
(1)      3B : 9F                         ghi     R15             ; restore D
(1)      3C : 30 2C                      br      scrt_call_exit
(1)      3E :
(1)      3E :                    ;;; Return subroutine, P=6
(1)      3E :                    ;;; @param R4 return address
(1)      3E :                    ;;; @oaram M(R2) R4.1, R4.0, X:P(3)
(1)      3E :                    ;;; @clobber R15.1, X
(1)      3E :                    ;;; @unchanged D, DF, R0, R1, R7-R14, R15.0
(1)      3E :                    scrt_return_exit:
(1)      3E : D3                         sep     R3              ; return to subroutine caller
(1)      3F :                    scrt_return:
(1)      3F : BF                         phi     R15             ; save D to R15.1
(1)      40 : 94                         ghi     R4              ; load return address from link register
(1)      41 : B3                         phi     R3
(1)      42 : 84                         glo     R4
(1)      43 : A3                         plo     R3
(1)      44 : E2                         sex     R2              ; select stack
(1)      45 : 60                         irx
(1)      46 : 72                         ldxa                    ; pop link register R4
(1)      47 : B4                         phi     R4
(1)      48 : F0                         ldx
(1)      49 : A4                         plo     R4
(1)      4A : 9F                         ghi     R15             ; restore D
(1)      4B : 30 3E                      br      scrt_return_exit
(1)      4D :
(1)      4D :                    ;;; Interrupt exit entry P=1
(1)      4D :                    ;;;  (Come here by SEP R1)
(1)      4D :                    scrt_isr_exit:
(1)      4D : 60                         irx
(1)      4E : 72                         ldxa                    ; pop program counter R3
(1)      4F : B3                         phi     R3
(1)      50 : 72                         ldxa
(1)      51 : A3                         plo     R3
(1)      52 : 72                         ldxa                    ; pop call pointer R5
(1)      53 : B5                         phi     R5
(1)      54 : 72                         ldxa
(1)      55 : A5                         plo     R5
(1)      56 : 72                         ldxa                    ; pop return pointer R6
(1)      57 : B6                         phi     R6
(1)      58 : 72                         ldxa
(1)      59 : A6                         plo     R6
(1)      5A : 72                         ldxa                    ; pop scratch pad register R15
(1)      5B : BF                         phi     R15
(1)      5C : 72                         ldxa
(1)      5D : AF                         plo     R15
(1)      5E : 72                         ldxa                    ; pop DF into D:MSB
(1)      5F : FE                         shl                     ; restore DF
(1)      60 : 72                         ldxa                    ; pop D
(1)      61 : 70                         ret                     ; restore X,P IE=1
(1)      62 :                            ;; R1 points scrt_isr
(1)      62 :                    ;;; CDP1802 interrupt entry, X=2, P=1, IE=0
(1)      62 :                    ;;; @unchanged D, DF, X, P, R3, R5, R6, R15
(1)      62 :                    scrt_isr:
(1)      62 :                            ;; R2[0] must be preserved because it may be in the pop process
(1)      62 : 22                         dec     R2
(1)      63 : 78                         sav                     ; push X,P
(1)      64 : 22                         dec     R2
(1)      65 : 73                         stxd                    ; push D
(1)      66 : 76                         shrc                    ; MSB of D=DF
(1)      67 : 73                         stxd                    ; push DF
(1)      68 : 8F                         glo     R15             ; push scratch pad register R15
(1)      69 : 73                         stxd
(1)      6A : 9F                         ghi     R15
(1)      6B : 73                         stxd
(1)      6C : 86                         glo     R6              ; push return pointer R6
(1)      6D : 73                         stxd
(1)      6E : 96                         ghi     R6
(1)      6F : 73                         stxd
(1)      70 : 85                         glo     R5              ; push call pointer R5
(1)      71 : 73                         stxd
(1)      72 : 95                         ghi     R5
(1)      73 : 73                         stxd
(1)      74 : 83                         glo     R3              ; push program counter R3
(1)      75 : 73                         stxd
(1)      76 : 93                         ghi     R3
(1)      77 : 73                         stxd
(1)      78 :                            ;; Initialize SCRT registers because interrupt service routine
(1)      78 :                            ;; may use call/return
(1)      78 : F8 00                      ldi     A.1(scrt_call)  ; initialize call pointer R5
(1)      7A : B5                         phi     R5
(1)      7B : F8 2D                      ldi     A.0(scrt_call)
(1)      7D : A5                         plo     R5
(1)      7E : F8 00                      ldi     A.1(scrt_return) ; initialize return pointer R6
(1)      80 : B6                         phi     R6
(1)      81 : F8 3F                      ldi     A.0(scrt_return)
(1)      83 : A6                         plo     R6
(1)      84 :                            ;;
(1)      84 : F8 10                      ldi     A.1(isr)
(1)      86 : B3                         phi     R3
(1)      87 : F8 65                      ldi     A.0(isr)
(1)      89 : A3                         plo     R3
(1)      8A : D3                         sep     R3              ; call interrupt service routine with P=3
(1)      8B : 30 4D                      br      scrt_isr_exit   ; return from isr by SEP R1
         8D :
         8D :                    ;;; MC6850 Asynchronous Communication Interface Adapter
         8D : =4                 ACIA:   equ     4
         8D :                            include "mc6850.inc"
(1)      8D :                    ;;; -*- mode: asm; mode: flyspell-prog; -*-
(1)      8D :
(1)      8D :                    ;;; MC6850
(1)      8D :                    ;;; Asynchronous Communication Interface Adapter
(1)      8D :
(1)      8D :                    ;;; Control register
(1)      8D : =4                 ACIA_control:   equ     ACIA+0
(1)      8D :                            ;; Counter Divider Select Bits
(1)      8D : =3                 CDS_gm:         equ     11b    ; Group mask
(1)      8D : =0                 CDS_DIV1_gc:    equ     00000000B ; /1
(1)      8D : =1                 CDS_DIV16_gc:   equ     00000001B ; /16
(1)      8D : =2                 CDS_DIV64_gc:   equ     00000010B ; /64
(1)      8D : =3                 CDS_RESET_gc:   equ     00000011B ; Master Reset
(1)      8D :                            ;; Word Select Bits
(1)      8D : =1C                WSB_gm:         equ     00011100B ; Group mask
(1)      8D : =0                 WSB_7E2_gc:     equ     00000000B ; 7 Bits + Even Parity + 2 Stop Bits
(1)      8D : =4                 WSB_7O2_gc:     equ     00000100B ; 7 bits + Odd Parity  + 2 Stop Bits
(1)      8D : =8                 WSB_7E1_gc:     equ     00001000B ; 7 bits + Even Parity + 1 Stop Bits
(1)      8D : =C                 WSB_7O1_gc:     equ     00001100B ; 7 bits + Odd Parity  + 1 Stop Bits
(1)      8D : =10                WSB_8N2_gc:     equ     00010000B ; 8 bits + No Parity   + 2 Stop Bits
(1)      8D : =14                WSB_8N1_gc:     equ     00010100B ; 8 bits + No Parity   + 1 Stop Bits
(1)      8D : =18                WSB_8E1_gc:     equ     00011000B ; 8 bits + Even Parity + 1 Stop Bits
(1)      8D : =1C                WSB_8O1_gc:     equ     00011100B ; 8 bits + Odd Parity  + 1 Stop Bits
(1)      8D :                            ;; Transmit Control Bits
(1)      8D : =60                TCB_gm:         equ     01100000B ; Group mask
(1)      8D : =0                 TCB_DI_gc:      equ     00000000B ; RTS=Low,  Tx Interrupt Disabled
(1)      8D : =20                TCB_EI_gc:      equ     00100000B ; RTS=Low,  Tx Interrupt Enabled
(1)      8D : =40                TCB_RTS_gc:     equ     01000000B ; RTS=High, Tx Interrupt Disabled
(1)      8D : =60                TCB_BREAK_gc:   equ     01100000B ; RTS=Low,  Tx Interrupt Disabled
(1)      8D :                                                      ; Transmit Break Level
(1)      8D : =80                RIEB_bm:        equ     10000000B ; Receive Interrupt Enable Bit mask
(1)      8D :
(1)      8D :                    ;;; Status register
(1)      8D : =4                 ACIA_status:    equ     ACIA+0
(1)      8D : =1                 RDRF_bm:        equ     00000001B ; Receive Data Register Full
(1)      8D : =2                 TDRE_bm:        equ     00000010B ; Transmit Data Register Empty
(1)      8D : =4                 DCDF_bm:        equ     00000100B ; Data Carrier Detect Flag
(1)      8D : =8                 CTSF_bm:        equ     00001000B ; Clear To Send Flag
(1)      8D : =10                FERR_bm:        equ     00010000B ; Frame Error Flag
(1)      8D : =20                OVRN_bm:        equ     00100000B ; Receiver Overrun Flag
(1)      8D : =40                PERR_bm:        equ     01000000B ; Parity Error Flag
(1)      8D : =80                IRQF_bm:        equ     10000000B ; Interrupt Request Flag
(1)      8D :
(1)      8D :                    ;;; Data register
(1)      8D : =5                 ACIA_data:      equ     ACIA+1          ; Data register
         8D :
       2000 :                            org     X'2000'
       2000 :
       2000 : =80                rx_queue_size:  equ     128
       2000 : =80                tx_queue_size:  equ     128
       2000 : =94                RX_INT_TX_NO:   equ     WSB_8N1_gc|RIEB_bm
       2000 : =B4                RX_INT_TX_INT:  equ     WSB_8N1_gc|RIEB_bm|TCB_EI_gc
       2000 :
       2000 :                    rx_queue:
       2080 :                            org     *+rx_queue_size
       2080 :                    tx_queue:
       2100 :                            org     *+tx_queue_size
       2100 :
       2100 : =FFF               stack:  equ     X'1000'-1
       2100 :
       1000 :                            org     X'1000'
       1000 :                    main:
       1000 : D5                         sep     R5
       1001 : 10 A7                      dc      A(queue_init)   ; call queue_init
       1003 : 20 00                      dc      A(rx_queue)
       1005 : 80                         dc      rx_queue_size
       1006 : D5                         sep     R5
       1007 : 10 A7                      dc      A(queue_init)   ; call queue_init
       1009 : 20 80                      dc      A(tx_queue)
       100B : 80                         dc      tx_queue_size
       100C :                            ;; initialize ACIA
       100C : F8 10                      ldi     A.1(ACIA_config)
       100E : B8                         phi     R8
       100F : F8 1B                      ldi     A.0(ACIA_config)
       1011 : A8                         plo     R8
       1012 : E8                         sex     R8              ; R8 for out
       1013 : 64                         out     ACIA_control    ; Master reset
       1014 : 64                         out     ACIA_control    ; Set mode
       1015 : E3                         sex     R3
       1016 : 70                         ret
       1017 : 33                         dc      X'33'           ; enable interrupt
       1018 : E2                         sex     R2
       1019 : 30 1D                      br      loop
       101B :
       101B :                    ACIA_config:
       101B : 03                         dc      CDS_RESET_gc    ; Master reset
       101C : 94                         dc      RX_INT_TX_NO
       101D :
       101D :                    loop:
       101D : D5                         sep     R5              ; call mandelbrot
       101E : 13 2C                      dc      A(mandelbrot)
       1020 : D5                         sep     R5
       1021 : 10 57                      dc      A(newline)
       1023 : 30 1D                      br      loop
       1025 :
       1025 :                    ;;; Get character
       1025 :                    ;;; @return R7.0 char
       1025 :                    ;;; @return A 0 if no char received
       1025 :                    getchar:
       1025 : E3                         sex     R3
       1026 : 71                         dis                     ; disable interrupt
       1027 : 33                         dc      X'33'
       1028 : E2                         sex     R2
       1029 : D5                         sep     R5              ; call queue_remove
       102A : 11 01                      dc      A(queue_remove)
       102C : 20 00                      dc      A(rx_queue)
       102E : E3                         sex     R3
       102F : 70                         ret                     ; enable interrupt
       1030 : 33                         dc      X'33'
       1031 : E2                         sex     R2
       1032 : D6                         sep     R6              ; return
       1033 :
       1033 :                    ;;; Put character
       1033 :                    ;;; @param D char
       1033 :                    ;;; @unchanged D
       1033 :                    ;;; @clobber R15
       1033 :                    putchar:
       1033 : 73                         stxd                    ; save D
       1034 : AF                         plo     R15             ; save D to scratch pad
       1035 : 87                         glo     R7              ; save R7.0
       1036 : 73                         stxd
       1037 : 8F                         glo     R15             ; restore D
       1038 :                            ;;
       1038 : A7                         plo     R7              ; R7.0=char
       1039 :                    putchar_loop:
       1039 : E3                         sex     R3
       103A : 71                         dis                     ; disable interrupt
       103B : 33                         dc      X'33'
       103C : E2                         sex     R2
       103D : D5                         sep     R5              ; call queue_add
       103E : 10 C6                      dc      A(queue_add)
       1040 : 20 80                      dc      A(tx_queue)
       1042 : E3                         sex     R3
       1043 : 70                         ret                     ; enable interrupt
       1044 : 33                         dc      X'33'
       1045 : E2                         sex     R2
       1046 : 32 39                      bz      putchar_loop    ; retry if queue is full
       1048 : F8 10                      ldi     A.1(putchar_txint)
       104A : BF                         phi     R15
       104B : F8 56                      ldi     A.0(putchar_txint)
       104D : AF                         plo     R15
       104E : EF                         sex     R15             ; R15 for out
       104F : 64                         out     ACIA_control
       1050 :                    putchar_exit:
       1050 : E2                         sex     R2
       1051 : 60                         irx
       1052 : 72                         ldxa                    ; restore R7.0
       1053 : A7                         plo     R7
       1054 : F0                         ldx                     ; restore D
       1055 : D6                         sep     R6              ; return
       1056 :                    putchar_txint:
       1056 : B4                         dc      RX_INT_TX_INT   ; enable Tx interrupt
       1057 :
       1057 :                    ;;; Print out newline
       1057 :                    ;;; @clobber D R15.0
       1057 :                    newline:
       1057 : F8 0D                      ldi     X'0D'
       1059 : D5                         sep     R5              ; call
       105A : 10 33                      dc      A(putchar)
       105C : F8 0A                      ldi     X'0A'
       105E : 30 33                      br      putchar
       1060 :
       1060 :                    ;;; Print out space
       1060 :                    ;;; @clobber D R15.0
       1060 :                    putspace:
       1060 : F8 20                      ldi     T' '
       1062 : 30 33                      br      putchar
       1064 :
       1064 :                    ;;; From scrt_isr, X=2, P=3
       1064 :                    isr_char:
       1064 : 00                         dc      0
       1065 :                    isr:
       1065 : 88                         glo     R8              ; save R8
       1066 : 73                         stxd
       1067 : 98                         ghi     R8
       1068 : 73                         stxd
       1069 : 87                         glo     R7              ; save R7
       106A : 73                         stxd
       106B : 97                         ghi     R7
       106C : 73                         stxd
       106D :                            ;;
       106D : F8 10                      ldi     A.1(isr_char)
       106F : B8                         phi     R8
       1070 : F8 64                      ldi     A.0(isr_char)
       1072 : A8                         plo     R8
       1073 : E8                         sex     R8              ; R8 for inp/out
       1074 : 6C                         inp     ACIA_status
       1075 : FA 80                      ani     IRQF_bm
       1077 : 32 9C                      bz      isr_exit
       1079 : 6C                         inp     ACIA_status
       107A : FA 01                      ani     RDRF_bm
       107C : 32 85                      bz      isr_send        ; no data is received
       107E : 6D                         inp     ACIA_data
       107F : A7                         plo     R7
       1080 : D5                         sep     R5              ; call queue_add
       1081 : 10 C6                      dc      A(queue_add)
       1083 : 20 00                      dc      A(rx_queue)
       1085 :                    isr_send:
       1085 : 6C                         inp     ACIA_status
       1086 : FA 02                      ani     TDRE_bm
       1088 : 32 9C                      bz      isr_exit
       108A : D5                         sep     R5              ; call queue_remove
       108B : 11 01                      dc      A(queue_remove)
       108D : 20 80                      dc      A(tx_queue)
       108F : 32 97                      bz      isr_send_empty
       1091 : 87                         glo     R7
       1092 : 58                         str     R8              ; send character
       1093 : E8                         sex     R8              ; R8 for out
       1094 : 65                         out     ACIA_data
       1095 : 30 9C                      br      isr_exit
       1097 :                    isr_send_empty:
       1097 : F8 94                      ldi     RX_INT_TX_NO    ; disable Tx interrupt
       1099 : 58                         str     R8
       109A : E8                         sex     R8              ; R8 for out
       109B : 64                         out     ACIA_control
       109C :                    isr_exit:
       109C : E2                         sex     R2
       109D : 60                         irx
       109E : 72                         ldxa                    ; restore R7
       109F : B7                         phi     R7
       10A0 : 72                         ldxa
       10A1 : A7                         plo     R7
       10A2 : 72                         ldxa                    ; restore R8
       10A3 : B8                         phi     R8
       10A4 : F0                         ldx
       10A5 : A8                         plo     R8
       10A6 : D1                         sep     R1              ; return to scrt_isr
       10A7 :
       10A7 :                            include "queue.inc"
(1)    10A7 :                    ;;; -*- mode: asm; mode: flyspell-prog; -*-
(1)    10A7 :                    ;;; [queue] queue structure
(1)    10A7 : =0                 queue_len:      equ     0       ; queue length
(1)    10A7 : =1                 queue_size:     equ     1       ; buffer size
(1)    10A7 : =2                 queue_put:      equ     2       ; queue put index
(1)    10A7 : =3                 queue_get:      equ     3       ; queue get index
(1)    10A7 : =4                 queue_buf:      equ     4       ; buffer start offset
(1)    10A7 :
(1)    10A7 :                    ;;; [queue] Initialize queue
(1)    10A7 :                    ;;; @param R4+0 queue work space pointer
(1)    10A7 :                    ;;; @param R4+2 queue work space size
(1)    10A7 :                    ;;; @clobber D, R15
(1)    10A7 :                    queue_init:
(1)    10A7 : 8E                         glo     R14             ; save R14.0
(1)    10A8 : 73                         stxd
(1)    10A9 :                            ;;
(1)    10A9 : 44                         lda     R4
(1)    10AA : BF                         phi     R15
(1)    10AB : 44                         lda     R4
(1)    10AC : AF                         plo     R15             ; R15=queue space pointer
(1)    10AD : F8 00                      ldi     0
(1)    10AF : 5F                         str     R15             ; clear queue_len
(1)    10B0 : 1F                         inc     R15
(1)    10B1 : 44                         lda     R4              ; queue space size
(1)    10B2 : FF 04                      smi     queue_buf       ; calculate queue size
(1)    10B4 : 5F                         str     R15             ; store queue_size
(1)    10B5 : FC 02                      adi     2               ; for queue_put and queue_get
(1)    10B7 : AE                         plo     R14             ; R14.0: byte counter
(1)    10B8 :                    queue_init_clear:
(1)    10B8 : F8 00                      ldi     0
(1)    10BA : 1F                         inc     R15
(1)    10BB : 5F                         str     R15             ; clear memory
(1)    10BC : 8E                         glo     R14
(1)    10BD : FF 01                      smi     1
(1)    10BF : AE                         plo     R14             ; decrement byte counter
(1)    10C0 : 3A B8                      bnz     queue_init_clear
(1)    10C2 :                            ;;
(1)    10C2 : 60                         irx
(1)    10C3 : F0                         ldx                     ; restore R14.0
(1)    10C4 : AE                         plo     R14
(1)    10C5 : D6                         sep     R6              ; return
(1)    10C6 :
(1)    10C6 :                    ;;; [queue] Add an element to queue
(1)    10C6 :                    ;;; @param R4+0 queue work space pointer
(1)    10C6 :                    ;;; @param R7.0 an element
(1)    10C6 :                    ;;; @return D 0 if queue is full
(1)    10C6 :                    queue_add:
(1)    10C6 : 8E                         glo     R14             ; save R14
(1)    10C7 : 73                         stxd
(1)    10C8 : 9E                         ghi     R14
(1)    10C9 : 73                         stxd
(1)    10CA :                            ;;
(1)    10CA : 44                         lda     R4
(1)    10CB : BF                         phi     R15
(1)    10CC : 44                         lda     R4
(1)    10CD : AF                         plo     R15             ; R15=queue space pointer
(1)    10CE : EF                         sex     R15
(1)    10CF : 72                         ldxa                    ; load queue_len
(1)    10D0 : F3                         xor                     ; queue_len ^ queue_size
(1)    10D1 : 32 F8                      bz      queue_add_return ; branch if D=0
(1)    10D3 : 2F                         dec     R15
(1)    10D4 : 8F                         glo     R15
(1)    10D5 : FC 04                      adi     queue_buf
(1)    10D7 : AE                         plo     R14
(1)    10D8 : 9F                         ghi     R15
(1)    10D9 : 7C 00                      adci    0
(1)    10DB : BE                         phi     R14             ; R14=&queue_buf[0]
(1)    10DC : 0F                         ldn     R15
(1)    10DD : FC 01                      adi     1
(1)    10DF : 5F                         str     R15             ; queue_len++
(1)    10E0 : 8E                         glo     R14
(1)    10E1 : 1F                         inc     R15
(1)    10E2 : 1F                         inc     R15
(1)    10E3 : EF                         sex     R15
(1)    10E4 : F4                         add                     ; add queue_put
(1)    10E5 : AE                         plo     R14
(1)    10E6 : 9E                         ghi     R14
(1)    10E7 : 7C 00                      adci    0
(1)    10E9 : BE                         phi     R14             ; R14=&queue_buf[queue_put]
(1)    10EA : 87                         glo     R7              ; R7.0=an element
(1)    10EB : 5E                         str     R14             ; store an element
(1)    10EC : 0F                         ldn     R15             ; load queue_put
(1)    10ED : FC 01                      adi     1
(1)    10EF : 5F                         str     R15             ; update queue_put
(1)    10F0 : 2F                         dec     R15
(1)    10F1 : F3                         xor                      ; queue_put ^ queue_size
(1)    10F2 : 3A F8                      bnz     queue_add_return ; branch if D!=0
(1)    10F4 : 1F                         inc     R15
(1)    10F5 : 5F                         str     R15             ; queue_put=0
(1)    10F6 : F8 01                      ldi     1
(1)    10F8 :                    queue_add_return:
(1)    10F8 : AF                         plo     R15             ; return flag
(1)    10F9 : E2                         sex     R2
(1)    10FA : 60                         irx
(1)    10FB : 72                         ldxa                    ; restore R14
(1)    10FC : BE                         phi     R14
(1)    10FD : F0                         ldx
(1)    10FE : AE                         plo     R14
(1)    10FF : 8F                         glo     R15
(1)    1100 : D6                         sep     R6              ; return
(1)    1101 :
(1)    1101 :                    ;;; [queue] Remove an element from queue
(1)    1101 :                    ;;; @param R4+0 queue work space pointer
(1)    1101 :                    ;;; @return R7.0 an element
(1)    1101 :                    ;;; @return D 0 if queue is empty
(1)    1101 :                    ;;; @clobber R15
(1)    1101 :                    queue_remove:
(1)    1101 : 8E                         glo     R14             ; save R14
(1)    1102 : 73                         stxd
(1)    1103 : 9E                         ghi     R14
(1)    1104 : 73                         stxd
(1)    1105 :                            ;;
(1)    1105 : 44                         lda     R4
(1)    1106 : BF                         phi     R15
(1)    1107 : 44                         lda     R4
(1)    1108 : AF                         plo     R15             ; R15=queue space pointer
(1)    1109 : 0F                         ldn     R15             ; load queue_len
(1)    110A : 32 32                      bz      queue_remove_return ; branch if D=0
(1)    110C : FF 01                      smi     1
(1)    110E : 5F                         str     R15             ; queue_len--
(1)    110F : 8F                         glo     R15
(1)    1110 : FC 04                      adi     queue_buf
(1)    1112 : AE                         plo     R14
(1)    1113 : 9F                         ghi     R15
(1)    1114 : 7C 00                      adci    0
(1)    1116 : BE                         phi     R14             ; R14=&queue_buf[0]
(1)    1117 : 8E                         glo     R14
(1)    1118 : 1F                         inc     R15
(1)    1119 : 1F                         inc     R15
(1)    111A : 1F                         inc     R15
(1)    111B : EF                         sex     R15
(1)    111C : F4                         add                     ; add queue_get
(1)    111D : AE                         plo     R14
(1)    111E : 9E                         ghi     R14
(1)    111F : 7C 00                      adci    0
(1)    1121 : BE                         phi     R14             ; R14=&queue_buf[queue_get]
(1)    1122 : 0E                         ldn     R14             ; load an alement
(1)    1123 : A7                         plo     R7              ; R7.0=an element
(1)    1124 : 0F                         ldn     R15             ; load queue_get
(1)    1125 : FC 01                      adi     1
(1)    1127 : 5F                         str     R15             ; update queue_get
(1)    1128 : 2F                         dec     R15
(1)    1129 : 2F                         dec     R15
(1)    112A : F3                         xor                     ; queue_get ^ queue_size
(1)    112B : 3A 32                      bnz     queue_remove_return ; brnach if D!=0
(1)    112D : 1F                         inc     R15
(1)    112E : 1F                         inc     R15
(1)    112F : 5F                         str     R15             ; queue_get=0
(1)    1130 : F8 01                      ldi     1
(1)    1132 :                    queue_remove_return:
(1)    1132 : AF                         plo     R15             ; return flag
(1)    1133 : E2                         sex     R2
(1)    1134 : 60                         irx
(1)    1135 : 72                         ldxa                    ; restore R14
(1)    1136 : BE                         phi     R14
(1)    1137 : F0                         ldx
(1)    1138 : AE                         plo     R14
(1)    1139 : 8F                         glo     R15             ; return flag
(1)    113A : D6                         sep     R6              ; return
       113B :                            include "arith.inc"
(1)    113B :                    ;;; -*- mode: asm; mode: flyspell-prog; -*-
(1)    113B :                            cpu     1802
(1)    113B :
(1)    113B :                    ;;; Print unsigned 16-bit integer as decimal
(1)    113B :                    ;;; @param R7 value
(1)    113B :                    ;;; @clobber D R7 R8 R15
(1)    113B :                    print_uint16:
(1)    113B : 97                         ghi     R7
(1)    113C : 3A 41                      bnz     print_uint16_loop
(1)    113E : 87                         glo     R7
(1)    113F : 32 58                      bz      print_uint16_zero
(1)    1141 :                    print_uint16_loop:
(1)    1141 : 97                         ghi     R7
(1)    1142 : 3A 48                      bnz     print_uint16_digit
(1)    1144 : 87                         glo     R7
(1)    1145 : 3A 48                      bnz     print_uint16_digit
(1)    1147 : D6                         sep     R6              ; return if value=0
(1)    1148 :                    print_uint16_digit:
(1)    1148 : F8 00                      ldi     0
(1)    114A : B8                         phi     R8
(1)    114B : F8 0A                      ldi     10
(1)    114D : A8                         plo     R8              ; divisor=10
(1)    114E : D5                         sep     R5
(1)    114F : 12 7A                      dc      A(udiv16)       ; call udiv16
(1)    1151 : 88                         glo     R8
(1)    1152 : 73                         stxd                    ; push remainder
(1)    1153 : D5                         sep     R5
(1)    1154 : 11 41                      dc      A(print_uint16_loop)
(1)    1156 : 12                         inc     R2
(1)    1157 : 02                         ldn     R2              ; pop remainder
(1)    1158 :                    print_uint16_zero:
(1)    1158 : FC 30                      adi     T'0'
(1)    115A : C0 10 33                   br      putchar
(1)    115D :
(1)    115D :                    ;;; Print signed 16-bit integer as decimal
(1)    115D :                    ;;; @param R7 value
(1)    115D :                    ;;; @clobber D R15
(1)    115D :                    print_int16:
(1)    115D : 88                         glo     R8
(1)    115E : 73                         stxd
(1)    115F : 98                         ghi     R8
(1)    1160 : 73                         stxd                    ; save R8
(1)    1161 : 87                         glo     R7
(1)    1162 : 73                         stxd
(1)    1163 : 97                         ghi     R7
(1)    1164 : 73                         stxd                    ; save R7
(1)    1165 : FA 80                      ani     X'80'
(1)    1167 : 32 77                      bz      print_int16_print
(1)    1169 : F8 2D                      ldi     T'-'
(1)    116B : D5                         sep     R5
(1)    116C : 10 33                      dc      A(putchar)      ; print '-'
(1)    116E : 97                         ghi     R7
(1)    116F : FB FF                      xri     X'FF'
(1)    1171 : B7                         phi     R7
(1)    1172 : 87                         glo     R7
(1)    1173 : FB FF                      xri     X'FF'
(1)    1175 : A7                         plo     R7
(1)    1176 : 17                         inc     R7              ; negate value
(1)    1177 :                    print_int16_print:
(1)    1177 : D5                         sep     R5
(1)    1178 : 11 3B                      dc      A(print_uint16)
(1)    117A : 60                         irx
(1)    117B : 72                         ldxa
(1)    117C : B7                         phi     R7
(1)    117D : 72                         ldxa
(1)    117E : A7                         plo     R7              ; restore R7
(1)    117F : 72                         ldxa
(1)    1180 : B8                         phi     R8
(1)    1181 : F0                         ldx
(1)    1182 : A8                         plo     R8              ; restore R8
(1)    1183 : D6                         sep     R6
(1)    1184 :
(1)    1184 :                    ;;; Store R7 to variable
(1)    1184 :                    ;;;   SEP  R5
(1)    1184 :                    ;;;   DC   A(store_R7)
(1)    1184 :                    ;;;   DC   A(variable)
(1)    1184 :                    ;;; @clobber D
(1)    1184 :                    store_R7:
(1)    1184 : 88                         glo     R8
(1)    1185 : 73                         stxd
(1)    1186 : 98                         ghi     R8
(1)    1187 : 73                         stxd                    ; save R8
(1)    1188 : E4                         sex     R4
(1)    1189 : 72                         ldxa
(1)    118A : B8                         phi     R8
(1)    118B : 72                         ldxa
(1)    118C : A8                         plo     R8              ; R8=&valiable
(1)    118D : 97                         ghi     R7
(1)    118E : 58                         str     R8
(1)    118F : 18                         inc     R8
(1)    1190 : 87                         glo     R7
(1)    1191 : 58                         str     R8
(1)    1192 : E2                         sex     R2
(1)    1193 : 60                         irx
(1)    1194 : 72                         ldxa
(1)    1195 : B8                         phi     R8
(1)    1196 : F0                         ldx
(1)    1197 : A8                         plo     R8              ; restore R8
(1)    1198 : D6                         sep     R6
(1)    1199 :
(1)    1199 :                    ;;; Load variable to R7
(1)    1199 :                    ;;;   SEP  R5
(1)    1199 :                    ;;;   DC   A(load_R7)
(1)    1199 :                    ;;;   DC   A(variable)
(1)    1199 :                    ;;; @return R7 variable
(1)    1199 :                    ;;; @clobber D R15
(1)    1199 :                    load_R7:
(1)    1199 : E4                         sex     R4
(1)    119A : 72                         ldxa
(1)    119B : B7                         phi     R7
(1)    119C : 72                         ldxa
(1)    119D : A7                         plo     R7
(1)    119E : 07                         ldn     R7
(1)    119F : AF                         plo     R15
(1)    11A0 : 17                         inc     R7
(1)    11A1 : 07                         ldn     R7
(1)    11A2 : A7                         plo     R7
(1)    11A3 : 8F                         glo     R15
(1)    11A4 : B7                         phi     R7
(1)    11A5 : E2                         sex     R2
(1)    11A6 : D6                         sep     R6
(1)    11A7 :
(1)    11A7 :                    ;;; Load variable to R8
(1)    11A7 :                    ;;;   SEP  R5
(1)    11A7 :                    ;;;   DC   A(load_R8)
(1)    11A7 :                    ;;;   DC   A(variable)
(1)    11A7 :                    ;;; @clobber R15
(1)    11A7 :                    load_R8:
(1)    11A7 : E4                         sex     R4
(1)    11A8 : 72                         ldxa
(1)    11A9 : B8                         phi     R8
(1)    11AA : 72                         ldxa
(1)    11AB : A8                         plo     R8
(1)    11AC : 08                         ldn     R8
(1)    11AD : AF                         plo     R15
(1)    11AE : 18                         inc     R8
(1)    11AF : 08                         ldn     R8
(1)    11B0 : A8                         plo     R8
(1)    11B1 : 8F                         glo     R15
(1)    11B2 : B8                         phi     R8
(1)    11B3 : E2                         sex     R2
(1)    11B4 : D6                         sep     R6
(1)    11B5 :
(1)    11B5 :                    ;;; Set constant to R7
(1)    11B5 :                    ;;;   SEP  R5
(1)    11B5 :                    ;;;   DC   A(set_R7)
(1)    11B5 :                    ;;;   DC   A(constant)
(1)    11B5 :                    ;;; @return R7 constant
(1)    11B5 :                    ;;; @clobber D
(1)    11B5 :                    set_R7:
(1)    11B5 : E4                         sex     R4
(1)    11B6 : 72                         ldxa
(1)    11B7 : B7                         phi     R7
(1)    11B8 : 72                         ldxa
(1)    11B9 : A7                         plo     R7
(1)    11BA : E2                         sex     R2
(1)    11BB : D6                         sep     R6
(1)    11BC :
(1)    11BC :                    ;;; Set constant to R8
(1)    11BC :                    ;;;   SEP  R5
(1)    11BC :                    ;;;   DC   A(set_R8)
(1)    11BC :                    ;;;   DC   A(variable)
(1)    11BC :                    ;;; @clobber R15
(1)    11BC :                    set_R8:
(1)    11BC : E4                         sex     R4
(1)    11BD : 72                         ldxa
(1)    11BE : B8                         phi     R8
(1)    11BF : 72                         ldxa
(1)    11C0 : A8                         plo     R8
(1)    11C1 : E2                         sex     R2
(1)    11C2 : D6                         sep     R6
(1)    11C3 :
(1)    11C3 :                    ;;; Increment variable
(1)    11C3 :                    ;;;   SEP  R5
(1)    11C3 :                    ;;;   DC   A(inc16)
(1)    11C3 :                    ;;;   DC   A(variable)
(1)    11C3 :                    ;;; @return R7 variable
(1)    11C3 :                    ;;; @clobber D R15
(1)    11C3 :                    inc16:
(1)    11C3 : 88                         glo     R8
(1)    11C4 : 73                         stxd
(1)    11C5 : 98                         ghi     R8
(1)    11C6 : 73                         stxd                    ; save R8
(1)    11C7 : E4                         sex     R4
(1)    11C8 : 72                         ldxa
(1)    11C9 : B8                         phi     R8
(1)    11CA : 72                         ldxa
(1)    11CB : A8                         plo     R8
(1)    11CC : 08                         ldn     R8
(1)    11CD : B7                         phi     R7
(1)    11CE : 18                         inc     R8
(1)    11CF : 08                         ldn     R8
(1)    11D0 : A7                         plo     R7
(1)    11D1 : 17                         inc     R7
(1)    11D2 : 87                         glo     R7
(1)    11D3 : 58                         str     R8
(1)    11D4 : 97                         ghi     R7
(1)    11D5 : 28                         dec     R8
(1)    11D6 : 58                         str     R8
(1)    11D7 : E2                         sex     R2
(1)    11D8 : 60                         irx
(1)    11D9 : 72                         ldxa
(1)    11DA : B8                         phi     R8
(1)    11DB : F0                         ldx
(1)    11DC : A8                         plo     R8              ; restore R8
(1)    11DD : D6                         sep     R6
(1)    11DE :
(1)    11DE :                    ;;; Signed addition: summand += addend
(1)    11DE :                    ;;; @param R7 summand
(1)    11DE :                    ;;; @param R8 addend
(1)    11DE :                    ;;; @return R7 summand + addend
(1)    11DE :                    ;;;   SEP R5
(1)    11DE :                    ;;;   DC  A(add16)
(1)    11DE :                    ;;; @clobber D
(1)    11DE :                    add16:
(1)    11DE : 88                         glo     R8
(1)    11DF : 52                         str     R2
(1)    11E0 : 87                         glo     R7
(1)    11E1 : F4                         add
(1)    11E2 : A7                         plo     R7
(1)    11E3 : 98                         ghi     R8
(1)    11E4 : 52                         str     R2
(1)    11E5 : 97                         ghi     R7
(1)    11E6 : 74                         adc
(1)    11E7 : B7                         phi     R7
(1)    11E8 : D6                         sep     R6
(1)    11E9 :
(1)    11E9 :                    ;;; Singed subtraction: minuend -= subtrahend
(1)    11E9 :                    ;;; @param R7 minuend
(1)    11E9 :                    ;;; @param R8 subtrahend
(1)    11E9 :                    ;;; @return R7 minuend - subtrahend
(1)    11E9 :                    ;;;   SEP R5
(1)    11E9 :                    ;;;   DC  A(sub16)
(1)    11E9 :                    sub16:
(1)    11E9 : 88                         glo     R8
(1)    11EA : 52                         str     R2
(1)    11EB : 87                         glo     R7
(1)    11EC : F7                         sm
(1)    11ED : A7                         plo     R7
(1)    11EE : 98                         ghi     R8
(1)    11EF : 52                         str     R2
(1)    11F0 : 97                         ghi     R7
(1)    11F1 : 77                         smb
(1)    11F2 : B7                         phi     R7
(1)    11F3 : D6                         sep     R6
(1)    11F4 :
(1)    11F4 :                    ;;; Signed comparison: minuend - subtrahend
(1)    11F4 :                    ;;; @param R7 minuend
(1)    11F4 :                    ;;; @param R8 subtrahend
(1)    11F4 :                    ;;; @return D=0 DF=1 (minuend==subtrahend); BZ
(1)    11F4 :                    ;;;         D=1 DF=1 (minuend>subtrahend);  BGE
(1)    11F4 :                    ;;;         D=1 DF=0 (minuend<subtrahend);  BL
(1)    11F4 :                    ;;; @clobber R7 R8
(1)    11F4 :                    ;;; result = minuend - subtrahend
(1)    11F4 :                    ;;; Z=(result.1 | result.0) == 0
(1)    11F4 :                    ;;; N=(result.1 & 0x80) != 0
(1)    11F4 :                    ;;; V=((minuend.1 ^ subtrahend.1) & (result.1 ^ minuend.1) & 0x80) != 0
(1)    11F4 :                    ;;; LT=N ^ V
(1)    11F4 :                    cmp16:
(1)    11F4 : 88                         glo     R8              ; D=subtrahend.0
(1)    11F5 : 52                         str     R2              ; stack top=subtrahend.0
(1)    11F6 : 87                         glo     R7              ; D=minuend.0
(1)    11F7 : F7                         sm                      ; D=minuend.0=subtrahend.0
(1)    11F8 : A7                         plo     R7              ; R7.0=result.0
(1)    11F9 : 98                         ghi     R8              ; D=subtrahend.1
(1)    11FA : 52                         str     R2              ; stack top=subtrahend.1
(1)    11FB : 97                         ghi     R7              ; D=minuend.1
(1)    11FC : F3                         xor                     ; D=minuend.1^subtrahend.1
(1)    11FD : A8                         plo     R8              ; R8.0=minuend.1^subtrahend.1
(1)    11FE : 97                         ghi     R7              ; D=minuend.1
(1)    11FF : 77                         smb                     ; D=minuend.1=subtrahend.1
(1)    1200 : B8                         phi     R8              ; R8.1=result.1
(1)    1201 : 3A 0A                      bnz     cmp16_neq       ; branch if result.1!=0
(1)    1203 : 87                         glo     R7              ; D=result.0
(1)    1204 : 3A 0A                      bnz     cmp16_neq       ; branch if result.0!=-
(1)    1206 : F8 01                      ldi     1
(1)    1208 : F6                         shr
(1)    1209 : D6                         sep     R6              ; return with D=0, DF=1
(1)    120A :                    cmp16_neq:
(1)    120A : 98                         ghi     R8              ; D=result.1
(1)    120B : 52                         str     R2
(1)    120C : 97                         ghi     R7              ; D=minuend.1
(1)    120D : F3                         xor                     ; D=result.1^minuend.1
(1)    120E : 52                         str     R2              ; stack top=result.1^minuend.1
(1)    120F : 88                         glo     R8              ; D=minuend.1^subtrahend.1
(1)    1210 : F2                         and                     ; D=(minuend.1^subtrahend.1)&(result.1^minuend.1)
(1)    1211 : 52                         str     R2              ; stack top=V
(1)    1212 : 98                         ghi     R8              ; D=result.1
(1)    1213 : F3                         xor                     ; D=N^V
(1)    1214 : FB 80                      xri     X'80'           ; D=~(N^V)
(1)    1216 : FE                         shl                     ; DF=~(N^V)
(1)    1217 : F8 01                      ldi     1
(1)    1219 : D6                         sep     R6              ; return with D=1
(1)    121A :
(1)    121A :                    ;;; Unsigned multiplication: result = multiplicand * multiplier
(1)    121A :                    ;;; @param R7 multiplicand
(1)    121A :                    ;;; @param R8 multiplier
(1)    121A :                    ;;; @return R7 result
(1)    121A :                    ;;; @clobber D R7 R8 R15
(1)    121A :                    umul16:
(1)    121A : F8 00                      ldi     0
(1)    121C : BF                         phi     R15
(1)    121D : AF                         plo     R15             ; R15=result
(1)    121E : 30 3B                      br      umul16_check
(1)    1220 :                    umul16_loop:
(1)    1220 : 88                         glo     R8
(1)    1221 : FA 01                      ani     1
(1)    1223 : 32 2F                      bz      umul16_sr       ; lsb(multiplier)==0
(1)    1225 : 87                         glo     R7
(1)    1226 : 52                         str     R2              ; stack top=multiplicand.0
(1)    1227 : 8F                         glo     R15
(1)    1228 : F4                         add
(1)    1229 : AF                         plo     R15
(1)    122A : 97                         ghi     R7
(1)    122B : 52                         str     R2              ; stack top=multiplicand.1
(1)    122C : 9F                         ghi     R15
(1)    122D : 74                         adc
(1)    122E : BF                         phi     R15             ; result += multiplicand
(1)    122F :                    umul16_sr:
(1)    122F : 98                         ghi     R8
(1)    1230 : F6                         shr
(1)    1231 : B8                         phi     R8
(1)    1232 : 88                         glo     R8
(1)    1233 : 76                         shrc
(1)    1234 : A8                         plo     R8              ; multiplier >>= 1
(1)    1235 : 87                         glo     R7
(1)    1236 : FE                         shl
(1)    1237 : A7                         plo     R7
(1)    1238 : 97                         ghi     R7
(1)    1239 : 7E                         shlc
(1)    123A : B7                         phi     R7              ; multiplicand <<= 1
(1)    123B :                    umul16_check:
(1)    123B : 98                         ghi     R8
(1)    123C : 3A 20                      bnz     umul16_loop     ; while multiplier != 0
(1)    123E : 88                         glo     R8
(1)    123F : 3A 20                      bnz     umul16_loop     ; while multiplier != 0
(1)    1241 : 9F                         ghi     R15
(1)    1242 : B7                         phi     R7
(1)    1243 : 8F                         glo     R15
(1)    1244 : A7                         plo     R7              ; R7=result
(1)    1245 : D6                         sep     R6              ; return
(1)    1246 :
(1)    1246 :                    ;;; Signed multiplication: multiplicand *= multiplier
(1)    1246 :                    ;;; @param R7 multiplicand
(1)    1246 :                    ;;; @param R8 multiplier
(1)    1246 :                    ;;; @return R7 multiplicand * multiplier
(1)    1246 :                    ;;;   SEP R5
(1)    1246 :                    ;;;   DC  A(mul16)
(1)    1246 :                    ;;; @clobber R8 R15
(1)    1246 :                    mul16:
(1)    1246 : 98                         ghi     R8
(1)    1247 : 52                         str     R2
(1)    1248 : 97                         ghi     R7
(1)    1249 : F3                         xor
(1)    124A : 73                         stxd                    ; push sign
(1)    124B : 98                         ghi     R8
(1)    124C : FA 80                      ani     X'80'
(1)    124E : 32 59                      bz      mul16_multiplicand
(1)    1250 : 98                         ghi     R8
(1)    1251 : FB FF                      xri     X'FF'
(1)    1253 : B8                         phi     R8
(1)    1254 : 88                         glo     R8
(1)    1255 : FB FF                      xri     X'FF'
(1)    1257 : A8                         plo     R8
(1)    1258 : 18                         inc     R8              ; negate multiplier
(1)    1259 :                    mul16_multiplicand:
(1)    1259 : 97                         ghi     R7
(1)    125A : FA 80                      ani     X'80'
(1)    125C : 32 67                      bz      mul16_multiply
(1)    125E : 97                         ghi     R7
(1)    125F : FB FF                      xri     X'FF'
(1)    1261 : B7                         phi     R7
(1)    1262 : 87                         glo     R7
(1)    1263 : FB FF                      xri     X'FF'
(1)    1265 : A7                         plo     R7
(1)    1266 : 17                         inc     R7              ; negate multiplicand
(1)    1267 :                    mul16_multiply:
(1)    1267 : D5                         sep     R5
(1)    1268 : 12 1A                      dc      A(umul16)       ; call umul16
(1)    126A : 60                         irx
(1)    126B : F0                         ldx                     ; sign
(1)    126C : FA 80                      ani     X'80'
(1)    126E : 32 79                      bz      mul16_return
(1)    1270 : 97                         ghi     R7
(1)    1271 : FB FF                      xri     X'FF'
(1)    1273 : B7                         phi     R7
(1)    1274 : 87                         glo     R7
(1)    1275 : FB FF                      xri     X'FF'
(1)    1277 : A7                         plo     R7
(1)    1278 : 17                         inc     R7              ; negate result
(1)    1279 :                    mul16_return:
(1)    1279 : D6                         sep     R6
(1)    127A :
(1)    127A :                    ;;; Unsigned division: dividend / divisor = quotient ... remainder
(1)    127A :                    ;;; @praram R7 dividend
(1)    127A :                    ;;; @praram R8 divisor
(1)    127A :                    ;;; @return R7 quotient
(1)    127A :                    ;;; @return R8 remainder
(1)    127A :                    ;;; @clobber R7 R8 R15
(1)    127A :                    udiv16:
(1)    127A : 98                         ghi     R8
(1)    127B : 3A 81                      bnz     udiv16_calc
(1)    127D : 88                         glo     R8
(1)    127E : 3A 81                      bnz     udiv16_calc
(1)    1280 : D6                         sep     R6              ; return divide by zero
(1)    1281 :                    udiv16_calc:
(1)    1281 : 89                         glo     R9
(1)    1282 : 73                         stxd
(1)    1283 : 99                         ghi     R9
(1)    1284 : 73                         stxd                    ; save R9
(1)    1285 : F8 01                      ldi     1
(1)    1287 : AF                         plo     R15             ; R15.0=bits
(1)    1288 : 30 91                      br      udiv16_prep
(1)    128A :                    udiv16_prep_loop:
(1)    128A : 88                         glo     R8
(1)    128B : FE                         shl
(1)    128C : A8                         plo     R8
(1)    128D : 98                         ghi     R8
(1)    128E : 7E                         shlc
(1)    128F : B8                         phi     R8              ; divisor <<= 1
(1)    1290 : 1F                         inc     R15             ; ++bits
(1)    1291 :                    udiv16_prep:
(1)    1291 : 98                         ghi     R8
(1)    1292 : FA 80                      ani     X'80'
(1)    1294 : 32 8A                      bz      udiv16_prep_loop ; while msb(divisor) == 0
(1)    1296 : 97                         ghi     R7
(1)    1297 : B9                         phi     R9
(1)    1298 : 87                         glo     R7
(1)    1299 : A9                         plo     R9              ; R9=dividend
(1)    129A : F8 00                      ldi     0
(1)    129C : B7                         phi     R7
(1)    129D : A7                         plo     R7              ; R7=quotient
(1)    129E : 30 AC                      br      udiv16_enter_loop
(1)    12A0 :                    udiv16_loop:
(1)    12A0 : 98                         ghi     R8
(1)    12A1 : F6                         shr
(1)    12A2 : B8                         phi     R8
(1)    12A3 : 88                         glo     R8
(1)    12A4 : 76                         shrc
(1)    12A5 : A8                         plo     R8              ; divisor >>= 1
(1)    12A6 : 87                         glo     R7
(1)    12A7 : FE                         shl
(1)    12A8 : A7                         plo     R7
(1)    12A9 : 97                         ghi     R7
(1)    12AA : 7E                         shlc
(1)    12AB : B7                         phi     R7              ; quotient <<= 1
(1)    12AC :                    udiv16_enter_loop:
(1)    12AC : 88                         glo     R8
(1)    12AD : 52                         str     R2
(1)    12AE : 89                         glo     R9
(1)    12AF : F7                         sm
(1)    12B0 : A9                         plo     R9
(1)    12B1 : 98                         ghi     R8
(1)    12B2 : 52                         str     R2
(1)    12B3 : 99                         ghi     R9
(1)    12B4 : 77                         smb
(1)    12B5 : B9                         phi     R9              ; dividend-=divisor
(1)    12B6 : 3B BB                      bm      udiv16_readd    ; branch if dividend < 0
(1)    12B8 : 17                         inc     R7              ; quotient += 1
(1)    12B9 : 30 C5                      br      udiv16_next
(1)    12BB :                    udiv16_readd:
(1)    12BB : 88                         glo     R8
(1)    12BC : 52                         str     R2
(1)    12BD : 89                         glo     R9
(1)    12BE : F4                         add
(1)    12BF : A9                         plo     R9
(1)    12C0 : 98                         ghi     R8
(1)    12C1 : 52                         str     R2
(1)    12C2 : 99                         ghi     R9
(1)    12C3 : 74                         adc
(1)    12C4 : B9                         phi     R9              ; dividend+=divisor
(1)    12C5 :                    udiv16_next:
(1)    12C5 : 2F                         dec     R15
(1)    12C6 : 8F                         glo     R15
(1)    12C7 : 3A A0                      bnz     udiv16_loop     ; while bits != 0
(1)    12C9 : 99                         ghi     R9
(1)    12CA : B8                         phi     R8
(1)    12CB : 89                         glo     R9
(1)    12CC : A8                         plo     R8              ; R8=remainder
(1)    12CD : 60                         irx
(1)    12CE : 72                         ldxa
(1)    12CF : B9                         phi     R9
(1)    12D0 : F0                         ldx
(1)    12D1 : A9                         plo     R9              ; restore R9
(1)    12D2 : D6                         sep     R6              ; return
(1)    12D3 :
(1)    12D3 :                    ;;; Signed division: dividend / divisor = quotient ... remainder
(1)    12D3 :                    ;;; @param R7 dividend
(1)    12D3 :                    ;;; @param R8 divisor
(1)    12D3 :                    ;;; @return R7 quotient
(1)    12D3 :                    ;;; @return R8 remainder
(1)    12D3 :                    ;;;   SEP R5
(1)    12D3 :                    ;;;   DC  A(div16)
(1)    12D3 :                    ;;; @clobber R15
(1)    12D3 :                    div16:
(1)    12D3 : 98                         ghi     R8
(1)    12D4 : 52                         str     R2
(1)    12D5 : 97                         ghi     R7
(1)    12D6 : F3                         xor
(1)    12D7 : 73                         stxd                    ; push sign
(1)    12D8 : 98                         ghi     R8
(1)    12D9 : FA 80                      ani     X'80'
(1)    12DB : 32 E6                      bz      div16_dividend
(1)    12DD : 98                         ghi     R8
(1)    12DE : FB FF                      xri     X'FF'
(1)    12E0 : B8                         phi     R8
(1)    12E1 : 88                         glo     R8
(1)    12E2 : FB FF                      xri     X'FF'
(1)    12E4 : A8                         plo     R8
(1)    12E5 : 18                         inc     R8              ; negate divisor
(1)    12E6 :                    div16_dividend:
(1)    12E6 : 97                         ghi     R7              ; R7=dividend
(1)    12E7 : FA 80                      ani     X'80'
(1)    12E9 : 32 F4                      bz      div16_divide
(1)    12EB : 97                         ghi     R7
(1)    12EC : FB FF                      xri     X'FF'
(1)    12EE : B7                         phi     R7
(1)    12EF : 87                         glo     R7
(1)    12F0 : FB FF                      xri     X'FF'
(1)    12F2 : A7                         plo     R7
(1)    12F3 : 17                         inc     R7              ; negate dividend
(1)    12F4 :                    div16_divide:
(1)    12F4 : D5                         sep     R5
(1)    12F5 : 12 7A                      dc      A(udiv16)       ; call udiv16
(1)    12F7 : 60                         irx
(1)    12F8 : F0                         ldx                     ; pop sign
(1)    12F9 : FA 80                      ani     X'80'
(1)    12FB : C2 13 07                   bz      div16_return
(1)    12FE : 97                         ghi     R7
(1)    12FF : FB FF                      xri     X'FF'
(1)    1301 : B7                         phi     R7
(1)    1302 : 87                         glo     R7
(1)    1303 : FB FF                      xri     X'FF'
(1)    1305 : A7                         plo     R7
(1)    1306 : 17                         inc     R7              ; negate quotient
(1)    1307 :                    div16_return:
(1)    1307 : D6                         sep     R6
       1308 :                            include "mandelbrot.inc"
(1)    1308 :                    ;;; -*- mode: asm; mode: flyspell-prog; -*-
(1)    1308 :                    ;;; Mandelbrot variables
(1)    1308 : =32                Fv:     equ     50
(1)    1308 : 00 00              vC:     dc      A(0)
(1)    130A : 00 00              vD:     dc      A(0)
(1)    130C : 00 00              vA:     dc      A(0)
(1)    130E : 00 00              vB:     dc      A(0)
(1)    1310 : 00 00              vP:     dc      A(0)
(1)    1312 : 00 00              vQ:     dc      A(0)
(1)    1314 : 00 00              vS:     dc      A(0)
(1)    1316 : 00 00              vT:     dc      A(0)
(1)    1318 : 00 00              vY:     dc      A(0)
(1)    131A : 00 00              vX:     dc      A(0)
(1)    131C : 00 00              vI:     dc      A(0)
(1)    131E :
(1)    131E :                    ;;; Print variable: "D=variable "
(1)    131E :                    ;;; @param D variable letter
(1)    131E :                    ;;; @param R7 variable
(1)    131E :                    ;;;   SEP R5
(1)    131E :                    ;;;   DC  A(print)
(1)    131E :                    ;;; @clobber R7 R15
(1)    131E :                    print:
(1)    131E : D5                         sep     R5
(1)    131F : 10 33                      dc      A(putchar)      ; print variable letter
(1)    1321 : F8 3D                      ldi     T'='
(1)    1323 : D5                         sep     R5
(1)    1324 : 10 33                      dc      A(putchar)      ; '='
(1)    1326 : D5                         sep     R5
(1)    1327 : 11 5D                      dc      A(print_int16)
(1)    1329 : C0 10 60                   br      putspace
(1)    132C :
(1)    132C :                    mandelbrot:
(1)    132C : F8 FF                      ldi     A.1(-12)
(1)    132E : B7                         phi     R7
(1)    132F : F8 F4                      ldi     A.0(-12)
(1)    1331 : A7                         plo     R7
(1)    1332 : D5                         sep     R5
(1)    1333 : 11 84                      dc      A(store_R7)
(1)    1335 : 13 18                      dc      A(vY)           ; Y=-12
(1)    1337 :                    loop_y:
(1)    1337 : F8 FF                      ldi     A.1(-49)
(1)    1339 : B7                         phi     R7
(1)    133A : F8 CF                      ldi     A.0(-49)
(1)    133C : A7                         plo     R7
(1)    133D : D5                         sep     R5
(1)    133E : 11 84                      dc      A(store_R7)
(1)    1340 : 13 1A                      dc      A(vX)           ; X=-49
(1)    1342 :                    loop_x:
(1)    1342 : D5                         sep     R5
(1)    1343 : 11 99                      dc      A(load_R7)
(1)    1345 : 13 1A                      dc      A(vX)
(1)    1347 : F8 00                      ldi     A.1(229)
(1)    1349 : B8                         phi     R8
(1)    134A : F8 E5                      ldi     A.0(229)
(1)    134C : A8                         plo     R8
(1)    134D : D5                         sep     R5
(1)    134E : 12 46                      dc      A(mul16)
(1)    1350 : F8 00                      ldi     A.1(100)
(1)    1352 : B8                         phi     R8
(1)    1353 : F8 64                      ldi     A.0(100)
(1)    1355 : A8                         plo     R8
(1)    1356 : D5                         sep     R5
(1)    1357 : 12 D3                      dc      A(div16)
(1)    1359 : D5                         sep     R5
(1)    135A : 11 84                      dc      A(store_R7)
(1)    135C : 13 08                      dc      A(vC)           ; C=X*229/100
(1)    135E : D5                         sep     R5
(1)    135F : 11 84                      dc      A(store_R7)     ; A=C
(1)    1361 : 13 0C                      dc      A(vA)
(1)    1363 : D5                         sep     R5
(1)    1364 : 11 99                      dc      A(load_R7)
(1)    1366 : 13 18                      dc      A(vY)
(1)    1368 : F8 01                      ldi     A.1(416)
(1)    136A : B8                         phi     R8
(1)    136B : F8 A0                      ldi     A.0(416)
(1)    136D : A8                         plo     R8
(1)    136E : D5                         sep     R5
(1)    136F : 12 46                      dc      A(mul16)
(1)    1371 : F8 00                      ldi     A.1(100)
(1)    1373 : B8                         phi     R8
(1)    1374 : F8 64                      ldi     A.0(100)
(1)    1376 : A8                         plo     R8
(1)    1377 : D5                         sep     R5
(1)    1378 : 12 D3                      dc      A(div16)
(1)    137A : D5                         sep     R5
(1)    137B : 11 84                      dc      A(store_R7)
(1)    137D : 13 0A                      dc      A(vD)           ; D=Y*416/100
(1)    137F : D5                         sep     R5
(1)    1380 : 11 84                      dc      A(store_R7)
(1)    1382 : 13 0E                      dc      A(vB)           ; B=D
(1)    1384 : F8 00                      ldi     0
(1)    1386 : B7                         phi     R7
(1)    1387 : A7                         plo     R7
(1)    1388 : D5                         sep     R5
(1)    1389 : 11 84                      dc      A(store_R7)
(1)    138B : 13 1C                      dc      A(vI)           ; I=0
(1)    138D :
(1)    138D :                            ;; sep     R5
(1)    138D :                            ;; dc      A(load_R7)
(1)    138D :                            ;; dc      A(vY)
(1)    138D :                            ;; ldi     T'Y'
(1)    138D :                            ;; sep     R5
(1)    138D :                            ;; dc      A(print)
(1)    138D :                            ;; sep     R5
(1)    138D :                            ;; dc      A(load_R7)
(1)    138D :                            ;; dc      A(vX)
(1)    138D :                            ;; ldi     T'X'
(1)    138D :                            ;; sep     R5
(1)    138D :                            ;; dc      A(print)
(1)    138D :                            ;; sep     R5
(1)    138D :                            ;; dc      A(load_R7)
(1)    138D :                            ;; dc      A(vC)
(1)    138D :                            ;; ldi     T'C'
(1)    138D :                            ;; sep     R5
(1)    138D :                            ;; dc      A(print)
(1)    138D :                            ;; sep     R5
(1)    138D :                            ;; dc      A(load_R7)
(1)    138D :                            ;; dc      A(vD)
(1)    138D :                            ;; ldi     T'D'
(1)    138D :                            ;; sep     R5
(1)    138D :                            ;; dc      A(print)
(1)    138D :                            ;; sep     R5
(1)    138D :                            ;; dc      A(newline)
(1)    138D :
(1)    138D :                    loop_i:
(1)    138D : D5                         sep     R5
(1)    138E : 11 99                      dc      A(load_R7)
(1)    1390 : 13 0E                      dc      A(vB)
(1)    1392 : F8 00                      ldi     A.1(Fv)
(1)    1394 : B8                         phi     R8
(1)    1395 : F8 32                      ldi     A.0(Fv)
(1)    1397 : A8                         plo     R8
(1)    1398 : D5                         sep     R5
(1)    1399 : 12 D3                      dc      A(div16)
(1)    139B : D5                         sep     R5
(1)    139C : 11 84                      dc      A(store_R7)
(1)    139E : 13 12                      dc      A(vQ)           ; Q=B/F
(1)    13A0 : F8 FF                      ldi     A.1(-Fv)
(1)    13A2 : B8                         phi     R8
(1)    13A3 : F8 CE                      ldi     A.0(-Fv)
(1)    13A5 : A8                         plo     R8
(1)    13A6 : D5                         sep     R5
(1)    13A7 : 12 46                      dc      A(mul16)        ; -Q*F
(1)    13A9 : D5                         sep     R5
(1)    13AA : 11 A7                      dc      A(load_R8)
(1)    13AC : 13 0E                      dc      A(vB)
(1)    13AE : D5                         sep     R5
(1)    13AF : 11 DE                      dc      A(add16)        ; B-Q*F
(1)    13B1 : D5                         sep     R5
(1)    13B2 : 11 84                      dc      A(store_R7)
(1)    13B4 : 13 14                      dc      A(vS)           ; S=B-Q*F
(1)    13B6 : D5                         sep     R5
(1)    13B7 : 11 99                      dc      A(load_R7)
(1)    13B9 : 13 0E                      dc      A(vB)
(1)    13BB : 97                         ghi     R7
(1)    13BC : B8                         phi     R8
(1)    13BD : 87                         glo     R7
(1)    13BE : A8                         plo     R8
(1)    13BF : D5                         sep     R5
(1)    13C0 : 12 46                      dc      A(mul16)        ; B*B
(1)    13C2 : 87                         glo     R7
(1)    13C3 : 73                         stxd
(1)    13C4 : 97                         ghi     R7
(1)    13C5 : 73                         stxd                    ; push B*B
(1)    13C6 : D5                         sep     R5
(1)    13C7 : 11 99                      dc      A(load_R7)
(1)    13C9 : 13 0C                      dc      A(vA)
(1)    13CB : 97                         ghi     R7
(1)    13CC : B8                         phi     R8
(1)    13CD : 87                         glo     R7
(1)    13CE : A8                         plo     R8
(1)    13CF : D5                         sep     R5
(1)    13D0 : 12 46                      dc      A(mul16)        ; A*A
(1)    13D2 : 60                         irx
(1)    13D3 : 72                         ldxa
(1)    13D4 : B8                         phi     R8
(1)    13D5 : F0                         ldx
(1)    13D6 : A8                         plo     R8              ; pop B*B
(1)    13D7 : D5                         sep     R5
(1)    13D8 : 11 E9                      dc      A(sub16)        ; A*A-B*B
(1)    13DA : F8 00                      ldi     A.1(Fv)
(1)    13DC : B8                         phi     R8
(1)    13DD : F8 32                      ldi     A.0(Fv)
(1)    13DF : A8                         plo     R8
(1)    13E0 : D5                         sep     R5
(1)    13E1 : 12 D3                      dc      A(div16)        ; (A*A-B*B)/F
(1)    13E3 : D5                         sep     R5
(1)    13E4 : 11 A7                      dc      A(load_R8)
(1)    13E6 : 13 08                      dc      A(vC)
(1)    13E8 : D5                         sep     R5
(1)    13E9 : 11 DE                      dc      A(add16)        ; (A*A-B*B)/F+C
(1)    13EB : D5                         sep     R5
(1)    13EC : 11 84                      dc      A(store_R7)     ; T=(A*A-B*B)/F+C
(1)    13EE : 13 16                      dc      A(vT)
(1)    13F0 : D5                         sep     R5
(1)    13F1 : 11 99                      dc      A(load_R7)
(1)    13F3 : 13 0C                      dc      A(vA)
(1)    13F5 : D5                         sep     R5
(1)    13F6 : 11 A7                      dc      A(load_R8)
(1)    13F8 : 13 14                      dc      A(vS)
(1)    13FA : D5                         sep     R5
(1)    13FB : 12 46                      dc      A(mul16)        ; A*S
(1)    13FD : F8 00                      ldi     A.1(Fv)
(1)    13FF : B8                         phi     R8
(1)    1400 : F8 32                      ldi     A.0(Fv)
(1)    1402 : A8                         plo     R8
(1)    1403 : D5                         sep     R5
(1)    1404 : 12 D3                      dc      A(div16)        ; A*S/F
(1)    1406 : 87                         glo     R7
(1)    1407 : 73                         stxd
(1)    1408 : 97                         ghi     R7
(1)    1409 : 73                         stxd                    ; push A*S/F
(1)    140A : D5                         sep     R5
(1)    140B : 11 99                      dc      A(load_R7)
(1)    140D : 13 0C                      dc      A(vA)
(1)    140F : D5                         sep     R5
(1)    1410 : 11 A7                      dc      A(load_R8)
(1)    1412 : 13 12                      dc      A(vQ)
(1)    1414 : D5                         sep     R5
(1)    1415 : 12 46                      dc      A(mul16)        ; A*Q
(1)    1417 : 60                         irx
(1)    1418 : 72                         ldxa
(1)    1419 : B8                         phi     R8
(1)    141A : F0                         ldx
(1)    141B : A8                         plo     R8              ; pop A*S/F
(1)    141C : D5                         sep     R5
(1)    141D : 11 DE                      dc      A(add16)        ; A*Q+A*S/F
(1)    141F : 97                         ghi     R7
(1)    1420 : B8                         phi     R8
(1)    1421 : 87                         glo     R7
(1)    1422 : A8                         plo     R8
(1)    1423 : D5                         sep     R5
(1)    1424 : 11 DE                      dc      A(add16)        ; 2*(A*Q+A*S/F)
(1)    1426 : D5                         sep     R5
(1)    1427 : 11 A7                      dc      A(load_R8)
(1)    1429 : 13 0A                      dc      A(vD)
(1)    142B : D5                         sep     R5
(1)    142C : 11 DE                      dc      A(add16)        ; 2*(A*Q+A*S/F)+D
(1)    142E : D5                         sep     R5
(1)    142F : 11 84                      dc      A(store_R7)
(1)    1431 : 13 0E                      dc      A(vB)           ; B=2*(A*Q+A*S/F)+D
(1)    1433 : D5                         sep     R5
(1)    1434 : 11 99                      dc      A(load_R7)
(1)    1436 : 13 16                      dc      A(vT)
(1)    1438 : D5                         sep     R5
(1)    1439 : 11 84                      dc      A(store_R7)
(1)    143B : 13 0C                      dc      A(vA)           ; A=T
(1)    143D : F8 00                      ldi     A.1(Fv)
(1)    143F : B8                         phi     R8
(1)    1440 : F8 32                      ldi     A.0(Fv)
(1)    1442 : A8                         plo     R8
(1)    1443 : D5                         sep     R5
(1)    1444 : 12 D3                      dc      A(div16)
(1)    1446 : D5                         sep     R5
(1)    1447 : 11 84                      dc      A(store_R7)
(1)    1449 : 13 10                      dc      A(vP)           ; P=A/F
(1)    144B : 97                         ghi     R7
(1)    144C : B8                         phi     R8
(1)    144D : 87                         glo     R7
(1)    144E : A8                         plo     R8
(1)    144F : D5                         sep     R5
(1)    1450 : 12 46                      dc      A(mul16)        ; P*P
(1)    1452 : 87                         glo     R7
(1)    1453 : 73                         stxd
(1)    1454 : 97                         ghi     R7
(1)    1455 : 73                         stxd                    ; push P*P
(1)    1456 : D5                         sep     R5
(1)    1457 : 11 99                      dc      A(load_R7)
(1)    1459 : 13 0E                      dc      A(vB)
(1)    145B : F8 00                      ldi     A.1(Fv)
(1)    145D : B8                         phi     R8
(1)    145E : F8 32                      ldi     A.0(Fv)
(1)    1460 : A8                         plo     R8
(1)    1461 : D5                         sep     R5
(1)    1462 : 12 D3                      dc      A(div16)        ; B/Q
(1)    1464 : D5                         sep     R5
(1)    1465 : 11 84                      dc      A(store_R7)
(1)    1467 : 13 12                      dc      A(vQ)           ; Q=B/F
(1)    1469 : 97                         ghi     R7
(1)    146A : B8                         phi     R8
(1)    146B : 87                         glo     R7
(1)    146C : A8                         plo     R8
(1)    146D : D5                         sep     R5
(1)    146E : 12 46                      dc      A(mul16)        ; Q*Q
(1)    1470 : 60                         irx
(1)    1471 : 72                         ldxa
(1)    1472 : B8                         phi     R8
(1)    1473 : F0                         ldx
(1)    1474 : A8                         plo     R8              ; pop P*P
(1)    1475 : D5                         sep     R5
(1)    1476 : 11 DE                      dc      A(add16)
(1)    1478 :
(1)    1478 :                            ;; glo     R7
(1)    1478 :                            ;; stxd
(1)    1478 :                            ;; ghi     R7
(1)    1478 :                            ;; stxd                    ; push T
(1)    1478 :                            ;; sep     R5
(1)    1478 :                            ;; dc      A(putspace)
(1)    1478 :                            ;; sep     R5
(1)    1478 :                            ;; dc      A(load_R7)
(1)    1478 :                            ;; dc      A(vI)
(1)    1478 :                            ;; ldi     T'I'
(1)    1478 :                            ;; sep     R5
(1)    1478 :                            ;; dc      A(print)
(1)    1478 :                            ;; sep     R5
(1)    1478 :                            ;; dc      A(load_R7)
(1)    1478 :                            ;; dc      A(vA)
(1)    1478 :                            ;; ldi     T'A'
(1)    1478 :                            ;; sep     R5
(1)    1478 :                            ;; dc      A(print)
(1)    1478 :                            ;; sep     R5
(1)    1478 :                            ;; dc      A(load_R7)
(1)    1478 :                            ;; dc      A(vB)
(1)    1478 :                            ;; ldi     T'B'
(1)    1478 :                            ;; sep     R5
(1)    1478 :                            ;; dc      A(print)
(1)    1478 :                            ;; sep     R5
(1)    1478 :                            ;; dc      A(load_R7)
(1)    1478 :                            ;; dc      A(vP)
(1)    1478 :                            ;; ldi     T'P'
(1)    1478 :                            ;; sep     R5
(1)    1478 :                            ;; dc      A(print)
(1)    1478 :                            ;; sep     R5
(1)    1478 :                            ;; dc      A(load_R7)
(1)    1478 :                            ;; dc      A(vQ)
(1)    1478 :                            ;; ldi     T'Q'
(1)    1478 :                            ;; sep     R5
(1)    1478 :                            ;; dc      A(print)
(1)    1478 :                            ;; sep     R5
(1)    1478 :                            ;; dc      A(newline)
(1)    1478 :                            ;; irx
(1)    1478 :                            ;; ldxa
(1)    1478 :                            ;; phi     R7
(1)    1478 :                            ;; ldx
(1)    1478 :                            ;; plo     R7              ; pop T
(1)    1478 :
(1)    1478 : 97                         ghi     R7
(1)    1479 : 3A 93                      bnz     print_i
(1)    147B : 87                         glo     R7
(1)    147C : FD 04                      sdi     4
(1)    147E : 3B 93                      bm      print_i         ; if 4<T
(1)    1480 : F8 13                      ldi     A.1(vI+1)
(1)    1482 : B7                         phi     R7
(1)    1483 : F8 1D                      ldi     A.0(vI+1)
(1)    1485 : A7                         plo     R7
(1)    1486 : 07                         ldn     R7
(1)    1487 : FC 01                      adi     1
(1)    1489 : 57                         str     R7              ; I+=1
(1)    148A : FF 10                      smi     16
(1)    148C : CB 13 8D                   bm      loop_i          ; if I<16
(1)    148F : F8 20                      ldi     T' '
(1)    1491 : 30 A2                      br      print_char
(1)    1493 :                    print_i:
(1)    1493 : F8 13                      ldi     A.1(vI+1)
(1)    1495 : B7                         phi     R7
(1)    1496 : F8 1D                      ldi     A.0(vI+1)
(1)    1498 : A7                         plo     R7
(1)    1499 : 07                         ldn     R7
(1)    149A : FF 0A                      smi     10
(1)    149C : 3B A0                      bl      print_i2        ; if I<10
(1)    149E : FC 07                      adi     T'A'-T'0'-10
(1)    14A0 :                    print_i2:
(1)    14A0 : FC 3A                      adi     T'0'+10
(1)    14A2 :                    print_char:
(1)    14A2 : D5                         sep     R5
(1)    14A3 : 10 33                      dc      A(putchar)
(1)    14A5 :
(1)    14A5 :                            ;; stxd                    ; save char
(1)    14A5 :                            ;; ldi     T'@'
(1)    14A5 :                            ;; sep     R5
(1)    14A5 :                            ;; dc      A(putchar)
(1)    14A5 :                            ;; ldi     T'='
(1)    14A5 :                            ;; sep     R5
(1)    14A5 :                            ;; dc      A(putchar)
(1)    14A5 :                            ;; inc     R2
(1)    14A5 :                            ;; ldn     R2              ; restore char
(1)    14A5 :                            ;; sep     R5
(1)    14A5 :                            ;; dc      A(putchar)
(1)    14A5 :                            ;; sep     R5
(1)    14A5 :                            ;; dc      A(newline)
(1)    14A5 :
(1)    14A5 : D5                         sep     R5
(1)    14A6 : 10 25                      dc      A(getchar)
(1)    14A8 : 32 AE                      bz      next_x
(1)    14AA : 87                         glo     R7
(1)    14AB : 3A AE                      bnz     next_x
(1)    14AD : 00                         idl                     ; break
(1)    14AE :                    next_x:
(1)    14AE : D5                         sep     R5
(1)    14AF : 11 C3                      dc      A(inc16)
(1)    14B1 : 13 1A                      dc      A(vX)           ; X+=1
(1)    14B3 : 97                         ghi     R7
(1)    14B4 : CA 13 42                   bnz     loop_x          ; if X<0
(1)    14B7 : 87                         glo     R7
(1)    14B8 : FF 1E                      smi     30
(1)    14BA : CB 13 42                   bl      loop_x          ; if X<30
(1)    14BD : D5                         sep     R5
(1)    14BE : 10 57                      dc      A(newline)
(1)    14C0 : D5                         sep     R5
(1)    14C1 : 11 C3                      dc      A(inc16)
(1)    14C3 : 13 18                      dc      A(vY)           ; Y+=1
(1)    14C5 : 97                         ghi     R7
(1)    14C6 : CA 13 37                   bnz     loop_y          ; if Y<0
(1)    14C9 : 87                         glo     R7
(1)    14CA : FF 0D                      smi     13
(1)    14CC : CB 13 37                   bl      loop_y          ; if Y<13
(1)    14CF : D6                         sep     R6
       14D0 :
       14D0 :                            end
